# stats: dump at 1653040912
stats: users 4 5
stats: {load,"tsung_controller@Debian"} 1 0.66015625 0 0.66015625 0.66015625 0 0
stats: {cpu,"tsung_controller@Debian"} 1 7.191147470959105 0 7.191147470959105 7.191147470959105 0 0
stats: {freemem,"tsung_controller@Debian"} 1 12242.125 0 12242.125 12242.125 0 0
stats: session 6 2180.2413333333334 2192.3542924608596 6803.982 314.843 0 0
stats: users_count 10 10
stats: finish_users_count 6 6
stats: request 13 63.43130769230768 8.831111275873718 78.471 52.111 0 0
stats: connect 13 27.89846153846154 1.5357638347783222 30.259 25.587 0 0
stats: page 13 63.43130769230768 8.831111275873718 78.471 52.111 0 0
stats: tr_req 5 74.17240000000001 2.77688398029158 78.954 70.785 0 0
stats: 200 13 13
stats: tr_think 5 2244.4665999999997 2378.1351694570767 6731.061 239.597 0 0
stats: size_rcv 11636 11636
stats: size_sent 4138 4138
stats: connected 2 2
# stats: dump at 1653040922
stats: users 5 7
stats: {load,"tsung_controller@Debian"} 1 0.7109375 0.0 0.7109375 0.66015625 0.66015625 1
stats: {cpu,"tsung_controller@Debian"} 1 7.827181208053691 0.0 7.827181208053691 7.191147470959105 7.191147470959105 1
stats: {freemem,"tsung_controller@Debian"} 1 12175.83984375 0.0 12242.125 12175.83984375 12242.125 1
stats: session 8 5280.12175 3215.106049192653 11474.519 261.243 2180.2413333333334 6
stats: users_count 9 19
stats: finish_users_count 8 14
stats: request 20 64.6013 11.1278074844059 89.238 52.111 63.43130769230768 13
stats: connect 20 28.111349999999995 1.6296965752863326 31.218 25.587 27.89846153846154 13
stats: page 20 64.6013 11.1278074844059 89.238 52.111 63.43130769230768 13
stats: tr_req 9 76.01922222222223 6.240587575216824 89.553 68.721 74.17240000000001 5
stats: 200 20 33
stats: tr_think 9 4779.402333333333 3253.690716977602 11382.489 188.653 2244.4665999999997 5
stats: size_rcv 16807 28443
stats: size_sent 6499 10637
stats: connected 2 4
# stats: dump at 1653040932
stats: users 3 8
stats: {load,"tsung_controller@Debian"} 1 0.98046875 0.0 0.98046875 0.66015625 0.685546875 2
stats: {cpu,"tsung_controller@Debian"} 1 11.28235195577519 0.0 11.28235195577519 7.191147470959105 7.509164339506398 2
stats: {freemem,"tsung_controller@Debian"} 1 12196.6640625 0.0 12242.125 12175.83984375 12208.982421875 2
stats: session 11 4938.601454545454 6045.568509725906 21875.974 261.243 3951.601571428572 14
stats: users_count 9 28
stats: finish_users_count 11 25
stats: request 19 64.38768421052634 8.552267622053487 89.238 52.111 64.14039393939393 33
stats: connect 19 27.685263157894735 1.6894135962424874 31.218 25.587 28.027484848484846 33
stats: page 19 64.38768421052634 8.552267622053487 89.238 52.111 64.14039393939393 33
stats: tr_req 10 72.1183 3.2304888500039697 89.553 67.705 75.35964285714286 14
stats: 200 19 52
stats: tr_think 10 5052.1449999999995 6307.9928363736435 21797.662 188.653 3874.068142857143 14
stats: size_rcv 14753 43196
stats: size_sent 6271 16908
stats: connected -1 3
# stats: dump at 1653040942
stats: users 6 8
stats: {load,"tsung_controller@Debian"} 1 0.91015625 0.0 0.98046875 0.66015625 0.7838541666666666 3
stats: {cpu,"tsung_controller@Debian"} 1 10.896045386283998 0.0 11.28235195577519 7.191147470959105 8.76689354492933 3
stats: {freemem,"tsung_controller@Debian"} 1 12148.31640625 0.0 12242.125 12148.31640625 12204.876302083334 3
stats: session 8 5056.301875 5034.966801289494 21875.974 261.243 4385.88152 25
stats: users_count 11 39
stats: finish_users_count 8 33
stats: request 19 63.79573684210527 9.061613437387551 89.238 51.707 64.23075 52
stats: connect 19 27.7928947368421 1.7639836762204746 31.218 25.587 27.902442307692304 52
stats: page 19 63.79573684210527 9.061613437387551 89.238 51.707 64.23075 52
stats: tr_req 9 73.14755555555558 3.003332708513119 89.553 67.705 74.00908333333334 24
stats: 200 19 71
stats: tr_think 9 4759.473 4789.468336504724 21797.662 188.653 4364.9335 24
stats: size_rcv 15590 58786
stats: size_sent 6224 23132
stats: connected 1 4
# stats: dump at 1653040952
stats: users 4 8
stats: {load,"tsung_controller@Debian"} 1 1.0 0.0 1.0 0.66015625 0.8154296875 4
stats: {cpu,"tsung_controller@Debian"} 1 12.215767634854771 0.0 12.215767634854771 7.191147470959105 9.299181505267995 4
stats: {freemem,"tsung_controller@Debian"} 1 12191.55078125 0.0 12242.125 12148.31640625 12190.736328125 4
stats: session 9 3940.474 3006.671057480534 21875.974 261.243 4548.407666666667 33
stats: users_count 7 46
stats: finish_users_count 9 42
stats: request 17 66.77694117647059 7.94858994132691 89.238 51.707 64.11433802816902 71
stats: connect 17 28.952294117647057 1.636271434576933 33.282 25.587 27.873126760563377 71
stats: page 17 66.77694117647059 7.94858994132691 89.238 51.707 64.11433802816902 71
stats: tr_req 9 74.14144444444443 3.3822668963322062 89.553 67.705 73.77412121212122 33
stats: 200 17 88
stats: tr_think 9 3864.2523333333334 3006.6819645793007 21797.662 188.653 4472.5351818181825 33
stats: size_rcv 13156 71942
stats: size_sent 5618 28750
stats: connected 0 4
# stats: dump at 1653040962
stats: users 2 8
stats: {load,"tsung_controller@Debian"} 1 0.98828125 0.0 1.0 0.66015625 0.85234375 5
stats: {cpu,"tsung_controller@Debian"} 1 11.833291987099976 0.0 12.215767634854771 7.191147470959105 9.88249873118535 5
stats: {freemem,"tsung_controller@Debian"} 1 12186.66015625 0.0 12242.125 12148.31640625 12190.89921875 5
stats: session 10 3430.6447000000007 3732.521749594101 21875.974 261.243 4418.136166666667 42
stats: users_count 8 54
stats: finish_users_count 10 52
stats: request 17 63.410411764705884 8.380331195608974 89.238 51.455 64.62870454545455 88
stats: connect 17 27.333529411764705 1.564498194973752 33.282 24.801 28.081602272727267 88
stats: page 17 63.410411764705884 8.380331195608974 89.238 51.455 64.62870454545455 88
stats: tr_req 9 71.05311111111112 3.5641115285095 89.553 67.309 73.85283333333334 42
stats: 200 17 105
stats: tr_think 9 3476.259888888889 3915.298386027486 21797.662 188.653 4342.188857142858 42
stats: size_rcv 13156 85098
stats: size_sent 5594 34344
stats: connected -2 2
# stats: dump at 1653040972
stats: users 7 8
stats: {load,"tsung_controller@Debian"} 1 1.05859375 0.0 1.05859375 0.66015625 0.875 6
stats: {cpu,"tsung_controller@Debian"} 1 14.637359018687743 0.0 14.637359018687743 7.191147470959105 10.207630940504455 6
stats: {freemem,"tsung_controller@Debian"} 1 12128.6484375 0.0 12242.125 12128.6484375 12190.192708333334 6
stats: session 5 5347.093 6730.101344137219 21875.974 261.243 4228.233961538462 52
stats: users_count 10 64
stats: finish_users_count 5 57
stats: request 14 63.14514285714285 8.326929419120859 89.238 50.954 64.43145714285716 105
stats: connect 15 28.419999999999998 1.509491305042861 33.282 24.801 27.96048571428571 105
stats: page 14 63.14514285714285 8.326929419120859 89.238 50.954 64.43145714285716 105
stats: tr_req 5 73.759 3.420366822432941 89.553 67.309 73.35876470588235 51
stats: 200 14 119
stats: tr_think 5 2013.4272 1028.0125833182005 21797.662 188.653 4189.377862745098 51
stats: size_rcv 12853 97951
stats: size_sent 4744 39088
stats: connected 4 6
# stats: dump at 1653040982
stats: users 7 9
stats: {load,"tsung_controller@Debian"} 1 0.98046875 0.0 1.05859375 0.66015625 0.9012276785714286 7
stats: {cpu,"tsung_controller@Debian"} 1 14.43069306930693 0.0 14.637359018687743 7.191147470959105 10.840449237387782 7
stats: {freemem,"tsung_controller@Debian"} 1 12124.640625 0.0 12242.125 12124.640625 12181.400669642857 7
stats: session 16 4543.357187500001 3681.3176815814068 21875.974 207.774 4326.37949122807 57
stats: users_count 16 80
stats: finish_users_count 16 73
stats: request 31 65.22661290322581 9.158687089588486 89.238 50.954 64.28012605042018 119
stats: connect 30 28.46616666666667 1.4463184315895143 33.282 24.801 28.017924999999998 120
stats: page 31 65.22661290322581 9.158687089588486 89.238 50.954 64.28012605042018 119
stats: tr_req 15 74.29760000000002 4.583436931677653 89.553 67.309 73.3945 56
stats: 200 31 150
stats: tr_think 15 5718.914466666665 4989.507922008834 21797.662 188.653 3995.0965535714286 56
stats: size_rcv 25172 123123
stats: size_sent 9827 48915
stats: connected 2 8
# stats: dump at 1653040992
stats: users 4 9
stats: {load,"tsung_controller@Debian"} 1 0.98046875 0.0 1.05859375 0.66015625 0.9111328125 8
stats: {cpu,"tsung_controller@Debian"} 1 26.224183877415058 0.0 26.224183877415058 7.191147470959105 11.289229716377674 8
stats: {freemem,"tsung_controller@Debian"} 1 12122.4921875 0.0 12242.125 12122.4921875 12174.3056640625 8
stats: session 12 4624.5315 2669.316161713099 21875.974 207.774 4373.936246575343 73
stats: users_count 9 89
stats: finish_users_count 12 85
stats: request 24 65.74883333333334 6.670615261894681 89.238 50.954 64.47573333333334 150
stats: connect 24 27.68908333333333 1.9970209253758198 33.282 24.801 28.107573333333335 150
stats: page 24 65.74883333333334 6.670615261894681 89.238 50.954 64.47573333333334 150
stats: tr_req 14 70.83364285714286 2.572464427274327 89.553 67.169 73.58529577464788 71
stats: 200 24 174
stats: tr_think 14 4206.5236428571425 2720.015129362955 21797.662 136.13 4359.283436619718 71
stats: size_rcv 17490 140613
stats: size_sent 8034 56949
stats: connected -5 3
# stats: dump at 1653041002
stats: users 5 9
stats: {load,"tsung_controller@Debian"} 1 0.828125 0.0 1.05859375 0.66015625 0.9188368055555556 9
stats: {cpu,"tsung_controller@Debian"} 1 13.512145748987855 0.0 26.224183877415058 7.191147470959105 12.948669067604051 9
stats: {freemem,"tsung_controller@Debian"} 1 12141.33984375 0.0 12242.125 12122.4921875 12168.548611111111 9
stats: session 6 3695.325500000001 2756.776247419182 21875.974 207.774 4409.3144 85
stats: users_count 7 96
stats: finish_users_count 6 91
stats: request 12 63.94683333333332 9.468715601330988 89.238 50.954 64.65133333333334 174
stats: connect 12 28.05158333333333 1.505919899282679 33.282 24.801 28.049850574712643 174
stats: page 12 63.94683333333332 9.468715601330988 89.238 50.954 64.65133333333334 174
stats: tr_req 6 73.25349999999999 3.057510902133744 89.553 67.169 73.13208235294117 85
stats: 200 12 186
stats: tr_think 6 3620.036833333333 2757.6697120596473 21797.662 136.13 4334.123 85
stats: size_rcv 9582 150195
stats: size_sent 3918 60867
stats: connected -1 2
# stats: dump at 1653041012
stats: users 2 9
stats: {load,"tsung_controller@Debian"} 1 0.69921875 0.0 1.05859375 0.66015625 0.909765625 10
stats: {cpu,"tsung_controller@Debian"} 1 8.869216636044763 0.0 26.224183877415058 7.191147470959105 13.00501673574243 10
stats: {freemem,"tsung_controller@Debian"} 1 12157.9609375 0.0 12242.125 12122.4921875 12165.827734375 10
stats: session 10 6245.064899999999 5061.244749639489 21875.974 207.774 4362.238208791209 91
stats: users_count 7 103
stats: finish_users_count 10 101
stats: request 18 65.706 10.031586054945539 89.238 50.954 64.60588172043012 186
stats: connect 18 27.928833333333337 1.4937423639972187 33.282 24.801 28.049962365591394 186
stats: page 18 65.706 10.031586054945539 89.238 50.954 64.60588172043012 186
stats: tr_req 10 74.1532 5.467608577797059 89.553 67.169 73.14008791208789 91
stats: 200 18 204
stats: tr_think 10 6168.8641 5061.37574962623 21797.662 136.13 4287.040395604396 91
stats: size_rcv 13536 163731
stats: size_sent 6004 66871
stats: connected -1 1
# stats: dump at 1653041022
stats: users 3 9
stats: {load,"tsung_controller@Debian"} 1 0.6015625 0.0 1.05859375 0.6015625 0.890625 11
stats: {cpu,"tsung_controller@Debian"} 1 8.468619246861925 0.0 26.224183877415058 7.191147470959105 12.629034908497188 11
stats: {freemem,"tsung_controller@Debian"} 1 12160.16015625 0.0 12242.125 12122.4921875 12165.112571022728 11
stats: session 9 4707.798666666667 3643.173190007854 21875.974 207.774 4548.656693069307 101
stats: users_count 10 113
stats: finish_users_count 9 110
stats: request 18 66.26455555555556 7.995896192021268 89.238 50.954 64.70295098039216 204
stats: connect 18 29.178777777777782 1.5690643551547796 33.282 24.801 28.03927450980392 204
stats: page 18 66.26455555555556 7.995896192021268 89.238 50.954 64.70295098039216 204
stats: tr_req 8 74.8025 3.691760589474898 89.553 67.169 73.24039603960394 101
stats: 200 18 222
stats: tr_think 8 4119.290750000001 3545.4045870055065 21797.662 136.13 4473.359574257425 101
stats: size_rcv 15210 178941
stats: size_sent 5822 72693
stats: connected 2 3
# stats: dump at 1653041032
stats: users 3 9
stats: {load,"tsung_controller@Debian"} 1 0.5 0.0 1.05859375 0.5 0.8665364583333334 12
stats: {cpu,"tsung_controller@Debian"} 1 8.46875523538281 0.0 26.224183877415058 7.191147470959105 12.282333603360916 12
stats: {freemem,"tsung_controller@Debian"} 1 12155.26171875 0.0 12242.125 12122.4921875 12164.699869791666 12
stats: session 5 2945.102 4086.624976296748 21875.974 207.774 4561.6774000000005 110
stats: users_count 5 118
stats: finish_users_count 5 115
stats: request 10 65.8747 8.129903013566645 89.238 50.954 64.82956756756757 222
stats: connect 10 28.085999999999995 1.7694865356933347 33.282 24.801 28.131666666666664 222
stats: page 10 65.8747 8.129903013566645 89.238 50.954 64.82956756756757 222
stats: tr_req 6 72.21600000000001 3.804297306993761 89.553 67.169 73.35504587155961 109
stats: 200 10 232
stats: tr_think 6 3846.879166666666 4324.387764838063 21797.662 136.13 4447.372871559633 109
stats: size_rcv 7148 186089
stats: size_sent 3344 76037
stats: connected -2 1
# stats: dump at 1653041042
stats: users 4 9
stats: {load,"tsung_controller@Debian"} 1 0.51171875 0.0 1.05859375 0.5 0.8383413461538461 13
stats: {cpu,"tsung_controller@Debian"} 1 8.97071129707113 0.0 26.224183877415058 7.191147470959105 11.988981421208754 13
stats: {freemem,"tsung_controller@Debian"} 1 12162.44140625 0.0 12242.125 12122.4921875 12163.973858173076 13
stats: session 7 5537.688571428572 4170.957488024503 21875.974 207.774 4491.391513043479 115
stats: users_count 8 126
stats: finish_users_count 7 122
stats: request 16 63.43968749999999 8.626883306840526 89.238 50.954 64.87461637931034 232
stats: connect 16 27.976999999999997 1.5043351936985312 33.282 24.801 28.129698275862065 232
stats: page 16 63.43968749999999 8.626883306840526 89.238 50.954 64.87461637931034 232
stats: tr_req 7 72.75257142857143 4.463562313960926 89.553 67.129 73.29561739130432 115
stats: 200 16 248
stats: tr_think 7 5462.894 4172.017161486345 21797.662 136.13 4416.042765217391 115
stats: size_rcv 13613 199702
stats: size_sent 5177 81214
stats: connected 1 2
# stats: dump at 1653041052
stats: users 3 9
stats: {load,"tsung_controller@Debian"} 1 0.51171875 0.0 1.05859375 0.5 0.8150111607142857 14
stats: {cpu,"tsung_controller@Debian"} 1 11.249269798881748 0.0 26.224183877415058 7.191147470959105 11.773390698056065 14
stats: {freemem,"tsung_controller@Debian"} 1 12146.64453125 0.0 12242.125 12122.4921875 12163.86439732143 14
stats: session 7 4605.194 5011.692349382249 21875.974 207.774 4551.424950819673 122
stats: users_count 6 132
stats: finish_users_count 7 129
stats: request 12 64.80975 7.725263869549483 89.238 50.954 64.78204032258064 248
stats: connect 12 28.25741666666667 1.537332779976048 33.282 24.801 28.119846774193544 248
stats: page 12 64.80975 7.725263869549483 89.238 50.954 64.78204032258064 248
stats: tr_req 6 72.232 2.2999749273995707 89.553 67.129 73.26445901639342 122
stats: 200 12 260
stats: tr_think 6 2733.3760000000007 2586.3755240536902 21797.662 136.13 4476.108 122
stats: size_rcv 9582 209284
stats: size_sent 3918 85132
stats: connected -1 1
# stats: dump at 1653041062
stats: users 3 9
stats: {load,"tsung_controller@Debian"} 1 0.4296875 0.0 1.05859375 0.4296875 0.7947916666666667 15
stats: {cpu,"tsung_controller@Debian"} 1 10.281231744972045 0.0 26.224183877415058 7.191147470959105 11.73844930477778 15
stats: {freemem,"tsung_controller@Debian"} 1 12144.44921875 0.0 12242.125 12122.4921875 12162.71640625 15
stats: session 6 6737.643999999999 5271.417208217602 21875.974 207.774 4554.342651162791 129
stats: users_count 6 138
stats: finish_users_count 6 135
stats: request 13 65.72830769230767 6.869977173678519 89.238 50.954 64.78331923076924 260
stats: connect 13 28.487307692307695 1.5897451360621104 33.282 24.801 28.12619615384615 260
stats: page 13 65.72830769230767 6.869977173678519 89.238 50.954 64.78331923076924 260
stats: tr_req 7 71.97042857142857 2.9654788511008685 89.553 67.129 73.21606249999998 128
stats: 200 13 273
stats: tr_think 7 7899.862857142856 5743.528615397045 21797.662 136.13 4394.4174375 128
stats: size_rcv 9962 219246
stats: size_sent 4296 89428
stats: connected 1 2
# stats: dump at 1653041072
stats: users 9 9
stats: {load,"tsung_controller@Debian"} 1 0.359375 0.0 1.05859375 0.359375 0.77197265625 16
stats: {cpu,"tsung_controller@Debian"} 1 6.784587277860821 0.0 26.224183877415058 6.784587277860821 11.64737320728992 16
stats: {freemem,"tsung_controller@Debian"} 1 12573.4453125 0.0 12573.4453125 12122.4921875 12161.57470703125 16
stats: session 9 5102.371999999999 3992.888305552984 21875.974 207.774 4651.378266666667 135
stats: users_count 15 153
stats: finish_users_count 9 144
stats: request 24 62.680416666666666 8.14684621963548 89.238 50.954 64.82831868131869 273
stats: connect 24 28.257833333333338 1.678951847301033 33.282 24.801 28.143391941391936 273
stats: page 24 62.680416666666666 8.14684621963548 89.238 50.954 64.82831868131869 273
stats: tr_req 9 72.617 2.77715377880144 89.553 67.129 73.15147407407405 135
stats: 200 24 297
stats: tr_think 9 5027.717111111111 3993.933001926337 21797.662 136.13 4576.181274074074 135
stats: size_rcv 21675 240921
stats: size_sent 7671 97099
stats: connected 4 6
# stats: dump at 1653041082
stats: users 5 10
stats: {load,"tsung_controller@Debian"} 1 0.37890625 0.0 1.05859375 0.359375 0.7477022058823529 17
stats: {cpu,"tsung_controller@Debian"} 1 6.200713870673197 0.0 26.224183877415058 6.200713870673197 11.361326976147032 17
stats: {freemem,"tsung_controller@Debian"} 1 12567.2265625 0.0 12573.4453125 12122.4921875 12185.802389705883 17
stats: session 11 5571.272363636363 3196.0339388248412 21875.974 207.774 4679.565375 144
stats: users_count 7 160
stats: finish_users_count 11 155
stats: request 18 66.34499999999998 9.606117622524604 89.238 50.954 64.65475084175085 297
stats: connect 18 28.193111111111108 1.9225960137529576 33.282 24.801 28.152639730639727 297
stats: page 18 66.34499999999998 9.606117622524604 89.238 50.954 64.65475084175085 297
stats: tr_req 11 73.70254545454546 4.327286875454336 89.553 67.1 73.11806944444442 144
stats: 200 18 315
stats: tr_think 11 5495.553000000001 3197.787494408453 21797.662 136.13 4604.402263888889 144
stats: size_rcv 12699 253620
stats: size_sent 6067 103166
stats: connected -3 3
# stats: dump at 1653041092
stats: users 10 10
stats: {load,"tsung_controller@Debian"} 1 0.3203125 0.0 1.05859375 0.3203125 0.7272135416666666 18
stats: {cpu,"tsung_controller@Debian"} 1 4.557194034824627 0.0 26.224183877415058 4.557194034824627 11.074626248065151 18
stats: {freemem,"tsung_controller@Debian"} 1 12494.82421875 0.0 12573.4453125 12122.4921875 12206.992621527777 18
stats: session 11 5980.661727272727 4655.113990633626 21875.974 207.774 4742.847806451612 155
stats: users_count 16 176
stats: finish_users_count 11 166
stats: request 26 62.8155 8.696553160039016 89.238 50.954 64.75133650793651 315
stats: connect 26 28.103230769230777 1.7745244066573131 33.282 24.801 28.15495238095238 315
stats: page 26 62.8155 8.696553160039016 89.238 50.954 64.75133650793651 315
stats: tr_req 11 72.496 3.5003529692148083 89.553 67.1 73.15954838709675 155
stats: 200 26 341
stats: tr_think 11 5906.086 4654.605218052821 21797.662 136.13 4667.645219354838 155
stats: size_rcv 22435 276055
stats: size_sent 8411 111577
stats: connected 5 8
# stats: dump at 1653041102
stats: users 5 10
stats: {load,"tsung_controller@Debian"} 1 0.26953125 0.0 1.05859375 0.26953125 0.705797697368421 19
stats: {cpu,"tsung_controller@Debian"} 1 2.8208980136871973 0.0 26.224183877415058 2.8208980136871973 10.73160349999986 19
stats: {freemem,"tsung_controller@Debian"} 1 12514.765625 0.0 12573.4453125 12122.4921875 12222.141652960527 19
stats: session 9 5235.825333333334 2685.568210930292 21875.974 207.774 4824.8716204819275 166
stats: users_count 4 180
stats: finish_users_count 9 175
stats: request 14 66.77614285714289 7.904630169871897 89.238 50.954 64.60373607038125 341
stats: connect 14 27.998214285714287 2.0670175263121573 33.282 24.801 28.151008797653954 341
stats: page 14 66.77614285714289 7.904630169871897 89.238 50.954 64.60373607038125 341
stats: tr_req 9 71.98088888888888 3.548678703857239 89.553 67.1 73.11557831325298 166
stats: 200 14 355
stats: tr_think 9 5161.808222222223 2682.691384561605 21797.662 136.13 4749.7105722891565 166
stats: size_rcv 9505 285560
stats: size_sent 4737 116314
stats: connected -6 2
# stats: dump at 1653041112
stats: users 5 10
stats: {load,"tsung_controller@Debian"} 1 0.44921875 0.0 1.05859375 0.26953125 0.683984375 20
stats: {cpu,"tsung_controller@Debian"} 1 3.7117357577779635 0.0 26.224183877415058 2.8208980136871973 10.336068225684226 20
stats: {freemem,"tsung_controller@Debian"} 1 12513.82421875 0.0 12573.4453125 12122.4921875 12236.7728515625 20
stats: session 9 8836.154444444444 6711.838745074823 21875.974 207.774 4846.006382857143 175
stats: users_count 9 189
stats: finish_users_count 9 184
stats: request 18 64.56544444444444 8.653671059294382 89.238 50.954 64.68940845070424 355
stats: connect 18 28.230166666666666 1.6285952450569858 33.282 24.801 28.144983098591545 355
stats: page 18 64.56544444444444 8.653671059294382 89.238 50.954 64.68940845070424 355
stats: tr_req 9 72.98277777777778 3.168925327046234 89.553 67.1 73.05722285714282 175
stats: 200 18 373
stats: tr_think 9 8761.135888888886 6710.38896580695 21797.662 136.13 4770.904165714285 175
stats: size_rcv 14373 299933
stats: size_sent 5909 122223
stats: connected 2 4
# stats: dump at 1653041122
stats: users 7 10
stats: {load,"tsung_controller@Debian"} 1 0.37890625 0.0 1.05859375 0.26953125 0.6728050595238095 21
stats: {cpu,"tsung_controller@Debian"} 1 1.2776617954070981 0.0 26.224183877415058 1.2776617954070981 10.020623822450595 21
stats: {freemem,"tsung_controller@Debian"} 1 12525.4375 0.0 12573.4453125 12122.4921875 12249.965773809523 21
stats: session 8 3851.7983749999994 2908.525357766369 21875.974 207.774 5041.176668478261 184
stats: users_count 10 199
stats: finish_users_count 8 192
stats: request 18 63.03350000000002 8.285283460918993 89.238 50.954 64.68342627345847 373
stats: connect 18 27.974777777777785 1.7304139374906025 33.282 24.801 28.14909383378016 373
stats: page 18 63.03350000000002 8.285283460918993 89.238 50.954 64.68342627345847 373
stats: tr_req 8 71.90787499999999 3.3673108498288364 89.553 67.1 73.05358152173909 184
stats: 200 18 391
stats: tr_think 8 3777.8890000000006 2908.4152073277814 21797.662 136.13 4966.07854347826 184
stats: size_rcv 15210 315143
stats: size_sent 5830 128053
stats: connected 0 4
# stats: dump at 1653041132
stats: users 8 11
stats: {load,"tsung_controller@Debian"} 1 0.3203125 0.0 1.05859375 0.26953125 0.6594460227272727 22
stats: {cpu,"tsung_controller@Debian"} 1 0.5668083687588564 0.0 26.224183877415058 0.5668083687588564 9.62321645758498 22
stats: {freemem,"tsung_controller@Debian"} 1 12525.7109375 0.0 12573.4453125 12122.4921875 12262.48721590909 22
stats: session 13 6000.050692307691 4370.194548274735 21875.974 207.774 4991.619239583333 192
stats: users_count 14 213
stats: finish_users_count 13 205
stats: request 27 64.13292592592595 8.77700533560164 89.238 50.954 64.60747058823532 391
stats: connect 27 27.973962962962954 1.7559997359630581 33.282 24.801 28.14106905370844 391
stats: page 27 64.13292592592595 8.77700533560164 89.238 50.954 64.60747058823532 391
stats: tr_req 13 72.83415384615385 4.26420931161387 89.553 67.1 73.00584374999995 192
stats: 200 27 418
stats: tr_think 13 5925.182769230769 4369.6786845725 21797.662 136.13 4916.5706458333325 192
stats: size_rcv 21978 337121
stats: size_sent 8820 136873
stats: connected 1 5
# stats: dump at 1653041142
stats: users 4 11
stats: {load,"tsung_controller@Debian"} 1 0.26953125 0.0 1.05859375 0.26953125 0.6447010869565217 23
stats: {cpu,"tsung_controller@Debian"} 1 0.7411725516322452 0.0 26.224183877415058 0.5668083687588564 9.229459584157757 23
stats: {freemem,"tsung_controller@Debian"} 1 12525.89453125 0.0 12573.4453125 12122.4921875 12273.931725543478 23
stats: session 9 4742.974111111111 2372.2142213419484 21875.974 207.774 5055.568551219512 205
stats: users_count 5 218
stats: finish_users_count 9 214
stats: request 14 66.9332142857143 8.53456408777668 89.238 50.954 64.5768181818182 418
stats: connect 14 28.193999999999996 1.5573559552743772 33.282 24.801 28.130275119617224 418
stats: page 14 66.9332142857143 8.53456408777668 89.238 50.954 64.5768181818182 418
stats: tr_req 9 73.12977777777779 3.2521851723205657 89.553 67.1 72.99495609756094 205
stats: 200 14 432
stats: tr_think 9 4667.796222222223 2370.646721044317 21797.662 136.13 4980.531414634145 205
stats: size_rcv 9505 346626
stats: size_sent 4753 141626
stats: connected -3 2
# stats: dump at 1653041152
stats: users 2 11
stats: {load,"tsung_controller@Debian"} 1 0.23046875 0.0 1.05859375 0.23046875 0.6290690104166666 24
stats: {cpu,"tsung_controller@Debian"} 1 0.7084514085680946 0.0 26.224183877415058 0.5668083687588564 8.875780957802528 24
stats: {freemem,"tsung_controller@Debian"} 1 12529.0703125 0.0 12573.4453125 12122.4921875 12284.43017578125 24
stats: session 7 6736.4211428571425 6011.486658180425 21875.974 132.89 5042.422056074766 214
stats: users_count 5 223
stats: finish_users_count 7 221
stats: request 12 65.399 8.92803837170667 89.238 50.954 64.65318287037039 432
stats: connect 12 27.931749999999994 1.2880753164443963 33.282 24.801 28.13234027777778 432
stats: page 12 65.399 8.92803837170667 89.238 50.954 64.65318287037039 432
stats: tr_req 7 72.80499999999999 2.7502493912890342 89.553 67.1 73.00062616822426 214
stats: 200 12 444
stats: tr_think 7 6661.521428571429 6013.0719211998185 21797.662 56.028 4967.379 214
stats: size_rcv 8745 355371
stats: size_sent 4013 145639
stats: connected -1 1
# stats: dump at 1653041162
stats: users 4 11
stats: {load,"tsung_controller@Debian"} 1 0.19140625 0.0 1.05859375 0.19140625 0.613125 25
stats: {cpu,"tsung_controller@Debian"} 1 0.24156601416076637 0.0 26.224183877415058 0.24156601416076637 8.54908777583315 25
stats: {freemem,"tsung_controller@Debian"} 1 12529.90234375 0.0 12573.4453125 12122.4921875 12294.21578125 25
stats: session 9 4106.970666666666 2872.3087482179053 21875.974 132.89 5096.078135746607 221
stats: users_count 11 234
stats: finish_users_count 9 230
stats: request 20 63.16700000000001 8.490174574176903 89.238 50.954 64.67334009009011 444
stats: connect 20 27.983950000000004 1.8498629266786226 33.282 24.801 28.12691891891892 444
stats: page 20 63.16700000000001 8.490174574176903 89.238 50.954 64.67334009009011 444
stats: tr_req 9 72.1357777777778 3.1235922616890868 89.553 67.1 72.99442986425335 221
stats: 200 20 464
stats: tr_think 9 4032.7932222222216 2872.2338957236666 21797.662 56.028 5021.039619909501 221
stats: size_rcv 16807 372178
stats: size_sent 6475 152114
stats: connected 1 2
# stats: dump at 1653041172
stats: users 8 11
stats: {load,"tsung_controller@Debian"} 1 0.16015625 0.0 1.05859375 0.16015625 0.5969050480769231 26
stats: {cpu,"tsung_controller@Debian"} 1 0.9502375593898474 0.0 26.224183877415058 0.24156601416076637 8.22956770807652 26
stats: {freemem,"tsung_controller@Debian"} 1 12533.66796875 0.0 12573.4453125 12122.4921875 12303.280649038461 26
stats: session 9 3284.9064444444443 4627.341489834623 21875.974 132.89 5057.373930434784 230
stats: users_count 13 247
stats: finish_users_count 9 239
stats: request 22 62.351181818181836 8.652320932119698 89.238 50.954 64.60841163793106 464
stats: connect 22 27.759045454545458 1.831677211471713 33.282 24.801 28.120756465517243 464
stats: page 22 62.351181818181836 8.652320932119698 89.238 50.954 64.60841163793106 464
stats: tr_req 9 71.96900000000001 4.1686920943837755 89.553 67.1 72.96083043478257 230
stats: 200 22 486
stats: tr_think 9 3210.904333333333 4628.370496900178 21797.662 56.028 4982.369108695651 230
stats: size_rcv 19241 391419
stats: size_sent 7081 159195
stats: connected 2 4
# stats: dump at 1653041182
stats: users 5 12
stats: {load,"tsung_controller@Debian"} 1 0.140625 0.0 1.05859375 0.140625 0.5807291666666667 27
stats: {cpu,"tsung_controller@Debian"} 1 0.3 0.0 26.224183877415058 0.24156601416076637 7.9599628877547906 27
stats: {freemem,"tsung_controller@Debian"} 1 12533.13671875 0.0 12573.4453125 12122.4921875 12311.813512731482 27
stats: session 17 7233.521529411768 6092.5361357503 21875.974 132.89 4990.6282928870305 239
stats: users_count 14 261
stats: finish_users_count 17 256
stats: request 31 64.9911935483871 8.626785591398361 89.238 50.954 64.50623251028809 486
stats: connect 31 28.22170967741936 1.8822970900119993 34.177 24.801 28.104382716049386 486
stats: page 31 64.9911935483871 8.626785591398361 89.238 50.954 64.50623251028809 486
stats: tr_req 17 72.47905882352941 3.1205178392015496 89.553 67.1 72.92348117154809 239
stats: 200 31 517
stats: tr_think 17 7159.014294117647 6092.094114092613 21797.662 56.028 4915.661230125522 239
stats: size_rcv 23498 414917
stats: size_sent 10260 169455
stats: connected 1 5
# stats: dump at 1653041192
stats: users 7 12
stats: {load,"tsung_controller@Debian"} 1 0.12109375 0.0 1.05859375 0.12109375 0.5650111607142858 28
stats: {cpu,"tsung_controller@Debian"} 1 3.052228875582169 0.0 26.224183877415058 0.24156601416076637 7.686392784620692 28
stats: {freemem,"tsung_controller@Debian"} 1 12505.06640625 0.0 12573.4453125 12122.4921875 12319.71791294643 28
stats: session 10 5050.698900000001 3227.742617030127 21875.974 132.89 5139.570421875002 256
stats: users_count 12 273
stats: finish_users_count 10 266
stats: request 20 63.49050000000002 8.381839866640265 89.238 50.954 64.53531141199228 517
stats: connect 21 27.906333333333333 1.6683679602514696 34.177 24.801 28.11141779497099 517
stats: page 20 63.49050000000002 8.381839866640265 89.238 50.954 64.53531141199228 517
stats: tr_req 9 72.34100000000001 3.471032955443921 89.553 67.1 72.89396874999997 256
stats: 200 20 537
stats: tr_think 9 5358.99188888889 3179.4110391004965 21797.662 56.028 5064.633894531249 256
stats: size_rcv 16807 431724
stats: size_sent 6790 176245
stats: connected 2 7
# stats: dump at 1653041202
stats: users 7 12
stats: {load,"tsung_controller@Debian"} 1 0.171875 0.0 1.05859375 0.12109375 0.5497036637931035 29
stats: {cpu,"tsung_controller@Debian"} 1 3.0782029950083194 0.0 26.224183877415058 0.24156601416076637 7.5265940291366045 29
stats: {freemem,"tsung_controller@Debian"} 1 12543.58984375 0.0 12573.4453125 12122.4921875 12326.109240301725 29
stats: session 13 4292.773307692309 3263.046048576141 21875.974 132.89 5136.229387218047 266
stats: users_count 13 286
stats: finish_users_count 13 279
stats: request 26 66.21053846153846 9.716390498814043 89.238 50.954 64.4963985102421 537
stats: connect 25 28.108599999999992 1.6835948206145097 34.177 24.801 28.103412639405207 538
stats: page 26 66.21053846153846 9.716390498814043 89.238 50.954 64.4963985102421 537
stats: tr_req 14 74.56642857142859 5.223055464740454 89.553 67.1 72.87518867924526 265
stats: 200 26 563
stats: tr_think 14 4024.302214285715 3219.861381812226 21797.662 56.028 5074.630958490565 265
stats: size_rcv 19924 451648
stats: size_sent 8349 184594
stats: connected -6 1
# stats: dump at 1653041212
stats: users 8 12
stats: {load,"tsung_controller@Debian"} 1 0.1484375 0.0 1.05859375 0.12109375 0.537109375 30
stats: {cpu,"tsung_controller@Debian"} 1 0.4830917874396135 0.0 26.224183877415058 0.24156601416076637 7.378314327998995 30
stats: {freemem,"tsung_controller@Debian"} 1 12546.59375 0.0 12573.4453125 12122.4921875 12333.35859375 30
stats: session 9 7930.2612222222215 5012.134965296964 21875.974 132.89 5096.9285663082455 279
stats: users_count 10 296
stats: finish_users_count 9 288
stats: request 21 64.44142857142857 9.633708639442023 89.238 50.954 64.57555950266432 563
stats: connect 21 28.28966666666666 1.36717304207775 34.177 24.801 28.10364298401421 563
stats: page 21 64.44142857142857 9.633708639442023 89.238 50.954 64.57555950266432 563
stats: tr_req 9 75.11055555555556 4.090491714835247 89.553 67.1 72.96005376344083 279
stats: 200 21 584
stats: tr_think 9 7853.1213333333335 5011.373543564545 21797.662 56.028 5021.926290322579 279
stats: size_rcv 18024 469672
stats: size_sent 6806 191400
stats: connected 3 4
# stats: dump at 1653041222
stats: users 3 12
stats: {load,"tsung_controller@Debian"} 1 0.12109375 0.0 1.05859375 0.12109375 0.5245715725806451 31
stats: {cpu,"tsung_controller@Debian"} 1 0.2583333333333333 0.0 26.224183877415058 0.24156601416076637 7.155887794432563 31
stats: {freemem,"tsung_controller@Debian"} 1 12544.91796875 0.0 12573.4453125 12122.4921875 12340.237147177419 31
stats: session 12 5719.32025 3694.8687252638874 21875.974 132.89 5185.4702118055575 288
stats: users_count 7 303
stats: finish_users_count 12 300
stats: request 19 67.09363157894741 8.328086727963179 89.238 50.954 64.57073630136988 584
stats: connect 19 28.220105263157894 1.29274823106422 34.177 24.801 28.110332191780824 584
stats: page 19 67.09363157894741 8.328086727963179 89.238 50.954 64.57073630136988 584
stats: tr_req 12 73.34008333333334 2.6874875645707115 89.553 67.1 73.0272569444444 288
stats: 200 19 603
stats: tr_think 12 5643.936583333333 3696.5535532631034 21797.662 56.028 5110.401135416665 288
stats: size_rcv 13079 482751
stats: size_sent 6405 197805
stats: connected -3 1
# stats: dump at 1653041232
stats: users 5 12
stats: {load,"tsung_controller@Debian"} 1 0.1015625 0.0 1.05859375 0.1015625 0.511962890625 32
stats: {cpu,"tsung_controller@Debian"} 1 0.29980013324450366 0.0 26.224183877415058 0.24156601416076637 6.940339217523212 32
stats: {freemem,"tsung_controller@Debian"} 1 12569.2734375 0.0 12573.4453125 12122.4921875 12346.633422851563 32
stats: session 11 4319.9823636363635 3595.390344951341 21875.974 132.89 5206.824213333335 300
stats: users_count 13 316
stats: finish_users_count 11 311
stats: request 24 64.70370833333335 7.296737669894942 89.238 50.954 64.6502305140962 603
stats: connect 24 28.329916666666662 1.524733089119389 34.177 24.801 28.11379104477612 603
stats: page 24 64.70370833333335 7.296737669894942 89.238 50.954 64.6502305140962 603
stats: tr_req 11 72.48981818181818 1.998436789920007 89.553 67.1 73.03976999999996 300
stats: 200 24 627
stats: tr_think 11 4245.469909090909 3594.7345351497465 21797.662 56.028 5131.742553333332 300
stats: size_rcv 20001 502752
stats: size_sent 7789 205594
stats: connected 2 3
# stats: dump at 1653041242
stats: users 5 12
stats: {load,"tsung_controller@Debian"} 1 0.08984375 0.0 1.05859375 0.08984375 0.49952651515151514 33
stats: {cpu,"tsung_controller@Debian"} 1 0.6748312921769558 0.0 26.224183877415058 0.24156601416076637 6.7391107604238565 33
stats: {freemem,"tsung_controller@Debian"} 1 12532.9375 0.0 12573.4453125 12122.4921875 12353.380089962122 33
stats: session 9 6298.582222222223 2970.2403086236336 21875.974 132.89 5175.456816720259 311
stats: users_count 9 325
stats: finish_users_count 9 320
stats: request 17 66.314 10.24232837154659 89.238 50.954 64.65227751196174 627
stats: connect 17 28.521411764705878 2.2073454394981673 34.177 24.801 28.122063795853276 627
stats: page 17 66.314 10.24232837154659 89.238 50.954 64.65227751196174 627
stats: tr_req 9 75.74700000000001 3.557200272374012 89.553 67.1 73.02031832797424 311
stats: 200 17 644
stats: tr_think 9 6220.781666666667 2971.765230107034 21797.662 56.028 5100.395289389066 311
stats: size_rcv 13156 515908
stats: size_sent 5594 211188
stats: connected 0 3
# stats: dump at 1653041252
stats: users 5 12
stats: {load,"tsung_controller@Debian"} 1 0.0703125 0.0 1.05859375 0.0703125 0.48747702205882354 34
stats: {cpu,"tsung_controller@Debian"} 1 0.6497834055314895 0.0 26.224183877415058 0.24156601416076637 6.560749599593065 34
stats: {freemem,"tsung_controller@Debian"} 1 12583.66015625 0.0 12583.66015625 12122.4921875 12358.661190257353 34
stats: session 8 3473.0317499999996 3186.740544067039 21875.974 132.89 5207.044718750001 320
stats: users_count 8 333
stats: finish_users_count 8 328
stats: request 17 64.6330588235294 8.499753750554728 89.238 50.954 64.69614285714287 644
stats: connect 17 28.346941176470583 1.6538465136334255 34.177 24.801 28.13260559006212 644
stats: page 17 64.6330588235294 8.499753750554728 89.238 50.954 64.69614285714287 644
stats: tr_req 8 73.3375 3.381861876245097 89.553 67.1 73.09700624999996 320
stats: 200 17 661
stats: tr_think 8 3397.6555000000003 3186.624703699002 21797.662 56.028 5131.906156249998 320
stats: size_rcv 13993 529901
stats: size_sent 5555 216743
stats: connected 0 3
# stats: dump at 1653041262
stats: users 2 12
stats: {load,"tsung_controller@Debian"} 1 0.05859375 0.0 1.05859375 0.05859375 0.47555803571428573 35
stats: {cpu,"tsung_controller@Debian"} 1 0.2583548629052421 0.0 26.224183877415058 0.24156601416076637 6.391864851191306 35
stats: {freemem,"tsung_controller@Debian"} 1 12574.5546875 0.0 12583.66015625 12122.4921875 12365.089732142857 35
stats: session 11 4597.510181818182 3862.3902797009664 21875.974 132.89 5164.751719512196 328
stats: users_count 8 341
stats: finish_users_count 11 339
stats: request 19 66.50863157894737 7.780940744168787 89.238 50.954 64.69452042360064 661
stats: connect 19 28.426052631578948 2.0724147744189434 34.177 24.801 28.138118003025728 661
stats: page 19 66.50863157894737 7.780940744168787 89.238 50.954 64.69452042360064 661
stats: tr_req 11 72.89727272727275 3.70900322534503 89.553 67.1 73.10287195121947 328
stats: 200 19 680
stats: tr_think 11 4522.572090909091 3862.8026642995524 21797.662 56.028 5089.607359756096 328
stats: size_rcv 13916 543817
stats: size_sent 6350 223093
stats: connected -2 1
# stats: dump at 1653041272
stats: users 3 12
stats: {load,"tsung_controller@Debian"} 1 0.05078125 0.0 1.05859375 0.05078125 0.4639756944444444 36
stats: {cpu,"tsung_controller@Debian"} 1 0.2498542516865162 0.0 26.224183877415058 0.24156601416076637 6.221489573738915 36
stats: {freemem,"tsung_controller@Debian"} 1 12599.4375 0.0 12599.4375 12122.4921875 12370.908203125 36
stats: session 3 4840.6393333333335 2096.6770452778105 21875.974 132.89 5146.345651917405 339
stats: users_count 4 345
stats: finish_users_count 3 342
stats: request 7 64.73042857142856 9.766053755698032 89.238 50.954 64.74520882352944 680
stats: connect 7 28.720285714285712 1.3906535682688121 34.177 24.801 28.14616323529413 680
stats: page 7 64.73042857142856 9.766053755698032 89.238 50.954 64.74520882352944 680
stats: tr_req 3 75.925 1.3230097001407994 89.553 67.1 73.09620058997046 339
stats: 200 7 687
stats: tr_think 3 4762.676333333334 2095.3895182812403 21797.662 56.028 5071.207985250736 339
stats: size_rcv 6008 549825
stats: size_sent 2258 225351
stats: connected 1 2
# stats: dump at 1653041282
stats: users 6 12
stats: {load,"tsung_controller@Debian"} 1 0.12109375 0.0 1.05859375 0.05078125 0.45280827702702703 37
stats: {cpu,"tsung_controller@Debian"} 1 0.2748625687156422 0.0 26.224183877415058 0.24156601416076637 6.060094024494256 37
stats: {freemem,"tsung_controller@Debian"} 1 12599.453125 0.0 12599.453125 12122.4921875 12377.084670608108 37
stats: session 10 3579.1763 2957.4502127987225 21875.974 132.89 5143.6640175438615 342
stats: users_count 13 358
stats: finish_users_count 10 352
stats: request 23 64.21547826086957 9.272914418603506 89.238 50.954 64.74505822416306 687
stats: connect 23 28.351956521739133 1.6531560982152176 34.177 24.801 28.152013100436694 687
stats: page 23 64.21547826086957 9.272914418603506 89.238 50.954 64.74505822416306 687
stats: tr_req 10 74.49930000000002 2.597096842630252 89.553 67.1 73.121014619883 342
stats: 200 23 710
stats: tr_think 10 3502.6272 2956.702841411453 21797.662 56.028 5068.501567251461 342
stats: size_rcv 19621 569446
stats: size_sent 7435 232786
stats: connected 1 3
# stats: dump at 1653041292
stats: users 6 12
stats: {load,"tsung_controller@Debian"} 1 0.1015625 0.0 1.05859375 0.05078125 0.4440789473684211 38
stats: {cpu,"tsung_controller@Debian"} 1 0.1917465610671113 0.0 26.224183877415058 0.1917465610671113 5.90785109144745 38
stats: {freemem,"tsung_controller@Debian"} 1 12599.12109375 0.0 12599.453125 12122.4921875 12382.936472039473 38
stats: session 10 5541.347100000001 4413.98579938589 21875.974 132.89 5099.2183437500025 352
stats: users_count 10 368
stats: finish_users_count 10 362
stats: request 20 65.62355000000001 8.94537242083861 89.238 50.954 64.72790281690145 710
stats: connect 20 28.437450000000005 1.814638737462639 34.177 24.801 28.158490140845082 710
stats: page 20 65.62355000000001 8.94537242083861 89.238 50.954 64.72790281690145 710
stats: tr_req 10 73.8996 4.628668733016009 89.553 67.1 73.16017045454541 352
stats: 200 20 730
stats: tr_think 10 5465.415500000001 4414.022108403928 21797.662 56.028 5024.016499999999 352
stats: size_rcv 15970 585416
stats: size_sent 6562 239348
stats: connected -1 2
# stats: dump at 1653041302
stats: users 6 12
stats: {load,"tsung_controller@Debian"} 1 0.078125 0.0 1.05859375 0.05078125 0.43529647435897434 39
stats: {cpu,"tsung_controller@Debian"} 1 0.26657780739753417 0.0 26.224183877415058 0.1917465610671113 5.761284308617184 39
stats: {freemem,"tsung_controller@Debian"} 1 12597.09765625 0.0 12599.453125 12122.4921875 12388.47966746795 39
stats: session 10 5980.9229 8459.733621146606 28632.047 132.89 5111.4318453038695 362
stats: users_count 10 378
stats: finish_users_count 10 372
stats: request 17 64.25882352941176 9.695221668644418 89.238 50.954 64.75244109589045 730
stats: connect 17 28.101588235294123 2.2672932309597065 35.107 24.801 28.166132876712343 730
stats: page 17 64.25882352941176 9.695221668644418 89.238 50.954 64.75244109589045 730
stats: tr_req 8 74.04700000000001 3.4673220213876923 89.553 67.1 73.18059668508282 362
stats: 200 17 747
stats: tr_think 8 3752.0279999999993 4121.297387094051 21797.662 56.028 5036.209842541435 362
stats: size_rcv 13993 599409
stats: size_sent 5571 244919
stats: connected 1 3
# stats: dump at 1653041312
stats: users 8 12
stats: {load,"tsung_controller@Debian"} 1 0.0703125 0.0 1.05859375 0.05078125 0.4263671875 40
stats: {cpu,"tsung_controller@Debian"} 1 0.2664224460910832 0.0 26.224183877415058 0.1917465610671113 5.623916646086693 40
stats: {freemem,"tsung_controller@Debian"} 1 12597.5703125 0.0 12599.453125 12122.4921875 12393.6951171875 40
stats: session 8 10000.7645 7852.532281442417 28632.047 132.89 5134.80526075269 372
stats: users_count 10 388
stats: finish_users_count 8 380
stats: request 20 63.64060000000003 10.046315515650502 89.238 50.392 64.74120749665332 747
stats: connect 20 27.691000000000003 1.9098279241858427 35.107 24.321 28.164663989290506 747
stats: page 20 63.64060000000003 10.046315515650502 89.238 50.392 64.74120749665332 747
stats: tr_req 9 73.71800000000002 5.671167643831779 89.553 65.833 73.19932972972968 370
stats: 200 20 767
stats: tr_think 10 10843.8124 9598.513400219621 28552.967 56.028 5008.443748648647 370
stats: size_rcv 16807 616216
stats: size_sent 6483 251402
stats: connected 2 5
# stats: dump at 1653041322
stats: users 2 13
stats: {load,"tsung_controller@Debian"} 1 0.21875 0.0 1.05859375 0.05078125 0.4176829268292683 41
stats: {cpu,"tsung_controller@Debian"} 1 2.228875582168995 0.0 26.224183877415058 0.1917465610671113 5.493246055842897 41
stats: {freemem,"tsung_controller@Debian"} 1 12604.5234375 0.0 12604.5234375 12122.4921875 12398.667682926829 41
stats: session 17 6075.3467647058815 3348.577446921665 28632.047 132.89 5237.246507894738 380
stats: users_count 11 399
stats: finish_users_count 17 397
stats: request 29 65.51858620689654 8.183028680170896 89.238 49.673 64.71250847457631 767
stats: connect 29 27.503103448275862 1.6579383821341576 35.107 24.321 28.15231290743156 767
stats: page 29 65.51858620689654 8.183028680170896 89.238 49.673 64.71250847457631 767
stats: tr_req 18 71.6798888888889 2.8579659023097896 89.553 65.833 73.21164643799467 379
stats: 200 29 796
stats: tr_think 17 6001.427411764706 3347.1233851694037 28552.967 56.028 5162.006081578946 380
stats: size_rcv 20227 636443
stats: size_sent 9741 261143
stats: connected -4 1
# stats: dump at 1653041332
stats: users 7 13
stats: {load,"tsung_controller@Debian"} 1 0.1796875 0.0 1.05859375 0.05078125 0.41294642857142855 42
stats: {cpu,"tsung_controller@Debian"} 1 0.30830764102991415 0.0 26.224183877415058 0.1917465610671113 5.415522949326852 42
stats: {freemem,"tsung_controller@Debian"} 1 12607.40625 0.0 12607.40625 12122.4921875 12403.569010416666 42
stats: session 5 2479.2224000000006 1258.599639630268 28632.047 132.89 5273.1349319899255 397
stats: users_count 10 409
stats: finish_users_count 5 402
stats: request 15 62.676733333333324 8.050987222833125 89.238 49.673 64.74187562814073 796
stats: connect 15 29.0774 1.8999392902581569 35.107 24.321 28.12866080402011 796
stats: page 15 62.676733333333324 8.050987222833125 89.238 49.673 64.74187562814073 796
stats: tr_req 5 73.55319999999999 1.8440424507044322 89.553 65.833 73.14219647355159 397
stats: 200 15 811
stats: tr_think 5 2403.6338 1258.2989197657923 28552.967 56.028 5197.951075566749 397
stats: size_rcv 14070 650513
stats: size_sent 4792 265935
stats: connected 4 5
# stats: dump at 1653041342
stats: users 7 13
stats: {load,"tsung_controller@Debian"} 1 0.16015625 0.0 1.05859375 0.05078125 0.4075218023255814 43
stats: {cpu,"tsung_controller@Debian"} 1 0.2248688265178646 0.0 26.224183877415058 0.1917465610671113 5.296750500296691 43
stats: {freemem,"tsung_controller@Debian"} 1 12607.4375 0.0 12607.4375 12122.4921875 12408.30941133721 43
stats: session 11 8031.458454545455 7367.2547835456735 28632.047 132.89 5238.384776119405 402
stats: users_count 11 420
stats: finish_users_count 11 413
stats: request 21 64.55614285714286 9.680103606714894 89.238 49.673 64.70367940813813 811
stats: connect 21 28.006333333333334 1.4224066571879852 35.107 24.321 28.146208384710246 811
stats: page 21 64.55614285714286 9.680103606714894 89.238 49.673 64.70367940813813 811
stats: tr_req 10 74.40639999999999 3.7347154965271434 89.553 65.833 73.1473084577114 402
stats: 200 21 832
stats: tr_think 10 7823.112100000001 7714.573656845768 28552.967 56.028 5163.195885572138 402
stats: size_rcv 17187 667700
stats: size_sent 6869 272804
stats: connected 0 5
# stats: dump at 1653041352
stats: users 5 13
stats: {load,"tsung_controller@Debian"} 1 0.12890625 0.0 1.05859375 0.05078125 0.40189985795454547 44
stats: {cpu,"tsung_controller@Debian"} 1 0.25850567044696465 0.0 26.224183877415058 0.1917465610671113 5.181480462256263 44
stats: {freemem,"tsung_controller@Debian"} 1 12607.40625 0.0 12607.4375 12122.4921875 12412.83504971591 44
stats: session 11 5538.055363636364 4398.206393088588 28632.047 132.89 5312.776569007266 413
stats: users_count 9 429
stats: finish_users_count 11 424
stats: request 21 66.34371428571428 8.781378230816221 89.238 49.673 64.69995552884619 832
stats: connect 21 28.153999999999996 1.819086086603983 35.107 24.321 28.142677884615395 832
stats: page 21 66.34371428571428 8.781378230816221 89.238 49.673 64.69995552884619 832
stats: tr_req 12 73.76074999999999 3.362173209027167 89.553 65.833 73.17786893203879 412
stats: 200 21 853
stats: tr_think 12 5779.939000000001 4340.437716372049 28552.967 56.028 5227.756958737862 412
stats: size_rcv 15513 683213
stats: size_sent 7019 279823
stats: connected -1 4
# stats: dump at 1653041362
stats: users 5 13
stats: {load,"tsung_controller@Debian"} 1 0.1796875 0.0 1.05859375 0.05078125 0.3958333333333333 45
stats: {cpu,"tsung_controller@Debian"} 1 0.3330835206928137 0.0 26.224183877415058 0.1917465610671113 5.072081022438279 45
stats: {freemem,"tsung_controller@Debian"} 1 12606.4375 0.0 12607.4375 12122.4921875 12417.158854166666 45
stats: session 10 3555.79 3304.3913488761586 28632.047 132.89 5318.621066037738 424
stats: users_count 10 439
stats: finish_users_count 10 434
stats: request 20 64.05035000000001 10.065141972545646 89.238 49.673 64.7404232121923 853
stats: connect 20 27.839199999999998 1.9391277059544068 35.107 24.321 28.142956623681137 853
stats: page 20 64.05035000000001 10.065141972545646 89.238 49.673 64.7404232121923 853
stats: tr_req 10 73.93370000000002 3.57286840087905 89.553 65.833 73.19436556603769 424
stats: 200 20 873
stats: tr_think 10 3479.818800000001 3304.893606915109 28552.967 56.028 5243.384752358489 424
stats: size_rcv 15970 699183
stats: size_sent 6562 286385
stats: connected -1 3
# stats: dump at 1653041372
stats: users 5 13
stats: {load,"tsung_controller@Debian"} 1 0.16015625 0.0 1.05859375 0.05078125 0.39113451086956524 46
stats: {cpu,"tsung_controller@Debian"} 1 0.5165375322835958 0.0 26.224183877415058 0.1917465610671113 4.969059337617725 46
stats: {freemem,"tsung_controller@Debian"} 1 12605.4375 0.0 12607.4375 12122.4921875 12421.273607336956 46
stats: session 12 3865.7674166666675 2925.638029167099 28632.047 132.89 5278.002838709679 434
stats: users_count 12 451
stats: finish_users_count 12 446
stats: request 24 62.416125000000015 8.48542734296325 89.238 49.673 64.72461397479957 873
stats: connect 24 27.044624999999993 1.8379838096063317 35.107 24.321 28.135997709049267 873
stats: page 24 62.416125000000015 8.48542734296325 89.238 49.673 64.72461397479957 873
stats: tr_req 12 70.44483333333334 3.6043715779900127 89.553 65.833 73.21140092165895 434
stats: 200 24 897
stats: tr_think 12 3793.271666666667 2926.1668673998906 28552.967 56.028 5202.749592165897 434
stats: size_rcv 19164 718347
stats: size_sent 7940 294325
stats: connected 1 4
# stats: dump at 1653041382
stats: users 6 13
stats: {load,"tsung_controller@Debian"} 1 0.12890625 0.0 1.05859375 0.05078125 0.38622007978723405 47
stats: {cpu,"tsung_controller@Debian"} 1 0.22494376405898525 0.0 26.224183877415058 0.1917465610671113 4.874324831121253 47
stats: {freemem,"tsung_controller@Debian"} 1 12604.26953125 0.0 12607.4375 12122.4921875 12425.191988031915 47
stats: session 13 2366.228 1356.9245920657945 28632.047 132.89 5240.005473094172 446
stats: users_count 14 465
stats: finish_users_count 13 459
stats: request 27 63.30366666666667 9.512375366390414 89.238 49.673 64.66284838350059 897
stats: connect 27 27.41729629629629 1.5975792524203805 35.107 24.321 28.106797101449285 897
stats: page 27 63.30366666666667 9.512375366390414 89.238 49.673 64.66284838350059 897
stats: tr_req 13 72.83438461538461 3.7658974727344736 89.553 65.833 73.13696412556051 446
stats: 200 27 924
stats: tr_think 13 2291.337076923077 1355.9740167101263 28552.967 56.028 5164.826419282509 446
stats: size_rcv 21978 740325
stats: size_sent 8796 303121
stats: connected -2 2
# stats: dump at 1653041392
stats: users 3 13
stats: {load,"tsung_controller@Debian"} 1 0.109375 0.0 1.05859375 0.05078125 0.380859375 48
stats: {cpu,"tsung_controller@Debian"} 1 0.21648626144879268 0.0 26.224183877415058 0.1917465610671113 4.777462725557457 48
stats: {freemem,"tsung_controller@Debian"} 1 12606.80859375 0.0 12607.4375 12122.4921875 12428.922770182291 48
stats: session 12 8136.300333333335 9855.130720027651 34469.208 132.89 5158.613082788673 459
stats: users_count 9 474
stats: finish_users_count 12 471
stats: request 21 63.038857142857125 8.314417496910117 89.238 49.673 64.62313203463206 924
stats: connect 21 26.52142857142857 1.7086952296284736 35.107 24.321 28.08664935064936 924
stats: page 21 63.038857142857125 8.314417496910117 89.238 49.673 64.62313203463206 924
stats: tr_req 12 69.91058333333335 3.1327338023504137 89.553 65.833 73.12839433551196 459
stats: 200 21 945
stats: tr_think 12 8064.346333333334 9855.008292175678 34398.984 56.028 5083.442189542482 459
stats: size_rcv 15513 755838
stats: size_sent 6987 310108
stats: connected 0 2
# stats: dump at 1653041402
stats: users 7 13
stats: {load,"tsung_controller@Debian"} 1 0.08984375 0.0 1.05859375 0.05078125 0.3753188775510204 49
stats: {cpu,"tsung_controller@Debian"} 1 0.19993335554815062 0.0 26.224183877415058 0.1917465610671113 4.684381573228708 49
stats: {freemem,"tsung_controller@Debian"} 1 12606.2421875 0.0 12607.4375 12122.4921875 12432.553093112245 49
stats: session 10 2729.4434 1718.587048395582 34469.208 132.89 5234.477726114651 471
stats: users_count 14 488
stats: finish_users_count 10 481
stats: request 24 62.39916666666665 8.834628423928699 89.238 49.673 64.58792592592596 945
stats: connect 24 27.782291666666666 1.84156648624585 35.107 24.321 28.051866666666676 945
stats: page 24 62.39916666666665 8.834628423928699 89.238 49.673 64.58792592592596 945
stats: tr_req 10 72.46810000000002 3.761576064630361 89.553 65.833 73.04641188959658 471
stats: 200 24 969
stats: tr_think 10 2654.9282 1718.1853968619218 34398.984 56.028 5159.388791932058 471
stats: size_rcv 20838 776676
stats: size_sent 7702 317810
stats: connected 1 3
# stats: dump at 1653041412
stats: users 4 13
stats: {load,"tsung_controller@Debian"} 1 0.078125 0.0 1.05859375 0.05078125 0.369609375 50
stats: {cpu,"tsung_controller@Debian"} 1 0.19160279906697766 0.0 26.224183877415058 0.19160279906697766 4.594692608875097 50
stats: {freemem,"tsung_controller@Debian"} 1 12606.27734375 0.0 12607.4375 12122.4921875 12436.026875 50
stats: session 10 7110.7083 5548.85563176805 34469.208 132.89 5182.398010395012 481
stats: users_count 7 495
stats: finish_users_count 10 491
stats: request 16 66.0905625 8.563700295204972 89.238 49.673 64.53371517027867 969
stats: connect 16 27.939749999999997 1.7436444054049567 35.107 24.321 28.04518988648092 969
stats: page 16 66.0905625 8.563700295204972 89.238 49.673 64.53371517027867 969
stats: tr_req 10 72.6469 2.9251382685268066 89.553 65.833 73.03438877338876 481
stats: 200 16 985
stats: tr_think 10 7036.0175 5548.357729200871 34398.984 56.028 5107.321004158003 481
stats: size_rcv 11102 787778
stats: size_sent 5406 323216
stats: connected -1 2
# stats: dump at 1653041422
stats: users 4 13
stats: {load,"tsung_controller@Debian"} 1 0.0703125 0.0 1.05859375 0.05078125 0.3638939950980392 51
stats: {cpu,"tsung_controller@Debian"} 1 0.14166666666666666 0.0 26.224183877415058 0.14166666666666666 4.508357514565134 51
stats: {freemem,"tsung_controller@Debian"} 1 12606.75 0.0 12607.4375 12122.4921875 12439.365119485294 51
stats: session 10 4609.630000000001 5645.845406411267 34469.208 132.89 5221.671132382893 491
stats: users_count 10 505
stats: finish_users_count 10 501
stats: request 19 63.27578947368421 8.71101129894891 89.238 49.673 64.55900406091374 985
stats: connect 19 27.54842105263158 1.364803757468044 35.107 24.321 28.043477157360417 985
stats: page 19 63.27578947368421 8.71101129894891 89.238 49.673 64.55900406091374 985
stats: tr_req 9 72.05744444444446 3.4037640965101232 89.553 65.833 73.02649694501015 491
stats: 200 19 1004
stats: tr_think 9 4698.244777777778 5928.3896984048015 34398.984 56.028 5146.601991853359 491
stats: size_rcv 15590 803368
stats: size_sent 6168 329384
stats: connected 0 2
# stats: dump at 1653041432
stats: users 3 13
stats: {load,"tsung_controller@Debian"} 1 0.05859375 0.0 1.05859375 0.05078125 0.35824819711538464 52
stats: {cpu,"tsung_controller@Debian"} 1 0.15837292656497456 0.0 26.224183877415058 0.14166666666666666 4.424382690567087 52
stats: {freemem,"tsung_controller@Debian"} 1 12606.44921875 0.0 12607.4375 12122.4921875 12442.584059495191 52
stats: session 13 5383.6038461538465 5721.516623166043 34469.208 132.89 5209.45474251497 501
stats: users_count 12 517
stats: finish_users_count 13 514
stats: request 26 63.71303846153843 8.13586707345826 89.238 49.673 64.53472011952194 1004
stats: connect 26 27.245230769230773 1.6429011231938822 35.107 24.321 28.03410856573706 1004
stats: page 26 63.71303846153843 8.13586707345826 89.238 49.673 64.53472011952194 1004
stats: tr_req 14 70.73171428571429 4.144999783363279 89.553 65.833 73.00905399999998 500
stats: 200 26 1030
stats: tr_think 14 5150.94 5545.1020029546025 34398.984 56.028 5138.531561999999 500
stats: size_rcv 19924 823292
stats: size_sent 8640 338024
stats: connected -2 0
# stats: dump at 1653041442
stats: users 6 13
stats: {load,"tsung_controller@Debian"} 1 0.05078125 0.0 1.05859375 0.05078125 0.35259433962264153 53
stats: {cpu,"tsung_controller@Debian"} 1 0.2165583874729302 0.0 26.224183877415058 0.14166666666666666 4.343891940302896 53
stats: {freemem,"tsung_controller@Debian"} 1 12606.7265625 0.0 12607.4375 12122.4921875 12445.67585495283 53
stats: session 5 5402.145599999999 4592.799188279784 34469.208 132.89 5213.859291828795 514
stats: users_count 8 525
stats: finish_users_count 5 519
stats: request 14 59.186142857142855 8.027383249648336 89.238 49.673 64.51397864077673 1030
stats: connect 14 26.427857142857142 1.1235703205879568 35.107 24.321 28.014195145631078 1030
stats: page 14 59.186142857142855 8.027383249648336 89.238 49.673 64.51397864077673 1030
stats: tr_req 5 69.86580000000001 1.4516458796827845 89.553 65.833 72.94702529182877 514
stats: 200 14 1044
stats: tr_think 5 5330.2288 4593.411076911467 34398.984 56.028 5138.869535019455 514
stats: size_rcv 12853 836145
stats: size_sent 4477 342501
stats: connected 4 4
# stats: dump at 1653041452
stats: users 7 13
stats: {load,"tsung_controller@Debian"} 1 0.0390625 0.0 1.05859375 0.0390625 0.3470052083333333 54
stats: {cpu,"tsung_controller@Debian"} 1 0.23321672497084792 0.0 26.224183877415058 0.14166666666666666 4.267459837472712 54
stats: {freemem,"tsung_controller@Debian"} 1 12608.96484375 0.0 12608.96484375 12122.4921875 12448.658275462964 54
stats: session 11 5003.313636363636 3794.2320516837676 34469.208 132.89 5215.6732254335275 519
stats: users_count 12 537
stats: finish_users_count 11 530
stats: request 21 62.905952380952385 8.041685309484576 89.238 49.673 64.44253256704984 1044
stats: connect 21 27.254333333333328 1.4957633290423784 35.107 24.321 27.992922413793114 1044
stats: page 21 62.905952380952385 8.041685309484576 89.238 49.673 64.44253256704984 1044
stats: tr_req 11 70.35163636363637 2.7770341037198567 89.553 65.833 72.9173410404624 519
stats: 200 21 1065
stats: tr_think 11 4930.931181818182 3794.93509547159 34398.984 56.028 5140.713073217726 519
stats: size_rcv 16350 852495
stats: size_sent 6924 349425
stats: connected 0 4
# stats: dump at 1653041462
stats: users 6 13
stats: {load,"tsung_controller@Debian"} 1 0.03125 0.0 1.05859375 0.03125 0.34140625 55
stats: {cpu,"tsung_controller@Debian"} 1 0.32483758120939527 0.0 26.224183877415058 0.14166666666666666 4.194109962699951 55
stats: {freemem,"tsung_controller@Debian"} 1 12609.921875 0.0 12609.921875 12122.4921875 12451.57294034091 55
stats: session 11 4457.821090909091 3357.4797981598817 34469.208 132.89 5211.265762264153 530
stats: users_count 10 547
stats: finish_users_count 11 541
stats: request 23 63.893086956521735 8.333170031569455 89.238 49.673 64.41223380281693 1065
stats: connect 23 28.062304347826085 2.551032364507299 36.099 24.321 27.978358685446022 1065
stats: page 23 63.893086956521735 8.333170031569455 89.238 49.673 64.41223380281693 1065
stats: tr_req 11 71.67963636363639 3.687931355916273 89.553 65.833 72.8640905660377 530
stats: 200 23 1088
stats: tr_think 11 4384.106909090909 3356.096690508361 34398.984 56.028 5136.359109433961 530
stats: size_rcv 18784 871279
stats: size_sent 7506 356931
stats: connected 0 4
# stats: dump at 1653041472
stats: users 3 13
stats: {load,"tsung_controller@Debian"} 1 0.03125 0.0 1.05859375 0.03125 0.3358677455357143 56
stats: {cpu,"tsung_controller@Debian"} 1 0.1417139046348783 0.0 26.224183877415058 0.14166666666666666 4.125015813030477 56
stats: {freemem,"tsung_controller@Debian"} 1 12594.68359375 0.0 12609.921875 12122.4921875 12454.400599888393 56
stats: session 13 4927.819153846153 4370.750530723173 34469.208 132.89 5195.9461848428855 541
stats: users_count 10 557
stats: finish_users_count 13 554
stats: request 23 64.4927391304348 9.040236964080622 89.238 49.673 64.40125919117649 1088
stats: connect 23 27.60117391304349 2.0058750156602283 36.099 24.321 27.980133272058836 1088
stats: page 23 64.4927391304348 9.040236964080622 89.238 49.673 64.40125919117649 1088
stats: tr_req 13 71.98892307692306 4.096963067773267 89.553 65.833 72.84000739371531 541
stats: 200 23 1111
stats: tr_think 13 4853.789999999999 4369.55950872523 34398.984 56.028 5121.063778188538 541
stats: size_rcv 17110 888389
stats: size_sent 7680 364611
stats: connected -3 1
# stats: dump at 1653041482
stats: users 4 13
stats: {load,"tsung_controller@Debian"} 1 0.01953125 0.0 1.05859375 0.01953125 0.3305235745614035 57
stats: {cpu,"tsung_controller@Debian"} 1 0.28309741881765194 0.0 26.224183877415058 0.14166666666666666 4.0551333234095015 57
stats: {freemem,"tsung_controller@Debian"} 1 12596.16796875 0.0 12609.921875 12122.4921875 12456.861705043859 57
stats: session 4 10573.717 6799.087616564484 34469.208 132.89 5189.654395306861 554
stats: users_count 5 562
stats: finish_users_count 4 558
stats: request 9 60.82022222222221 8.69288123540403 89.238 49.673 64.40315301530156 1111
stats: connect 9 26.901888888888887 1.1032210863793794 36.099 24.321 27.972288028802893 1111
stats: page 9 60.82022222222221 8.69288123540403 89.238 49.673 64.40315301530156 1111
stats: tr_req 4 70.43175000000001 2.771253360394898 89.553 65.833 72.820036101083 554
stats: 200 9 1120
stats: tr_think 4 10501.24725 6799.609143014191 34398.984 56.028 5114.792010830323 554
stats: size_rcv 7605 895994
stats: size_sent 2911 367522
stats: connected 3 4
# stats: dump at 1653041492
stats: users 10 13
stats: {load,"tsung_controller@Debian"} 1 0.1015625 0.0 1.05859375 0.01953125 0.3251616379310345 58
stats: {cpu,"tsung_controller@Debian"} 1 0.18331805682859761 0.0 26.224183877415058 0.14166666666666666 3.9900982216061935 58
stats: {freemem,"tsung_controller@Debian"} 1 12588.04296875 0.0 12609.921875 12122.4921875 12459.263537176725 58
stats: session 4 3692.36925 1973.8298935435616 34469.208 132.89 5228.249826164876 558
stats: users_count 10 572
stats: finish_users_count 4 562
stats: request 12 61.09633333333334 6.549947014204686 89.238 49.673 64.37436160714289 1120
stats: connect 12 27.922666666666668 1.6800932183132642 36.099 24.321 27.96368660714287 1120
stats: page 12 61.09633333333334 6.549947014204686 89.238 49.673 64.37436160714289 1120
stats: tr_req 4 69.80250000000001 2.8909569782340268 89.553 65.833 72.8029157706093 558
stats: 200 12 1132
stats: tr_think 4 3620.52325 1975.256518084724 34398.984 56.028 5153.404593189963 558
stats: size_rcv 11256 907250
stats: size_sent 3784 371306
stats: connected 2 6
# stats: dump at 1653041502
stats: users 6 13
stats: {load,"tsung_controller@Debian"} 1 0.078125 0.0 1.05859375 0.01953125 0.3213718220338983 59
stats: {cpu,"tsung_controller@Debian"} 1 0.12501041753479458 0.0 26.224183877415058 0.12501041753479458 3.9255765238980986 59
stats: {freemem,"tsung_controller@Debian"} 1 12578.27734375 0.0 12609.921875 12122.4921875 12461.44623940678 59
stats: session 12 4896.462666666667 3787.137382248197 34469.208 132.89 5217.318291814948 562
stats: users_count 8 580
stats: finish_users_count 12 574
stats: request 22 63.85772727272727 9.399075999953 89.238 49.673 64.33961219081276 1132
stats: connect 22 27.497272727272733 1.8057949189363107 36.099 24.321 27.963251766784463 1132
stats: page 22 63.85772727272727 9.399075999953 89.238 49.673 64.33961219081276 1132
stats: tr_req 12 72.23116666666667 3.246647189366625 89.553 65.833 72.78156049822063 562
stats: 200 22 1154
stats: tr_think 12 4822.189333333331 3786.7371813561194 34398.984 56.028 5142.4944056939485 562
stats: size_rcv 16730 923980
stats: size_sent 7278 378584
stats: connected 0 6
# stats: dump at 1653041512
stats: users 3 13
stats: {load,"tsung_controller@Debian"} 1 0.0703125 0.0 1.05859375 0.01953125 0.31731770833333334 60
stats: {cpu,"tsung_controller@Debian"} 1 0.2498334443704197 0.0 26.224183877415058 0.12501041753479458 3.86223375545871 60
stats: {freemem,"tsung_controller@Debian"} 1 12567.04296875 0.0 12609.921875 12122.4921875 12463.393424479167 60
stats: session 14 3709.3070714285714 3065.5278315290284 34469.208 132.89 5210.6105087108035 574
stats: users_count 11 591
stats: finish_users_count 14 588
stats: request 25 64.32539999999999 8.159000301507533 89.238 49.673 64.33042547660314 1154
stats: connect 25 27.585320000000003 1.6307220663252209 36.099 24.321 27.954368284228778 1154
stats: page 25 64.32539999999999 8.159000301507533 89.238 49.673 64.33042547660314 1154
stats: tr_req 14 71.33214285714287 3.507491367612696 89.553 65.833 72.77005400696862 574
stats: 200 25 1179
stats: tr_think 14 3635.944357142857 3064.4055576290953 34398.984 56.028 5135.798132404179 574
stats: size_rcv 18707 942687
stats: size_sent 8341 386925
stats: connected -4 2
# stats: dump at 1653041522
stats: users 5 13
stats: {load,"tsung_controller@Debian"} 1 0.12890625 0.0 1.05859375 0.01953125 0.31326844262295084 61
stats: {cpu,"tsung_controller@Debian"} 1 0.33341668750520964 0.0 26.224183877415058 0.12501041753479458 3.803014078227754 61
stats: {freemem,"tsung_controller@Debian"} 1 12567.5546875 0.0 12609.921875 12122.4921875 12465.092597336066 61
stats: session 8 2763.891875 1933.360940763612 34469.208 132.89 5174.865188775513 588
stats: users_count 10 601
stats: finish_users_count 8 596
stats: request 17 65.19823529411765 8.775629117916557 89.238 49.673 64.33031891433419 1179
stats: connect 17 28.419058823529408 1.8322381835464718 36.099 24.321 27.946542832909252 1179
stats: page 17 65.19823529411765 8.775629117916557 89.238 49.673 64.33031891433419 1179
stats: tr_req 8 73.8695 2.5945285217164185 89.553 65.833 72.73581802721087 588
stats: 200 17 1196
stats: tr_think 8 2688.01525 1933.9766221253003 34398.984 56.028 5100.0873282312905 588
stats: size_rcv 13993 956680
stats: size_sent 5555 392480
stats: connected 0 2
# stats: dump at 1653041532
stats: users 5 13
stats: {load,"tsung_controller@Debian"} 1 0.109375 0.0 1.05859375 0.01953125 0.31029485887096775 62
stats: {cpu,"tsung_controller@Debian"} 1 0.17498541788184319 0.0 26.224183877415058 0.12501041753479458 3.747052829990294 62
stats: {freemem,"tsung_controller@Debian"} 1 12568.51953125 0.0 12609.921875 12122.4921875 12466.74521169355 62
stats: session 11 5139.35209090909 3712.6365210166273 34469.208 132.89 5142.503130872486 596
stats: users_count 11 612
stats: finish_users_count 11 607
stats: request 23 63.06808695652173 7.3621308878496485 89.238 49.673 64.34265551839465 1196
stats: connect 23 27.733217391304343 2.041565191465089 36.099 24.321 27.953259197324424 1196
stats: page 23 63.06808695652173 7.3621308878496485 89.238 49.673 64.34265551839465 1196
stats: tr_req 11 70.38681818181819 3.5211461671703583 89.553 65.833 72.75103523489932 596
stats: 200 23 1219
stats: tr_think 11 5066.923181818182 3712.536657955112 34398.984 56.028 5067.710521812079 596
stats: size_rcv 18784 975464
stats: size_sent 7498 399978
stats: connected 2 4
# stats: dump at 1653041542
stats: users 5 13
stats: {load,"tsung_controller@Debian"} 1 0.1796875 0.0 1.05859375 0.01953125 0.30710565476190477 63
stats: {cpu,"tsung_controller@Debian"} 1 0.6998833527745375 0.0 26.224183877415058 0.12501041753479458 3.690353347258414 63
stats: {freemem,"tsung_controller@Debian"} 1 12535.125 0.0 12609.921875 12122.4921875 12468.360677083334 63
stats: session 13 5799.912153846154 3981.8524478610716 34469.208 132.89 5142.446028006592 607
stats: users_count 13 625
stats: finish_users_count 13 620
stats: request 26 63.588423076923064 9.105423811253619 89.238 49.673 64.3186070549631 1219
stats: connect 26 27.612423076923076 1.792099438627498 36.099 24.321 27.94910746513537 1219
stats: page 26 63.588423076923064 9.105423811253619 89.238 49.673 64.3186070549631 1219
stats: tr_req 13 72.15099999999998 4.445503692150428 89.553 65.833 72.7081911037891 607
stats: 200 26 1245
stats: tr_think 13 5725.710230769231 3979.2253522548863 34398.984 56.028 5067.696253706753 607
stats: size_rcv 20761 996225
stats: size_sent 8569 408547
stats: connected -2 2
# stats: dump at 1653041552
stats: users 8 13
stats: {load,"tsung_controller@Debian"} 1 0.1484375 0.0 1.05859375 0.01953125 0.30511474609375 64
stats: {cpu,"tsung_controller@Debian"} 1 0.36660556573904346 0.0 26.224183877415058 0.12501041753479458 3.6436272535946035 64
stats: {freemem,"tsung_controller@Debian"} 1 12565.1328125 0.0 12609.921875 12122.4921875 12469.403869628906 64
stats: session 5 6376.6410000000005 4073.9969334804855 34469.208 132.89 5156.231608064519 620
stats: users_count 8 633
stats: finish_users_count 5 625
stats: request 13 61.47653846153847 8.70447349722574 89.238 49.673 64.30335823293174 1245
stats: connect 13 27.699999999999992 1.551957721470134 36.099 24.321 27.942076305220898 1245
stats: page 13 61.47653846153847 8.70447349722574 89.238 49.673 64.30335823293174 1245
stats: tr_req 5 71.96200000000002 2.638576282770686 89.553 65.833 72.69650806451611 620
stats: 200 13 1258
stats: tr_think 5 6302.6304 4071.8284596958456 34398.984 56.028 5081.493320967741 620
stats: size_rcv 11636 1007861
stats: size_sent 4170 412717
stats: connected 2 4
# stats: dump at 1653041562
stats: users 5 13
stats: {load,"tsung_controller@Debian"} 1 0.12109375 0.0 1.05859375 0.01953125 0.3027043269230769 65
stats: {cpu,"tsung_controller@Debian"} 1 0.4332972252312307 0.0 26.224183877415058 0.12501041753479458 3.5932115353199023 65
stats: {freemem,"tsung_controller@Debian"} 1 12562.94921875 0.0 12609.921875 12122.4921875 12470.876622596154 65
stats: session 18 6147.8895555555555 5804.26294618067 34469.208 132.89 5165.994883200003 625
stats: users_count 15 648
stats: finish_users_count 18 643
stats: request 33 63.0430606060606 7.486489195956633 89.238 49.673 64.27414626391099 1258
stats: connect 33 26.91684848484848 1.367120067906789 36.099 24.321 27.939574721780616 1258
stats: page 33 63.0430606060606 7.486489195956633 89.238 49.673 64.27414626391099 1258
stats: tr_req 18 69.77416666666669 2.323530461507992 89.553 65.833 72.69063199999997 625
stats: 200 33 1291
stats: tr_think 18 6076.066722222223 5805.046960888745 34398.984 56.028 5091.262417599998 625
stats: size_rcv 25095 1032956
stats: size_sent 10929 423646
stats: connected 1 5
# stats: dump at 1653041572
stats: users 5 13
stats: {load,"tsung_controller@Debian"} 1 0.1015625 0.0 1.05859375 0.01953125 0.2999526515151515 66
stats: {cpu,"tsung_controller@Debian"} 1 0.3332777870354941 0.0 26.224183877415058 0.12501041753479458 3.5453340457731044 66
stats: {freemem,"tsung_controller@Debian"} 1 12566.96484375 0.0 12609.921875 12122.4921875 12472.271661931818 66
stats: session 11 4255.399727272727 3688.278630347449 34469.208 132.89 5193.481825816488 643
stats: users_count 11 659
stats: finish_users_count 11 654
stats: request 22 61.76913636363638 8.038889228423258 89.238 49.673 64.24267776917121 1291
stats: connect 22 26.90695454545455 1.6332183363829593 36.099 24.321 27.913432223082893 1291
stats: page 22 61.76913636363638 8.038889228423258 89.238 49.673 64.24267776917121 1291
stats: tr_req 11 69.52400000000002 2.9495080945811982 89.553 65.833 72.60898911353028 643
stats: 200 22 1313
stats: tr_think 11 4183.83909090909 3688.1662613796293 34398.984 56.028 5118.830811819594 643
stats: size_rcv 17567 1050523
stats: size_sent 7239 430885
stats: connected -1 4
# stats: dump at 1653041582
stats: users 6 13
stats: {load,"tsung_controller@Debian"} 1 0.08984375 0.0 1.05859375 0.01953125 0.2969916044776119 67
stats: {cpu,"tsung_controller@Debian"} 1 0.34152436484798 0.0 26.224183877415058 0.12501041753479458 3.4973929075829906 67
stats: {freemem,"tsung_controller@Debian"} 1 12566.7578125 0.0 12609.921875 12122.4921875 12473.684993003732 67
stats: session 9 2643.967888888889 1913.5759524465325 34469.208 132.89 5177.703686544345 654
stats: users_count 10 669
stats: finish_users_count 9 663
stats: request 18 63.085444444444455 9.484117900892242 89.238 49.673 64.20123229246005 1313
stats: connect 19 28.059105263157893 2.5268258827135774 36.099 24.321 27.89656816450877 1313
stats: page 18 63.085444444444455 9.484117900892242 89.238 49.673 64.20123229246005 1313
stats: tr_req 8 72.91524999999999 4.067350358341412 89.553 65.833 72.55710091743116 654
stats: 200 18 1331
stats: tr_think 9 2569.367111111111 1914.2624435500795 34398.984 56.028 5103.104651376145 654
stats: size_rcv 15210 1065733
stats: size_sent 6200 437085
stats: connected 1 5
# stats: dump at 1653041592
stats: users 9 13
stats: {load,"tsung_controller@Debian"} 1 0.0703125 0.0 1.05859375 0.01953125 0.2939453125 68
stats: {cpu,"tsung_controller@Debian"} 1 0.25 0.0 26.224183877415058 0.12501041753479458 3.4509830760721814 68
stats: {freemem,"tsung_controller@Debian"} 1 12567.953125 0.0 12609.921875 12122.4921875 12475.0537109375 68
stats: session 10 6341.609999999999 7068.147567052233 34469.208 132.89 5143.309082956262 663
stats: users_count 13 682
stats: finish_users_count 10 673
stats: request 24 62.894500000000015 8.76195749628282 89.238 49.673 64.1861427498122 1331
stats: connect 23 27.555956521739127 1.6701834181560875 36.099 24.321 27.89888663663665 1332
stats: page 24 62.894500000000015 8.76195749628282 89.238 49.673 64.1861427498122 1331
stats: tr_req 11 72.2110909090909 2.820953657398517 89.553 65.833 72.56142900302112 662
stats: 200 24 1355
stats: tr_think 10 6267.117 7067.081612585594 34398.984 56.028 5068.710024132728 663
stats: size_rcv 20001 1085734
stats: size_sent 7483 444568
stats: connected 1 6
# stats: dump at 1653041602
stats: users 5 13
stats: {load,"tsung_controller@Debian"} 1 0.05859375 0.0 1.05859375 0.01953125 0.29070425724637683 69
stats: {cpu,"tsung_controller@Debian"} 1 0.2749083638787071 0.0 26.224183877415058 0.12501041753479458 3.4045920169986714 69
stats: {freemem,"tsung_controller@Debian"} 1 12568.00390625 0.0 12609.921875 12122.4921875 12476.400079257246 69
stats: session 16 4451.592937500001 3953.7280403693753 34469.208 132.89 5161.114445765233 673
stats: users_count 12 694
stats: finish_users_count 16 689
stats: request 28 65.37367857142858 8.59945250771222 89.238 49.673 64.16326494464948 1355
stats: connect 28 27.643392857142857 1.7260240301937053 36.099 24.321 27.893065682656836 1355
stats: page 28 65.37367857142858 8.59945250771222 89.238 49.673 64.16326494464948 1355
stats: tr_req 16 72.1030625 4.224187783893343 89.553 65.833 72.55570282317977 673
stats: 200 28 1383
stats: tr_think 16 4377.4550625 3952.5137256765547 34398.984 56.028 5086.516962852896 673
stats: size_rcv 20684 1106418
stats: size_sent 9316 453884
stats: connected -4 2
# stats: dump at 1653041612
stats: users 5 13
stats: {load,"tsung_controller@Debian"} 1 0.05078125 0.0 1.05859375 0.01953125 0.28738839285714285 70
stats: {cpu,"tsung_controller@Debian"} 1 0.3332777870354941 0.0 26.224183877415058 0.12501041753479458 3.3598822505255286 70
stats: {freemem,"tsung_controller@Debian"} 1 12567.47265625 0.0 12609.921875 12122.4921875 12477.708705357143 70
stats: session 10 6340.240099999999 5556.270549809745 34469.208 132.89 5144.63789404935 689
stats: users_count 10 704
stats: finish_users_count 10 699
stats: request 20 63.714650000000006 8.078949809690615 89.238 49.673 64.18777078814176 1383
stats: connect 20 27.90425 1.7059099001705806 36.099 24.321 27.888010845986994 1383
stats: page 20 63.714650000000006 8.078949809690615 89.238 49.673 64.18777078814176 1383
stats: tr_req 10 71.48890000000002 3.8283841095167044 89.553 65.833 72.54519158200287 689
stats: 200 20 1403
stats: tr_think 10 6266.710799999999 5555.403231213389 34398.984 56.028 5070.05108417997 689
stats: size_rcv 15970 1122388
stats: size_sent 6578 460462
stats: connected 1 3
# stats: dump at 1653041622
stats: users 3 13
stats: {load,"tsung_controller@Debian"} 1 0.0390625 0.0 1.05859375 0.01953125 0.28405589788732394 71
stats: {cpu,"tsung_controller@Debian"} 1 0.2748854643898376 0.0 26.224183877415058 0.12501041753479458 3.317254018645387 71
stats: {freemem,"tsung_controller@Debian"} 1 12567.19921875 0.0 12609.921875 12122.4921875 12478.972986355633 71
stats: session 8 6615.859874999999 7118.194564609755 34469.208 132.89 5161.742360515024 699
stats: users_count 6 710
stats: finish_users_count 8 707
stats: request 14 63.861428571428576 8.042901259711535 89.238 49.673 64.18102637205992 1403
stats: connect 14 27.414357142857146 1.4871180473434835 36.099 24.321 27.88824233784748 1403
stats: page 14 63.861428571428576 8.042901259711535 89.238 49.673 64.18102637205992 1403
stats: tr_req 8 70.5455 3.8819754958010737 89.553 65.833 72.53008011444919 699
stats: 200 14 1417
stats: tr_think 8 6543.269125 7116.8672790833225 34398.984 56.028 5087.170679542202 699
stats: size_rcv 10342 1132730
stats: size_sent 4642 465104
stats: connected 0 3
# stats: dump at 1653041632
stats: users 7 13
stats: {load,"tsung_controller@Debian"} 1 0.0390625 0.0 1.05859375 0.01953125 0.2806532118055556 72
stats: {cpu,"tsung_controller@Debian"} 1 0.27495417430428265 0.0 26.224183877415058 0.12501041753479458 3.274998899836282 72
stats: {freemem,"tsung_controller@Debian"} 1 12567.484375 0.0 12609.921875 12122.4921875 12480.198350694445 72
stats: session 10 2735.2183999999997 1610.0675978574438 34469.208 132.89 5178.196306930696 707
stats: users_count 14 724
stats: finish_users_count 10 717
stats: request 24 63.33624999999998 7.472000146379821 89.238 49.673 64.17786873676786 1417
stats: connect 24 28.159250000000004 1.6037009345573139 36.099 24.321 27.883560338743834 1417
stats: page 24 63.33624999999998 7.472000146379821 89.238 49.673 64.17786873676786 1417
stats: tr_req 10 71.7574 3.415912797481812 89.553 65.833 72.50762376237621 707
stats: 200 24 1441
stats: tr_think 10 2661.3834999999995 1611.573429975516 34398.984 56.028 5103.6470410183865 707
stats: size_rcv 20838 1153568
stats: size_sent 7750 472854
stats: connected 1 4
# stats: dump at 1653041642
stats: users 10 13
stats: {load,"tsung_controller@Debian"} 1 0.03125 0.0 1.05859375 0.01953125 0.27734375 73
stats: {cpu,"tsung_controller@Debian"} 1 0.4246107734576638 0.0 26.224183877415058 0.12501041753479458 3.2339023967468026 73
stats: {freemem,"tsung_controller@Debian"} 1 12568.26171875 0.0 12609.921875 12122.4921875 12481.394049657534 73
stats: session 13 5689.949692307693 4029.8148091296166 34469.208 132.89 5144.124090655511 717
stats: users_count 16 740
stats: finish_users_count 13 730
stats: request 29 62.559517241379304 7.279966524272646 89.238 49.673 64.16385149201948 1441
stats: connect 29 27.59793103448276 1.4921268535107512 36.099 24.321 27.888151977793207 1441
stats: page 29 62.559517241379304 7.279966524272646 89.238 49.673 64.16385149201948 1441
stats: tr_req 13 70.27730769230769 2.605930880027191 89.553 65.833 72.49716039051602 717
stats: 200 29 1470
stats: tr_think 13 5617.626769230769 4028.7650551947854 34398.984 56.028 5069.584788005577 717
stats: size_rcv 24412 1177980
stats: size_sent 9426 482280
stats: connected 2 6
# stats: dump at 1653041652
stats: users 5 13
stats: {load,"tsung_controller@Debian"} 1 0.109375 0.0 1.05859375 0.01953125 0.27401815878378377 74
stats: {cpu,"tsung_controller@Debian"} 1 0.28323892035988 0.0 26.224183877415058 0.12501041753479458 3.1959389964320843 74
stats: {freemem,"tsung_controller@Debian"} 1 12568.96484375 0.0 12609.921875 12122.4921875 12482.567937077703 74
stats: session 16 5496.8505 4204.467709689777 34469.208 132.89 5153.8442726027415 730
stats: users_count 11 751
stats: finish_users_count 16 746
stats: request 27 65.7861111111111 9.423746708432446 89.238 49.673 64.13220136054426 1470
stats: connect 27 27.974185185185192 1.8343931893446008 36.099 24.321 27.88242653061225 1470
stats: page 27 65.7861111111111 9.423746708432446 89.238 49.673 64.13220136054426 1470
stats: tr_req 16 73.2293125 4.377551623321393 89.553 65.833 72.45762876712327 730
stats: 200 27 1497
stats: tr_think 16 5421.57675 4203.453668496054 34398.984 56.028 5079.3444397260255 730
stats: size_rcv 19467 1197447
stats: size_sent 9009 491289
stats: connected -4 2
# stats: dump at 1653041662
stats: users 5 13
stats: {load,"tsung_controller@Debian"} 1 0.08984375 0.0 1.05859375 0.01953125 0.2718229166666667 75
stats: {cpu,"tsung_controller@Debian"} 1 0.7829418624021321 0.0 26.224183877415058 0.12501041753479458 3.1571029954177883 75
stats: {freemem,"tsung_controller@Debian"} 1 12571.89453125 0.0 12609.921875 12122.4921875 12483.719895833334 75
stats: session 11 4468.520727272727 5696.812066012663 34469.208 132.89 5161.200974530833 746
stats: users_count 11 762
stats: finish_users_count 11 757
stats: request 22 63.637499999999996 7.66681263480938 89.238 49.673 64.16203139612563 1497
stats: connect 22 27.770681818181824 1.6470640652761408 36.099 24.321 27.88408149632599 1497
stats: page 22 63.637499999999996 7.66681263480938 89.238 49.673 64.16203139612563 1497
stats: tr_req 11 71.10518181818182 2.475895129890372 89.553 65.833 72.47417962466487 746
stats: 200 22 1519
stats: tr_think 11 4395.376181818183 5696.401169969284 34398.984 56.028 5086.684542895441 746
stats: size_rcv 17567 1215014
stats: size_sent 7231 498520
stats: connected 0 2
# stats: dump at 1653041672
stats: users 5 13
stats: {load,"tsung_controller@Debian"} 1 0.078125 0.0 1.05859375 0.01953125 0.2694284539473685 76
stats: {cpu,"tsung_controller@Debian"} 1 0.48321253020078314 0.0 26.224183877415058 0.12501041753479458 3.1258640331412666 76
stats: {freemem,"tsung_controller@Debian"} 1 12566.77734375 0.0 12609.921875 12122.4921875 12484.880088404605 76
stats: session 9 6810.345111111111 6734.764822325284 34469.208 132.89 5151.135607661825 757
stats: users_count 9 771
stats: finish_users_count 9 766
stats: request 17 64.10294117647061 7.380511121074508 89.238 49.673 64.15443449637924 1519
stats: connect 17 28.276352941176466 1.7937640982410168 36.099 24.321 27.882439104674134 1519
stats: page 17 64.10294117647061 7.380511121074508 89.238 49.673 64.15443449637924 1519
stats: tr_req 8 71.46362500000001 3.181071554425488 89.553 65.833 72.45428665785995 757
stats: 200 17 1536
stats: tr_think 8 7250.892625 6975.013041696427 34398.984 56.028 5076.639110964332 757
stats: size_rcv 13993 1229007
stats: size_sent 5523 504043
stats: connected 4 6
# stats: dump at 1653041682
stats: users 2 13
stats: {load,"tsung_controller@Debian"} 1 0.05859375 0.0 1.05859375 0.01953125 0.26694399350649356 77
stats: {cpu,"tsung_controller@Debian"} 1 0.25822573927530196 0.0 26.224183877415058 0.12501041753479458 3.091543883752429 77
stats: {freemem,"tsung_controller@Debian"} 1 12566.8203125 0.0 12609.921875 12122.4921875 12485.943689123376 77
stats: session 12 4075.746416666667 2545.2376983156364 34469.208 132.89 5170.630236292431 766
stats: users_count 9 780
stats: finish_users_count 12 778
stats: request 22 65.52777272727275 9.270732323391906 89.238 49.673 64.15386458333337 1536
stats: connect 22 28.0635 2.3210085924794925 36.099 24.321 27.886798828125006 1536
stats: page 22 65.52777272727275 9.270732323391906 89.238 49.673 64.15386458333337 1536
stats: tr_req 13 72.8566923076923 4.544626385331203 89.553 65.833 72.4439267973856 765
stats: 200 22 1558
stats: tr_think 13 3894.870153846154 2472.8860351305457 34398.984 56.028 5099.376402614378 765
stats: size_rcv 15893 1244900
stats: size_sent 7325 511368
stats: connected -4 2
# stats: dump at 1653041692
stats: users 5 13
stats: {load,"tsung_controller@Debian"} 1 0.05078125 0.0 1.05859375 0.01953125 0.26427283653846156 78
stats: {cpu,"tsung_controller@Debian"} 1 0.25002083506958916 0.0 26.224183877415058 0.12501041753479458 3.0552192921565684 78
stats: {freemem,"tsung_controller@Debian"} 1 12566.79296875 0.0 12609.921875 12122.4921875 12486.980568910256 78
stats: session 6 4198.9501666666665 2390.0057090867244 34469.208 132.89 5153.742568123395 778
stats: users_count 9 789
stats: finish_users_count 6 784
stats: request 14 62.83442857142858 8.031084188632187 89.238 49.673 64.17326508344036 1558
stats: connect 14 28.055785714285722 1.9174711090604823 36.099 24.321 27.889293966623878 1558
stats: page 14 62.83442857142858 8.031084188632187 89.238 49.673 64.17326508344036 1558
stats: tr_req 6 71.38266666666667 4.118620872196043 89.553 65.833 72.450823907455 778
stats: 200 14 1572
stats: tr_think 6 4125.529666666666 2389.1501876095795 34398.984 56.028 5079.2496915167085 778
stats: size_rcv 12016 1256916
stats: size_sent 4516 515884
stats: connected 0 2
# stats: dump at 1653041702
stats: users 5 13
stats: {load,"tsung_controller@Debian"} 1 0.0390625 0.0 1.05859375 0.01953125 0.2615704113924051 79
stats: {cpu,"tsung_controller@Debian"} 1 0.28328611898017 0.0 26.224183877415058 0.12501041753479458 3.0197104509276196 79
stats: {freemem,"tsung_controller@Debian"} 1 12567.1484375 0.0 12609.921875 12122.4921875 12487.99085245253 79
stats: session 8 3944.4545 2496.3612846712012 34469.208 132.89 5146.43548341837 784
stats: users_count 8 797
stats: finish_users_count 8 792
stats: request 16 65.506125 8.72491246284884 89.238 49.673 64.16134160305349 1572
stats: connect 16 28.6425 1.6504789835075147 36.099 24.321 27.890776717557255 1572
stats: page 16 65.506125 8.72491246284884 89.238 49.673 64.16134160305349 1572
stats: tr_req 8 73.498625 4.86902012569007 89.553 65.833 72.44264923469387 784
stats: 200 16 1588
stats: tr_think 8 3868.9081250000004 2494.480058888096 34398.984 56.028 5071.950813775509 784
stats: size_rcv 12776 1269692
stats: size_sent 5248 521132
stats: connected 1 3
# stats: dump at 1653041712
stats: users 7 13
stats: {load,"tsung_controller@Debian"} 1 0.0390625 0.0 1.05859375 0.01953125 0.25878906250000006 80
stats: {cpu,"tsung_controller@Debian"} 1 0.26671111851975327 0.0 26.224183877415058 0.12501041753479458 2.985505146778276 80
stats: {freemem,"tsung_controller@Debian"} 1 12566.95703125 0.0 12609.921875 12122.4921875 12488.980322265623 80
stats: session 9 6012.283444444444 4431.076164728862 34469.208 132.89 5134.294261363639 792
stats: users_count 11 808
stats: finish_users_count 9 801
stats: request 21 65.106 9.884447157987521 89.238 49.673 64.17489105793456 1588
stats: connect 21 28.817380952380955 1.942072051926828 36.099 24.321 27.89835075566751 1588
stats: page 21 65.106 9.884447157987521 89.238 49.673 64.17489105793456 1588
stats: tr_req 9 76.11566666666666 2.7903185799793144 89.553 65.833 72.45331565656565 792
stats: 200 21 1609
stats: tr_think 9 5934.123444444444 4431.556038834995 34398.984 56.028 5059.7988674242415 792
stats: size_rcv 18024 1287716
stats: size_sent 6782 527914
stats: connected 2 5
# stats: dump at 1653041722
stats: users 7 13
stats: {load,"tsung_controller@Debian"} 1 0.03125 0.0 1.05859375 0.01953125 0.25607638888888895 81
stats: {cpu,"tsung_controller@Debian"} 1 0.22492502499166944 0.0 26.224183877415058 0.12501041753479458 2.9519397884047143 81
stats: {freemem,"tsung_controller@Debian"} 1 12567.44921875 0.0 12609.921875 12122.4921875 12489.942997685182 81
stats: session 11 4205.964636363636 3516.1955416650967 34469.208 132.89 5144.159308364547 801
stats: users_count 11 819
stats: finish_users_count 11 812
stats: request 22 64.82631818181817 7.5910758812650485 89.238 49.673 64.18704350528283 1609
stats: connect 22 28.048636363636362 2.252138550264343 36.099 24.321 27.91034555624612 1609
stats: page 22 64.82631818181817 7.5910758812650485 89.238 49.673 64.18704350528283 1609
stats: tr_req 11 71.72918181818181 3.6067059465839404 89.553 65.833 72.4944656679151 801
stats: 200 22 1631
stats: tr_think 11 4132.198818181818 3516.7651503306483 34398.984 56.028 5069.622739076154 801
stats: size_rcv 17567 1305283
stats: size_sent 7207 535121
stats: connected -1 4
# stats: dump at 1653041732
stats: users 5 13
stats: {load,"tsung_controller@Debian"} 1 0.03125 0.0 1.05859375 0.01953125 0.2533346036585366 82
stats: {cpu,"tsung_controller@Debian"} 1 0.24995834027662056 0.0 26.224183877415058 0.12501041753479458 2.9186835108021163 82
stats: {freemem,"tsung_controller@Debian"} 1 12567.41015625 0.0 12609.921875 12122.4921875 12490.888195503047 82
stats: session 13 6040.2112307692305 6016.014376727569 34469.208 132.89 5131.449774630544 812
stats: users_count 11 830
stats: finish_users_count 13 825
stats: request 24 65.37420833333333 8.323340219823443 89.238 49.673 64.19566646229312 1631
stats: connect 24 28.483666666666668 2.7047648182831394 38.661 24.321 27.912210913549973 1631
stats: page 24 65.37420833333333 8.323340219823443 89.238 49.673 64.19566646229312 1631
stats: tr_req 13 72.52261538461538 4.405318560706111 89.553 65.833 72.48409852216747 812
stats: 200 24 1655
stats: tr_think 13 5965.632692307691 6016.239385412201 34398.984 56.028 5056.923646551723 812
stats: size_rcv 18327 1323610
stats: size_sent 7923 543044
stats: connected -3 1
# stats: dump at 1653041742
stats: users 2 13
stats: {load,"tsung_controller@Debian"} 1 0.1015625 0.0 1.05859375 0.01953125 0.2506588855421687 83
stats: {cpu,"tsung_controller@Debian"} 1 0.26664444629614203 0.0 26.224183877415058 0.12501041753479458 2.8865301954945806 83
stats: {freemem,"tsung_controller@Debian"} 1 12567.2421875 0.0 12609.921875 12122.4921875 12491.810146837346 83
stats: session 11 5583.2489090909085 4875.278024770717 34469.208 132.89 5145.769652121215 825
stats: users_count 8 838
stats: finish_users_count 11 836
stats: request 18 69.7502222222222 8.68442176515292 89.238 49.673 64.21275709969792 1655
stats: connect 18 29.802444444444443 2.8687232588387586 40.539 24.321 27.92049788519638 1655
stats: page 18 69.7502222222222 8.68442176515292 89.238 49.673 64.21275709969792 1655
stats: tr_req 11 75.81590909090907 3.8314831558488787 89.553 65.833 72.48470545454545 825
stats: 200 18 1673
stats: tr_think 11 5505.380090909091 4875.915036745233 34398.984 56.028 5071.242698181817 825
stats: size_rcv 12699 1336309
stats: size_sent 6035 549079
stats: connected -1 0
# stats: dump at 1653041752
stats: users 5 13
stats: {load,"tsung_controller@Debian"} 1 0.08984375 0.0 1.05859375 0.01953125 0.2488839285714286 84
stats: {cpu,"tsung_controller@Debian"} 1 0.21654035146164738 0.0 26.224183877415058 0.12501041753479458 2.8553410794326943 84
stats: {freemem,"tsung_controller@Debian"} 1 12568.41796875 0.0 12609.921875 12122.4921875 12492.708147321426 84
stats: session 9 4519.2536666666665 2939.6074669487575 34469.208 132.89 5151.525958133974 836
stats: users_count 12 850
stats: finish_users_count 9 845
stats: request 21 61.123619047619044 6.948570681913076 89.238 49.673 64.27233532576214 1673
stats: connect 21 27.48495238095238 1.5463576397823953 40.539 24.321 27.940745965331747 1673
stats: page 21 61.123619047619044 6.948570681913076 89.238 49.673 64.27233532576214 1673
stats: tr_req 8 69.441875 1.2991723747736519 89.553 65.833 72.5285370813397 836
stats: 200 21 1694
stats: tr_think 8 4526.897625 3109.1663629493573 34398.984 56.028 5076.955032296651 836
stats: size_rcv 18861 1355170
stats: size_sent 6743 555822
stats: connected 5 5
# stats: dump at 1653041762
stats: users 5 13
stats: {load,"tsung_controller@Debian"} 1 0.0703125 0.0 1.05859375 0.01953125 0.24701286764705888 85
stats: {cpu,"tsung_controller@Debian"} 1 0.2748625687156422 0.0 26.224183877415058 0.12501041753479458 2.824296364985976 85
stats: {freemem,"tsung_controller@Debian"} 1 12571.453125 0.0 12609.921875 12122.4921875 12493.598851102939 85
stats: session 11 4762.220181818182 3103.0880509558046 34469.208 132.89 5144.791697041423 845
stats: users_count 11 861
stats: finish_users_count 11 856
stats: request 22 66.01104545454547 6.810381470274711 89.238 49.673 64.2333016528926 1694
stats: connect 22 28.873318181818185 1.3812559958360573 40.539 24.321 27.935095631641094 1694
stats: page 22 66.01104545454547 6.810381470274711 89.238 49.673 64.2333016528926 1694
stats: tr_req 11 72.61063636363637 3.073216593636862 89.553 65.833 72.49927962085307 844
stats: 200 22 1716
stats: tr_think 11 4777.571363636364 3060.2105284691906 34398.984 56.028 5071.741218009478 844
stats: size_rcv 17567 1372737
stats: size_sent 7223 563045
stats: connected -1 4
# stats: dump at 1653041772
stats: users 5 13
stats: {load,"tsung_controller@Debian"} 1 0.05859375 0.0 1.05859375 0.01953125 0.24495821220930236 86
stats: {cpu,"tsung_controller@Debian"} 1 0.21654035146164738 0.0 26.224183877415058 0.12501041753479458 2.7946517859595765 86
stats: {freemem,"tsung_controller@Debian"} 1 12559.7109375 0.0 12609.921875 12122.4921875 12494.504133357555 86
stats: session 9 5241.471666666667 2859.1943535155337 34469.208 132.89 5139.875474299068 856
stats: users_count 9 870
stats: finish_users_count 9 865
stats: request 18 63.889777777777766 8.170552487477043 89.238 49.673 64.25609324009329 1716
stats: connect 18 28.15388888888889 1.8159037813744088 40.539 24.321 27.947124125874133 1716
stats: page 18 63.889777777777766 8.170552487477043 89.238 49.673 64.25609324009329 1716
stats: tr_req 9 71.61466666666666 3.706881108904835 89.553 65.833 72.50071228070175 855
stats: 200 18 1734
stats: tr_think 9 4848.019333333334 2940.061927832549 34398.984 56.028 5067.956576608187 855
stats: size_rcv 14373 1387110
stats: size_sent 5893 568938
stats: connected -1 3
# stats: dump at 1653041782
stats: users 8 13
stats: {load,"tsung_controller@Debian"} 1 0.05078125 0.0 1.05859375 0.01953125 0.24281609195402304 87
stats: {cpu,"tsung_controller@Debian"} 1 0.16665277893508876 0.0 26.224183877415058 0.12501041753479458 2.7650183211952326 87
stats: {freemem,"tsung_controller@Debian"} 1 12559.78125 0.0 12609.921875 12122.4921875 12495.253636853446 87
stats: session 12 3122.6831666666662 4441.724177247724 34469.208 132.89 5140.932544508673 865
stats: users_count 15 885
stats: finish_users_count 12 877
stats: request 28 63.63335714285715 8.791301537860695 89.238 49.673 64.2522906574395 1734
stats: connect 28 28.04128571428572 1.6389916293942726 40.539 24.321 27.949270472895048 1734
stats: page 28 63.63335714285715 8.791301537860695 89.238 49.673 64.2522906574395 1734
stats: tr_req 13 72.82392307692308 2.829971037131993 89.553 65.833 72.49148263888888 864
stats: 200 28 1762
stats: tr_think 13 3251.7847692307696 4326.881555977328 34398.984 56.028 5065.665563657407 864
stats: size_rcv 23195 1410305
stats: size_sent 9111 578049
stats: connected 1 4
# stats: dump at 1653041792
stats: users 7 13
stats: {load,"tsung_controller@Debian"} 1 0.0390625 0.0 1.05859375 0.01953125 0.24063387784090914 88
stats: {cpu,"tsung_controller@Debian"} 1 0.17500000000000002 0.0 26.224183877415058 0.12501041753479458 2.7354914400331856 88
stats: {freemem,"tsung_controller@Debian"} 1 12559.7109375 0.0 12609.921875 12122.4921875 12495.986905184656 88
stats: session 11 6566.724363636365 5015.533646514546 34469.208 132.89 5113.316817559866 877
stats: users_count 10 895
stats: finish_users_count 11 888
stats: request 21 65.65557142857143 8.32142578540726 89.238 49.673 64.24245516458575 1762
stats: connect 21 28.434714285714282 1.4599264542094859 40.539 24.321 27.950732690124866 1762
stats: page 21 65.65557142857143 8.32142578540726 89.238 49.673 64.24245516458575 1762
stats: tr_req 11 73.30718181818182 3.6941959100036383 89.553 65.833 72.49641049030787 877
stats: 200 21 1783
stats: tr_think 11 6491.361818181819 5016.487932901207 34398.984 56.028 5038.7779350057 877
stats: size_rcv 16350 1426655
stats: size_sent 6892 584941
stats: connected 2 6
# stats: dump at 1653041802
stats: users 1 13
stats: {load,"tsung_controller@Debian"} 1 0.0390625 0.0 1.05859375 0.01953125 0.23836903089887646 89
stats: {cpu,"tsung_controller@Debian"} 1 0.1748834110592938 0.0 26.224183877415058 0.12501041753479458 2.7067218732912397 89
stats: {freemem,"tsung_controller@Debian"} 1 12559.7109375 0.0 12609.921875 12122.4921875 12496.70290554775 89
stats: session 11 6322.608363636365 3508.1906416745333 34469.208 132.89 5131.320739864867 888
stats: users_count 5 900
stats: finish_users_count 11 899
stats: request 16 67.89056250000002 7.099383185960156 89.238 49.673 64.25909871003931 1783
stats: connect 16 28.326937500000007 1.8541552816832119 40.539 24.321 27.95643297812676 1783
stats: page 16 67.89056250000002 7.099383185960156 89.238 49.673 64.25909871003931 1783
stats: tr_req 11 72.55418181818182 3.224116054142358 89.553 65.833 72.50645382882882 888
stats: 200 16 1799
stats: tr_think 11 6247.906636363637 3508.0033412527696 34398.984 56.028 5056.771654279279 888
stats: size_rcv 10265 1436920
stats: size_sent 5477 590418
stats: connected -5 1
# stats: dump at 1653041808
stats: users 0 13
stats: {load,"tsung_controller@Debian"} 1 0.03125 0.0 1.05859375 0.01953125 0.23615451388888892 90
stats: {cpu,"tsung_controller@Debian"} 1 0.28302672105219345 0.0 26.224183877415058 0.12501041753479458 2.6785903348219957 90
stats: {freemem,"tsung_controller@Debian"} 1 12560.44140625 0.0 12609.921875 12122.4921875 12497.402994791664 90
stats: session 1 5436.72 0.0 34469.208 132.89 5145.89711790879 899
stats: users_count 0 900
stats: finish_users_count 1 900
stats: request 1 69.404 0.0 89.238 49.673 64.2913963312952 1799
stats: connect 1 26.521 0.0 40.539 24.321 27.95972818232352 1799
stats: page 1 69.404 0.0 89.238 49.673 64.2913963312952 1799
stats: tr_req 1 69.688 0.0 89.553 65.833 72.50703781979978 899
stats: 200 1 1800
stats: tr_think 1 5364.989 0.0 34398.984 56.028 5071.346164627364 899
stats: size_rcv 380 1437300
stats: size_sent 370 590788
stats: connected -1 0
EndMonitor:{1653,41808,199493}
