# stats: dump at 1653039827
stats: users 0 2
stats: {load,"tsung_controller@Debian"} 1 0.73046875 0 0.73046875 0.73046875 0 0
stats: {cpu,"tsung_controller@Debian"} 1 6.926642363175056 0 6.926642363175056 6.926642363175056 0 0
stats: {freemem,"tsung_controller@Debian"} 1 12780.5546875 0 12780.5546875 12780.5546875 0 0
stats: session 2 1483.2365 953.5065 2436.743 529.73 0 0
stats: users_count 2 2
stats: finish_users_count 2 2
stats: request 4 114.66175 87.25497069615864 265.038 52.731 0 0
stats: connect 4 28.80525 1.5689317026244316 30.372 26.209 0 0
stats: 200 4 4
stats: page 4 114.66175 87.25497069615864 265.038 52.731 0 0
stats: tr_req 2 171.656 93.94200000000001 265.598 77.714 0 0
stats: size_rcv 3194 3194
stats: tr_think 2 1308.1715 1046.7455 2354.917 261.426 0 0
stats: size_sent 1306 1306
stats: connected 0 0
# stats: dump at 1653039837
stats: users 2 3
stats: {load,"tsung_controller@Debian"} 1 1.01171875 0.0 1.01171875 0.73046875 0.73046875 1
stats: {cpu,"tsung_controller@Debian"} 1 10.333277507955115 0.0 10.333277507955115 6.926642363175056 6.926642363175056 1
stats: {freemem,"tsung_controller@Debian"} 1 12745.19921875 0.0 12780.5546875 12745.19921875 12780.5546875 1
stats: session 2 4571.326 3690.6050000000005 8261.931 529.73 1483.2365 2
stats: users_count 4 6
stats: finish_users_count 2 4
stats: request 6 63.91816666666666 9.514212130924044 265.038 52.731 114.66175 4
stats: connect 6 28.887666666666664 1.5659038568471866 32.023 26.209 28.80525 4
stats: page 6 63.91816666666666 9.514212130924044 265.038 52.731 114.66175 4
stats: tr_req 2 77.35300000000001 0.3249999999999993 265.598 77.028 171.656 2
stats: 200 6 10
stats: tr_think 2 4491.3035 3690.9085000000005 8182.212 261.426 1308.1715 2
stats: size_rcv 5628 8822
stats: size_sent 1888 3194
stats: connected 2 2
# stats: dump at 1653039847
stats: users 1 3
stats: {load,"tsung_controller@Debian"} 1 0.9296875 0.0 1.01171875 0.73046875 0.87109375 2
stats: {cpu,"tsung_controller@Debian"} 1 10.651135506578397 0.0 10.651135506578397 6.926642363175056 8.629959935565086 2
stats: {freemem,"tsung_controller@Debian"} 1 12777.39453125 0.0 12780.5546875 12745.19921875 12762.876953125 2
stats: session 3 4877.714 2980.5673877509744 8961.787 529.73 3027.28125 4
stats: users_count 2 8
stats: finish_users_count 3 7
stats: connect 5 27.8818 1.5975233832404458 32.023 25.797 28.8547 10
stats: request 5 67.9168 10.58210401385282 265.038 52.731 84.2156 10
stats: page 5 67.9168 10.58210401385282 265.038 52.731 84.2156 10
stats: tr_req 3 76.24933333333333 5.0974192380938135 265.598 70.215 124.50450000000001 4
stats: 200 5 15
stats: tr_think 3 4798.856666666667 2975.551279018879 8876.434 261.426 2899.7375 4
stats: size_rcv 3574 12396
stats: size_sent 1668 4862
stats: connected -1 1
# stats: dump at 1653039857
stats: users 2 3
stats: {load,"tsung_controller@Debian"} 1 0.859375 0.0 1.01171875 0.73046875 0.890625 3
stats: {cpu,"tsung_controller@Debian"} 1 8.93542466210579 0.0 10.651135506578397 6.926642363175056 9.303685125902858 3
stats: {freemem,"tsung_controller@Debian"} 1 12753.16796875 0.0 12780.5546875 12745.19921875 12767.716145833334 3
stats: session 2 4835.1595 307.60150000000044 8961.787 529.73 3820.323857142857 7
stats: users_count 3 11
stats: finish_users_count 2 9
stats: connect 4 28.423000000000002 1.5016066395697627 32.023 25.797 28.5304 15
stats: request 4 66.16725 7.305210071414782 265.038 52.731 78.78266666666666 15
stats: page 4 66.16725 7.305210071414782 265.038 52.731 78.78266666666666 15
stats: tr_req 2 73.5025 3.108500000000003 265.598 70.215 103.8237142857143 7
stats: 200 4 19
stats: tr_think 2 4759.0825 304.5435 8876.434 261.426 3713.6457142857143 7
stats: size_rcv 3194 15590
stats: size_sent 1306 6168
stats: connected 0 1
# stats: dump at 1653039867
stats: users 1 3
stats: {load,"tsung_controller@Debian"} 1 0.87109375 0.0 1.01171875 0.73046875 0.8828125 4
stats: {cpu,"tsung_controller@Debian"} 1 12.588578574406004 0.0 12.588578574406004 6.926642363175056 9.21162000995359 4
stats: {freemem,"tsung_controller@Debian"} 1 12744.703125 0.0 12780.5546875 12744.703125 12764.0791015625 4
stats: session 2 4647.1265 2201.5634999999993 8961.787 529.73 4045.8428888888884 9
stats: users_count 1 12
stats: finish_users_count 2 11
stats: request 4 68.57375 9.360707461912266 265.038 52.731 76.1267894736842 19
stats: page 4 68.57375 9.360707461912266 265.038 52.731 76.1267894736842 19
stats: connect 4 29.314 0.34886028722111506 32.023 25.797 28.507789473684213 19
stats: tr_req 2 78.1665 0.4484999999999957 265.598 70.215 97.08566666666667 9
stats: 200 4 23
stats: tr_think 2 4566.7315 2201.3545000000004 8876.434 261.426 3945.9649999999997 9
stats: size_rcv 3194 18784
stats: size_sent 1322 7490
stats: connected 0 1
# stats: dump at 1653039877
stats: users 1 3
stats: {load,"tsung_controller@Debian"} 1 0.8203125 0.0 1.01171875 0.73046875 0.88046875 5
stats: {cpu,"tsung_controller@Debian"} 1 10.790286238838355 0.0 12.588578574406004 6.926642363175056 9.887011722844074 5
stats: {freemem,"tsung_controller@Debian"} 1 12777.1484375 0.0 12780.5546875 12744.703125 12760.20390625 5
stats: session 2 5185.412 4920.839 10106.251 264.573 4155.167181818181 11
stats: users_count 2 14
stats: finish_users_count 2 13
stats: connect 4 26.859499999999997 0.8121349949361881 32.023 25.797 28.648 23
stats: request 4 65.056 10.611220099498452 265.038 52.731 74.81321739130433 23
stats: page 4 65.056 10.611220099498452 265.038 52.731 74.81321739130433 23
stats: tr_req 2 75.819 3.328000000000003 265.598 70.215 93.64581818181819 11
stats: 200 4 27
stats: tr_think 2 5106.9765 4917.462500000001 10024.439 189.514 4058.8316363636363 11
stats: size_rcv 3194 21978
stats: size_sent 1314 8804
stats: connected 0 1
# stats: dump at 1653039887
stats: users 2 3
stats: {load,"tsung_controller@Debian"} 1 0.69140625 0.0 1.01171875 0.69140625 0.8704427083333334 6
stats: {cpu,"tsung_controller@Debian"} 1 7.8196872125115 0.0 12.588578574406004 6.926642363175056 10.037557475509788 6
stats: {freemem,"tsung_controller@Debian"} 1 12776.48046875 0.0 12780.5546875 12744.703125 12763.027994791666 6
stats: session 1 3354.471 0.0 10106.251 264.573 4313.666384615384 13
stats: users_count 2 16
stats: finish_users_count 1 14
stats: connect 3 32.05166666666667 1.9915696210666478 34.41 25.797 28.383037037037038 27
stats: request 3 67.923 9.775191285425912 265.038 52.731 73.3677037037037 27
stats: tr_req 1 82.278 0.0 265.598 70.215 90.90323076923076 13
stats: page 3 67.923 9.775191285425912 265.038 52.731 73.3677037037037 27
stats: 200 3 30
stats: tr_think 1 3269.646 0.0 10024.439 189.514 4220.084692307692 13
stats: size_rcv 2814 24792
stats: size_sent 952 9756
stats: connected 1 2
# stats: dump at 1653039897
stats: users 1 3
stats: {load,"tsung_controller@Debian"} 1 0.671875 0.0 1.01171875 0.671875 0.8448660714285714 7
stats: {cpu,"tsung_controller@Debian"} 1 10.73920265780731 0.0 12.588578574406004 6.926642363175056 9.720718866510031 7
stats: {freemem,"tsung_controller@Debian"} 1 12765.01171875 0.0 12780.5546875 12744.703125 12764.949776785714 7
stats: session 3 5766.947666666667 1016.0202262541603 10106.251 264.573 4245.152428571428 14
stats: users_count 2 18
stats: finish_users_count 3 17
stats: page 5 67.0344 9.95895662406459 265.038 52.456 72.82323333333333 30
stats: request 5 67.0344 9.95895662406459 265.038 52.456 72.82323333333333 30
stats: tr_req 3 74.93766666666666 3.7506014925016364 265.598 69.683 90.28714285714285 14
stats: connect 5 28.032600000000002 1.992058091522434 34.41 25.441 28.7499 30
stats: 200 5 35
stats: tr_think 3 5689.437666666668 1012.249230938157 10024.439 189.514 4152.196214285715 14
stats: size_rcv 3574 28366
stats: size_sent 1668 11424
stats: connected -1 1
# stats: dump at 1653039907
stats: users 1 3
stats: {load,"tsung_controller@Debian"} 1 0.55859375 0.0 1.01171875 0.55859375 0.8232421875 8
stats: {cpu,"tsung_controller@Debian"} 1 11.025128973206856 0.0 12.588578574406004 6.926642363175056 9.848029340422192 8
stats: {freemem,"tsung_controller@Debian"} 1 12774.34375 0.0 12780.5546875 12744.703125 12764.95751953125 8
stats: session 2 2018.6835 1312.3175 10106.251 264.573 4513.704529411763 17
stats: users_count 2 20
stats: finish_users_count 2 19
stats: tr_req 2 71.07300000000001 0.8530000000000051 265.598 69.683 87.57841176470589 17
stats: connect 4 26.0195 0.7000708892676535 34.41 25.136 28.64742857142857 35
stats: request 4 61.68025 8.975068338876312 265.038 52.456 71.99625714285715 35
stats: 200 4 39
stats: page 4 61.68025 8.975068338876312 265.038 52.456 71.99625714285715 35
stats: tr_think 2 1945.0375 1311.3825 10024.439 189.514 4423.474117647059 17
stats: size_rcv 3194 31560
stats: size_sent 1314 12738
stats: connected -1 0
# stats: dump at 1653039917
stats: users 0 3
stats: {load,"tsung_controller@Debian"} 1 0.48046875 0.0 1.01171875 0.48046875 0.7938368055555556 9
stats: {cpu,"tsung_controller@Debian"} 1 7.837905444842826 0.0 12.588578574406004 6.926642363175056 9.978818188509377 9
stats: {freemem,"tsung_controller@Debian"} 1 12782.953125 0.0 12782.953125 12744.703125 12766.000434027777 9
stats: session 1 12329.487 0.0 12329.487 264.573 4251.070736842104 19
stats: users_count 0 20
stats: finish_users_count 1 20
stats: tr_req 1 79.356 0.0 265.598 69.683 85.84100000000001 19
stats: request 1 78.982 0.0 265.038 52.456 70.93820512820513 39
stats: connect 1 29.755 0.0 34.41 25.136 28.377897435897438 39
stats: page 1 78.982 0.0 265.038 52.456 70.93820512820513 39
stats: 200 1 40
stats: tr_think 1 12247.533 0.0 12247.533 189.514 4162.586052631578 19
stats: size_rcv 380 31940
stats: size_sent 370 13108
stats: connected 0 0
# stats: dump at 1653039927
stats: users 1 3
stats: {load,"tsung_controller@Debian"} 1 0.3984375 0.0 1.01171875 0.3984375 0.7625 10
stats: {cpu,"tsung_controller@Debian"} 1 7.444416687484387 0.0 12.588578574406004 6.926642363175056 9.764726914142724 10
stats: {freemem,"tsung_controller@Debian"} 1 12781.74609375 0.0 12782.953125 12744.703125 12767.695703125 10
stats: session 3 5231.097000000001 2344.275689058918 12329.487 264.573 4654.991549999999 20
stats: users_count 4 24
stats: finish_users_count 3 23
stats: request 7 64.98314285714285 9.48501277096168 265.038 51.693 71.1393 40
stats: connect 7 28.23542857142857 1.4336563502500328 34.41 25.136 28.412325000000003 40
stats: page 7 64.98314285714285 9.48501277096168 265.038 51.693 71.1393 40
stats: tr_req 3 75.71566666666666 2.604452640298069 265.598 69.683 85.51675000000002 20
stats: 200 7 47
stats: tr_think 3 5152.850333333333 2343.026179320572 12247.533 189.514 4566.833399999999 20
stats: size_rcv 6008 37948
stats: size_sent 2258 15366
stats: connected 1 1
# stats: dump at 1653039937
stats: users 3 3
stats: {load,"tsung_controller@Debian"} 1 0.421875 0.0 1.01171875 0.3984375 0.7294034090909091 11
stats: {cpu,"tsung_controller@Debian"} 1 7.977968789117917 0.0 12.588578574406004 6.926642363175056 9.553789620810148 11
stats: {freemem,"tsung_controller@Debian"} 1 12790.61328125 0.0 12790.61328125 12744.703125 12768.973011363636 11
stats: session 1 5275.921 0.0 12329.487 264.573 4730.135739130434 23
stats: users_count 3 27
stats: finish_users_count 1 24
stats: request 4 61.7795 7.499978283301889 265.038 51.693 70.2224255319149 47
stats: connect 4 28.244 0.8735367765583775 34.41 25.136 28.385978723404257 47
stats: page 4 61.7795 7.499978283301889 265.038 51.693 70.2224255319149 47
stats: tr_req 1 74.882 0.0 265.598 69.683 84.23834782608697 23
stats: 200 4 51
stats: tr_think 1 5198.521 0.0 12247.533 189.514 4643.270391304347 23
stats: size_rcv 4031 41979
stats: size_sent 1243 16609
stats: connected 1 2
# stats: dump at 1653039947
stats: users 1 3
stats: {load,"tsung_controller@Debian"} 1 0.359375 0.0 1.01171875 0.359375 0.7037760416666666 12
stats: {cpu,"tsung_controller@Debian"} 1 7.826665557681112 0.0 12.588578574406004 6.926642363175056 9.42247121816913 12
stats: {freemem,"tsung_controller@Debian"} 1 12785.2265625 0.0 12790.61328125 12744.703125 12770.7763671875 12
stats: session 5 4509.6831999999995 3968.6709997356747 12329.487 264.573 4752.876791666666 24
stats: users_count 3 30
stats: finish_users_count 5 29
stats: request 8 67.192 11.127187290595948 265.038 51.693 69.56023529411765 51
stats: connect 8 27.959124999999997 1.6332792502738167 34.41 25.136 28.374843137254906 51
stats: page 8 67.192 11.127187290595948 265.038 51.693 69.56023529411765 51
stats: tr_req 5 76.01899999999999 2.814930905013483 265.598 69.683 83.84850000000002 24
stats: 200 8 59
stats: tr_think 5 4431.1178 3966.324055544347 12247.533 189.514 4666.405833333332 24
stats: size_rcv 5551 47530
stats: size_sent 2707 19316
stats: connected -1 1
# stats: dump at 1653039957
stats: users 2 3
stats: {load,"tsung_controller@Debian"} 1 0.37109375 0.0 1.01171875 0.359375 0.6772836538461539 13
stats: {cpu,"tsung_controller@Debian"} 1 7.499791440727455 0.0 12.588578574406004 6.926642363175056 9.29971693659313 13
stats: {freemem,"tsung_controller@Debian"} 1 12782.125 0.0 12790.61328125 12744.703125 12771.887920673076 13
stats: session 1 414.484 0.0 12329.487 264.573 4710.946862068965 29
stats: users_count 2 32
stats: finish_users_count 1 30
stats: request 2 66.968 7.944000000000003 265.038 51.693 69.2391186440678 59
stats: connect 2 29.75 0.31400000000000006 34.41 25.136 28.31847457627119 59
stats: page 2 66.968 7.944000000000003 265.038 51.693 69.2391186440678 59
stats: tr_req 1 75.375 0.0 265.598 69.683 82.49858620689656 29
stats: 200 2 61
stats: tr_think 1 336.579 0.0 12247.533 189.514 4625.838931034482 29
stats: size_rcv 1597 49127
stats: size_sent 653 19969
stats: connected -1 0
# stats: dump at 1653039967
stats: users 0 3
stats: {load,"tsung_controller@Debian"} 1 0.390625 0.0 1.01171875 0.359375 0.6554129464285714 14
stats: {cpu,"tsung_controller@Debian"} 1 7.766099432766099 0.0 12.588578574406004 6.926642363175056 9.171150829745583 14
stats: {freemem,"tsung_controller@Debian"} 1 12791.39453125 0.0 12791.39453125 12744.703125 12772.619140625 14
stats: session 3 6143.894333333333 6199.588006277908 14906.653 264.573 4567.7314333333325 30
stats: users_count 1 33
stats: finish_users_count 3 33
stats: request 5 66.25899999999999 9.404243021104888 265.038 51.693 69.16465573770492 61
stats: connect 5 27.917 1.7056644453115632 34.41 25.136 28.365409836065577 61
stats: page 5 66.25899999999999 9.404243021104888 265.038 51.693 69.16465573770492 61
stats: tr_req 3 73.51233333333333 5.068095916833283 265.598 69.159 82.26113333333335 30
stats: 200 5 66
stats: tr_think 3 6068.068666666666 6194.447884170702 14823.535 189.514 4482.863599999999 30
stats: size_rcv 3574 52701
stats: size_sent 1676 21645
stats: connected 0 0
# stats: dump at 1653039977
stats: users 1 3
stats: {load,"tsung_controller@Debian"} 1 0.328125 0.0 1.01171875 0.328125 0.6377604166666667 15
stats: {cpu,"tsung_controller@Debian"} 1 7.362885048835461 0.0 12.588578574406004 6.926642363175056 9.077480736613618 15
stats: {freemem,"tsung_controller@Debian"} 1 12786.67578125 0.0 12791.39453125 12744.703125 12773.870833333332 15
stats: session 1 1858.196 0.0 14906.653 264.573 4711.018969696968 33
stats: users_count 2 35
stats: finish_users_count 1 34
stats: page 2 65.91 12.747 265.038 51.693 68.9445303030303 66
stats: request 2 65.91 12.747 265.038 51.693 68.9445303030303 66
stats: connect 3 28.720333333333333 1.5536428876103483 34.41 25.136 28.331439393939398 66
stats: tr_req 1 79.113 0.0 265.598 69.159 81.46578787878788 33
stats: 200 2 68
stats: tr_think 1 1776.574 0.0 14823.535 189.514 4626.973151515151 33
stats: size_rcv 1597 54298
stats: size_sent 944 22589
stats: connected 1 1
# stats: dump at 1653039987
stats: users 1 3
stats: {load,"tsung_controller@Debian"} 1 0.359375 0.0 1.01171875 0.328125 0.618408203125 16
stats: {cpu,"tsung_controller@Debian"} 1 7.54180602006689 0.0 12.588578574406004 6.926642363175056 8.970318506127484 16
stats: {freemem,"tsung_controller@Debian"} 1 12790.55859375 0.0 12791.39453125 12744.703125 12774.671142578125 16
stats: session 1 3613.791 0.0 14906.653 264.573 4627.112411764705 34
stats: users_count 1 36
stats: finish_users_count 1 35
stats: request 3 62.57333333333333 5.731693311947371 265.038 51.693 68.8552794117647 68
stats: connect 2 26.500999999999998 0.24800000000000022 34.41 25.136 28.34834782608696 69
stats: page 3 62.57333333333333 5.731693311947371 265.038 51.693 68.8552794117647 68
stats: tr_req 1 70.676 0.0 265.598 69.159 81.39658823529412 34
stats: 200 3 71
stats: tr_think 1 3540.537 0.0 14823.535 189.514 4543.13788235294 34
stats: size_rcv 2814 57112
stats: size_sent 653 23242
stats: connected -1 0
# stats: dump at 1653039997
stats: users 0 3
stats: {load,"tsung_controller@Debian"} 1 0.30078125 0.0 1.01171875 0.30078125 0.6031709558823529 17
stats: {cpu,"tsung_controller@Debian"} 1 7.407098121085595 0.0 12.588578574406004 6.926642363175056 8.886288359888626 17
stats: {freemem,"tsung_controller@Debian"} 1 12783.7109375 0.0 12791.39453125 12744.703125 12775.605698529413 17
stats: session 3 7885.192999999999 6107.870184103949 16041.33 264.573 4598.160371428571 35
stats: users_count 2 38
stats: finish_users_count 3 38
stats: connect 5 28.503800000000002 1.8208393009818296 34.41 25.136 28.296309859154935 71
stats: request 5 67.4864 9.933393369840942 265.038 51.693 68.58984507042253 71
stats: page 5 67.4864 9.933393369840942 265.038 51.693 68.58984507042253 71
stats: tr_req 3 75.40366666666665 4.385155970873658 265.598 69.159 81.09028571428571 35
stats: 200 5 76
stats: tr_think 3 7807.177666666667 6112.112160664829 15969.573 189.514 4514.492142857142 35
stats: size_rcv 3574 60686
stats: size_sent 1700 24942
stats: connected 0 0
# stats: dump at 1653040007
stats: users 0 3
stats: {load,"tsung_controller@Debian"} 1 0.8515625 0.0 1.01171875 0.30078125 0.5863715277777778 18
stats: {cpu,"tsung_controller@Debian"} 1 8.127975941859495 0.0 12.588578574406004 6.926642363175056 8.804111124399569 18
stats: {freemem,"tsung_controller@Debian"} 1 12792.42578125 0.0 12792.42578125 12744.703125 12776.055989583334 18
stats: session 0 0 0 16041.33 264.573 4857.662947368421 38
stats: users_count 0 38
stats: finish_users_count 0 38
stats: request 0 0 0 265.038 51.693 68.51724999999999 76
stats: connect 0 0 0 34.41 25.136 28.3099605263158 76
stats: page 0 0 0 265.038 51.693 68.51724999999999 76
stats: tr_req 0 0 0 265.598 69.159 80.64134210526315 38
stats: 200 0 76
stats: tr_think 0 0 0 15969.573 189.514 4774.440999999999 38
stats: size_rcv 0 60686
stats: size_sent 0 24942
stats: connected 0 0
# stats: dump at 1653040017
stats: users 2 3
stats: {load,"tsung_controller@Debian"} 1 0.71875 0.0 1.01171875 0.30078125 0.600328947368421 19
stats: {cpu,"tsung_controller@Debian"} 1 7.715455989300343 0.0 12.588578574406004 6.926642363175056 8.768525062160617 19
stats: {freemem,"tsung_controller@Debian"} 1 12798.83984375 0.0 12798.83984375 12744.703125 12776.91755756579 19
stats: session 0 0 0 16041.33 264.573 4857.662947368421 38
stats: users_count 2 40
stats: finish_users_count 0 38
stats: request 2 56.090500000000006 2.0545000000000027 265.038 51.693 68.51724999999999 76
stats: connect 2 27.8005 1.5474999999999994 34.41 25.136 28.3099605263158 76
stats: page 2 56.090500000000006 2.0545000000000027 265.038 51.693 68.51724999999999 76
stats: tr_req 0 0 0 265.598 69.159 80.64134210526315 38
stats: 200 2 78
stats: tr_think 0 0 0 15969.573 189.514 4774.440999999999 38
stats: size_rcv 2434 63120
stats: size_sent 598 25540
stats: connected 2 2
# stats: dump at 1653040027
stats: users 1 3
stats: {load,"tsung_controller@Debian"} 1 0.9296875 0.0 1.01171875 0.30078125 0.60625 20
stats: {cpu,"tsung_controller@Debian"} 1 7.6454386111342965 0.0 12.588578574406004 6.926642363175056 8.715871608517604 20
stats: {freemem,"tsung_controller@Debian"} 1 12797.46484375 0.0 12798.83984375 12744.703125 12778.013671875 20
stats: session 2 4184.6 3136.987 16041.33 264.573 4857.662947368421 38
stats: users_count 1 41
stats: finish_users_count 2 40
stats: connect 3 26.688 1.7531594337081842 34.41 25.136 28.296897435897446 78
stats: request 3 64.985 9.260637163104203 265.038 51.693 68.19861538461538 78
stats: page 3 64.985 9.260637163104203 265.038 51.693 68.19861538461538 78
stats: tr_req 2 71.4185 4.098500000000001 265.598 67.32 80.64134210526315 38
stats: 200 3 81
stats: tr_think 2 4110.8865 3132.6665 15969.573 189.514 4774.440999999999 38
stats: size_rcv 1977 65097
stats: size_sent 1023 26563
stats: connected -2 0
# stats: dump at 1653040037
stats: users 1 3
stats: {load,"tsung_controller@Debian"} 1 0.859375 0.0 1.01171875 0.30078125 0.6216517857142857 21
stats: {cpu,"tsung_controller@Debian"} 1 8.304901389697928 0.0 12.588578574406004 6.926642363175056 8.664898608642208 21
stats: {freemem,"tsung_controller@Debian"} 1 12764.734375 0.0 12798.83984375 12744.703125 12778.939918154761 21
stats: session 2 7919.5985 7022.1695 16041.33 264.573 4824.0098 40
stats: users_count 2 43
stats: finish_users_count 2 42
stats: request 4 64.82825 9.987809929484042 265.038 51.693 68.07959259259258 81
stats: tr_req 2 75.0775 0.32550000000000523 265.598 67.32 80.18019999999999 40
stats: connect 4 27.715 1.0781467896348809 34.41 25.136 28.237308641975318 81
stats: page 4 64.82825 9.987809929484042 265.038 51.693 68.07959259259258 81
stats: 200 4 85
stats: tr_think 2 7841.986 7022.4800000000005 15969.573 189.514 4741.263274999999 40
stats: size_rcv 3194 68291
stats: size_sent 1314 27877
stats: connected 1 1
# stats: dump at 1653040047
stats: users 1 3
stats: {load,"tsung_controller@Debian"} 1 0.73046875 0.0 1.01171875 0.30078125 0.6324573863636364 22
stats: {cpu,"tsung_controller@Debian"} 1 7.903722828350129 0.0 12.588578574406004 6.926642363175056 8.648535098690196 22
stats: {freemem,"tsung_controller@Debian"} 1 12765.58203125 0.0 12798.83984375 12744.703125 12778.294211647728 22
stats: session 2 3981.185 1806.047 16041.33 264.573 4971.418785714285 42
stats: users_count 2 45
stats: finish_users_count 2 44
stats: request 4 62.897999999999996 10.879152287747422 265.038 51.693 67.9265882352941 85
stats: page 4 62.897999999999996 10.879152287747422 265.038 51.693 67.9265882352941 85
stats: connect 4 26.70075 1.644163218023077 34.41 25.136 28.212729411764716 85
stats: tr_req 2 74.06899999999999 2.978000000000005 265.598 67.32 79.93721428571428 42
stats: 200 4 89
stats: tr_think 2 3904.5999999999995 1809.0049999999999 15969.573 189.514 4888.916738095238 42
stats: size_rcv 3194 71485
stats: size_sent 1306 29183
stats: connected 0 1
# stats: dump at 1653040057
stats: users 0 3
stats: {load,"tsung_controller@Debian"} 1 0.609375 0.0 1.01171875 0.30078125 0.63671875 23
stats: {cpu,"tsung_controller@Debian"} 1 7.971619365609349 0.0 12.588578574406004 6.926642363175056 8.616151956501499 23
stats: {freemem,"tsung_controller@Debian"} 1 12792.1953125 0.0 12798.83984375 12744.703125 12777.741508152174 23
stats: session 1 9830.36 0.0 16041.33 264.573 4926.408159090908 44
stats: users_count 0 45
stats: finish_users_count 1 45
stats: connect 1 28.138 0.0 34.41 25.136 28.144775280898884 89
stats: 200 1 90
stats: request 1 75.081 0.0 265.038 51.693 67.70058426966291 89
stats: tr_req 1 75.389 0.0 265.598 67.32 79.67047727272725 44
stats: page 1 75.081 0.0 265.038 51.693 67.70058426966291 89
stats: size_rcv 380 71865
stats: tr_think 1 9752.152 0.0 15969.573 189.514 4844.175068181818 44
stats: size_sent 362 29545
stats: connected -1 0
# stats: dump at 1653040067
stats: users 1 3
stats: {load,"tsung_controller@Debian"} 1 0.58984375 0.0 1.01171875 0.30078125 0.6355794270833334 24
stats: {cpu,"tsung_controller@Debian"} 1 7.403998996067933 0.0 12.588578574406004 6.926642363175056 8.589296431880992 24
stats: {freemem,"tsung_controller@Debian"} 1 12798.7890625 0.0 12798.83984375 12744.703125 12778.34375 24
stats: session 1 1684.524 0.0 16041.33 264.573 5035.384866666665 45
stats: users_count 2 47
stats: finish_users_count 1 46
stats: request 3 65.946 13.725574596351148 265.038 51.693 67.78258888888888 90
stats: connect 3 28.856000000000005 1.7355880847712692 34.41 25.136 28.144700000000007 90
stats: page 3 65.946 13.725574596351148 265.038 51.693 67.78258888888888 90
stats: tr_req 1 85.387 0.0 265.598 67.32 79.57533333333332 45
stats: 200 3 93
stats: tr_think 1 1596.51 0.0 15969.573 189.514 4953.241222222222 45
stats: size_rcv 2814 74679
stats: size_sent 944 30489
stats: connected 1 1
# stats: dump at 1653040077
stats: users 1 3
stats: {load,"tsung_controller@Debian"} 1 0.5 0.0 1.01171875 0.30078125 0.63375 25
stats: {cpu,"tsung_controller@Debian"} 1 7.658899189843815 0.0 12.588578574406004 6.926642363175056 8.54188453444847 25
stats: {freemem,"tsung_controller@Debian"} 1 12803.3203125 0.0 12803.3203125 12744.703125 12779.1615625 25
stats: session 0 0 0 16041.33 264.573 4962.54006521739 46
stats: users_count 0 47
stats: finish_users_count 0 46
stats: request 0 0 0 265.038 51.693 67.7233440860215 93
stats: connect 0 0 0 34.41 25.136 28.16764516129033 93
stats: page 0 0 0 265.038 51.693 67.7233440860215 93
stats: tr_req 0 0 0 265.598 67.32 79.70167391304346 46
stats: 200 0 93
stats: tr_think 0 0 0 15969.573 189.514 4880.268804347826 46
stats: size_rcv 0 74679
stats: size_sent 0 30489
stats: connected -1 0
# stats: dump at 1653040087
stats: users 0 3
stats: {load,"tsung_controller@Debian"} 1 0.578125 0.0 1.01171875 0.30078125 0.6286057692307693 26
stats: {cpu,"tsung_controller@Debian"} 1 7.473666610934626 0.0 12.588578574406004 6.926642363175056 8.507923559655984 26
stats: {freemem,"tsung_controller@Debian"} 1 12801.68359375 0.0 12803.3203125 12744.703125 12780.090745192309 26
stats: session 2 10644.923499999999 9919.3185 20564.242 264.573 4962.54006521739 46
stats: users_count 1 48
stats: finish_users_count 2 48
stats: request 3 67.476 11.5413427583911 265.038 51.211 67.7233440860215 93
stats: connect 3 27.477 1.888595245149156 34.41 25.055 28.16764516129033 93
stats: page 3 67.476 11.5413427583911 265.038 51.211 67.7233440860215 93
stats: tr_req 2 75.902 1.2920000000000016 265.598 67.32 79.70167391304346 46
stats: 200 3 96
stats: tr_think 2 10566.774 9917.762 20484.536 189.514 4880.268804347826 46
stats: size_rcv 1977 76656
stats: size_sent 1015 31504
stats: connected 0 0
# stats: dump at 1653040097
stats: users 0 3
stats: {load,"tsung_controller@Debian"} 1 0.48828125 0.0 1.01171875 0.30078125 0.6267361111111112 27
stats: {cpu,"tsung_controller@Debian"} 1 10.12965286491008 0.0 12.588578574406004 6.926642363175056 8.469617746740377 27
stats: {freemem,"tsung_controller@Debian"} 1 12791.99609375 0.0 12803.3203125 12744.703125 12780.890480324075 27
stats: session 0 0 0 20564.242 264.573 5199.306041666666 48
stats: users_count 0 48
stats: finish_users_count 0 48
stats: request 0 0 0 265.038 51.211 67.71561458333333 96
stats: connect 0 0 0 34.41 25.055 28.14606250000001 96
stats: page 0 0 0 265.038 51.211 67.71561458333333 96
stats: tr_req 0 0 0 265.598 67.32 79.54335416666665 48
stats: 200 0 96
stats: tr_think 0 0 0 20484.536 189.514 5117.206520833333 48
stats: size_rcv 0 76656
stats: size_sent 0 31504
stats: connected 0 0
# stats: dump at 1653040107
stats: users 1 3
stats: {load,"tsung_controller@Debian"} 1 0.421875 0.0 1.01171875 0.30078125 0.6217912946428571 28
stats: {cpu,"tsung_controller@Debian"} 1 9.340797059069263 0.0 12.588578574406004 6.926642363175056 8.528904715246437 28
stats: {freemem,"tsung_controller@Debian"} 1 12797.86328125 0.0 12803.3203125 12744.703125 12781.287109375 28
stats: session 3 2594.639333333333 728.4507139019237 20564.242 264.573 5199.306041666666 48
stats: users_count 4 52
stats: finish_users_count 3 51
stats: 200 7 103
stats: request 7 65.93057142857143 7.737602542263387 265.038 51.211 67.71561458333333 96
stats: connect 7 28.675571428571427 0.8672242842446656 34.41 25.055 28.14606250000001 96
stats: page 7 65.93057142857143 7.737602542263387 265.038 51.211 67.71561458333333 96
stats: tr_req 3 74.51333333333334 2.962960268980252 265.598 67.32 79.54335416666665 48
stats: size_rcv 6008 82664
stats: tr_think 3 2517.9706666666666 731.4333584669367 20484.536 189.514 5117.206520833333 48
stats: size_sent 2250 33754
stats: connected 1 1
# stats: dump at 1653040117
stats: users 1 3
stats: {load,"tsung_controller@Debian"} 1 0.4296875 0.0 1.01171875 0.30078125 0.6148976293103449 29
stats: {cpu,"tsung_controller@Debian"} 1 12.306418219461698 0.0 12.588578574406004 6.926642363175056 8.556901002964466 29
stats: {freemem,"tsung_controller@Debian"} 1 12784.9296875 0.0 12803.3203125 12744.703125 12781.858701508621 29
stats: session 1 5961.843 0.0 20564.242 264.573 5046.090352941175 51
stats: users_count 1 53
stats: finish_users_count 1 52
stats: request 2 66.879 11.771000000000003 265.038 51.211 67.59430097087379 103
stats: connect 2 27.996000000000002 1.2610000000000001 34.41 25.055 28.182048543689326 103
stats: page 2 66.879 11.771000000000003 265.038 51.211 67.59430097087379 103
stats: tr_req 1 78.896 0.0 265.598 67.32 79.24747058823527 51
stats: 200 2 105
stats: tr_think 1 5880.9 0.0 20484.536 189.514 4964.310294117648 51
stats: size_rcv 1597 84261
stats: size_sent 653 34407
stats: connected -1 0
# stats: dump at 1653040127
stats: users 0 3
stats: {load,"tsung_controller@Debian"} 1 0.87890625 0.0 1.01171875 0.30078125 0.6087239583333334 30
stats: {cpu,"tsung_controller@Debian"} 1 13.633355393778954 0.0 13.633355393778954 6.926642363175056 8.681884910181042 30
stats: {freemem,"tsung_controller@Debian"} 1 12750.41015625 0.0 12803.3203125 12744.703125 12781.961067708333 30
stats: session 2 3988.6705 3597.2365 20564.242 264.573 5063.700980769229 52
stats: users_count 1 54
stats: finish_users_count 2 54
stats: request 3 66.791 7.017615026963693 265.038 51.211 67.5806761904762 105
stats: connect 3 27.85366666666667 1.2875706668848212 34.41 25.055 28.17850476190477 105
stats: page 3 66.791 7.017615026963693 265.038 51.211 67.5806761904762 105
stats: tr_req 2 72.042 1.733000000000004 265.598 67.32 79.24071153846151 52
stats: 200 3 108
stats: tr_think 2 3914.1020000000003 3595.6010000000006 20484.536 189.514 4981.93701923077 52
stats: size_rcv 1977 86238
stats: size_sent 1031 35438
stats: connected 0 0
# stats: dump at 1653040137
stats: users 2 3
stats: {load,"tsung_controller@Debian"} 1 0.828125 0.0 1.01171875 0.30078125 0.6174395161290323 31
stats: {cpu,"tsung_controller@Debian"} 1 11.502890173410405 0.0 13.633355393778954 6.926642363175056 8.841609764490652 31
stats: {freemem,"tsung_controller@Debian"} 1 12772.296875 0.0 12803.3203125 12744.703125 12780.943296370968 31
stats: session 1 7206.149 0.0 20564.242 264.573 5023.885037037036 54
stats: users_count 3 57
stats: finish_users_count 1 55
stats: request 4 56.599250000000005 7.0739869018467925 265.038 51.211 67.55874074074075 108
stats: connect 4 25.77075 0.5957824162393521 34.41 24.836 28.16948148148149 108
stats: page 4 56.599250000000005 7.0739869018467925 265.038 51.211 67.55874074074075 108
stats: tr_req 1 69.121 0.0 265.598 67.32 78.97409259259257 54
stats: 200 4 112
stats: tr_think 1 7134.534 0.0 20484.536 189.514 4942.387574074075 54
stats: size_rcv 4031 90269
stats: size_sent 1235 36673
stats: connected 2 2
# stats: dump at 1653040147
stats: users 3 3
stats: {load,"tsung_controller@Debian"} 1 0.69921875 0.0 1.01171875 0.30078125 0.6240234375 32
stats: {cpu,"tsung_controller@Debian"} 1 7.966369766086739 0.0 13.633355393778954 6.926642363175056 8.924774777269393 32
stats: {freemem,"tsung_controller@Debian"} 1 12774.67578125 0.0 12803.3203125 12744.703125 12780.673095703125 32
stats: session 2 7337.2785 2136.1145 20564.242 264.573 5063.562563636362 55
stats: users_count 3 60
stats: finish_users_count 2 57
stats: request 5 63.454600000000006 10.417515108700346 265.038 51.211 67.16733035714286 112
stats: 200 5 117
stats: connect 5 28.1334 1.658121177718927 34.41 24.836 28.08381250000001 112
stats: page 5 63.454600000000006 10.417515108700346 265.038 51.211 67.16733035714286 112
stats: tr_req 2 76.1875 0.11050000000000182 265.598 67.32 78.79494545454543 55
stats: size_rcv 4411 94680
stats: tr_think 2 7258.7675 2135.7675 20484.536 189.514 4982.244781818183 55
stats: size_sent 1605 38278
stats: connected 1 3
# stats: dump at 1653040157
stats: users 3 4
stats: {load,"tsung_controller@Debian"} 1 0.91015625 0.0 1.01171875 0.30078125 0.6263020833333334 33
stats: {cpu,"tsung_controller@Debian"} 1 7.609691116476563 0.0 13.633355393778954 6.926642363175056 8.89573220117295 33
stats: {freemem,"tsung_controller@Debian"} 1 12787.94921875 0.0 12803.3203125 12744.703125 12780.491358901516 33
stats: session 2 7921.728999999999 1092.68 20564.242 264.573 5143.342070175437 57
stats: users_count 2 62
stats: finish_users_count 2 59
stats: request 4 66.8505 7.410657814931143 265.038 51.211 67.00866666666667 117
stats: connect 4 28.6215 1.130066037893361 34.41 24.836 28.085931623931632 117
stats: page 4 66.8505 7.410657814931143 265.038 51.211 67.00866666666667 117
stats: tr_req 2 74.63 0.6820000000000022 265.598 67.32 78.70345614035085 57
stats: 200 4 121
stats: tr_think 2 7844.43 1091.9329999999993 20484.536 189.514 5062.122771929825 57
stats: size_rcv 3194 97874
stats: size_sent 1314 39592
stats: connected -1 2
# stats: dump at 1653040167
stats: users 2 4
stats: {load,"tsung_controller@Debian"} 1 0.83984375 0.0 1.01171875 0.30078125 0.6346507352941176 34
stats: {cpu,"tsung_controller@Debian"} 1 7.354784788967823 0.0 13.633355393778954 6.926642363175056 8.857907463387761 34
stats: {freemem,"tsung_controller@Debian"} 1 12790.09765625 0.0 12803.3203125 12744.703125 12780.710707720587 34
stats: session 5 5754.133199999999 4566.0766708609 20564.242 166.149 5237.5246779661 59
stats: users_count 4 66
stats: finish_users_count 5 64
stats: request 9 66.20633333333333 9.22658717451306 265.038 51.211 67.00343801652893 121
stats: connect 9 27.991666666666667 1.4744787402860564 34.41 24.836 28.103636363636372 121
stats: page 9 66.20633333333333 9.22658717451306 265.038 51.211 67.00343801652893 121
stats: tr_req 5 74.25280000000001 3.8643998447365684 265.598 67.32 78.56537288135591 59
stats: 200 9 130
stats: tr_think 5 5677.370000000001 4562.937829555516 20484.536 93.372 5156.438271186441 59
stats: size_rcv 6768 104642
stats: size_sent 2990 42582
stats: connected 0 2
# stats: dump at 1653040177
stats: users 0 4
stats: {load,"tsung_controller@Debian"} 1 0.7109375 0.0 1.01171875 0.30078125 0.6405133928571428 35
stats: {cpu,"tsung_controller@Debian"} 1 7.342131640494487 0.0 13.633355393778954 6.926642363175056 8.814961101261478 35
stats: {freemem,"tsung_controller@Debian"} 1 12790.48828125 0.0 12803.3203125 12744.703125 12780.97890625 35
stats: session 5 1783.0638 1425.6215582864058 20564.242 166.149 5277.884718749998 64
stats: users_count 3 69
stats: finish_users_count 5 69
stats: request 8 65.55612500000001 10.658629243921332 265.038 50.853 66.94825384615386 130
stats: connect 8 26.702624999999998 1.103895368400013 34.41 24.836 28.095884615384623 130
stats: page 8 65.55612500000001 10.658629243921332 265.038 50.853 66.94825384615386 130
stats: tr_req 5 73.90279999999998 3.9178686246478427 265.598 67.32 78.22845312499999 64
stats: 200 8 138
stats: tr_think 5 1706.5698 1424.2398041652114 20484.536 93.372 5197.1360625 64
stats: size_rcv 5551 110193
stats: size_sent 2699 45281
stats: connected -2 0
# stats: dump at 1653040187
stats: users 1 5
stats: {load,"tsung_controller@Debian"} 1 0.6796875 0.0 1.01171875 0.30078125 0.6424696180555556 36
stats: {cpu,"tsung_controller@Debian"} 1 7.480775660314276 0.0 13.633355393778954 6.926642363175056 8.774049171795728 36
stats: {freemem,"tsung_controller@Debian"} 1 12790.58984375 0.0 12803.3203125 12744.703125 12781.243055555555 36
stats: session 4 3313.13475 2442.8448667810826 20564.242 166.149 5024.636826086955 69
stats: users_count 5 74
stats: finish_users_count 4 73
stats: request 9 64.57711111111112 8.992337323700099 265.038 50.853 66.8675507246377 138
stats: connect 9 28.08522222222222 1.5924533677301391 34.41 24.836 28.015115942028995 138
stats: page 9 64.57711111111112 8.992337323700099 265.038 50.853 66.8675507246377 138
stats: 200 9 147
stats: tr_req 4 74.304 2.4321571700858486 265.598 67.32 77.91499999999999 69
stats: size_rcv 7605 117798
stats: tr_think 4 3236.235 2444.897737616545 20484.536 93.372 4944.196478260869 69
stats: size_sent 2903 48184
stats: connected 0 0
# stats: dump at 1653040197
stats: users 1 5
stats: {load,"tsung_controller@Debian"} 1 0.6484375 0.0 1.01171875 0.30078125 0.6434755067567568 37
stats: {cpu,"tsung_controller@Debian"} 1 10.1375146738219 0.0 13.633355393778954 6.926642363175056 8.73909583364758 37
stats: {freemem,"tsung_controller@Debian"} 1 12756.00390625 0.0 12803.3203125 12744.703125 12781.495671452703 37
stats: session 1 9931.619 0.0 20564.242 166.149 4930.855890410957 73
stats: users_count 1 75
stats: finish_users_count 1 74
stats: request 2 62.522499999999994 5.658500000000002 265.038 50.853 66.72731972789116 147
stats: connect 2 27.0985 0.9445000000000006 34.41 24.836 28.019408163265314 147
stats: page 2 62.522499999999994 5.658500000000002 265.038 50.853 66.72731972789116 147
stats: tr_req 1 68.488 0.0 265.598 67.32 77.71713698630137 73
stats: 200 2 149
stats: tr_think 1 9861.07 0.0 20484.536 93.372 4850.609547945205 73
stats: size_rcv 1597 119395
stats: size_sent 653 48837
stats: connected 0 0
# stats: dump at 1653040207
stats: users 2 5
stats: {load,"tsung_controller@Debian"} 1 0.55078125 0.0 1.01171875 0.30078125 0.6436060855263158 38
stats: {cpu,"tsung_controller@Debian"} 1 12.081158444182522 0.0 13.633355393778954 6.926642363175056 8.775896329441641 38
stats: {freemem,"tsung_controller@Debian"} 1 12693.09765625 0.0 12803.3203125 12693.09765625 12780.824835526315 38
stats: session 3 5910.827666666667 6220.765138951014 20564.242 166.149 4998.433770270269 74
stats: users_count 4 79
stats: finish_users_count 3 77
stats: request 7 64.95385714285713 7.207701346051845 265.038 50.853 66.67087919463087 149
stats: connect 7 28.38871428571429 1.428735676272228 34.41 24.836 28.00704697986578 149
stats: page 7 64.95385714285713 7.207701346051845 265.038 50.853 66.67087919463087 149
stats: tr_req 3 73.203 2.2863232492366454 265.598 67.32 77.59241891891892 74
stats: 200 7 156
stats: tr_think 3 5835.3206666666665 6222.990711865174 20484.536 93.372 4918.318472972973 74
stats: size_rcv 6008 125403
stats: size_sent 2250 51087
stats: connected 2 2
# stats: dump at 1653040217
stats: users 1 5
stats: {load,"tsung_controller@Debian"} 1 0.69140625 0.0 1.01171875 0.30078125 0.6412259615384616 39
stats: {cpu,"tsung_controller@Debian"} 1 16.722632639355272 0.0 16.722632639355272 6.926642363175056 8.860646640076023 39
stats: {freemem,"tsung_controller@Debian"} 1 12588.75390625 0.0 12803.3203125 12588.75390625 12778.575420673076 39
stats: session 1 6616.107 0.0 20564.242 166.149 5033.981584415583 77
stats: users_count 0 79
stats: finish_users_count 1 78
stats: request 1 71.75 0.0 265.038 50.853 66.59383333333332 156
stats: connect 1 25.956 0.0 34.41 24.836 28.024173076923088 156
stats: page 1 71.75 0.0 265.038 50.853 66.59383333333332 156
stats: tr_req 1 72.026 0.0 265.598 67.32 77.4214025974026 77
stats: 200 1 157
stats: tr_think 1 6542.097 0.0 20484.536 93.372 4954.045831168831 77
stats: size_rcv 380 125783
stats: size_sent 362 51449
stats: connected -2 0
# stats: dump at 1653040227
stats: users 0 5
stats: {load,"tsung_controller@Debian"} 1 0.66015625 0.0 1.01171875 0.30078125 0.64248046875 40
stats: {cpu,"tsung_controller@Debian"} 1 11.532028767352399 0.0 16.722632639355272 6.926642363175056 9.057196290058005 40
stats: {freemem,"tsung_controller@Debian"} 1 12612.17578125 0.0 12803.3203125 12588.75390625 12773.8298828125 40
stats: session 3 8179.767999999999 9437.004143158603 21455.78 166.149 5054.265243589743 78
stats: users_count 2 81
stats: finish_users_count 3 81
stats: request 5 66.3548 6.74923081247041 265.038 50.853 66.62667515923566 157
stats: connect 5 27.977399999999996 1.4437877406322568 34.41 24.836 28.01100000000001 157
stats: page 5 66.3548 6.74923081247041 265.038 50.853 66.62667515923566 157
stats: tr_req 3 71.96966666666667 2.963692441682993 265.598 67.32 77.35223076923077 78
stats: 200 5 162
stats: tr_think 3 8105.405 9438.53477255734 21383.186 93.372 4974.405461538461 78
stats: size_rcv 3574 129357
stats: size_sent 1700 53149
stats: connected 0 0
# stats: dump at 1653040237
stats: users 0 5
stats: {load,"tsung_controller@Debian"} 1 0.640625 0.0 1.01171875 0.30078125 0.6429115853658537 41
stats: {cpu,"tsung_controller@Debian"} 1 12.229256914361878 0.0 16.722632639355272 6.926642363175056 9.117558057796893 41
stats: {freemem,"tsung_controller@Debian"} 1 12581.109375 0.0 12803.3203125 12581.109375 12769.887099847561 41
stats: session 0 0 0 21455.78 166.149 5170.02460493827 81
stats: users_count 0 81
stats: finish_users_count 0 81
stats: request 0 0 0 265.038 50.853 66.61828395061727 162
stats: connect 0 0 0 34.41 24.836 28.009962962962973 162
stats: page 0 0 0 265.038 50.853 66.61828395061727 162
stats: tr_req 0 0 0 265.598 67.32 77.15287654320987 81
stats: 200 0 162
stats: tr_think 0 0 0 21383.186 93.372 5090.368407407407 81
stats: size_rcv 0 129357
stats: size_sent 0 53149
stats: connected 0 0
# stats: dump at 1653040247
stats: users 2 5
stats: {load,"tsung_controller@Debian"} 1 0.62109375 0.0 1.01171875 0.30078125 0.6428571428571429 42
stats: {cpu,"tsung_controller@Debian"} 1 10.473815461346634 0.0 16.722632639355272 6.926642363175056 9.191646125810346 42
stats: {freemem,"tsung_controller@Debian"} 1 12570.25390625 0.0 12803.3203125 12570.25390625 12765.392392113095 42
stats: session 2 1806.778 14.266000000000076 21455.78 166.149 5170.02460493827 81
stats: users_count 4 85
stats: finish_users_count 2 83
stats: request 6 61.96933333333333 9.713548985251935 265.038 50.853 66.61828395061727 162
stats: connect 6 27.885166666666667 1.8968748347977231 34.41 24.836 28.009962962962973 162
stats: page 6 61.96933333333333 9.713548985251935 265.038 50.853 66.61828395061727 162
stats: 200 6 168
stats: tr_req 2 74.1685 0.7944999999999993 265.598 67.32 77.15287654320987 81
stats: size_rcv 5628 134985
stats: tr_think 2 1730.097 13.482999999999947 21383.186 93.372 5090.368407407407 81
stats: size_sent 1896 55045
stats: connected 1 1
# stats: dump at 1653040257
stats: users 0 5
stats: {load,"tsung_controller@Debian"} 1 0.6015625 0.0 1.01171875 0.30078125 0.6423510174418605 43
stats: {cpu,"tsung_controller@Debian"} 1 9.79985051075492 0.0 16.722632639355272 6.926642363175056 9.221464017334446 43
stats: {freemem,"tsung_controller@Debian"} 1 12561.84765625 0.0 12803.3203125 12561.84765625 12760.854287790698 43
stats: session 3 6628.1089999999995 3655.802697196973 21455.78 166.149 5088.982518072287 83
stats: users_count 1 86
stats: finish_users_count 3 86
stats: request 4 69.17150000000001 8.127997370201346 265.038 50.853 66.45224999999998 168
stats: page 4 69.17150000000001 8.127997370201346 265.038 50.853 66.45224999999998 168
stats: tr_req 3 74.04766666666667 2.002895626059653 265.598 67.32 77.08096385542167 83
stats: 200 4 172
stats: connect 4 28.1345 1.5737408458828281 34.41 24.836 28.005505952380958 168
stats: tr_think 3 6551.690666666666 3657.025605815408 21383.186 93.372 5009.398012048193 83
stats: size_rcv 2357 137342
stats: size_sent 1385 56430
stats: connected -1 0
# stats: dump at 1653040267
stats: users 2 5
stats: {load,"tsung_controller@Debian"} 1 0.73828125 0.0 1.01171875 0.30078125 0.6414240056818182 44
stats: {cpu,"tsung_controller@Debian"} 1 9.161258112830755 0.0 16.722632639355272 6.926642363175056 9.234609164912184 44
stats: {freemem,"tsung_controller@Debian"} 1 12556.90625 0.0 12803.3203125 12556.90625 12756.331409801136 44
stats: session 1 785.357 0.0 21455.78 166.149 5142.672976744184 86
stats: users_count 3 89
stats: finish_users_count 1 87
stats: connect 4 26.3465 0.4949366121030043 34.41 24.836 28.00850581395349 172
stats: page 4 57.818749999999994 6.468349610797179 265.038 50.853 66.51548837209299 172
stats: request 4 57.818749999999994 6.468349610797179 265.038 50.853 66.51548837209299 172
stats: tr_req 1 69.196 0.0 265.598 67.32 76.97515116279068 86
stats: 200 4 176
stats: tr_think 1 713.552 0.0 21383.186 93.372 5063.198918604651 86
stats: size_rcv 4031 141373
stats: size_sent 1251 57681
stats: connected 1 1
# stats: dump at 1653040277
stats: users 1 5
stats: {load,"tsung_controller@Debian"} 1 1.4296875 0.0 1.4296875 0.30078125 0.643576388888889 45
stats: {cpu,"tsung_controller@Debian"} 1 8.267913813262068 0.0 16.722632639355272 6.926642363175056 9.232979141532597 45
stats: {freemem,"tsung_controller@Debian"} 1 12536.87890625 0.0 12803.3203125 12536.87890625 12751.899739583334 45
stats: session 2 11697.6705 228.48749999999927 21455.78 166.149 5092.588885057469 87
stats: users_count 1 90
stats: finish_users_count 2 89
stats: request 3 69.028 7.5937991809107 265.038 50.853 66.31783522727268 176
stats: connect 3 26.801333333333332 1.6399707991980295 34.41 24.836 27.97073295454546 176
stats: page 3 69.028 7.5937991809107 265.038 50.853 66.31783522727268 176
stats: tr_req 2 74.686 0.5219999999999949 265.598 67.32 76.8857356321839 87
stats: 200 3 179
stats: tr_think 2 11620.452000000001 228.9710000000009 21383.186 93.372 5013.202977011495 87
stats: size_rcv 1977 143350
stats: size_sent 1015 58696
stats: connected 0 1
# stats: dump at 1653040287
stats: users 0 5
stats: {load,"tsung_controller@Debian"} 1 1.2109375 0.0 1.4296875 0.30078125 0.6606657608695654 46
stats: {cpu,"tsung_controller@Debian"} 1 7.346427078980359 0.0 16.722632639355272 6.926642363175056 9.211999460483238 46
stats: {freemem,"tsung_controller@Debian"} 1 12535.32421875 0.0 12803.3203125 12535.32421875 12747.225373641304 46
stats: session 2 2210.835 1894.0860000000002 21455.78 166.149 5241.017685393257 89
stats: users_count 1 91
stats: finish_users_count 2 91
stats: request 3 64.64166666666667 4.254532824594914 265.038 50.853 66.36325698324018 179
stats: page 3 64.64166666666667 4.254532824594914 265.038 50.853 66.36325698324018 179
stats: connect 3 26.563666666666666 1.5761290838281263 34.41 24.836 27.951134078212295 179
stats: tr_req 2 68.1625 0.49350000000000804 265.598 67.32 76.83630337078651 89
stats: 200 3 182
stats: tr_think 2 2140.2575 1894.8995000000002 21383.186 93.372 5161.680483146068 89
stats: size_rcv 1977 145327
stats: size_sent 1015 59711
stats: connected -1 0
# stats: dump at 1653040297
stats: users 0 5
stats: {load,"tsung_controller@Debian"} 1 1.109375 0.0 1.4296875 0.30078125 0.6723736702127661 47
stats: {cpu,"tsung_controller@Debian"} 1 7.408646207876912 0.0 16.722632639355272 6.926642363175056 9.17230643108956 47
stats: {freemem,"tsung_controller@Debian"} 1 12538.484375 0.0 12803.3203125 12535.32421875 12742.716838430852 47
stats: session 1 3294.458 0.0 21455.78 166.149 5174.420263736262 91
stats: users_count 1 92
stats: finish_users_count 1 92
stats: request 2 69.226 9.622 265.038 50.853 66.33487912087907 182
stats: connect 2 29.958 0.34499999999999975 34.41 24.836 27.928263736263737 182
stats: page 2 69.226 9.622 265.038 50.853 66.33487912087907 182
stats: tr_req 1 79.334 0.0 265.598 67.32 76.64567032967032 91
stats: 200 2 184
stats: tr_think 1 3212.522 0.0 21383.186 93.372 5095.275582417583 91
stats: size_rcv 1597 146924
stats: size_sent 653 60364
stats: connected 0 0
# stats: dump at 1653040307
stats: users 0 5
stats: {load,"tsung_controller@Debian"} 1 1.078125 0.0 1.4296875 0.30078125 0.6814778645833334 48
stats: {cpu,"tsung_controller@Debian"} 1 8.946171341925702 0.0 16.722632639355272 6.926642363175056 9.135563509772629 48
stats: {freemem,"tsung_controller@Debian"} 1 12532.453125 0.0 12803.3203125 12532.453125 12738.461995442709 48
stats: session 3 2806.2583333333337 1319.57673223761 21455.78 166.149 5153.985891304346 92
stats: users_count 3 95
stats: finish_users_count 3 95
stats: request 6 66.27416666666667 9.343801696252381 265.038 50.853 66.36630434782603 184
stats: connect 6 28.513666666666666 1.30789177262069 34.41 24.836 27.950326086956526 184
stats: tr_req 3 75.252 3.3060756192198646 265.598 67.32 76.67489130434782 92
stats: page 6 66.27416666666667 9.343801696252381 265.038 50.853 66.36630434782603 184
stats: 200 6 190
stats: tr_think 3 2728.6316666666667 1322.1465669033148 21383.186 93.372 5074.810869565218 92
stats: size_rcv 4791 151715
stats: size_sent 1959 62323
stats: connected 0 0
# stats: dump at 1653040317
stats: users 0 5
stats: {load,"tsung_controller@Debian"} 1 1.0 0.0 1.4296875 0.30078125 0.6895727040816326 49
stats: {cpu,"tsung_controller@Debian"} 1 9.09626388421407 0.0 16.722632639355272 6.926642363175056 9.131698363490038 49
stats: {freemem,"tsung_controller@Debian"} 1 12564.578125 0.0 12803.3203125 12532.453125 12734.257732780612 49
stats: session 1 5451.406 0.0 21455.78 166.149 5079.847126315788 95
stats: users_count 1 96
stats: finish_users_count 1 96
stats: request 2 64.5 10.766000000000004 265.038 50.853 66.36339473684205 190
stats: connect 2 27.652 0.4009999999999998 34.41 24.836 27.96811578947369 190
stats: 200 2 192
stats: page 2 64.5 10.766000000000004 265.038 50.853 66.36339473684205 190
stats: tr_req 1 75.565 0.0 265.598 67.32 76.62995789473685 95
stats: size_rcv 1597 153312
stats: tr_think 1 5373.277 0.0 21383.186 93.372 5000.721000000001 95
stats: size_sent 653 62976
stats: connected 0 0
# stats: dump at 1653040327
stats: users 0 5
stats: {load,"tsung_controller@Debian"} 1 0.921875 0.0 1.4296875 0.30078125 0.69578125 50
stats: {cpu,"tsung_controller@Debian"} 1 9.031556039173013 0.0 16.722632639355272 6.926642363175056 9.13098967390452 50
stats: {freemem,"tsung_controller@Debian"} 1 12496.0703125 0.0 12803.3203125 12496.0703125 12730.864140625 50
stats: session 3 3682.4250000000006 2895.5283722075087 21455.78 166.149 5083.7175312499985 96
stats: users_count 3 99
stats: finish_users_count 3 99
stats: request 6 60.100833333333334 7.594629142068462 265.038 50.853 66.34398437499995 192
stats: tr_req 3 68.01666666666667 0.6277203906907063 265.598 67.134 76.61886458333333 96
stats: connect 6 26.102499999999996 0.9430805462242682 34.41 24.836 27.964822916666673 192
stats: 200 6 198
stats: page 6 60.100833333333334 7.594629142068462 265.038 50.853 66.34398437499995 192
stats: tr_think 3 3612.050333333333 2895.3180404202385 21383.186 93.372 5004.601791666668 96
stats: size_rcv 4791 158103
stats: size_sent 1991 64967
stats: connected 0 0
# stats: dump at 1653040337
stats: users 2 5
stats: {load,"tsung_controller@Debian"} 1 1.51953125 0.0 1.51953125 0.30078125 0.7002144607843137 51
stats: {cpu,"tsung_controller@Debian"} 1 10.465794517123573 0.0 16.722632639355272 6.926642363175056 9.129039994792137 51
stats: {freemem,"tsung_controller@Debian"} 1 12736.95703125 0.0 12803.3203125 12496.0703125 12726.26034007353 51
stats: session 1 447.784 0.0 21455.78 166.149 5041.25412121212 99
stats: users_count 3 102
stats: finish_users_count 1 100
stats: request 4 61.73375 7.286100204327412 265.038 50.853 66.15479797979793 198
stats: connect 4 28.36475 2.8564333857977506 34.41 24.836 27.908388888888894 198
stats: page 4 61.73375 7.286100204327412 265.038 50.853 66.15479797979793 198
stats: tr_req 1 72.598 0.0 265.598 67.134 76.35819191919192 99
stats: 200 4 202
stats: tr_think 1 372.599 0.0 21383.186 93.372 4962.403262626264 99
stats: size_rcv 4031 162134
stats: size_sent 1243 66210
stats: connected 2 2
# stats: dump at 1653040347
stats: users 0 5
stats: {load,"tsung_controller@Debian"} 1 1.28125 0.0 1.51953125 0.30078125 0.7159705528846154 52
stats: {cpu,"tsung_controller@Debian"} 1 9.631113336671675 0.0 16.722632639355272 6.926642363175056 9.15474681252928 52
stats: {freemem,"tsung_controller@Debian"} 1 12721.80859375 0.0 12803.3203125 12496.0703125 12726.466045673076 52
stats: session 2 5692.367 562.1090000000002 21455.78 166.149 4995.319419999998 100
stats: users_count 0 102
stats: finish_users_count 2 102
stats: request 2 79.4625 11.447500000000002 265.038 50.853 66.06725247524747 202
stats: page 2 79.4625 11.447500000000002 265.038 50.853 66.06725247524747 202
stats: connect 2 28.147 2.633 34.41 24.836 27.91742574257426 202
stats: tr_req 2 79.791 11.522999999999996 265.598 67.134 76.32059 100
stats: 200 2 204
stats: tr_think 2 5610.039000000001 550.5830000000003 21383.186 93.372 4916.505220000002 100
stats: size_rcv 760 162894
stats: size_sent 732 66942
stats: connected -2 0
# stats: dump at 1653040357
stats: users 3 5
stats: {load,"tsung_controller@Debian"} 1 1.08984375 0.0 1.51953125 0.30078125 0.7266362028301887 53
stats: {cpu,"tsung_controller@Debian"} 1 12.086258776328988 0.0 16.722632639355272 6.926642363175056 9.163734860154609 53
stats: {freemem,"tsung_controller@Debian"} 1 12711.83984375 0.0 12803.3203125 12496.0703125 12726.378169221698 53
stats: session 2 622.156 305.88 21455.78 166.149 5008.987019607841 102
stats: users_count 5 107
stats: finish_users_count 2 104
stats: connect 7 27.579714285714285 1.7886735479747242 34.41 24.836 27.91967647058824 204
stats: page 7 60.95157142857143 8.889813060177245 265.038 50.853 66.1985784313725 204
stats: tr_req 2 74.5925 0.38850000000000406 265.598 67.134 76.38863725490195 102
stats: 200 7 211
stats: request 7 60.95157142857143 8.889813060177245 265.038 50.853 66.1985784313725 204
stats: tr_think 2 544.9504999999999 305.4744999999999 21383.186 93.372 4930.103921568629 102
stats: size_rcv 6845 169739
stats: size_sent 2179 69121
stats: connected 3 3
# stats: dump at 1653040367
stats: users 0 5
stats: {load,"tsung_controller@Debian"} 1 1.23046875 0.0 1.51953125 0.30078125 0.7333622685185185 54
stats: {cpu,"tsung_controller@Debian"} 1 10.591483309629382 0.0 16.722632639355272 6.926642363175056 9.217855673417098 54
stats: {freemem,"tsung_controller@Debian"} 1 12755.35546875 0.0 12803.3203125 12496.0703125 12726.108940972223 54
stats: session 3 6088.865999999999 2914.567895174286 21455.78 166.149 4924.624884615382 104
stats: users_count 0 107
stats: finish_users_count 3 107
stats: connect 3 26.12633333333333 0.2281846231064264 34.41 24.836 27.908398104265405 211
stats: request 3 69.38799999999999 0.5545502682354415 265.038 50.853 66.02450710900469 211
stats: page 3 69.38799999999999 0.5545502682354415 265.038 50.853 66.02450710900469 211
stats: tr_req 3 69.75966666666666 0.5070465681002371 265.598 67.134 76.35409615384614 104
stats: 200 3 214
stats: tr_think 3 6016.715333333334 2914.069454103926 21383.186 93.372 4845.774048076924 104
stats: size_rcv 1140 170879
stats: size_sent 1086 70207
stats: connected -3 0
# stats: dump at 1653040377
stats: users 2 5
stats: {load,"tsung_controller@Debian"} 1 1.19140625 0.0 1.51953125 0.30078125 0.7424005681818182 55
stats: {cpu,"tsung_controller@Debian"} 1 16.05657237936772 0.0 16.722632639355272 6.926642363175056 9.24283072134823 55
stats: {freemem,"tsung_controller@Debian"} 1 12708.72265625 0.0 12803.3203125 12496.0703125 12726.640696022727 55
stats: session 0 0 0 21455.78 166.149 4957.2671588785015 107
stats: users_count 2 109
stats: finish_users_count 0 107
stats: tr_req 0 0 0 265.598 67.134 76.16920560747663 107
stats: 200 1 215
stats: request 1 58.537 0.0 265.038 50.853 66.07165887850462 214
stats: connect 1 29.4 0.0 34.41 24.836 27.883415887850468 214
stats: page 1 58.537 0.0 265.038 50.853 66.07165887850462 214
stats: tr_think 0 0 0 21383.186 93.372 4878.604177570095 107
stats: size_rcv 1217 172096
stats: size_sent 291 70498
stats: connected 1 1
# stats: dump at 1653040387
stats: users 2 5
stats: {load,"tsung_controller@Debian"} 1 1.30859375 0.0 1.51953125 0.30078125 0.7504185267857143 56
stats: {cpu,"tsung_controller@Debian"} 1 12.77533039647577 0.0 16.722632639355272 6.926642363175056 9.36450467952715 56
stats: {freemem,"tsung_controller@Debian"} 1 12721.828125 0.0 12803.3203125 12496.0703125 12726.320731026786 56
stats: session 3 4570.824666666666 3249.035550636561 21455.78 166.149 4957.2671588785015 107
stats: users_count 3 112
stats: finish_users_count 3 110
stats: request 7 64.28557142857143 10.400590695548335 265.038 50.853 66.03661395348831 215
stats: connect 7 27.845142857142857 1.2861498944603649 34.41 24.836 27.89046976744186 215
stats: page 7 64.28557142857143 10.400590695548335 265.038 50.853 66.03661395348831 215
stats: tr_req 3 76.46466666666667 0.9117095053920544 265.598 67.134 76.16920560747663 107
stats: 200 7 222
stats: tr_think 3 4492.181333333333 3248.2346804137915 21383.186 93.372 4878.604177570095 107
stats: size_rcv 6008 178104
stats: size_sent 2258 72756
stats: connected 0 1
# stats: dump at 1653040397
stats: users 1 5
stats: {load,"tsung_controller@Debian"} 1 1.1796875 0.0 1.51953125 0.30078125 0.7602110745614035 57
stats: {cpu,"tsung_controller@Debian"} 1 13.73873873873874 0.0 16.722632639355272 6.926642363175056 9.424343727192914 57
stats: {freemem,"tsung_controller@Debian"} 1 12694.72265625 0.0 12803.3203125 12496.0703125 12726.241913377193 57
stats: session 2 11371.314 6459.0830000000005 21455.78 166.149 4946.727818181816 110
stats: users_count 1 113
stats: finish_users_count 2 112
stats: connect 3 27.650333333333336 1.1843992382450932 34.41 24.836 27.88904054054054 222
stats: request 3 87.83933333333334 26.992232516452255 265.038 50.853 65.98140090090084 222
stats: page 3 87.83933333333334 26.992232516452255 265.038 50.853 65.98140090090084 222
stats: tr_req 2 102.5915 21.715499999999995 265.598 67.134 76.17726363636362 110
stats: 200 3 225
stats: tr_think 2 11266.347 6481.085000000001 21383.186 93.372 4868.065372727275 110
stats: size_rcv 1977 180081
stats: size_sent 1031 73787
stats: connected -1 0
# stats: dump at 1653040407
stats: users 1 5
stats: {load,"tsung_controller@Debian"} 1 1.1484375 0.0 1.51953125 0.30078125 0.7674434267241379 58
stats: {cpu,"tsung_controller@Debian"} 1 14.164425016812373 0.0 16.722632639355272 6.926642363175056 9.498729848081636 58
stats: {freemem,"tsung_controller@Debian"} 1 12653.48046875 0.0 12803.3203125 12496.0703125 12725.698477909482 58
stats: session 2 4209.15 3339.5599999999995 21455.78 166.149 5061.452571428569 112
stats: users_count 2 115
stats: finish_users_count 2 114
stats: connect 4 28.3245 1.7034773993217525 34.41 24.836 27.88585777777778 225
stats: request 4 65.81375 11.508073565436574 265.038 50.853 66.27283999999995 225
stats: page 4 65.81375 11.508073565436574 265.038 50.853 66.27283999999995 225
stats: tr_req 2 77.61099999999999 0.9390000000000036 265.598 67.134 76.6489464285714 112
stats: 200 4 229
stats: tr_think 2 4128.913 3340.6119999999996 21383.186 93.372 4982.320401785716 112
stats: size_rcv 3194 183275
stats: size_sent 1314 75101
stats: connected 1 1
# stats: dump at 1653040417
stats: users 2 5
stats: {load,"tsung_controller@Debian"} 1 0.96875 0.0 1.51953125 0.30078125 0.7739009533898306 59
stats: {cpu,"tsung_controller@Debian"} 1 14.132561899089593 0.0 16.722632639355272 6.926642363175056 9.577809427212667 59
stats: {freemem,"tsung_controller@Debian"} 1 12631.8203125 0.0 12803.3203125 12496.0703125 12724.474443855932 59
stats: session 4 2642.565 1252.8185161580666 21455.78 166.149 5046.49989473684 114
stats: users_count 5 120
stats: finish_users_count 4 118
stats: request 9 62.52788888888889 9.564229845795731 265.038 50.853 66.26482096069863 229
stats: connect 9 27.080777777777783 1.7649857272181995 34.41 24.834 27.893519650655023 229
stats: page 9 62.52788888888889 9.564229845795731 265.038 50.853 66.26482096069863 229
stats: 200 9 238
stats: tr_req 4 73.0335 3.4098947564404387 265.598 67.134 76.66582456140348 114
stats: size_rcv 7605 190880
stats: tr_think 4 2567.04825 1253.1250564712955 21383.186 93.372 4967.348342105265 114
stats: size_sent 2903 78004
stats: connected 1 2
# stats: dump at 1653040427
stats: users 1 5
stats: {load,"tsung_controller@Debian"} 1 0.98828125 0.0 1.51953125 0.30078125 0.7771484375 60
stats: {cpu,"tsung_controller@Debian"} 1 19.998303791027055 0.0 19.998303791027055 6.926642363175056 9.653721968410617 60
stats: {freemem,"tsung_controller@Debian"} 1 12626.73046875 0.0 12803.3203125 12496.0703125 12722.930208333333 60
stats: session 4 2349.68725 1105.6332580651178 21455.78 166.149 4965.010576271185 118
stats: users_count 3 123
stats: finish_users_count 4 122
stats: request 6 66.44016666666666 10.459728333257777 265.038 50.853 66.12350840336128 238
stats: connect 6 28.079666666666668 1.3531896475447267 34.41 24.834 27.862785714285714 238
stats: page 6 66.44016666666666 10.459728333257777 265.038 50.853 66.12350840336128 238
stats: tr_req 3 76.29466666666667 5.423435954775866 265.598 67.134 76.54269491525422 118
stats: 200 6 244
stats: tr_think 3 2805.7106666666664 691.8995481668965 21383.186 93.372 4885.982237288137 118
stats: size_rcv 4791 195671
stats: size_sent 1967 79971
stats: connected -1 1
# stats: dump at 1653040437
stats: users 1 5
stats: {load,"tsung_controller@Debian"} 1 0.98828125 0.0 1.51953125 0.30078125 0.780609631147541 61
stats: {cpu,"tsung_controller@Debian"} 1 14.00487272116273 0.0 19.998303791027055 6.926642363175056 9.823305276978099 61
stats: {freemem,"tsung_controller@Debian"} 1 12617.08203125 0.0 12803.3203125 12496.0703125 12721.35316342213 61
stats: session 4 4274.98725 5878.574073579679 21455.78 166.149 4879.262270491801 122
stats: users_count 4 127
stats: finish_users_count 4 126
stats: request 9 66.27544444444443 10.977960963383879 265.038 50.8 66.13129508196715 244
stats: connect 9 28.30222222222222 2.178567203858627 34.41 24.834 27.868118852459016 244
stats: page 9 66.27544444444443 10.977960963383879 265.038 50.8 66.13129508196715 244
stats: tr_req 5 75.71220000000001 4.897855914581397 265.598 67.134 76.53654545454543 121
stats: 200 9 253
stats: tr_think 5 3491.0876000000003 5447.675482038503 21383.186 93.372 4834.405256198349 121
stats: size_rcv 6768 202439
stats: size_sent 2982 82953
stats: connected -1 0
# stats: dump at 1653040447
stats: users 1 5
stats: {load,"tsung_controller@Debian"} 1 0.921875 0.0 1.51953125 0.30078125 0.7839591733870968 62
stats: {cpu,"tsung_controller@Debian"} 1 14.10708291372944 0.0 19.998303791027055 6.926642363175056 9.890749913174625 62
stats: {freemem,"tsung_controller@Debian"} 1 12626.125 0.0 12803.3203125 12496.0703125 12719.671370967742 62
stats: session 3 5245.712333333334 4928.53704701306 21455.78 166.149 4860.0789365079345 126
stats: users_count 3 130
stats: finish_users_count 3 129
stats: request 6 64.56466666666667 9.05802652654294 265.038 50.8 66.13642292490113 253
stats: connect 6 28.0835 1.7955944930115302 34.41 24.834 27.883561264822134 253
stats: page 6 64.56466666666667 9.05802652654294 265.038 50.8 66.13642292490113 253
stats: tr_req 3 73.704 2.358705718538597 265.598 67.134 76.5038333333333 126
stats: 200 6 259
stats: tr_think 3 5169.572 4927.7526938360725 21383.186 93.372 4781.099000000001 126
stats: size_rcv 4791 207230
stats: size_sent 1959 84912
stats: connected 1 1
# stats: dump at 1653040457
stats: users 0 5
stats: {load,"tsung_controller@Debian"} 1 1.0 0.0 1.51953125 0.30078125 0.7861483134920635 63
stats: {cpu,"tsung_controller@Debian"} 1 12.509382036527395 0.0 19.998303791027055 6.926642363175056 9.957675833818353 63
stats: {freemem,"tsung_controller@Debian"} 1 12623.65625 0.0 12803.3203125 12496.0703125 12718.186507936507 63
stats: session 1 8595.743 0.0 21455.78 166.149 4869.047155038757 129
stats: users_count 0 130
stats: finish_users_count 1 130
stats: request 1 77.332 0.0 265.038 50.8 66.10001158301152 259
stats: page 1 77.332 0.0 265.038 50.8 66.10001158301152 259
stats: 200 1 260
stats: connect 1 29.47 0.0 34.41 24.834 27.888193050193053 259
stats: tr_req 1 77.665 0.0 265.598 67.134 76.43872093023252 129
stats: size_rcv 380 207610
stats: tr_think 1 8515.536 0.0 21383.186 93.372 4790.133255813955 129
stats: size_sent 362 85274
stats: connected -1 0
# stats: dump at 1653040467
stats: users 0 5
stats: {load,"tsung_controller@Debian"} 1 0.83984375 0.0 1.51953125 0.30078125 0.78948974609375 64
stats: {cpu,"tsung_controller@Debian"} 1 16.730163988736127 0.0 19.998303791027055 6.926642363175056 9.997546243235682 64
stats: {freemem,"tsung_controller@Debian"} 1 12616.99609375 0.0 12803.3203125 12496.0703125 12716.70947265625 64
stats: session 1 2105.954 0.0 21455.78 166.149 4897.714046153845 130
stats: users_count 1 131
stats: finish_users_count 1 131
stats: request 2 67.471 10.337000000000003 265.038 50.8 66.14321153846147 260
stats: page 2 67.471 10.337000000000003 265.038 50.8 66.14321153846147 260
stats: tr_req 1 77.984 0.0 265.598 67.134 76.44815384615382 130
stats: 200 2 262
stats: connect 2 30.822 2.288999999999998 34.41 24.834 27.894276923076927 260
stats: tr_think 1 2025.996 0.0 21383.186 93.372 4818.790200000001 130
stats: size_rcv 1597 209207
stats: size_sent 653 85927
stats: connected 0 0
# stats: dump at 1653040477
stats: users 0 5
stats: {load,"tsung_controller@Debian"} 1 0.7890625 0.0 1.51953125 0.30078125 0.7902644230769231 65
stats: {cpu,"tsung_controller@Debian"} 1 11.352798460637496 0.0 19.998303791027055 6.926642363175056 10.101124977781842 65
stats: {freemem,"tsung_controller@Debian"} 1 12621.2734375 0.0 12803.3203125 12496.0703125 12715.175420673077 65
stats: session 2 1270.0255 227.37650000000008 21455.78 166.149 4876.402900763357 131
stats: users_count 2 133
stats: finish_users_count 2 133
stats: request 4 65.92025 9.193742556081284 265.038 50.8 66.15334732824421 262
stats: connect 4 29.1 0.48631317070381685 34.41 24.834 27.916625954198476 262
stats: page 4 65.92025 9.193742556081284 265.038 50.8 66.15334732824421 262
stats: 200 4 266
stats: tr_req 2 75.4605 1.0854999999999997 265.598 67.134 76.45987786259539 131
stats: size_rcv 3194 212401
stats: tr_think 2 1192.233 228.11699999999996 21383.186 93.372 4797.471160305345 131
stats: size_sent 1306 87233
stats: connected 0 0
# stats: dump at 1653040487
stats: users 2 5
stats: {load,"tsung_controller@Debian"} 1 0.66015625 0.0 1.51953125 0.30078125 0.7902462121212122 66
stats: {cpu,"tsung_controller@Debian"} 1 10.743457242873813 0.0 19.998303791027055 6.926642363175056 10.120089727522078 66
stats: {freemem,"tsung_controller@Debian"} 1 12633.94921875 0.0 12803.3203125 12496.0703125 12713.752663352272 66
stats: session 1 1423.334 0.0 21455.78 166.149 4822.1716616541335 133
stats: users_count 3 136
stats: finish_users_count 1 134
stats: request 4 60.79024999999999 9.155011042456476 265.038 50.8 66.14984210526309 266
stats: connect 4 28.226000000000003 1.5942749135578849 34.41 24.834 27.93442105263158 266
stats: page 4 60.79024999999999 9.155011042456476 265.038 50.8 66.14984210526309 266
stats: tr_req 1 76.2 0.0 265.598 67.134 76.44484962406013 133
stats: 200 4 270
stats: tr_think 1 1345.11 0.0 21383.186 93.372 4743.25705263158 133
stats: size_rcv 4031 216432
stats: size_sent 1251 88484
stats: connected 2 2
# stats: dump at 1653040497
stats: users 0 5
stats: {load,"tsung_controller@Debian"} 1 0.55859375 0.0 1.51953125 0.30078125 0.7883045708955224 67
stats: {cpu,"tsung_controller@Debian"} 1 9.068115336397826 0.0 19.998303791027055 6.926642363175056 10.129393720288522 67
stats: {freemem,"tsung_controller@Debian"} 1 12630.921875 0.0 12803.3203125 12496.0703125 12712.561567164179 67
stats: session 2 5320.1145 1547.5955000000004 21455.78 166.149 4796.807201492536 134
stats: users_count 0 136
stats: finish_users_count 2 136
stats: request 2 69.1575 1.1475000000000044 265.038 50.8 66.07044074074068 270
stats: connect 2 25.758499999999998 0.4005000000000001 34.41 24.834 27.938740740740744 270
stats: page 2 69.1575 1.1475000000000044 265.038 50.8 66.07044074074068 270
stats: tr_req 2 69.55799999999999 1.0860000000000092 265.598 67.134 76.44302238805969 134
stats: 200 2 272
stats: tr_think 2 5248.0445 1546.5475 21383.186 93.372 4717.897746268658 134
stats: size_rcv 760 217192
stats: size_sent 724 89208
stats: connected -2 0
# stats: dump at 1653040507
stats: users 1 5
stats: {load,"tsung_controller@Debian"} 1 0.55078125 0.0 1.51953125 0.30078125 0.7849264705882353 68
stats: {cpu,"tsung_controller@Debian"} 1 9.382036527395547 0.0 19.998303791027055 6.926642363175056 10.113786685231306 68
stats: {freemem,"tsung_controller@Debian"} 1 12636.33203125 0.0 12803.3203125 12496.0703125 12711.360983455883 68
stats: session 3 1238.1466666666668 550.9067563089864 21455.78 166.149 4804.502897058823 136
stats: users_count 4 140
stats: finish_users_count 3 139
stats: request 7 67.98871428571428 10.281438611321246 265.038 50.8 66.09313970588228 272
stats: connect 7 30.11585714285714 3.1894828254558063 37.546 24.834 27.92270955882353 272
stats: page 7 67.98871428571428 10.281438611321246 265.038 50.8 66.09313970588228 272
stats: tr_req 3 78.69 7.562833111120904 265.598 67.134 76.34177205882351 136
stats: 200 7 279
stats: tr_think 3 1156.9346666666668 543.4784397774109 21383.186 93.372 4725.694022058825 136
stats: size_rcv 6008 223200
stats: size_sent 2250 91458
stats: connected 1 1
# stats: dump at 1653040517
stats: users 1 5
stats: {load,"tsung_controller@Debian"} 1 0.5390625 0.0 1.51953125 0.30078125 0.7815330615942029 69
stats: {cpu,"tsung_controller@Debian"} 1 11.635666027191592 0.0 19.998303791027055 6.926642363175056 10.103181610480064 69
stats: {freemem,"tsung_controller@Debian"} 1 12632.41015625 0.0 12803.3203125 12496.0703125 12710.273607336956 69
stats: session 0 0 0 21455.78 166.149 4727.531179856113 139
stats: users_count 0 140
stats: finish_users_count 0 139
stats: request 0 0 0 265.038 50.8 66.14069892473111 279
stats: connect 0 0 0 37.546 24.834 27.97773476702509 279
stats: page 0 0 0 265.038 50.8 66.14069892473111 279
stats: tr_req 0 0 0 265.598 67.134 76.39245323741005 139
stats: 200 0 279
stats: tr_think 0 0 0 21383.186 93.372 4648.6704388489225 139
stats: size_rcv 0 223200
stats: size_sent 0 91458
stats: connected -1 0
# stats: dump at 1653040527
stats: users 1 5
stats: {load,"tsung_controller@Debian"} 1 0.609375 0.0 1.51953125 0.30078125 0.7780691964285714 70
stats: {cpu,"tsung_controller@Debian"} 1 8.61060023407457 0.0 19.998303791027055 6.926642363175056 10.125074245004514 70
stats: {freemem,"tsung_controller@Debian"} 1 12636.59375 0.0 12803.3203125 12496.0703125 12709.16127232143 70
stats: session 3 10079.392666666668 8241.553761801892 21654.309 166.149 4727.531179856113 139
stats: users_count 3 143
stats: finish_users_count 3 142
stats: request 6 63.672333333333334 8.17351712680791 265.038 50.8 66.14069892473111 279
stats: connect 6 27.37216666666667 1.7575353402484468 37.546 24.834 27.97773476702509 279
stats: page 6 63.672333333333334 8.17351712680791 265.038 50.8 66.14069892473111 279
stats: tr_req 3 70.949 3.145960266754809 265.598 67.134 76.39245323741005 139
stats: 200 6 285
stats: tr_think 3 10006.087333333335 8244.01954728381 21584.113 93.372 4648.6704388489225 139
stats: size_rcv 4791 227991
stats: size_sent 1975 93433
stats: connected 1 1
# stats: dump at 1653040537
stats: users 3 5
stats: {load,"tsung_controller@Debian"} 1 0.51953125 0.0 1.51953125 0.30078125 0.7756932218309859 71
stats: {cpu,"tsung_controller@Debian"} 1 9.131924137354833 0.0 19.998303791027055 6.926642363175056 10.103743625132262 71
stats: {freemem,"tsung_controller@Debian"} 1 12632.25390625 0.0 12803.3203125 12496.0703125 12708.139194542253 71
stats: session 2 934.169 775.958 21654.309 158.211 4840.598676056336 142
stats: users_count 4 147
stats: finish_users_count 2 144
stats: request 6 63.2285 10.042464733155237 265.038 50.8 66.08873333333325 285
stats: connect 6 27.917666666666662 1.5058705861468389 37.546 24.834 27.964985964912284 285
stats: page 6 63.2285 10.042464733155237 265.038 50.8 66.08873333333325 285
stats: tr_req 2 76.55000000000001 5.441999999999997 265.598 67.134 76.27745070422533 142
stats: 200 6 291
stats: tr_think 2 855.1095 770.4725000000001 21584.113 84.637 4761.855302816903 142
stats: size_rcv 5628 233619
stats: size_sent 1896 95329
stats: connected 0 1
# stats: dump at 1653040547
stats: users 1 5
stats: {load,"tsung_controller@Debian"} 1 0.44140625 0.0 1.51953125 0.30078125 0.7721354166666666 72
stats: {cpu,"tsung_controller@Debian"} 1 9.593047547422078 0.0 19.998303791027055 6.926642363175056 10.090246132246465 72
stats: {freemem,"tsung_controller@Debian"} 1 12651.15234375 0.0 12803.3203125 12496.0703125 12707.085232204861 72
stats: session 4 5631.7605 4420.15397016091 21654.309 158.211 4786.342708333332 144
stats: users_count 2 149
stats: finish_users_count 4 148
stats: request 6 65.32933333333332 7.847222622615521 265.038 50.8 66.02975945017174 291
stats: page 6 65.32933333333332 7.847222622615521 265.038 50.8 66.02975945017174 291
stats: tr_req 4 70.968 2.771908277703284 265.598 67.068 76.2812361111111 144
stats: 200 6 297
stats: connect 6 27.06233333333333 1.0253203835333062 37.546 24.834 27.964010309278354 291
stats: tr_think 4 5558.16725 4420.9964880990565 21584.113 84.637 4707.594944444446 144
stats: size_rcv 3954 237573
stats: size_sent 2038 97367
stats: connected 0 1
# stats: dump at 1653040557
stats: users 2 5
stats: {load,"tsung_controller@Debian"} 1 0.609375 0.0 1.51953125 0.30078125 0.7676048801369864 73
stats: {cpu,"tsung_controller@Debian"} 1 9.481381860973356 0.0 19.998303791027055 6.926642363175056 10.083435192728322 73
stats: {freemem,"tsung_controller@Debian"} 1 12650.3359375 0.0 12803.3203125 12496.0703125 12706.319028253425 73
stats: session 1 3016.04 0.0 21654.309 158.211 4809.191837837836 148
stats: users_count 2 151
stats: finish_users_count 1 149
stats: request 3 62.084333333333326 4.494622070380948 265.038 50.8 66.01560942760933 297
stats: connect 3 27.998999999999995 1.8676746683153014 37.546 24.834 27.945794612794618 297
stats: tr_req 1 68.893 0.0 265.598 67.068 76.13763513513511 148
stats: page 3 62.084333333333326 4.494622070380948 265.038 50.8 66.01560942760933 297
stats: 200 3 300
stats: tr_think 1 2944.581 0.0 21584.113 84.637 4730.583385135137 148
stats: size_rcv 2814 240387
stats: size_sent 960 98327
stats: connected 0 1
# stats: dump at 1653040567
stats: users 4 5
stats: {load,"tsung_controller@Debian"} 1 0.6015625 0.0 1.51953125 0.30078125 0.7654666385135136 74
stats: {cpu,"tsung_controller@Debian"} 1 11.82031119290614 0.0 19.998303791027055 6.926642363175056 10.075299336893796 74
stats: {freemem,"tsung_controller@Debian"} 1 12472.1328125 0.0 12803.3203125 12472.1328125 12705.5625 74
stats: session 3 3945.563666666667 2506.47084080244 21654.309 158.211 4797.157261744965 149
stats: users_count 5 156
stats: finish_users_count 3 152
stats: request 8 62.663375 10.447982208750883 265.038 49.087 65.97629666666658 300
stats: connect 8 28.283625 2.900167233863421 37.546 24.0 27.94632666666667 300
stats: page 8 62.663375 10.447982208750883 265.038 49.087 65.97629666666658 300
stats: tr_req 3 75.462 3.2756728570885496 265.598 67.068 76.08901342281877 149
stats: 200 8 308
stats: tr_think 3 3867.860666666666 2506.6820079425484 21584.113 84.637 4718.59679194631 149
stats: size_rcv 7225 247612
stats: size_sent 2573 100900
stats: connected 2 3
# stats: dump at 1653040577
stats: users 3 5
stats: {load,"tsung_controller@Debian"} 1 0.5 0.0 1.51953125 0.30078125 0.7632812500000001 75
stats: {cpu,"tsung_controller@Debian"} 1 13.095835423983942 0.0 19.998303791027055 6.926642363175056 10.098566161640628 75
stats: {freemem,"tsung_controller@Debian"} 1 12351.953125 0.0 12803.3203125 12351.953125 12702.450104166666 75
stats: session 5 6775.8204 7772.817144235997 22033.576 158.211 4780.34949342105 152
stats: users_count 4 160
stats: finish_users_count 5 157
stats: request 8 63.42825 9.48945173271354 265.038 49.087 65.89024675324667 308
stats: page 8 63.42825 9.48945173271354 265.038 49.087 65.89024675324667 308
stats: tr_req 4 72.6405 3.4169562844730685 265.598 67.068 76.0766381578947 152
stats: 200 8 316
stats: connect 8 27.6915 2.2503324754355747 37.546 24.0 27.955087662337668 308
stats: tr_think 4 2886.3430000000003 1665.077459220141 21584.113 84.637 4701.805947368423 152
stats: size_rcv 6388 254000
stats: size_sent 2620 103520
stats: connected -1 2
# stats: dump at 1653040587
stats: users 0 5
stats: {load,"tsung_controller@Debian"} 1 0.5 0.0 1.51953125 0.30078125 0.7598170230263159 76
stats: {cpu,"tsung_controller@Debian"} 1 10.112829084830755 0.0 19.998303791027055 6.926642363175056 10.138003915092511 76
stats: {freemem,"tsung_controller@Debian"} 1 12411.78515625 0.0 12803.3203125 12351.953125 12697.83830180921 76
stats: session 3 8238.675000000001 3289.4756532810316 22033.576 158.211 4843.899522292992 157
stats: users_count 0 160
stats: finish_users_count 3 160
stats: request 4 70.50525 2.0496999018148983 265.038 49.087 65.8279177215189 316
stats: connect 4 26.7455 1.605116584550793 37.546 24.0 27.948414556962028 316
stats: page 4 70.50525 2.0496999018148983 265.038 49.087 65.8279177215189 316
stats: tr_req 4 70.8175 2.1126202332648423 265.598 67.068 75.98853205128202 156
stats: 200 4 320
stats: tr_think 4 11614.123 6619.367654158212 21963.409 84.637 4655.255615384617 156
stats: size_rcv 1520 255520
stats: size_sent 1456 104976
stats: connected -2 0
# stats: dump at 1653040597
stats: users 1 5
stats: {load,"tsung_controller@Debian"} 1 0.578125 0.0 1.51953125 0.30078125 0.7564427759740262 77
stats: {cpu,"tsung_controller@Debian"} 1 10.861796725671072 0.0 19.998303791027055 6.926642363175056 10.137676969244957 77
stats: {freemem,"tsung_controller@Debian"} 1 12405.046875 0.0 12803.3203125 12351.953125 12694.123325892857 77
stats: session 0 0 0 22033.576 158.211 4907.551562499998 160
stats: users_count 1 161
stats: finish_users_count 0 160
stats: request 1 52.45 0.0 265.038 49.087 65.88638437499992 320
stats: connect 1 27.225 0.0 37.546 24.0 27.933378125 320
stats: page 1 52.45 0.0 265.038 49.087 65.88638437499992 320
stats: tr_req 0 0 0 265.598 67.068 75.85925624999997 160
stats: 200 1 321
stats: tr_think 0 0 0 21963.409 84.637 4829.227300000001 160
stats: size_rcv 1217 256737
stats: size_sent 299 105275
stats: connected 1 1
# stats: dump at 1653040607
stats: users 3 5
stats: {load,"tsung_controller@Debian"} 1 0.640625 0.0 1.51953125 0.30078125 0.7541566506410258 78
stats: {cpu,"tsung_controller@Debian"} 1 11.192857733322311 0.0 19.998303791027055 6.926642363175056 10.146960555865805 78
stats: {freemem,"tsung_controller@Debian"} 1 12400.03125 0.0 12803.3203125 12351.953125 12690.417217548076 78
stats: session 1 3173.35 0.0 22033.576 158.211 4907.551562499998 160
stats: users_count 3 164
stats: finish_users_count 1 161
stats: request 4 58.50425 5.412784744242099 265.038 49.087 65.8445264797507 321
stats: connect 4 27.47225 1.9588258440964073 37.546 24.0 27.931171339563864 321
stats: page 4 58.50425 5.412784744242099 265.038 49.087 65.8445264797507 321
stats: 200 4 325
stats: tr_req 1 66.617 0.0 265.598 66.617 75.85925624999997 160
stats: size_rcv 4031 260768
stats: tr_think 1 3104.237 0.0 21963.409 84.637 4829.227300000001 160
stats: size_sent 1259 106534
stats: connected 1 2
# stats: dump at 1653040617
stats: users 1 5
stats: {load,"tsung_controller@Debian"} 1 0.5390625 0.0 1.51953125 0.30078125 0.7527195411392406 79
stats: {cpu,"tsung_controller@Debian"} 1 11.282008646491521 0.0 19.998303791027055 6.926642363175056 10.160199760643735 79
stats: {freemem,"tsung_controller@Debian"} 1 12394.453125 0.0 12803.3203125 12351.953125 12686.741445806962 79
stats: session 3 3087.576333333333 1263.5941603506333 22033.576 158.211 4896.7801242236 161
stats: users_count 1 165
stats: finish_users_count 3 164
stats: request 4 68.55475 7.21707521697675 265.038 49.087 65.75418461538455 325
stats: connect 4 27.9165 1.5933785645602234 37.546 24.0 27.925523076923078 325
stats: page 4 68.55475 7.21707521697675 265.038 49.087 65.75418461538455 325
stats: 200 4 329
stats: tr_req 3 72.77166666666666 3.525975073964959 265.598 66.617 75.801850931677 161
stats: size_rcv 2357 263125
stats: tr_think 3 3012.4143333333336 1260.7840042165124 21963.409 84.637 4818.513074534163 161
stats: size_sent 1385 107919
stats: connected -2 0
# stats: dump at 1653040627
stats: users 2 5
stats: {load,"tsung_controller@Debian"} 1 0.53125 0.0 1.51953125 0.30078125 0.7500488281250001 80
stats: {cpu,"tsung_controller@Debian"} 1 10.224147987667696 0.0 19.998303791027055 6.926642363175056 10.174222371716832 80
stats: {freemem,"tsung_controller@Debian"} 1 12402.40625 0.0 12803.3203125 12351.953125 12683.087841796874 80
stats: session 3 9769.809333333333 5142.8354203924855 22033.576 158.211 4863.684932926827 164
stats: users_count 4 169
stats: finish_users_count 3 167
stats: request 7 64.93771428571428 11.310721117775014 265.038 49.087 65.78823404255313 329
stats: connect 7 28.290999999999997 1.037707363098371 37.546 24.0 27.92541337386018 329
stats: tr_req 3 78.00066666666667 2.578910665808765 265.598 66.617 75.7464207317073 164
stats: page 7 64.93771428571428 11.310721117775014 265.038 49.087 65.78823404255313 329
stats: 200 7 336
stats: tr_think 3 9689.661666666667 5141.168910706744 21963.409 84.637 4785.474682926831 164
stats: size_rcv 6008 269133
stats: size_sent 2274 110193
stats: connected 1 1
# stats: dump at 1653040637
stats: users 2 5
stats: {load,"tsung_controller@Debian"} 1 0.44921875 0.0 1.51953125 0.30078125 0.7473476080246915 81
stats: {cpu,"tsung_controller@Debian"} 1 11.852838355252207 0.0 19.998303791027055 6.926642363175056 10.174838737345855 81
stats: {freemem,"tsung_controller@Debian"} 1 12290.12890625 0.0 12803.3203125 12290.12890625 12679.622636959877 81
stats: session 2 2824.2110000000002 1389.9630000000002 22033.576 158.211 4951.818904191615 167
stats: users_count 2 171
stats: finish_users_count 2 169
stats: request 3 64.35633333333334 4.418237984636966 265.038 49.087 65.77051488095232 336
stats: connect 3 28.781666666666666 2.068664679341618 37.546 24.0 27.93302976190476 336
stats: tr_req 1 70.987 0.0 265.598 66.617 75.78691616766466 167
stats: 200 3 339
stats: page 3 64.35633333333334 4.418237984636966 265.038 49.087 65.77051488095232 336
stats: tr_think 1 4141.098 0.0 21963.409 84.637 4873.573850299403 167
stats: size_rcv 2814 271947
stats: size_sent 952 111145
stats: connected 1 2
# stats: dump at 1653040647
stats: users 1 5
stats: {load,"tsung_controller@Debian"} 1 0.37890625 0.0 1.51953125 0.30078125 0.7437118902439025 82
stats: {cpu,"tsung_controller@Debian"} 1 10.513036164844406 0.0 19.998303791027055 6.926642363175056 10.195302147320323 82
stats: {freemem,"tsung_controller@Debian"} 1 12358.3203125 0.0 12803.3203125 12290.12890625 12674.872713414634 82
stats: session 3 8673.683333333332 9656.727944999464 22299.284 158.211 4926.640112426034 169
stats: users_count 2 173
stats: finish_users_count 3 172
stats: request 6 67.5305 8.574115518038388 265.038 49.087 65.75799999999994 339
stats: connect 6 28.14766666666667 1.6797325845370614 37.546 24.0 27.940539823008848 339
stats: page 6 67.5305 8.574115518038388 265.038 49.087 65.75799999999994 339
stats: tr_req 4 73.90125 1.7927754146852883 265.598 66.617 75.75834523809522 168
stats: 200 6 345
stats: tr_think 4 6787.51225 8930.87585957977 22222.584 84.637 4869.213875000001 168
stats: size_rcv 3954 275901
stats: size_sent 2038 113183
stats: connected -1 1
# stats: dump at 1653040657
stats: users 2 5
stats: {load,"tsung_controller@Debian"} 1 0.3203125 0.0 1.51953125 0.30078125 0.7393166415662652 83
stats: {cpu,"tsung_controller@Debian"} 1 10.191564442950765 0.0 19.998303791027055 6.926642363175056 10.199130268013384 83
stats: {freemem,"tsung_controller@Debian"} 1 12239.61328125 0.0 12803.3203125 12239.61328125 12671.058829066265 83
stats: session 3 6432.834666666667 3013.347789126056 22299.284 158.211 4991.995517441858 172
stats: users_count 4 177
stats: finish_users_count 3 175
stats: request 7 63.6497142857143 8.586859707288399 265.038 49.087 65.78882608695646 345
stats: connect 7 28.140714285714285 2.2269343895836284 37.546 24.0 27.944142028985507 345
stats: page 7 63.6497142857143 8.586859707288399 265.038 49.087 65.78882608695646 345
stats: tr_req 3 72.74033333333334 3.44314781688049 265.598 66.617 75.71515697674417 172
stats: 200 7 352
stats: tr_think 3 6357.6016666666665 3009.9906933178754 22222.584 84.637 4913.825465116281 172
stats: size_rcv 6008 281909
stats: size_sent 2250 115433
stats: connected 1 2
# stats: dump at 1653040667
stats: users 1 5
stats: {load,"tsung_controller@Debian"} 1 0.26953125 0.0 1.51953125 0.26953125 0.7343284970238096 84
stats: {cpu,"tsung_controller@Debian"} 1 9.588116137744768 0.0 19.998303791027055 6.926642363175056 10.1990401986674 84
stats: {freemem,"tsung_controller@Debian"} 1 12277.64453125 0.0 12803.3203125 12239.61328125 12665.922572544643 84
stats: session 1 3055.197 0.0 22299.284 158.211 5016.695617142855 175
stats: users_count 0 177
stats: finish_users_count 1 176
stats: request 1 75.507 0.0 265.038 49.087 65.74628693181812 352
stats: connect 1 29.366 0.0 37.546 24.0 27.948051136363635 352
stats: page 1 75.507 0.0 265.038 49.087 65.74628693181812 352
stats: tr_req 1 75.987 0.0 265.598 66.617 75.66415999999998 175
stats: 200 1 353
stats: tr_think 1 2976.699 0.0 22222.584 84.637 4938.575914285716 175
stats: size_rcv 380 282289
stats: size_sent 362 115795
stats: connected -2 0
# stats: dump at 1653040677
stats: users 0 5
stats: {load,"tsung_controller@Debian"} 1 0.23046875 0.0 1.51953125 0.23046875 0.7288602941176472 85
stats: {cpu,"tsung_controller@Debian"} 1 8.892631578947368 0.0 19.998303791027055 6.926642363175056 10.191852856774194 85
stats: {freemem,"tsung_controller@Debian"} 1 12294.2421875 0.0 12803.3203125 12239.61328125 12661.354595588235 85
stats: session 2 6554.7945 6092.7585 22299.284 158.211 5005.5507386363615 176
stats: users_count 1 178
stats: finish_users_count 2 178
stats: request 3 69.696 9.073845307622708 265.038 49.087 65.77393767705377 353
stats: connect 3 27.839 1.0241835772946168 37.546 24.0 27.952067988668556 353
stats: page 3 69.696 9.073845307622708 265.038 49.087 65.77393767705377 353
stats: 200 3 356
stats: tr_req 2 75.711 5.334000000000003 265.598 66.617 75.6659943181818 176
stats: size_rcv 1977 284266
stats: tr_think 2 6476.574 6098.056 22222.584 84.637 4927.428886363638 176
stats: size_sent 1015 116810
stats: connected 0 0
# stats: dump at 1653040687
stats: users 1 5
stats: {load,"tsung_controller@Debian"} 1 0.26953125 0.0 1.51953125 0.23046875 0.7230650436046513 86
stats: {cpu,"tsung_controller@Debian"} 1 8.38623454727698 0.0 19.998303791027055 6.926642363175056 10.176745632613416 86
stats: {freemem,"tsung_controller@Debian"} 1 12295.73828125 0.0 12803.3203125 12239.61328125 12657.085846656977 86
stats: session 0 0 0 22299.284 158.211 5022.95797191011 178
stats: users_count 1 179
stats: finish_users_count 0 178
stats: request 1 53.22 0.0 265.038 49.087 65.80698876404489 356
stats: connect 1 26.632 0.0 37.546 24.0 27.951115168539324 356
stats: page 1 53.22 0.0 265.038 49.087 65.80698876404489 356
stats: tr_req 0 0 0 265.598 66.617 75.66649999999998 178
stats: 200 1 357
stats: tr_think 0 0 0 22222.584 84.637 4944.835011235958 178
stats: size_rcv 1217 285483
stats: size_sent 291 117101
stats: connected 1 1
# stats: dump at 1653040697
stats: users 1 5
stats: {load,"tsung_controller@Debian"} 1 0.390625 0.0 1.51953125 0.23046875 0.717852011494253 87
stats: {cpu,"tsung_controller@Debian"} 1 8.593619508936028 0.0 19.998303791027055 6.926642363175056 10.156165045425642 87
stats: {freemem,"tsung_controller@Debian"} 1 12298.984375 0.0 12803.3203125 12239.61328125 12652.932426364943 87
stats: session 1 7121.968 0.0 22299.284 158.211 5022.95797191011 178
stats: users_count 1 180
stats: finish_users_count 1 179
stats: request 1 74.435 0.0 265.038 49.087 65.77173109243692 357
stats: tr_req 1 74.852 0.0 265.598 66.617 75.66649999999998 178
stats: connect 1 28.796 0.0 37.546 24.0 27.947420168067225 357
stats: page 1 74.435 0.0 265.038 49.087 65.77173109243692 357
stats: 200 1 358
stats: tr_think 1 7045.064 0.0 22222.584 84.637 4944.835011235958 178
stats: size_rcv 380 285863
stats: size_sent 362 117463
stats: connected -1 0
# stats: dump at 1653040702
stats: users 0 5
stats: {load,"tsung_controller@Debian"} 1 0.328125 0.0 1.51953125 0.23046875 0.7141335227272729 88
stats: {cpu,"tsung_controller@Debian"} 1 7.987967914438503 0.0 19.998303791027055 6.926642363175056 10.13840884614735 88
stats: {freemem,"tsung_controller@Debian"} 1 12299.17578125 0.0 12803.3203125 12239.61328125 12648.910289417614 88
stats: session 1 3686.328 0.0 22299.284 158.211 5034.6842849161985 179
stats: users_count 0 180
stats: finish_users_count 1 180
stats: request 2 69.8685 5.873500000000005 265.038 49.087 65.79593016759772 358
stats: page 2 69.8685 5.873500000000005 265.038 49.087 65.79593016759772 358
stats: 200 2 360
stats: connect 2 29.310000000000002 0.27800000000000136 37.546 24.0 27.949790502793295 358
stats: tr_req 1 76.175 0.0 265.598 66.617 75.66194972067038 179
stats: size_rcv 1597 287460
stats: tr_think 1 3607.993 0.0 22222.584 84.637 4956.568134078215 179
stats: size_sent 669 118132
stats: connected 0 0
EndMonitor:{1653,40702,853269}
