# stats: dump at 1653039300
stats: users 2 2
stats: {load,"tsung_controller@Debian"} 1 1.26171875 0 1.26171875 1.26171875 0 0
stats: {cpu,"tsung_controller@Debian"} 1 6.947907464771206 0 6.947907464771206 6.947907464771206 0 0
stats: {freemem,"tsung_controller@Debian"} 1 12452.64453125 0 12452.64453125 12452.64453125 0 0
stats: users_count 2 2
stats: finish_users_count 0 0
stats: connect 1 31.206 0.0 31.206 31.206 0 0
stats: request 1 61.921 0.0 61.921 61.921 0 0
stats: page 1 61.921 0.0 61.921 61.921 0 0
stats: 200 1 1
stats: size_rcv 1217 1217
stats: size_sent 291 291
stats: connected 1 1
# stats: dump at 1653039310
stats: users 2 2
stats: {load,"tsung_controller@Debian"} 1 1.140625 0.0 1.26171875 1.140625 1.26171875 1
stats: {cpu,"tsung_controller@Debian"} 1 15.902543419211456 0.0 15.902543419211456 6.947907464771206 6.947907464771206 1
stats: {freemem,"tsung_controller@Debian"} 1 12601.1796875 0.0 12601.1796875 12452.64453125 12452.64453125 1
stats: session 1 4455.478 0 4455.478 4455.478 0 0
stats: users_count 1 3
stats: finish_users_count 1 1
stats: connect 3 27.30333333333333 1.0851882581172532 31.206 26.529 31.206 1
stats: request 3 118.28099999999999 87.65978202497806 242.214 53.704 61.921 1
stats: tr_req 1 242.496 0 242.496 242.496 0 0
stats: page 3 118.28099999999999 87.65978202497806 242.214 53.704 61.921 1
stats: 200 3 4
stats: tr_think 1 4210.463 0 4210.463 4210.463 0 0
stats: size_rcv 2814 4031
stats: size_sent 944 1235
stats: connected -1 0
# stats: dump at 1653039320
stats: users 0 2
stats: {load,"tsung_controller@Debian"} 1 0.9609375 0.0 1.26171875 0.9609375 1.201171875 2
stats: {cpu,"tsung_controller@Debian"} 1 17.98972015990862 0.0 17.98972015990862 6.947907464771206 11.425225441991332 2
stats: {freemem,"tsung_controller@Debian"} 1 12742.30078125 0.0 12742.30078125 12452.64453125 12526.912109375 2
stats: session 3 8383.044666666667 4751.413181672187 14737.033 3312.901 4455.478 1
stats: users_count 1 4
stats: finish_users_count 3 4
stats: request 4 67.92475 7.453739778627907 242.214 53.704 104.19099999999999 4
stats: connect 4 26.308500000000002 0.8396649629465315 31.206 25.446 28.279 4
stats: page 4 67.92475 7.453739778627907 242.214 53.704 104.19099999999999 4
stats: tr_req 3 72.44933333333334 1.3805130286318363 242.496 71.261 242.496 1
stats: 200 4 8
stats: tr_think 3 8307.521666666666 4751.0784123001895 14661.527 3238.673 4210.463 1
stats: size_rcv 2357 6388
stats: size_sent 1377 2612
stats: connected 0 0
# stats: dump at 1653039330
stats: users 2 2
stats: {load,"tsung_controller@Debian"} 1 1.12890625 0.0 1.26171875 0.9609375 1.12109375 3
stats: {cpu,"tsung_controller@Debian"} 1 10.526315789473683 0.0 17.98972015990862 6.947907464771206 13.613390347963763 3
stats: {freemem,"tsung_controller@Debian"} 1 12646.4765625 0.0 12742.30078125 12452.64453125 12598.708333333334 3
stats: session 2 1507.416 563.738 14737.033 943.678 7401.152999999999 4
stats: users_count 4 8
stats: finish_users_count 2 6
stats: request 5 65.2714 8.374653869862321 242.214 53.373 86.057875 8
stats: connect 5 28.2582 1.722675291516078 31.206 25.446 27.293750000000003 8
stats: page 5 65.2714 8.374653869862321 242.214 53.373 86.057875 8
stats: tr_req 2 74.227 3.8849999999999945 242.496 70.342 114.96100000000001 4
stats: 200 5 13
stats: tr_think 2 1430.8305 559.6565 14661.527 871.174 7283.256999999999 4
stats: size_rcv 4411 10799
stats: size_sent 1597 4209
stats: connected 1 1
# stats: dump at 1653039340
stats: users 2 2
stats: {load,"tsung_controller@Debian"} 1 1.12109375 0.0 1.26171875 0.9609375 1.123046875 4
stats: {cpu,"tsung_controller@Debian"} 1 8.298547336784104 0.0 17.98972015990862 6.947907464771206 12.841621708341243 4
stats: {freemem,"tsung_controller@Debian"} 1 12740.08203125 0.0 12742.30078125 12452.64453125 12610.650390625 4
stats: session 2 5857.0064999999995 1499.7344999999998 14737.033 943.678 5436.574 6
stats: users_count 2 10
stats: finish_users_count 2 8
stats: request 5 62.617200000000004 6.828673118549459 242.214 53.248 78.06307692307692 13
stats: connect 5 27.4538 1.6473189612215353 31.206 25.446 27.66469230769231 13
stats: page 5 62.617200000000004 6.828673118549459 242.214 53.248 78.06307692307692 13
stats: tr_req 2 70.87 0.6710000000000029 242.496 70.199 101.383 6
stats: 200 5 18
stats: tr_think 2 5783.823 1499.22 14661.527 871.174 5332.448166666666 6
stats: size_rcv 4411 15210
stats: size_sent 1597 5806
stats: connected 1 2
# stats: dump at 1653039350
stats: users 0 4
stats: {load,"tsung_controller@Debian"} 1 0.94140625 0.0 1.26171875 0.94140625 1.12265625 5
stats: {cpu,"tsung_controller@Debian"} 1 8.396688629836122 0.0 17.98972015990862 6.947907464771206 11.933006834029815 5
stats: {freemem,"tsung_controller@Debian"} 1 12758.34375 0.0 12758.34375 12452.64453125 12636.53671875 5
stats: session 4 5087.966 1721.2101369102206 14737.033 943.678 5541.682124999999 8
stats: users_count 2 12
stats: finish_users_count 4 12
stats: request 6 68.66583333333334 8.420827164767658 242.214 53.248 73.77255555555556 18
stats: connect 6 28.275000000000002 1.7494595355899687 31.206 25.446 27.60611111111111 18
stats: page 6 68.66583333333334 8.420827164767658 242.214 53.248 73.77255555555556 18
stats: tr_req 4 74.65075 2.853062335018293 242.496 70.199 93.75475 8
stats: 200 6 24
stats: tr_think 4 5010.77625 1718.518346037274 14661.527 871.174 5445.291875 8
stats: size_rcv 3954 19164
stats: size_sent 2046 7852
stats: connected -2 0
# stats: dump at 1653039360
stats: users 1 4
stats: {load,"tsung_controller@Debian"} 1 0.94921875 0.0 1.26171875 0.94140625 1.0924479166666667 6
stats: {cpu,"tsung_controller@Debian"} 1 7.113565988785672 0.0 17.98972015990862 6.947907464771206 11.343620466664198 6
stats: {freemem,"tsung_controller@Debian"} 1 12854.49609375 0.0 12854.49609375 12452.64453125 12656.837890625 6
stats: session 2 794.239 419.146 14737.033 375.093 5390.443416666666 12
stats: users_count 3 15
stats: finish_users_count 2 14
stats: request 5 62.4418 7.568120411304248 242.214 52.388 72.495875 24
stats: connect 5 27.6616 2.5497150899659347 32.666 25.446 27.773333333333337 24
stats: page 5 62.4418 7.568120411304248 242.214 52.388 72.495875 24
stats: tr_req 2 70.6955 0.3125 242.496 70.199 87.38675 12
stats: 200 5 29
stats: tr_think 2 721.1990000000001 419.1170000000001 14661.527 302.082 5300.453333333334 12
stats: size_rcv 4411 23575
stats: size_sent 1613 9465
stats: connected 1 1
# stats: dump at 1653039370
stats: users 1 4
stats: {load,"tsung_controller@Debian"} 1 0.80078125 0.0 1.26171875 0.80078125 1.0719866071428572 7
stats: {cpu,"tsung_controller@Debian"} 1 8.735747820254861 0.0 17.98972015990862 6.947907464771206 10.739326969824408 7
stats: {freemem,"tsung_controller@Debian"} 1 12853.81640625 0.0 12854.49609375 12452.64453125 12685.074776785714 7
stats: session 1 1501.396 0.0 14737.033 375.093 4733.842785714286 14
stats: users_count 1 16
stats: finish_users_count 1 15
stats: request 2 70.727 7.220000000000004 242.214 52.388 70.76241379310343 29
stats: connect 2 31.3405 1.9224999999999994 33.263 25.446 27.75406896551724 29
stats: page 2 70.727 7.220000000000004 242.214 52.388 70.76241379310343 29
stats: tr_req 1 78.353 0.0 242.496 70.199 85.00228571428572 14
stats: 200 2 31
stats: tr_think 1 1420.405 0.0 14661.527 302.082 4646.2741428571435 14
stats: size_rcv 1597 25172
stats: size_sent 653 10118
stats: connected 0 1
# stats: dump at 1653039380
stats: users 2 4
stats: {load,"tsung_controller@Debian"} 1 0.76171875 0.0 1.26171875 0.76171875 1.0380859375 8
stats: {cpu,"tsung_controller@Debian"} 1 7.868275515334338 0.0 17.98972015990862 6.947907464771206 10.488879576128214 8
stats: {freemem,"tsung_controller@Debian"} 1 12819.8046875 0.0 12854.49609375 12452.64453125 12706.16748046875 8
stats: session 3 3739.645666666667 2028.567181702779 14737.033 375.093 4518.346333333333 15
stats: users_count 4 20
stats: finish_users_count 3 18
stats: request 7 62.66628571428571 7.524409226250365 242.214 52.388 70.76012903225806 31
stats: connect 7 27.455000000000005 1.6173578100452262 33.263 25.446 27.98545161290323 31
stats: page 7 62.66628571428571 7.524409226250365 242.214 52.388 70.76012903225806 31
stats: tr_req 3 71.101 1.8785741046513662 242.496 69.72 84.55900000000001 15
stats: 200 7 38
stats: tr_think 3 3666.3136666666664 2029.7232369306466 14661.527 302.082 4431.216200000001 15
stats: size_rcv 6008 31180
stats: size_sent 2258 12376
stats: connected 1 2
# stats: dump at 1653039384
stats: users 0 4
stats: {load,"tsung_controller@Debian"} 1 0.640625 0.0 1.26171875 0.640625 1.0073784722222223 9
stats: {cpu,"tsung_controller@Debian"} 1 9.540931516013044 0.0 17.98972015990862 6.947907464771206 10.197701347151117 9
stats: {freemem,"tsung_controller@Debian"} 1 12866.828125 0.0 12866.828125 12452.64453125 12718.793836805555 9
stats: session 2 5272.883 904.1059999999998 14737.033 375.093 4388.562888888889 18
stats: users_count 0 20
stats: finish_users_count 2 20
stats: request 2 78.41749999999999 1.7865000000000002 242.214 52.388 69.26915789473685 38
stats: connect 2 30.758000000000003 0.9609999999999994 33.263 25.446 27.887736842105266 38
stats: page 2 78.41749999999999 1.7865000000000002 242.214 52.388 69.26915789473685 38
stats: tr_req 2 78.7955 1.8505000000000003 242.496 69.72 82.316 18
stats: 200 2 40
stats: tr_think 2 5191.4755000000005 906.5655000000004 14661.527 302.082 4303.732444444445 18
stats: size_rcv 760 31940
stats: size_sent 732 13108
stats: connected -2 0
EndMonitor:{1653,39384,766162}
