
=INFO REPORT==== 20-May-2022::11:34:50 ===
    ts_config_server:(5:<0.133.0>) Config server started, logdir is "/home/westfox5/programming/svc/analysis/results/20220520-1134"
 
=INFO REPORT==== 20-May-2022::11:34:50 ===
              ts_mon:(5:<0.116.0>) starting monitor, global 

=INFO REPORT==== 20-May-2022::11:34:50 ===
           ts_config:(5:<0.133.0>) Reading config file: http_simple.xml

=INFO REPORT==== 20-May-2022::11:34:50 ===
      ts_config_http:(4:<0.133.0>) Get user agent: 80 "Mozilla/5.0 (X11; U; Linux i686; en-US; rv:1.7.8) Gecko/20050513 Galeon/1.3.21" 

=INFO REPORT==== 20-May-2022::11:34:50 ===
      ts_config_http:(4:<0.133.0>) Get user agent: 20 "Mozilla/5.0 (Windows; U; Windows NT 5.2; fr-FR; rv:1.7.8) Gecko/20050511 Firefox/1.0.4" 

=INFO REPORT==== 20-May-2022::11:34:50 ===
           ts_config:(5:<0.133.0>) Session name for id 1 is "session_1"

=INFO REPORT==== 20-May-2022::11:34:50 ===
    ts_config_server:(4:<0.133.0>) SYSINFO:Tsung version: 1.7.0

=INFO REPORT==== 20-May-2022::11:34:50 ===
    ts_config_server:(4:<0.133.0>) SYSINFO:Erlang version: Erlang/OTP 23 [erts-11.1.8] [source] [64-bit] [smp:12:12] [ds:12:12:10] [async-threads:8]


=INFO REPORT==== 20-May-2022::11:34:50 ===
    ts_config_server:(4:<0.133.0>) SYSINFO:System architecture x86_64-pc-linux-gnu

=INFO REPORT==== 20-May-2022::11:34:50 ===
    ts_config_server:(4:<0.133.0>) SYSINFO:Current path: /usr/lib/tsung/tsung-1.7.0/ebin/tsung.beam

=INFO REPORT==== 20-May-2022::11:34:50 ===
      ts_os_mon_snmp:(5:<0.152.0>) starting os_mon_snmp with args {"myserver",
                                                                   {161,
                                                                    "public",
                                                                    v2,[]},
                                                                   10000,
                                                                   {global,
                                                                    ts_mon}}
=INFO REPORT==== 20-May-2022::11:34:50 ===
              ts_mon:(5:<0.134.0>) Activate clients with text backend

=INFO REPORT==== 20-May-2022::11:34:50 ===
              ts_mon:(5:<0.134.0>) Starting tsung clients on hosts: [localhost]

=INFO REPORT==== 20-May-2022::11:34:50 ===
    ts_config_server:(5:<0.133.0>) Start a launcher on the controller beam localhost

=INFO REPORT==== 20-May-2022::11:34:50 ===
  ts_launcher_static:(5:<0.190.0>) Launch msg receive ("localhost")

=INFO REPORT==== 20-May-2022::11:34:50 ===
         ts_launcher:(5:<0.191.0>) Launch msg receive ("localhost")

=INFO REPORT==== 20-May-2022::11:34:50 ===
    ts_config_server:(5:<0.133.0>) New arrival phase 1 for client "localhost" (last ? true): will start 20 users

=INFO REPORT==== 20-May-2022::11:34:50 ===
         ts_launcher:(5:<0.191.0>) Expected duration of first phase: 900.0 sec (20 users) 

=INFO REPORT==== 20-May-2022::11:34:50 ===
         ts_launcher:(2:<0.191.0>) WARNING !!! too few file descriptors available (1024), you should decrease maxusers (currently 10000)
=INFO REPORT==== 20-May-2022::11:34:50 ===
         ts_launcher:(5:<0.191.0>) Activate launcher (20 users) in 9108 msec 

=INFO REPORT==== 20-May-2022::11:36:19 ===
         ts_launcher:(5:<0.191.0>) This was the last phase, wait for connected users to finish their session

=INFO REPORT==== 20-May-2022::11:36:24 ===
     ts_launcher_mgr:(5:<0.184.0>) No more active users tsung_controller@Debian "20337"

=INFO REPORT==== 20-May-2022::11:36:24 ===
              ts_mon:(5:<0.134.0>) stopping monitor (normal)
