# stats: dump at 1653936846
stats: users 5 6
stats: {load,"tsung_controller@Debian"} 1 1.55078125 0 1.55078125 1.55078125 0 0
stats: {cpu,"tsung_controller@Debian"} 1 11.81010276963225 0 11.81010276963225 11.81010276963225 0 0
stats: {freemem,"tsung_controller@Debian"} 1 11963.44921875 0 11963.44921875 11963.44921875 0 0
stats: session 5 1742.6564000000003 924.5512678376684 3215.026 681.991 0 0
stats: users_count 10 10
stats: finish_users_count 5 5
stats: request 15 163.48546666666667 157.4600335923867 541.789 53.434 0 0
stats: connect 15 28.266333333333332 1.8690388498429404 31.123 25.874 0 0
stats: page 15 163.48546666666667 157.4600335923867 541.789 53.434 0 0
stats: tr_req 5 371.72020000000003 97.0333305445093 542.275 276.165 0 0
stats: 200 15 15
stats: tr_think 5 1368.6306 873.8647977406115 2828.706 403.456 0 0
stats: size_rcv 13605 13605
stats: size_sent 5485 5485
stats: connected 5 5
# stats: dump at 1653936856
stats: users 6 9
stats: {load,"tsung_controller@Debian"} 1 1.62109375 0.0 1.62109375 1.55078125 1.55078125 1
stats: {cpu,"tsung_controller@Debian"} 1 15.671453766691862 0.0 15.671453766691862 11.81010276963225 11.81010276963225 1
stats: {freemem,"tsung_controller@Debian"} 1 11934.73828125 0.0 11963.44921875 11934.73828125 11963.44921875 1
stats: session 11 4261.046909090909 3584.0667608532335 12319.537 536.319 1742.6564000000003 5
stats: users_count 12 22
stats: finish_users_count 11 16
stats: request 21 171.4177142857143 138.44702615738314 541.789 52.925 163.48546666666667 15
stats: connect 22 27.258409090909087 1.6305386912164082 31.123 25.006 28.266333333333332 15
stats: page 21 171.4177142857143 138.44702615738314 541.789 52.925 163.48546666666667 15
stats: tr_req 9 323.9786666666667 63.961802267707654 542.275 266.437 371.72020000000003 5
stats: 200 21 36
stats: tr_think 10 4313.0311 3575.7466819043393 12049.48 317.022 1368.6306 5
stats: size_rcv 17187 30792
stats: size_sent 8666 14151
stats: connected 1 6
# stats: dump at 1653936866
stats: users 5 9
stats: {load,"tsung_controller@Debian"} 1 2.109375 0.0 2.109375 1.55078125 1.5859375 2
stats: {cpu,"tsung_controller@Debian"} 1 18.43074861832189 0.0 18.43074861832189 11.81010276963225 13.740778268162057 2
stats: {freemem,"tsung_controller@Debian"} 1 11892.29296875 0.0 11963.44921875 11892.29296875 11949.09375 2
stats: session 10 5317.7762999999995 3058.1657028977043 12319.537 536.319 3474.049875 16
stats: users_count 9 31
stats: finish_users_count 10 26
stats: request 18 200.36950000000002 100.1569336897795 541.789 52.502 168.1126111111111 36
stats: connect 17 28.71035294117647 2.507126124638385 34.056 25.006 27.667027027027025 37
stats: page 18 200.36950000000002 100.1569336897795 541.789 52.502 168.1126111111111 36
stats: tr_req 12 271.38866666666667 3.783291431486024 542.275 265.75 341.0292142857143 14
stats: 200 18 54
stats: tr_think 11 4609.408272727273 3225.1615950814025 12049.48 259.965 3331.5642666666668 15
stats: size_rcv 10746 41538
stats: size_sent 7459 21610
stats: connected -4 2
# stats: dump at 1653936876
stats: users 6 9
stats: {load,"tsung_controller@Debian"} 1 2.0 0.0 2.109375 1.55078125 1.7604166666666667 3
stats: {cpu,"tsung_controller@Debian"} 1 15.916317991631798 0.0 18.43074861832189 11.81010276963225 15.304101718215335 3
stats: {freemem,"tsung_controller@Debian"} 1 11856.453125 0.0 11963.44921875 11856.453125 11930.16015625 3
stats: session 9 3182.6316666666667 1334.3170174738168 12319.537 536.319 4183.175423076923 26
stats: users_count 10 41
stats: finish_users_count 9 35
stats: request 22 144.08409090909092 106.9148661586358 541.789 52.301 178.8649074074074 54
stats: connect 22 27.006590909090907 1.5043994470488846 34.056 24.602 27.99548148148148 54
stats: page 22 144.08409090909092 106.9148661586358 541.789 52.301 178.8649074074074 54
stats: tr_req 9 272.51944444444445 9.559147150604668 542.275 262.813 308.8874230769231 26
stats: 200 22 76
stats: tr_think 9 2908.1343333333334 1337.8932379633286 12049.48 259.965 3872.1905769230766 26
stats: size_rcv 18404 59942
stats: size_sent 8474 30084
stats: connected 2 4
# stats: dump at 1653936886
stats: users 4 12
stats: {load,"tsung_controller@Debian"} 1 1.83984375 0.0 2.109375 1.55078125 1.8203125 4
stats: {cpu,"tsung_controller@Debian"} 1 18.91286307053942 0.0 18.91286307053942 11.81010276963225 15.457155786569452 4
stats: {freemem,"tsung_controller@Debian"} 1 11807.21875 0.0 11963.44921875 11807.21875 11911.7333984375 4
stats: session 17 3888.5207647058824 3643.5403701993014 13163.437 536.319 3925.8927428571433 35
stats: users_count 15 56
stats: finish_users_count 17 52
stats: request 32 178.40431249999997 116.38392446860883 541.789 52.195 168.7967763157895 76
stats: connect 32 28.058968750000005 2.08469857659889 34.056 24.602 27.709223684210524 76
stats: page 32 178.40431249999997 116.38392446860883 541.789 52.195 168.7967763157895 76
stats: tr_req 17 285.3043529411765 34.27468570404003 542.275 262.813 299.53565714285713 35
stats: 200 32 108
stats: tr_think 17 3601.2162352941177 3643.3801534116237 12888.988 259.965 3624.2904 35
stats: size_rcv 23134 83076
stats: size_sent 13168 43252
stats: connected -3 1
# stats: dump at 1653936896
stats: users 7 12
stats: {load,"tsung_controller@Debian"} 1 2.23046875 0.0 2.23046875 1.55078125 1.82421875 5
stats: {cpu,"tsung_controller@Debian"} 1 23.090849242922975 0.0 23.090849242922975 11.81010276963225 16.148297243363444 5
stats: {freemem,"tsung_controller@Debian"} 1 11789.3125 0.0 11963.44921875 11789.3125 11890.83046875 5
stats: session 9 6114.036555555557 5043.253354438473 16187.516 536.319 3913.6749807692313 52
stats: users_count 12 68
stats: finish_users_count 9 61
stats: request 20 173.75650000000002 157.56862247335286 541.789 51.461 171.6434537037037 108
stats: connect 20 27.547500000000003 2.0591628274616856 34.056 24.514 27.812851851851853 108
stats: page 20 173.75650000000002 157.56862247335286 541.789 51.461 171.6434537037037 108
stats: tr_req 8 348.80687500000005 105.4138696833077 542.275 262.813 294.88311538461534 52
stats: 200 20 128
stats: tr_think 8 4504.05 3828.646280912909 12888.988 259.965 3616.746923076923 52
stats: size_rcv 16900 99976
stats: size_sent 7644 50896
stats: connected 4 5
# stats: dump at 1653936906
stats: users 2 12
stats: {load,"tsung_controller@Debian"} 1 2.37109375 0.0 2.37109375 1.55078125 1.8919270833333333 6
stats: {cpu,"tsung_controller@Debian"} 1 22.968429684296844 0.0 23.090849242922975 11.81010276963225 17.305389243290033 6
stats: {freemem,"tsung_controller@Debian"} 1 11792.4765625 0.0 11963.44921875 11789.3125 11873.910807291666 6
stats: session 17 5201.235882352941 4534.766081923208 18834.153 482.487 4238.318491803279 61
stats: users_count 12 80
stats: finish_users_count 17 78
stats: request 28 198.67396428571425 129.2639652625262 541.789 51.461 171.9736171875 128
stats: connect 30 27.68509999999999 1.9140783047374696 34.056 24.514 27.771390625000002 128
stats: page 28 198.67396428571425 129.2639652625262 541.789 51.461 171.9736171875 128
stats: tr_req 16 305.0089374999999 53.997937214615824 542.275 262.813 302.07294999999993 60
stats: 200 28 156
stats: tr_think 18 5500.201333333333 5079.2983838376185 18515.027 139.021 3735.0539999999996 60
stats: size_rcv 19196 119172
stats: size_sent 12794 63690
stats: connected -3 2
# stats: dump at 1653936916
stats: users 4 12
stats: {load,"tsung_controller@Debian"} 1 2.1484375 0.0 2.37109375 1.55078125 1.9603794642857142 7
stats: {cpu,"tsung_controller@Debian"} 1 22.60600485071506 0.0 23.090849242922975 11.81010276963225 18.11439502057672 7
stats: {freemem,"tsung_controller@Debian"} 1 11813.625 0.0 11963.44921875 11789.3125 11862.27734375 7
stats: session 8 4443.654749999999 3011.5066572361975 18834.153 482.487 4448.185102564103 78
stats: users_count 10 90
stats: finish_users_count 8 86
stats: request 20 171.00590000000003 116.0573848356493 541.789 51.461 176.76598717948718 156
stats: connect 18 27.670777777777776 1.4470535410333951 34.056 24.514 27.755006329113925 158
stats: page 20 171.00590000000003 116.0573848356493 541.789 51.461 176.76598717948718 156
stats: tr_req 10 285.2336 30.0274081605456 542.275 262.813 302.6910526315789 76
stats: 200 20 176
stats: tr_think 8 4171.287625 3014.8888881057433 18515.027 139.021 4142.395692307692 78
stats: size_rcv 15040 134212
stats: size_sent 7070 70760
stats: connected 0 2
# stats: dump at 1653936926
stats: users 2 12
stats: {load,"tsung_controller@Debian"} 1 1.98046875 0.0 2.37109375 1.55078125 1.98388671875 8
stats: {cpu,"tsung_controller@Debian"} 1 19.333333333333332 0.0 23.090849242922975 11.81010276963225 18.675846249344012 8
stats: {freemem,"tsung_controller@Debian"} 1 11809.39453125 0.0 11963.44921875 11789.3125 11856.19580078125 8
stats: session 9 4761.520666666667 3326.9707010015713 18834.153 394.273 4447.763674418605 86
stats: users_count 7 97
stats: finish_users_count 9 95
stats: request 16 185.82762499999998 115.16862326328022 541.789 51.461 176.1114318181818 176
stats: connect 16 28.332625000000004 1.6642901593096697 34.056 24.514 27.746392045454545 176
stats: page 16 185.82762499999998 115.16862326328022 541.789 51.461 176.1114318181818 176
stats: tr_req 9 285.0378888888888 33.84530840109792 542.275 262.732 300.66111627906974 86
stats: 200 16 192
stats: tr_think 9 4474.488888888889 3309.313366307426 18515.027 124.045 4145.083313953488 86
stats: size_rcv 11102 145314
stats: size_sent 6680 77440
stats: connected -1 1
# stats: dump at 1653936936
stats: users 5 12
stats: {load,"tsung_controller@Debian"} 1 1.98046875 0.0 2.37109375 1.55078125 1.9835069444444444 9
stats: {cpu,"tsung_controller@Debian"} 1 17.66888757695876 0.0 23.090849242922975 11.81010276963225 18.748900369787272 9
stats: {freemem,"tsung_controller@Debian"} 1 11810.859375 0.0 11963.44921875 11789.3125 11850.995659722223 9
stats: session 7 3744.1424285714274 3162.016749670277 18834.153 394.273 4477.488021052632 95
stats: users_count 10 107
stats: finish_users_count 7 102
stats: request 16 150.841375 106.3613835162197 541.789 51.461 176.92111458333332 192
stats: connect 16 28.022375000000004 1.4106606552870902 34.056 24.514 27.795244791666665 192
stats: page 16 150.841375 106.3613835162197 541.789 51.461 176.92111458333332 192
stats: tr_req 7 271.575 4.746587887254228 542.275 262.732 299.1810210526316 95
stats: 200 16 208
stats: tr_think 7 3470.5991428571433 3160.147588461717 18515.027 124.045 4176.290157894737 95
stats: size_rcv 12962 158276
stats: size_sent 6264 83704
stats: connected 1 2
# stats: dump at 1653936946
stats: users 6 12
stats: {load,"tsung_controller@Debian"} 1 1.8203125 0.0 2.37109375 1.55078125 1.983203125 10
stats: {cpu,"tsung_controller@Debian"} 1 17.2504008777112 0.0 23.090849242922975 11.81010276963225 18.64089909050442 10
stats: {freemem,"tsung_controller@Debian"} 1 11816.3046875 0.0 11963.44921875 11789.3125 11846.98203125 10
stats: session 9 4100.8876666666665 3352.4056398541297 18834.153 394.273 4427.160382352941 102
stats: users_count 10 117
stats: finish_users_count 9 111
stats: request 20 155.31459999999998 108.79042021630397 541.789 51.461 174.91498076923077 208
stats: connect 20 28.180200000000003 1.4533806314933473 34.056 24.514 27.812716346153845 208
stats: page 20 155.31459999999998 108.79042021630397 541.789 51.461 174.91498076923077 208
stats: tr_req 9 275.3688888888888 11.73544047788049 542.275 262.732 297.28649019607843 102
stats: 200 20 228
stats: tr_think 9 3823.563444444444 3354.1407228025582 18515.027 124.045 4127.860382352941 102
stats: size_rcv 15970 174246
stats: size_sent 7868 91572
stats: connected 2 4
# stats: dump at 1653936956
stats: users 4 12
stats: {load,"tsung_controller@Debian"} 1 1.83984375 0.0 2.37109375 1.55078125 1.9683948863636365 11
stats: {cpu,"tsung_controller@Debian"} 1 19.418047262635607 0.0 23.090849242922975 11.81010276963225 18.51449016206867 11
stats: {freemem,"tsung_controller@Debian"} 1 11795.421875 0.0 11963.44921875 11789.3125 11844.193181818182 11
stats: session 11 5890.14009090909 5479.220298639852 21004.124 394.273 4400.705837837838 111
stats: users_count 9 126
stats: finish_users_count 11 122
stats: request 20 201.67479999999998 135.51511958102682 541.789 51.461 173.19564912280703 228
stats: connect 20 28.085050000000003 1.545321308822214 34.056 24.514 27.844951754385967 228
stats: page 20 201.67479999999998 135.51511958102682 541.789 51.461 173.19564912280703 228
stats: tr_req 11 320.0416363636363 48.51731167564216 542.275 262.732 295.5093873873874 111
stats: 200 20 248
stats: tr_think 11 5568.118181818182 5482.989953857008 20640.885 124.045 4103.187657657657 111
stats: size_rcv 14110 188356
stats: size_sent 8300 99872
stats: connected -2 2
# stats: dump at 1653936966
stats: users 8 12
stats: {load,"tsung_controller@Debian"} 1 1.7109375 0.0 2.37109375 1.55078125 1.9576822916666667 12
stats: {cpu,"tsung_controller@Debian"} 1 18.922085530169888 0.0 23.090849242922975 11.81010276963225 18.589786587115917 12
stats: {freemem,"tsung_controller@Debian"} 1 11760.45703125 0.0 11963.44921875 11760.45703125 11840.12890625 12
stats: session 5 1812.8156000000004 496.3415267150635 21004.124 394.273 4534.999090163934 122
stats: users_count 9 135
stats: finish_users_count 5 127
stats: request 14 133.9953571428572 103.12990988665506 541.789 51.461 175.49235483870967 248
stats: connect 14 28.677214285714285 1.228513688427223 34.056 24.514 27.864314516129035 248
stats: page 14 133.9953571428572 103.12990988665506 541.789 51.461 175.49235483870967 248
stats: tr_req 5 272.62659999999994 3.3730179127896514 542.275 262.732 297.72131147540983 122
stats: 200 14 262
stats: tr_think 5 1538.1288 497.32013787676044 20640.885 124.045 4235.271557377048 122
stats: size_rcv 12388 200744
stats: size_sent 5202 105074
stats: connected 3 5
# stats: dump at 1653936976
stats: users 9 12
stats: {load,"tsung_controller@Debian"} 1 1.66015625 0.0 2.37109375 1.55078125 1.9387019230769231 13
stats: {cpu,"tsung_controller@Debian"} 1 15.660329955615108 0.0 23.090849242922975 11.81010276963225 18.615348044273915 13
stats: {freemem,"tsung_controller@Debian"} 1 11753.6640625 0.0 11963.44921875 11753.6640625 11834.00030048077 13
stats: session 12 8459.023416666667 7601.30569130503 24836.844 378.941 4427.826511811023 127
stats: users_count 13 148
stats: finish_users_count 12 139
stats: request 22 153.3006363636364 106.18866466836084 541.789 50.945 173.27495801526717 262
stats: connect 24 28.134375000000002 2.139091392244613 34.056 24.514 27.907751908396946 262
stats: page 22 153.3006363636364 106.18866466836084 541.789 50.945 173.27495801526717 262
stats: tr_req 10 269.7275000000001 4.710937236898832 542.275 262.062 296.7333307086614 127
stats: 200 22 284
stats: tr_think 12 8158.859916666667 7600.896260058825 24560.129 114.942 4129.084834645668 127
stats: size_rcv 17474 218218
stats: size_sent 9696 114770
stats: connected 1 6
# stats: dump at 1653936986
stats: users 6 12
stats: {load,"tsung_controller@Debian"} 1 1.69921875 0.0 2.37109375 1.55078125 1.9188058035714286 14
stats: {cpu,"tsung_controller@Debian"} 1 20.098860589812332 0.0 23.090849242922975 11.81010276963225 18.40427532365543 14
stats: {freemem,"tsung_controller@Debian"} 1 11777.4375 0.0 11963.44921875 11753.6640625 11828.261997767857 14
stats: session 12 5856.429250000001 5484.233337973764 24836.844 378.941 4775.8435107913665 139
stats: users_count 9 157
stats: finish_users_count 12 151
stats: request 24 219.09945833333327 150.1037519870226 541.789 50.829 171.7276514084507 284
stats: connect 22 27.46604545454545 1.7275737447033717 34.056 24.514 27.92676923076923 286
stats: page 24 219.09945833333327 150.1037519870226 541.789 50.829 171.7276514084507 284
stats: tr_req 14 336.17421428571436 76.29234248522361 542.275 261.761 294.76210218978105 137
stats: 200 24 308
stats: tr_think 12 5535.677333333332 5443.782680541205 24560.129 114.942 4476.9790863309345 139
stats: size_rcv 16188 234406
stats: size_sent 9178 123948
stats: connected -4 2
# stats: dump at 1653936996
stats: users 4 12
stats: {load,"tsung_controller@Debian"} 1 1.6796875 0.0 2.37109375 1.55078125 1.9041666666666666 15
stats: {cpu,"tsung_controller@Debian"} 1 21.187854521187855 0.0 23.090849242922975 11.81010276963225 18.517247674732555 15
stats: {freemem,"tsung_controller@Debian"} 1 11791.28125 0.0 11963.44921875 11753.6640625 11824.873697916666 15
stats: session 8 9641.493375 6737.46014297003 24836.844 378.941 4861.7178741721855 151
stats: users_count 6 163
stats: finish_users_count 8 159
stats: request 14 185.03414285714285 113.24066397333799 541.789 50.829 175.41896103896102 308
stats: connect 14 26.82257142857143 1.5398096224759044 34.056 24.514 27.893860389610392 308
stats: page 14 185.03414285714285 113.24066397333799 541.789 50.829 175.41896103896102 308
stats: tr_req 8 282.41274999999996 18.92297650179537 542.275 261.761 298.6016357615894 151
stats: 200 14 322
stats: tr_think 8 9357.1215 6734.671040647921 24560.129 114.942 4561.114046357615 151
stats: size_rcv 9598 244004
stats: size_sent 5890 129838
stats: connected 0 2
# stats: dump at 1653937006
stats: users 4 12
stats: {load,"tsung_controller@Debian"} 1 1.80859375 0.0 2.37109375 1.55078125 1.89013671875 16
stats: {cpu,"tsung_controller@Debian"} 1 20.3266185857581 0.0 23.090849242922975 11.81010276963225 18.68416060263601 16
stats: {freemem,"tsung_controller@Debian"} 1 11796.78515625 0.0 11963.44921875 11753.6640625 11822.774169921875 16
stats: session 7 9253.755857142856 9900.703044475744 29316.993 378.941 5102.20972327044 159
stats: users_count 7 170
stats: finish_users_count 7 166
stats: request 14 172.94207142857144 119.18991075678002 541.789 50.829 175.83701242236023 322
stats: connect 15 28.088466666666665 2.0578921211332286 34.056 24.514 27.847282608695654 322
stats: page 14 172.94207142857144 119.18991075678002 541.789 50.829 175.83701242236023 322
stats: tr_req 7 289.8034285714285 34.26094357743707 542.275 261.761 297.78710062893083 159
stats: 200 14 336
stats: tr_think 8 8977.321 9256.244970735745 29041.048 114.942 4802.422597484275 159
stats: size_rcv 10528 254532
stats: size_sent 6205 136043
stats: connected 2 4
# stats: dump at 1653937016
stats: users 1 12
stats: {load,"tsung_controller@Debian"} 1 1.609375 0.0 2.37109375 1.55078125 1.8853400735294117 17
stats: {cpu,"tsung_controller@Debian"} 1 19.967145790554415 0.0 23.090849242922975 11.81010276963225 18.78077577811378 17
stats: {freemem,"tsung_controller@Debian"} 1 11731.76171875 0.0 11963.44921875 11731.76171875 11821.245404411764 17
stats: session 7 3528.774285714286 2956.4571362627707 29316.993 378.941 5277.274921686746 166
stats: users_count 4 174
stats: finish_users_count 7 173
stats: request 10 208.59099999999998 133.3996915033914 541.789 50.829 175.71638988095236 336
stats: connect 10 27.5423 1.3642313623429116 34.056 24.514 27.858017804154304 337
stats: page 10 208.59099999999998 133.3996915033914 541.789 50.829 175.71638988095236 336
stats: tr_req 6 310.1285 63.315497283445545 542.275 261.761 297.45043975903616 166
stats: 200 10 346
stats: tr_think 6 2245.1836666666663 1811.278833776168 29041.048 114.942 5002.41773053892 167
stats: size_rcv 6590 261122
stats: size_sent 4262 140305
stats: connected -3 1
# stats: dump at 1653937026
stats: users 4 12
stats: {load,"tsung_controller@Debian"} 1 1.96875 0.0 2.37109375 1.55078125 1.8700086805555556 18
stats: {cpu,"tsung_controller@Debian"} 1 20.639868744872846 0.0 23.090849242922975 11.81010276963225 18.84668522324937 18
stats: {freemem,"tsung_controller@Debian"} 1 11786.28125 0.0 11963.44921875 11731.76171875 11816.274088541666 18
stats: session 4 8076.626 4580.164208232004 29316.993 378.941 5206.526341040462 173
stats: users_count 7 181
stats: finish_users_count 4 177
stats: request 12 163.36099999999996 130.60380803470727 541.789 50.829 176.66652312138729 346
stats: connect 11 28.152545454545454 1.5721749476809839 34.056 24.514 27.848919308357353 347
stats: page 12 163.36099999999996 130.60380803470727 541.789 50.829 176.66652312138729 346
stats: tr_req 5 312.916 51.879138227229646 542.275 261.761 297.8926976744186 172
stats: 200 12 358
stats: tr_think 4 7751.10325 4564.783015399438 29041.048 114.942 4906.791115606935 173
stats: size_rcv 9954 271076
stats: size_sent 4105 144410
stats: connected 2 3
# stats: dump at 1653937036
stats: users 4 12
stats: {load,"tsung_controller@Debian"} 1 1.8984375 0.0 2.37109375 1.55078125 1.875205592105263 19
stats: {cpu,"tsung_controller@Debian"} 1 18.363256784968684 0.0 23.090849242922975 11.81010276963225 18.94106330333482 19
stats: {freemem,"tsung_controller@Debian"} 1 11734.44140625 0.0 11963.44921875 11731.76171875 11814.695518092105 19
stats: session 6 6645.053333333333 2881.7926212075395 29316.993 378.941 5271.387350282485 177
stats: users_count 6 187
stats: finish_users_count 6 183
stats: request 12 161.4634166666667 106.96551567012794 541.789 50.829 176.2205279329609 358
stats: connect 12 26.939666666666668 1.5609712966255622 34.056 24.514 27.858248603351957 358
stats: page 12 161.4634166666667 106.96551567012794 541.789 50.829 176.2205279329609 358
stats: tr_req 6 268.57366666666667 4.13738571510508 542.275 261.761 298.3170847457627 177
stats: 200 12 370
stats: tr_think 6 6374.494833333333 2882.7805703313834 29041.048 114.942 4971.069355932203 177
stats: size_rcv 9024 280100
stats: size_sent 4852 149262
stats: connected -1 2
# stats: dump at 1653937046
stats: users 5 12
stats: {load,"tsung_controller@Debian"} 1 1.828125 0.0 2.37109375 1.55078125 1.8763671875 20
stats: {cpu,"tsung_controller@Debian"} 1 19.29555895865237 0.0 23.090849242922975 11.81010276963225 18.91217297741651 20
stats: {freemem,"tsung_controller@Debian"} 1 11659.71875 0.0 11963.44921875 11659.71875 11810.6828125 20
stats: session 5 6952.4638 4202.691286108338 29316.993 378.941 5316.425579234971 183
stats: users_count 6 193
stats: finish_users_count 5 188
stats: request 11 154.35654545454545 106.85218681929777 541.789 50.829 175.7419189189189 370
stats: connect 11 27.953090909090914 1.2061640514491643 34.056 24.514 27.828456756756758 370
stats: page 11 154.35654545454545 106.85218681929777 541.789 50.829 175.7419189189189 370
stats: tr_req 5 271.5082 2.8485000544145995 542.275 261.761 297.34189071038253 183
stats: 200 11 381
stats: tr_think 5 6678.996399999999 4202.241106330126 29041.048 114.942 5017.083306010928 183
stats: size_rcv 8737 288837
stats: size_sent 4345 153607
stats: connected 1 3
# stats: dump at 1653937056
stats: users 6 12
stats: {load,"tsung_controller@Debian"} 1 2.078125 0.0 2.37109375 1.55078125 1.8740699404761905 21
stats: {cpu,"tsung_controller@Debian"} 1 19.121250528094635 0.0 23.090849242922975 11.81010276963225 18.930429452713454 21
stats: {freemem,"tsung_controller@Debian"} 1 11691.58203125 0.0 11963.44921875 11659.71875 11803.494047619048 21
stats: session 7 6294.488428571428 4399.542113176158 29316.993 378.941 5359.937234042552 188
stats: users_count 8 201
stats: finish_users_count 7 195
stats: request 15 172.9093333333333 127.94293890984719 541.789 50.829 175.1244934383202 381
stats: connect 16 28.194812500000005 1.8652095464970555 34.056 24.514 27.832055118110237 381
stats: page 15 172.9093333333333 127.94293890984719 541.789 50.829 175.1244934383202 381
stats: tr_req 7 305.26185714285714 48.44120039632312 542.275 261.761 296.6548244680851 188
stats: 200 15 396
stats: tr_think 8 6380.187375 4261.422847917345 29041.048 114.942 5061.283122340425 188
stats: size_rcv 11745 300582
stats: size_sent 6480 160087
stats: connected -1 2
# stats: dump at 1653937066
stats: users 8 12
stats: {load,"tsung_controller@Debian"} 1 2.44140625 0.0 2.44140625 1.55078125 1.8833451704545454 22
stats: {cpu,"tsung_controller@Debian"} 1 15.8747481531229 0.0 23.090849242922975 11.81010276963225 18.939103137958053 22
stats: {freemem,"tsung_controller@Debian"} 1 11694.00390625 0.0 11963.44921875 11659.71875 11798.40713778409 22
stats: session 14 4846.213214285714 4236.97074402579 29316.993 350.3 5393.485225641024 195
stats: users_count 16 217
stats: finish_users_count 14 209
stats: request 30 160.00490000000002 111.37426945375073 541.789 50.829 175.04058585858587 396
stats: connect 29 27.418655172413793 1.5416131111735563 34.056 24.514 27.846675062972295 397
stats: page 30 160.00490000000002 111.37426945375073 541.789 50.829 175.04058585858587 396
stats: tr_req 14 278.0118571428571 22.585758571836937 542.275 261.761 296.9637948717949 195
stats: 200 30 426
stats: tr_think 13 4215.132923076923 4187.558088782355 29041.048 83.014 5115.115948979591 196
stats: size_rcv 23490 324072
stats: size_sent 11391 171478
stats: connected 5 7
# stats: dump at 1653937076
stats: users 6 12
stats: {load,"tsung_controller@Debian"} 1 2.51953125 0.0 2.51953125 1.55078125 1.9076086956521738 23
stats: {cpu,"tsung_controller@Debian"} 1 20.905952681653616 0.0 23.090849242922975 11.81010276963225 18.805870312530438 23
stats: {freemem,"tsung_controller@Debian"} 1 11689.52734375 0.0 11963.44921875 11659.71875 11793.867866847826 23
stats: session 11 5029.825818181817 3136.278565006617 29316.993 350.3 5356.825856459329 209
stats: users_count 9 226
stats: finish_users_count 11 220
stats: request 20 195.74074999999993 135.31671744720794 541.789 50.829 173.98173474178404 426
stats: connect 20 27.55215 1.5156028924160838 34.056 24.514 27.817537558685448 426
stats: page 20 195.74074999999993 135.31671744720794 541.789 50.829 173.98173474178404 426
stats: tr_req 11 310.0068181818182 66.22434478459382 542.275 261.761 295.6942870813397 209
stats: 200 20 446
stats: tr_think 11 4717.826272727273 3130.715509936698 29041.048 83.014 5059.13614354067 209
stats: size_rcv 14110 338182
stats: size_sent 8340 179818
stats: connected -2 5
# stats: dump at 1653937086
stats: users 4 12
stats: {load,"tsung_controller@Debian"} 1 2.98046875 0.0 2.98046875 1.55078125 1.93310546875 24
stats: {cpu,"tsung_controller@Debian"} 1 18.407168578845994 0.0 23.090849242922975 11.81010276963225 18.893373744577236 24
stats: {freemem,"tsung_controller@Debian"} 1 11781.94140625 0.0 11963.44921875 11659.71875 11789.520345052084 24
stats: session 16 4906.48075 3682.1318851201454 29316.993 350.3 5340.475854545454 220
stats: users_count 14 240
stats: finish_users_count 16 236
stats: request 28 200.44789285714293 146.3827352684294 541.789 50.448 174.95747533632286 446
stats: connect 29 27.655206896551718 1.69043139524247 34.056 24.483 27.80563677130045 446
stats: page 28 200.44789285714293 146.3827352684294 541.789 50.448 174.95747533632286 446
stats: tr_req 15 324.76700000000005 82.33775033037196 542.275 261.761 296.4099136363636 220
stats: 200 28 474
stats: tr_think 16 4583.350625 3707.405839988554 29041.048 83.014 5042.07065 220
stats: size_rcv 20126 358308
stats: size_sent 12063 191881
stats: connected -2 3
# stats: dump at 1653937096
stats: users 3 12
stats: {load,"tsung_controller@Debian"} 1 2.91015625 0.0 2.98046875 1.55078125 1.975 25
stats: {cpu,"tsung_controller@Debian"} 1 20.333026524976987 0.0 23.090849242922975 11.81010276963225 18.873925537947986 25
stats: {freemem,"tsung_controller@Debian"} 1 11756.734375 0.0 11963.44921875 11659.71875 11789.2171875 25
stats: session 8 6220.014 5313.9590333032065 29316.993 350.3 5311.052457627118 236
stats: users_count 7 247
stats: finish_users_count 8 244
stats: request 16 169.72862499999997 114.74681215989999 541.789 50.448 176.46323839662446 474
stats: connect 15 27.814733333333333 1.251738922015644 34.056 24.483 27.796452631578948 475
stats: page 16 169.72862499999997 114.74681215989999 541.789 50.448 176.46323839662446 474
stats: tr_req 8 282.95687499999997 27.838332185304765 542.275 261.761 298.21994042553195 235
stats: 200 16 490
stats: tr_think 7 6655.24357142857 5284.981930324532 29041.048 83.014 5010.970987288135 236
stats: size_rcv 12032 370340
stats: size_sent 5949 197830
stats: connected 0 3
# stats: dump at 1653937106
stats: users 4 12
stats: {load,"tsung_controller@Debian"} 1 2.609375 0.0 2.98046875 1.55078125 2.010967548076923 26
stats: {cpu,"tsung_controller@Debian"} 1 16.473551637279595 0.0 23.090849242922975 11.81010276963225 18.930044806679874 26
stats: {freemem,"tsung_controller@Debian"} 1 11785.57421875 0.0 11963.44921875 11659.71875 11787.967848557691 26
stats: session 6 4577.156166666667 2303.4804920093866 29316.993 350.3 5340.854475409836 244
stats: users_count 7 254
stats: finish_users_count 6 250
stats: request 14 160.35771428571425 106.42963026098415 541.789 50.448 176.2433326530612 490
stats: connect 14 27.150214285714288 1.3901919280943824 34.056 24.483 27.79701224489796 490
stats: page 14 160.35771428571425 106.42963026098415 541.789 50.448 176.2433326530612 490
stats: tr_req 7 266.97085714285714 2.935604460928017 542.275 261.761 297.7174526748971 243
stats: 200 14 504
stats: tr_think 7 3820.3338571428567 2445.347275313697 29041.048 83.014 5058.336864197531 243
stats: size_rcv 10528 380868
stats: size_sent 5666 203496
stats: connected 0 3
# stats: dump at 1653937116
stats: users 3 12
stats: {load,"tsung_controller@Debian"} 1 2.53125 0.0 2.98046875 1.55078125 2.0331307870370368 27
stats: {cpu,"tsung_controller@Debian"} 1 14.87513572204126 0.0 23.090849242922975 11.81010276963225 18.839063578183566 27
stats: {freemem,"tsung_controller@Debian"} 1 11750.1171875 0.0 11963.44921875 11659.71875 11787.879195601852 27
stats: session 8 4691.53225 3029.657053538435 29316.993 350.3 5322.525715999999 250
stats: users_count 7 261
stats: finish_users_count 8 258
stats: request 15 190.95333333333338 133.58476155194083 541.789 50.448 175.80206547619048 504
stats: connect 15 27.59486666666667 2.134172684880229 34.056 24.483 27.77904563492063 504
stats: page 15 190.95333333333338 133.58476155194083 541.789 50.448 175.80206547619048 504
stats: tr_req 8 309.16874999999993 59.98046468799237 542.275 261.761 296.85654800000003 250
stats: 200 15 519
stats: tr_think 8 4380.409875 3054.0476879496514 29041.048 83.014 5023.67278 250
stats: size_rcv 10815 391683
stats: size_sent 6157 209653
stats: connected -2 1
# stats: dump at 1653937126
stats: users 5 12
stats: {load,"tsung_controller@Debian"} 1 2.44921875 0.0 2.98046875 1.55078125 2.050920758928571 28
stats: {cpu,"tsung_controller@Debian"} 1 17.371752165223185 0.0 23.090849242922975 11.81010276963225 18.697494726178487 28
stats: {freemem,"tsung_controller@Debian"} 1 11747.76953125 0.0 11963.44921875 11659.71875 11786.530552455357 28
stats: session 7 7937.026857142859 8477.03980184996 29316.993 350.3 5302.960027131781 258
stats: users_count 9 270
stats: finish_users_count 7 265
stats: request 15 143.21426666666667 102.8318897297699 541.789 50.448 176.2399633911368 519
stats: connect 16 28.640250000000005 1.353468207051795 34.056 24.483 27.7737225433526 519
stats: page 15 143.21426666666667 102.8318897297699 541.789 50.448 176.2399633911368 519
stats: tr_req 6 269.36 3.044247909309191 542.275 261.761 297.2383217054264 258
stats: 200 15 534
stats: tr_think 7 7665.906714285714 8476.811077654746 29041.048 83.014 5003.726643410853 258
stats: size_rcv 12675 404358
stats: size_sent 6256 215909
stats: connected 5 6
# stats: dump at 1653937136
stats: users 4 12
stats: {load,"tsung_controller@Debian"} 1 2.53125 0.0 2.98046875 1.55078125 2.0646551724137927 29
stats: {cpu,"tsung_controller@Debian"} 1 19.419642857142858 0.0 23.090849242922975 11.81010276963225 18.65177946545589 29
stats: {freemem,"tsung_controller@Debian"} 1 11744.76171875 0.0 11963.44921875 11659.71875 11785.193965517241 29
stats: session 13 3971.6853076923076 2763.8342502294327 29316.993 350.3 5372.539150943396 265
stats: users_count 12 282
stats: finish_users_count 13 278
stats: request 26 209.18634615384616 169.07239861326184 600.881 50.448 175.3122752808989 534
stats: connect 25 27.91344 1.401126006610397 34.056 24.483 27.799637383177572 535
stats: page 26 209.18634615384616 169.07239861326184 600.881 50.448 175.3122752808989 534
stats: tr_req 14 338.8431428571429 129.4602370519652 601.049 261.761 296.60472348484853 264
stats: 200 26 560
stats: tr_think 13 3625.408 2754.4411317299646 29041.048 83.014 5074.048381132076 265
stats: size_rcv 18622 422980
stats: size_sent 10275 226184
stats: connected -4 2
# stats: dump at 1653937146
stats: users 8 12
stats: {load,"tsung_controller@Debian"} 1 2.44140625 0.0 2.98046875 1.55078125 2.0802083333333328 30
stats: {cpu,"tsung_controller@Debian"} 1 21.16519174041298 0.0 23.090849242922975 11.81010276963225 18.677374911845455 30
stats: {freemem,"tsung_controller@Debian"} 1 11731.5078125 0.0 11963.44921875 11659.71875 11783.846223958333 30
stats: session 10 4750.1978 3487.985393803013 29316.993 350.3 5307.031597122302 278
stats: users_count 14 296
stats: finish_users_count 10 288
stats: request 23 156.80917391304348 117.53318559588854 600.881 50.448 176.88500000000002 560
stats: connect 23 27.83104347826087 1.9002536324593262 34.056 24.272 27.804717857142858 560
stats: page 23 156.80917391304348 117.53318559588854 600.881 50.448 176.88500000000002 560
stats: tr_req 10 288.40600000000006 34.7675713647071 601.049 261.761 298.73183812949645 278
stats: 200 23 583
stats: tr_think 10 4459.714900000001 3473.686376123195 29041.048 83.014 5006.306205035972 278
stats: size_rcv 18691 441671
stats: size_sent 8997 235181
stats: connected 3 5
# stats: dump at 1653937156
stats: users 4 12
stats: {load,"tsung_controller@Debian"} 1 2.609375 0.0 2.98046875 1.55078125 2.0918598790322576 31
stats: {cpu,"tsung_controller@Debian"} 1 20.916549266594846 0.0 23.090849242922975 11.81010276963225 18.757627067605696 31
stats: {freemem,"tsung_controller@Debian"} 1 11711.85546875 0.0 11963.44921875 11659.71875 11782.157888104839 31
stats: session 14 4327.077071428571 2681.535366348207 29316.993 350.3 5287.697090277778 288
stats: users_count 10 306
stats: finish_users_count 14 302
stats: request 25 198.40391999999997 132.34754113467162 600.881 50.14 176.09298627787308 583
stats: connect 25 27.64316 2.0603251914200342 34.056 24.184 27.805756432246998 583
stats: page 25 198.40391999999997 132.34754113467162 600.881 50.14 176.09298627787308 583
stats: tr_req 14 310.4337142857143 53.374350627603604 601.049 261.761 298.3733020833334 288
stats: 200 25 608
stats: tr_think 14 4014.6411428571423 2693.9566061056485 29041.048 83.014 4987.327340277779 288
stats: size_rcv 17405 459076
stats: size_sent 10435 245616
stats: connected -3 2
# stats: dump at 1653937166
stats: users 9 12
stats: {load,"tsung_controller@Debian"} 1 3.05078125 0.0 3.05078125 1.55078125 2.1080322265624996 32
stats: {cpu,"tsung_controller@Debian"} 1 20.536678574395616 0.0 23.090849242922975 11.81010276963225 18.82509338632411 32
stats: {freemem,"tsung_controller@Debian"} 1 11705.64453125 0.0 11963.44921875 11659.71875 11779.9609375 32
stats: session 9 5532.8348888888895 3605.8999630948797 29316.993 350.3 5243.165036423841 302
stats: users_count 14 320
stats: finish_users_count 9 311
stats: request 23 153.8973043478261 127.45437504709872 600.881 50.14 177.01037664473685 608
stats: connect 23 27.927869565217396 1.8225403747981492 34.056 24.184 27.79907072368421 608
stats: page 23 153.8973043478261 127.45437504709872 600.881 50.14 177.01037664473685 608
stats: tr_req 9 304.88822222222217 64.29744577919402 601.049 261.761 298.93239403973513 302
stats: 200 23 631
stats: tr_think 9 5225.94 3592.722280355756 29041.048 83.014 4942.235927152318 302
stats: size_rcv 19621 478697
stats: size_sent 8725 254341
stats: connected 6 8
# stats: dump at 1653937176
stats: users 8 12
stats: {load,"tsung_controller@Debian"} 1 2.80859375 0.0 3.05078125 1.55078125 2.1366003787878785 33
stats: {cpu,"tsung_controller@Debian"} 1 18.677141409021793 0.0 23.090849242922975 11.81010276963225 18.87695960414446 33
stats: {freemem,"tsung_controller@Debian"} 1 11659.22265625 0.0 11963.44921875 11659.22265625 11777.708925189394 33
stats: session 11 6561.414636363636 7034.731673195506 29316.993 350.3 5251.547765273312 311
stats: users_count 10 330
stats: finish_users_count 11 322
stats: request 20 196.87754999999999 135.31507908266357 600.881 50.14 176.16790332805073 631
stats: connect 20 27.367349999999995 1.6564190072261293 34.056 24.184 27.803765451664024 631
stats: page 20 196.87754999999999 135.31507908266357 600.881 50.14 176.16790332805073 631
stats: tr_req 11 313.1464545454545 57.58018713911241 601.049 261.761 299.10474919614154 311
stats: 200 20 651
stats: tr_think 11 6246.305818181819 7033.6682548486715 29041.048 83.014 4950.446012861737 311
stats: size_rcv 14110 492807
stats: size_sent 8324 262665
stats: connected -5 3
# stats: dump at 1653937186
stats: users 1 12
stats: {load,"tsung_controller@Debian"} 1 3.23046875 0.0 3.23046875 1.55078125 2.156364889705882 34
stats: {cpu,"tsung_controller@Debian"} 1 16.7929930941553 0.0 23.090849242922975 11.81010276963225 18.871082598405557 34
stats: {freemem,"tsung_controller@Debian"} 1 11720.14453125 0.0 11963.44921875 11659.22265625 11774.22403492647 34
stats: session 13 5868.091384615385 5481.590790375456 29316.993 350.3 5296.294770186335 322
stats: users_count 6 336
stats: finish_users_count 13 335
stats: request 20 211.29345000000004 118.19022799346614 600.881 50.14 176.8041443932412 651
stats: connect 20 28.257700000000007 2.02394189886963 34.056 24.184 27.790357910906298 651
stats: page 20 211.29345000000004 118.19022799346614 600.881 50.14 176.8041443932412 651
stats: tr_req 13 294.42907692307693 42.835141352473585 601.049 260.466 299.58443478260875 322
stats: 200 20 671
stats: tr_think 13 5571.676307692307 5477.465736552674 29041.048 83.014 4994.71451552795 322
stats: size_rcv 12250 505057
stats: size_sent 8756 271421
stats: connected -2 1
# stats: dump at 1653937196
stats: users 5 12
stats: {load,"tsung_controller@Debian"} 1 3.71875 0.0 3.71875 1.55078125 2.187053571428571 35
stats: {cpu,"tsung_controller@Debian"} 1 14.569480683444155 0.0 23.090849242922975 11.81010276963225 18.811708612569838 35
stats: {freemem,"tsung_controller@Debian"} 1 11694.53125 0.0 11963.44921875 11659.22265625 11772.67890625 35
stats: session 6 5230.6315 2973.2301449660636 29316.993 350.3 5318.483892537313 335
stats: users_count 10 346
stats: finish_users_count 6 341
stats: request 16 143.18881249999998 111.73728066832638 600.881 50.14 177.83214157973177 671
stats: connect 16 28.1420625 1.6673267327053072 34.056 24.184 27.804287630402385 671
stats: page 16 143.18881249999998 111.73728066832638 600.881 50.14 177.83214157973177 671
stats: tr_req 6 286.11899999999997 25.693274781545462 601.049 260.466 299.38437611940304 335
stats: 200 16 687
stats: tr_think 6 4942.464666666667 2957.0518712156913 29041.048 83.014 5017.10407761194 335
stats: size_rcv 13892 518949
stats: size_sent 6032 277453
stats: connected 3 4
# stats: dump at 1653937206
stats: users 7 12
stats: {load,"tsung_controller@Debian"} 1 3.21875 0.0 3.71875 1.55078125 2.2296006944444438 36
stats: {cpu,"tsung_controller@Debian"} 1 17.26958428197993 0.0 23.090849242922975 11.81010276963225 18.693868947871902 36
stats: {freemem,"tsung_controller@Debian"} 1 11738.4140625 0.0 11963.44921875 11659.22265625 11770.508138020834 36
stats: session 9 3675.9521111111117 1364.8974017287444 29316.993 350.3 5316.938102639297 341
stats: users_count 11 357
stats: finish_users_count 9 350
stats: request 20 185.3 153.90589049610804 600.881 50.14 177.02531004366813 687
stats: page 20 185.3 153.90589049610804 600.881 50.14 177.02531004366813 687
stats: connect 20 27.304099999999995 1.6764562594950105 34.056 24.184 27.812154294032023 687
stats: tr_req 9 343.7602222222222 84.21597012678214 601.049 259.948 299.1509677419355 341
stats: 200 20 707
stats: tr_think 9 3330.1602222222227 1430.4743662309118 29041.048 83.014 5015.790774193548 341
stats: size_rcv 15970 534919
stats: size_sent 7868 285321
stats: connected 1 5
# stats: dump at 1653937216
stats: users 1 12
stats: {load,"tsung_controller@Debian"} 1 3.12109375 0.0 3.71875 1.55078125 2.2563344594594588 37
stats: {cpu,"tsung_controller@Debian"} 1 16.676443476074752 0.0 23.090849242922975 11.81010276963225 18.655374767712658 37
stats: {freemem,"tsung_controller@Debian"} 1 11718.40625 0.0 11963.44921875 11659.22265625 11769.640730574325 37
stats: session 12 6010.685833333333 5692.718556265711 29316.993 350.3 5274.74132 350
stats: users_count 6 363
stats: finish_users_count 12 362
stats: connect 18 28.29861111111111 1.6457265244292187 34.056 24.184 27.79778217821782 707
stats: request 18 217.13916666666668 120.71756703803854 600.881 50.14 177.2593889674682 707
stats: page 18 217.13916666666668 120.71756703803854 600.881 50.14 177.2593889674682 707
stats: tr_req 12 296.815 53.86881792682417 601.049 259.948 300.2980628571429 350
stats: 200 18 725
stats: tr_think 12 5711.912499999999 5709.976873609041 29041.048 83.014 4972.445988571429 350
stats: size_rcv 10746 545665
stats: size_sent 7942 293263
stats: connected -5 0
# stats: dump at 1653937226
stats: users 4 12
stats: {load,"tsung_controller@Debian"} 1 2.859375 0.0 3.71875 1.55078125 2.2790912828947363 38
stats: {cpu,"tsung_controller@Debian"} 1 17.508586747088884 0.0 23.090849242922975 11.81010276963225 18.60329762845903 38
stats: {freemem,"tsung_controller@Debian"} 1 11770.08984375 0.0 11963.44921875 11659.22265625 11768.292454769737 38
stats: session 7 4050.4437142857146 5200.6091721365465 29316.993 350.3 5299.137270718232 362
stats: users_count 10 373
stats: finish_users_count 7 369
stats: request 16 217.63400000000001 197.07839009072 600.881 50.14 178.24950758620693 725
stats: connect 16 27.5175 1.3933379884292252 34.056 24.184 27.810216551724135 725
stats: page 16 217.63400000000001 197.07839009072 600.881 50.14 178.24950758620693 725
stats: tr_req 7 426.56585714285717 106.27600882933963 601.049 259.948 300.1826022099448 362
stats: 200 16 741
stats: tr_think 7 3621.8934285714286 5188.97768661342 29041.048 83.014 4996.958690607735 362
stats: size_rcv 12962 558627
stats: size_sent 6264 299527
stats: connected 2 2
# stats: dump at 1653937236
stats: users 8 12
stats: {load,"tsung_controller@Debian"} 1 3.6484375 0.0 3.71875 1.55078125 2.2939703525641018 39
stats: {cpu,"tsung_controller@Debian"} 1 16.10326269761184 0.0 23.090849242922975 11.81010276963225 18.575228118680307 39
stats: {freemem,"tsung_controller@Debian"} 1 11704.2890625 0.0 11963.44921875 11659.22265625 11768.338541666666 39
stats: session 6 5154.965499999999 2545.4784464462177 29316.993 350.3 5275.44931707317 369
stats: users_count 10 383
stats: finish_users_count 6 375
stats: request 17 130.43882352941176 102.32599094660237 600.881 50.14 179.0999149797571 741
stats: page 17 130.43882352941176 102.32599094660237 600.881 50.14 179.0999149797571 741
stats: connect 17 27.03041176470589 1.4442155232196658 34.056 24.184 27.803896086369768 741
stats: tr_req 6 269.1338333333333 3.685262379472522 601.049 259.948 302.58011653116534 369
stats: 200 17 758
stats: tr_think 6 4883.786666666667 2545.285176058842 29041.048 83.014 4970.873441734418 369
stats: size_rcv 15109 573736
stats: size_sent 6339 305866
stats: connected 5 7
# stats: dump at 1653937246
stats: users 5 12
stats: {load,"tsung_controller@Debian"} 1 4.1484375 0.0 4.1484375 1.55078125 2.3278320312499994 40
stats: {cpu,"tsung_controller@Debian"} 1 17.659895920765486 0.0 23.090849242922975 11.81010276963225 18.513428983153595 40
stats: {freemem,"tsung_controller@Debian"} 1 11694.24609375 0.0 11963.44921875 11659.22265625 11766.7373046875 40
stats: session 17 4305.3942941176465 3181.104918889953 29316.993 350.3 5273.521575999999 375
stats: users_count 14 397
stats: finish_users_count 17 392
stats: request 31 219.2942580645161 170.7665689468196 600.881 50.14 178.00857124010554 758
stats: connect 31 27.599580645161293 2.1138630403064846 34.056 24.184 27.786548812664904 758
stats: page 31 219.2942580645161 170.7665689468196 600.881 50.14 178.00857124010554 758
stats: tr_req 17 354.226 113.79153346671217 601.049 259.948 302.044976 375
stats: 200 31 789
stats: tr_think 17 3949.1875294117654 3131.4543693580185 29041.048 83.014 4969.480053333334 375
stats: size_rcv 21917 595653
stats: size_sent 12853 318719
stats: connected -3 4
# stats: dump at 1653937256
stats: users 8 12
stats: {load,"tsung_controller@Debian"} 1 3.73046875 0.0 4.1484375 1.55078125 2.3722370426829262 41
stats: {cpu,"tsung_controller@Debian"} 1 16.910964067342324 0.0 23.090849242922975 11.81010276963225 18.492611103583155 41
stats: {freemem,"tsung_controller@Debian"} 1 11707.49609375 0.0 11963.44921875 11659.22265625 11764.969226371952 41
stats: session 11 3564.5670909090913 3144.8818045737703 29316.993 350.3 5231.536464285714 392
stats: users_count 14 411
stats: finish_users_count 11 403
stats: request 25 179.78831999999994 147.772404664936 600.881 50.14 179.6306958174905 789
stats: connect 25 28.231879999999997 1.8221026166492382 34.056 24.184 27.779202788339667 789
stats: page 25 179.78831999999994 147.772404664936 600.881 50.14 179.6306958174905 789
stats: tr_req 11 334.57 83.23152321959839 601.049 259.948 304.3079285714286 392
stats: 200 25 814
stats: tr_think 11 3227.8913636363636 3122.1739698087777 29041.048 83.014 4925.232673469388 392
stats: size_rcv 20195 615848
stats: size_sent 9811 328530
stats: connected 2 6
# stats: dump at 1653937266
stats: users 5 12
stats: {load,"tsung_controller@Debian"} 1 4.12109375 0.0 4.1484375 1.55078125 2.4045758928571423 42
stats: {cpu,"tsung_controller@Debian"} 1 18.36870578443612 0.0 23.090849242922975 11.81010276963225 18.454952840815515 42
stats: {freemem,"tsung_controller@Debian"} 1 11682.6328125 0.0 11963.44921875 11659.22265625 11763.600818452382 42
stats: session 11 5556.854636363637 5417.2278874572385 29316.993 350.3 5186.036059553349 403
stats: users_count 8 419
stats: finish_users_count 11 414
stats: request 19 260.00831578947367 223.79137442764872 699.357 50.14 179.63553685503683 814
stats: connect 19 27.737473684210528 1.8782841657220604 34.056 24.184 27.793105651105645 814
stats: page 19 260.00831578947367 223.79137442764872 699.357 50.14 179.63553685503683 814
stats: tr_req 11 409.1563636363637 183.96162340468177 699.524 259.948 305.1339404466502 403
stats: 200 19 833
stats: tr_think 11 5145.563636363635 5344.777219176172 29041.048 83.014 4878.903258064516 403
stats: size_rcv 12893 628741
stats: size_sent 8041 336571
stats: connected -3 3
# stats: dump at 1653937276
stats: users 3 12
stats: {load,"tsung_controller@Debian"} 1 4.12890625 0.0 4.1484375 1.55078125 2.444494912790697 43
stats: {cpu,"tsung_controller@Debian"} 1 16.39548397808401 0.0 23.090849242922975 11.81010276963225 18.452947095318322 43
stats: {freemem,"tsung_controller@Debian"} 1 11683.4296875 0.0 11963.44921875 11659.22265625 11761.717841569767 43
stats: session 9 6348.998666666665 4482.309781996826 29316.993 350.3 5195.8887270531395 414
stats: users_count 7 426
stats: finish_users_count 9 423
stats: request 15 169.46733333333336 106.27981692975493 699.357 50.14 181.4687695078031 833
stats: tr_req 8 268.990875 3.2935871188379133 699.524 259.948 307.8978212560387 414
stats: connect 16 27.939250000000005 1.545312084175879 34.056 24.184 27.79183673469387 833
stats: page 15 169.46733333333336 106.27981692975493 699.357 50.14 181.4687695078031 833
stats: 200 15 848
stats: tr_think 9 6078.169222222222 4481.656122968228 29041.048 83.014 4885.988437198068 414
stats: size_rcv 10815 639556
stats: size_sent 6720 343291
stats: connected 0 3
# stats: dump at 1653937286
stats: users 2 12
stats: {load,"tsung_controller@Debian"} 1 4.4609375 0.0 4.4609375 1.55078125 2.482776988636363 44
stats: {cpu,"tsung_controller@Debian"} 1 17.7762982689747 0.0 23.090849242922975 11.81010276963225 18.406186569926636 44
stats: {freemem,"tsung_controller@Debian"} 1 11680.30078125 0.0 11963.44921875 11659.22265625 11759.93856534091 44
stats: session 8 4002.918125 3398.9146940167693 29316.993 350.3 5220.422981087469 423
stats: users_count 7 433
stats: finish_users_count 8 431
stats: request 16 179.84212499999998 110.59117103032852 699.357 50.14 181.25647995283018 848
stats: connect 15 27.219733333333338 1.625104446557889 34.056 24.184 27.794614840989393 849
stats: page 16 179.84212499999998 110.59117103032852 699.357 50.14 181.25647995283018 848
stats: tr_req 9 276.7025555555556 19.50518899114406 699.524 259.948 307.1602488151659 422
stats: 200 16 864
stats: tr_think 8 3722.75975 3387.5543998292396 29041.048 83.014 4911.353985815604 423
stats: size_rcv 11102 650658
stats: size_sent 6213 349504
stats: connected -1 2
# stats: dump at 1653937296
stats: users 2 12
stats: {load,"tsung_controller@Debian"} 1 4.23046875 0.0 4.4609375 1.55078125 2.5267361111111106 45
stats: {cpu,"tsung_controller@Debian"} 1 18.547849283094365 0.0 23.090849242922975 11.81010276963225 18.3921890521277 45
stats: {freemem,"tsung_controller@Debian"} 1 11643.58984375 0.0 11963.44921875 11643.58984375 11758.168836805555 45
stats: session 5 2843.8616 1172.1241310333305 29316.993 350.3 5197.824283062645 431
stats: users_count 5 438
stats: finish_users_count 5 436
stats: request 10 164.2604 107.80423579173501 699.357 50.14 181.23028819444443 864
stats: connect 10 27.655300000000004 1.4639043035663215 34.056 24.184 27.78463425925925 864
stats: page 10 164.2604 107.80423579173501 699.357 50.14 181.23028819444443 864
stats: tr_req 5 272.378 2.266642362614787 699.524 259.948 306.524241299304 431
stats: 200 10 874
stats: tr_think 5 2569.3774 1172.310281962348 29041.048 83.014 4889.291911832947 431
stats: size_rcv 7520 658178
stats: size_sent 4030 353534
stats: connected 0 2
# stats: dump at 1653937306
stats: users 6 12
stats: {load,"tsung_controller@Debian"} 1 3.9609375 0.0 4.4609375 1.55078125 2.5637737771739126 46
stats: {cpu,"tsung_controller@Debian"} 1 16.3265306122449 0.0 23.090849242922975 11.81010276963225 18.395572970192195 46
stats: {freemem,"tsung_controller@Debian"} 1 11639.8046875 0.0 11963.44921875 11639.8046875 11755.677989130434 46
stats: session 7 2451.4108571428574 1369.6803329842467 29316.993 350.3 5170.8292981651375 436
stats: users_count 11 449
stats: finish_users_count 7 443
stats: request 17 167.9028823529412 138.33848005393588 699.357 50.14 181.03612471395877 874
stats: connect 17 29.532999999999998 2.421198074847875 36.117 24.184 27.783154462242553 874
stats: page 17 167.9028823529412 138.33848005393588 699.357 50.14 181.03612471395877 874
stats: tr_req 7 321.90928571428566 79.21054353288778 699.524 259.948 306.1326559633028 436
stats: 200 17 891
stats: tr_think 7 2127.427 1300.668092389995 29041.048 83.014 4862.68738761468 436
stats: size_rcv 14179 672357
stats: size_sent 6579 360113
stats: connected 0 2
# stats: dump at 1653937316
stats: users 7 12
stats: {load,"tsung_controller@Debian"} 1 3.87109375 0.0 4.4609375 1.55078125 2.5935006648936167 47
stats: {cpu,"tsung_controller@Debian"} 1 17.116279069767444 0.0 23.090849242922975 11.81010276963225 18.35155079236353 47
stats: {freemem,"tsung_controller@Debian"} 1 11689.24609375 0.0 11963.44921875 11639.8046875 11753.212599734043 47
stats: session 8 4155.023249999999 3879.9195082087 29316.993 346.261 5127.858803611739 443
stats: users_count 9 458
stats: finish_users_count 8 451
stats: request 18 150.23183333333333 104.37403699422677 699.357 50.14 180.78554657687988 891
stats: connect 18 28.077222222222222 1.3788403160931841 36.117 24.184 27.816540965207626 891
stats: page 18 150.23183333333333 104.37403699422677 699.357 50.14 180.78554657687988 891
stats: tr_req 8 267.08712499999996 2.455206174514682 699.524 259.948 306.3819480812641 443
stats: 200 18 909
stats: tr_think 8 3885.8223749999997 3879.4772566725383 29041.048 74.011 4819.466568848759 443
stats: size_rcv 14466 686823
stats: size_sent 7054 367167
stats: connected 3 5
# stats: dump at 1653937326
stats: users 5 12
stats: {load,"tsung_controller@Debian"} 1 3.26953125 0.0 4.4609375 1.55078125 2.6201171874999996 48
stats: {cpu,"tsung_controller@Debian"} 1 16.303429633384017 0.0 23.090849242922975 11.81010276963225 18.325815964809443 48
stats: {freemem,"tsung_controller@Debian"} 1 11684.94140625 0.0 11963.44921875 11639.8046875 11751.879964192709 48
stats: session 8 9458.410750000001 4448.7338956499125 29316.993 346.261 5110.602297117517 451
stats: users_count 6 464
stats: finish_users_count 8 459
stats: request 14 253.82771428571436 196.9397911898923 699.357 50.14 180.18052255225518 909
stats: connect 14 28.330071428571426 1.7073826027111845 36.117 24.184 27.82170297029702 909
stats: page 14 253.82771428571436 196.9397911898923 699.357 50.14 180.18052255225518 909
stats: tr_req 8 401.168125 131.87704798925162 699.524 259.948 305.6849223946785 451
stats: 200 14 923
stats: tr_think 8 9055.117875 4408.539024261451 29041.048 74.011 4802.905252771619 451
stats: size_rcv 9598 696421
stats: size_sent 5890 373057
stats: connected -1 4
# stats: dump at 1653937336
stats: users 1 12
stats: {load,"tsung_controller@Debian"} 1 3.23828125 0.0 4.4609375 1.55078125 2.633370535714285 49
stats: {cpu,"tsung_controller@Debian"} 1 16.680693485945127 0.0 23.090849242922975 11.81010276963225 18.284542774372188 49
stats: {freemem,"tsung_controller@Debian"} 1 11631.89453125 0.0 11963.44921875 11631.89453125 11750.513871173469 49
stats: session 7 6589.594714285714 4313.611613403213 29316.993 346.261 5186.381093681918 459
stats: users_count 3 467
stats: finish_users_count 7 466
stats: request 9 241.8008888888889 105.3114713920826 699.357 50.14 181.29759804983743 923
stats: connect 9 28.192666666666664 1.5388219881165959 36.117 24.184 27.82941386782231 923
stats: page 9 241.8008888888889 105.3114713920826 699.357 50.14 181.29759804983743 923
stats: tr_req 7 294.88514285714285 41.078766146544 699.524 259.948 307.3491176470588 459
stats: 200 9 932
stats: tr_think 7 6292.4580000000005 4324.96658169801 29041.048 74.011 4877.017891067539 459
stats: size_rcv 4443 700864
stats: size_sent 4187 377244
stats: connected -4 0
# stats: dump at 1653937346
stats: users 6 12
stats: {load,"tsung_controller@Debian"} 1 3.26953125 0.0 4.4609375 1.55078125 2.6454687499999996 50
stats: {cpu,"tsung_controller@Debian"} 1 15.085916442048516 0.0 23.090849242922975 11.81010276963225 18.252465788603644 50
stats: {freemem,"tsung_controller@Debian"} 1 11664.953125 0.0 11963.44921875 11631.89453125 11748.141484375 50
stats: session 5 3372.3021999999996 1914.080818385828 29316.993 346.261 5207.459409871246 466
stats: users_count 10 477
stats: finish_users_count 5 471
stats: request 15 120.798 108.50902748250948 699.357 50.14 181.8818572961373 932
stats: connect 16 27.923437500000006 1.8341929072738634 36.117 24.184 27.832921673819733 932
stats: page 15 120.798 108.50902748250948 699.357 50.14 181.8818572961373 932
stats: tr_req 4 298.8985 30.66957002062469 699.524 259.948 307.1618905579399 466
stats: 200 15 947
stats: tr_think 5 3078.0245999999997 1933.7994817025472 29041.048 74.011 4898.279866952791 466
stats: size_rcv 14535 715399
stats: size_sent 5808 383052
stats: connected 5 5
# stats: dump at 1653937356
stats: users 5 12
stats: {load,"tsung_controller@Debian"} 1 2.83984375 0.0 4.4609375 1.55078125 2.6577052696078427 51
stats: {cpu,"tsung_controller@Debian"} 1 16.045652903658947 0.0 23.090849242922975 11.81010276963225 18.190376585730014 51
stats: {freemem,"tsung_controller@Debian"} 1 11670.71484375 0.0 11963.44921875 11631.89453125 11746.51034007353 51
stats: session 9 7083.584444444444 3906.8387367615924 29316.993 346.261 5187.977910828026 471
stats: users_count 8 485
stats: finish_users_count 9 480
stats: request 17 239.44176470588232 189.69962846207827 699.357 50.14 180.91431995776134 947
stats: connect 16 27.006625000000003 1.4727958478265069 36.117 24.184 27.834449367088602 948
stats: page 17 239.44176470588232 189.69962846207827 699.357 50.14 180.91431995776134 947
stats: tr_req 10 367.7949 145.7679718308861 699.524 259.948 307.0915638297872 470
stats: 200 17 964
stats: tr_think 9 6702.330555555555 3834.2078065085248 29041.048 74.011 4878.956562632698 471
stats: size_rcv 11389 726788
stats: size_sent 6672 389724
stats: connected -2 3
# stats: dump at 1653937366
stats: users 4 12
stats: {load,"tsung_controller@Debian"} 1 3.26171875 0.0 4.4609375 1.55078125 2.661207932692307 52
stats: {cpu,"tsung_controller@Debian"} 1 18.12562646174407 0.0 23.090849242922975 11.81010276963225 18.14913189953634 52
stats: {freemem,"tsung_controller@Debian"} 1 11678.51953125 0.0 11963.44921875 11631.89453125 11745.052734375 52
stats: session 11 3322.6306363636363 3760.3161806364656 29316.993 346.261 5223.520533333333 480
stats: users_count 10 495
stats: finish_users_count 11 491
stats: connect 22 28.216227272727277 2.3088723129350432 36.117 24.184 27.82070954356846 964
stats: request 22 172.17031818181815 115.69186183698423 699.357 50.14 181.94644294605808 964
stats: page 22 172.17031818181815 115.69186183698423 699.357 50.14 181.94644294605808 964
stats: tr_req 11 286.66700000000003 24.83094110177863 699.524 259.948 308.3562166666667 480
stats: 200 22 986
stats: tr_think 11 3033.976363636364 3758.345010464103 29041.048 74.011 4913.144825000001 480
stats: size_rcv 16544 743332
stats: size_sent 8898 398622
stats: connected -1 2
# stats: dump at 1653937376
stats: users 9 12
stats: {load,"tsung_controller@Debian"} 1 2.76171875 0.0 4.4609375 1.55078125 2.6725383254716975 53
stats: {cpu,"tsung_controller@Debian"} 1 16.083095995979228 0.0 23.090849242922975 11.81010276963225 18.14868840071007 53
stats: {freemem,"tsung_controller@Debian"} 1 11673.9453125 0.0 11963.44921875 11631.89453125 11743.797390919812 53
stats: session 15 3797.1500666666675 2417.9617494331455 29316.993 346.261 5180.934405295316 491
stats: users_count 20 515
stats: finish_users_count 15 506
stats: request 33 165.79033333333334 142.1723905340331 699.357 50.14 181.7283144016227 986
stats: connect 33 27.105636363636364 1.5323135769390097 36.117 24.184 27.829534482758614 986
stats: page 33 165.79033333333334 142.1723905340331 699.357 50.14 181.7283144016227 986
stats: tr_req 14 316.32557142857144 91.59923041061165 699.524 259.948 307.87030753564153 491
stats: 200 33 1019
stats: tr_think 14 3420.7512857142856 2499.2117344250314 29041.048 74.011 4871.045327902242 491
stats: size_rcv 27141 770473
stats: size_sent 12811 411433
stats: connected 6 8
# stats: dump at 1653937386
stats: users 4 12
stats: {load,"tsung_controller@Debian"} 1 2.80078125 0.0 4.4609375 1.55078125 2.6741898148148144 54
stats: {cpu,"tsung_controller@Debian"} 1 16.81757209926224 0.0 23.090849242922975 11.81010276963225 18.110436689511353 54
stats: {freemem,"tsung_controller@Debian"} 1 11669.85546875 0.0 11963.44921875 11631.89453125 11742.503833912036 54
stats: session 12 7150.26925 3338.7751317652182 29316.993 346.261 5139.913130434783 506
stats: users_count 7 522
stats: finish_users_count 12 518
stats: connect 20 27.93995 1.2823950044740504 36.117 24.184 27.806091265947003 1019
stats: page 20 227.64139999999998 130.54989607671087 699.357 50.14 181.21216781157997 1019
stats: request 20 227.64139999999998 130.54989607671087 699.357 50.14 181.21216781157997 1019
stats: tr_req 13 318.4543076923077 52.322534431064604 699.524 259.948 308.1047108910891 505
stats: 200 20 1039
stats: tr_think 13 6634.309153846151 3277.0355481923425 29041.048 74.011 4830.839156435646 505
stats: size_rcv 12250 782723
stats: size_sent 8788 420221
stats: connected -5 3
# stats: dump at 1653937396
stats: users 7 12
stats: {load,"tsung_controller@Debian"} 1 2.51953125 0.0 4.4609375 1.55078125 2.6764914772727266 55
stats: {cpu,"tsung_controller@Debian"} 1 17.60622281699565 0.0 23.090849242922975 11.81010276963225 18.086930060597734 55
stats: {freemem,"tsung_controller@Debian"} 1 11690.53125 0.0 11963.44921875 11631.89453125 11741.182954545455 55
stats: session 8 5150.479375 3484.557772859705 29316.993 346.261 5186.485086872588 518
stats: users_count 11 533
stats: finish_users_count 8 526
stats: tr_req 8 267.02375 2.8170473349768193 699.524 259.948 308.3644498069498 518
stats: request 20 140.8753 102.86226000049776 699.357 50.14 182.1058970163619 1039
stats: connect 20 27.86005 1.5214438364593021 36.117 24.184 27.80866794995187 1039
stats: page 20 140.8753 102.86226000049776 699.357 50.14 182.1058970163619 1039
stats: 200 20 1059
stats: tr_think 8 4881.287 3482.481428102094 29041.048 74.011 4876.099986486488 518
stats: size_rcv 16900 799623
stats: size_sent 7644 427865
stats: connected 3 6
# stats: dump at 1653937406
stats: users 9 12
stats: {load,"tsung_controller@Debian"} 1 2.578125 0.0 4.4609375 1.55078125 2.673688616071428 56
stats: {cpu,"tsung_controller@Debian"} 1 18.493207767313944 0.0 23.090849242922975 11.81010276963225 18.078346002676266 56
stats: {freemem,"tsung_controller@Debian"} 1 11714.39453125 0.0 11963.44921875 11631.89453125 11740.27845982143 56
stats: session 13 4678.2449230769225 5062.203663188127 29316.993 346.261 5185.93747148289 526
stats: users_count 15 548
stats: finish_users_count 13 539
stats: request 27 174.79948148148148 126.501649579457 699.357 50.14 181.32722662889518 1059
stats: connect 27 28.05548148148148 1.591095391845932 36.117 24.184 27.809638338054764 1059
stats: page 27 174.79948148148148 126.501649579457 699.357 50.14 181.32722662889518 1059
stats: tr_req 13 301.69869230769234 47.54508142705536 699.524 259.948 307.73569391634976 526
stats: 200 27 1086
stats: tr_think 13 4374.391230769231 5055.151543027372 29041.048 74.011 4876.178876425857 526
stats: size_rcv 20769 820392
stats: size_sent 10809 438674
stats: connected -1 5
# stats: dump at 1653937416
stats: users 9 12
stats: {load,"tsung_controller@Debian"} 1 2.41015625 0.0 4.4609375 1.55078125 2.672012061403508 57
stats: {cpu,"tsung_controller@Debian"} 1 21.330675305257913 0.0 23.090849242922975 11.81010276963225 18.085624279248858 57
stats: {freemem,"tsung_controller@Debian"} 1 11653.73828125 0.0 11963.44921875 11631.89453125 11739.824355811403 57
stats: session 16 4580.818624999999 4779.88059760096 29316.993 346.261 5173.692567717997 539
stats: users_count 16 564
stats: finish_users_count 16 555
stats: tr_req 16 384.8674375 163.37570486801607 699.524 259.948 307.5900890538033 539
stats: request 33 215.27909090909085 199.9031891308608 699.357 50.14 181.16493462246777 1086
stats: connect 33 27.722424242424243 1.5354457655046778 36.117 24.184 27.81575046040515 1086
stats: page 33 215.27909090909085 199.9031891308608 699.357 50.14 181.16493462246777 1086
stats: 200 33 1119
stats: tr_think 16 4193.606812499999 4770.508458818871 29041.048 74.011 4864.076391465679 539
stats: size_rcv 25281 845673
stats: size_sent 13251 451925
stats: connected 0 5
# stats: dump at 1653937426
stats: users 5 12
stats: {load,"tsung_controller@Debian"} 1 2.3515625 0.0 4.4609375 1.55078125 2.667497306034482 58
stats: {cpu,"tsung_controller@Debian"} 1 22.961145194274028 0.0 23.090849242922975 11.81010276963225 18.141573434869702 58
stats: {freemem,"tsung_controller@Debian"} 1 11655.48828125 0.0 11963.44921875 11631.89453125 11738.340113146553 58
stats: session 14 6637.039928571429 6791.262178360003 29738.297 346.261 5156.600706306306 555
stats: users_count 10 574
stats: finish_users_count 14 569
stats: request 23 300.60765217391304 266.77289564927014 823.379 50.14 182.17098212689902 1119
stats: connect 24 27.961708333333334 1.5670303517366508 36.117 24.184 27.812998212689898 1119
stats: page 23 300.60765217391304 266.77289564927014 823.379 50.14 182.17098212689902 1119
stats: tr_req 13 488.1003076923077 212.53580472634386 823.496 259.948 309.81790450450444 555
stats: 200 23 1142
stats: tr_think 14 6162.3790714285715 6803.8464930964965 29285.007 74.011 4844.74753873874 555
stats: size_rcv 15901 861574
stats: size_sent 10144 462069
stats: connected -1 4
# stats: dump at 1653937436
stats: users 7 12
stats: {load,"tsung_controller@Debian"} 1 2.30859375 0.0 4.4609375 1.55078125 2.662142478813559 59
stats: {cpu,"tsung_controller@Debian"} 1 19.3763370083923 0.0 23.090849242922975 11.81010276963225 18.22326109180876 59
stats: {freemem,"tsung_controller@Debian"} 1 11659.96484375 0.0 11963.44921875 11631.89453125 11736.935844809323 59
stats: session 8 7055.473749999999 6286.599373614537 29738.297 346.261 5193.026275922671 569
stats: users_count 10 584
stats: finish_users_count 8 577
stats: request 19 173.39689473684209 131.42977198404625 823.379 50.14 184.55630910683013 1142
stats: connect 18 27.314111111111107 1.5731339523698435 36.117 24.184 27.816120734908132 1143
stats: page 19 173.39689473684209 131.42977198404625 823.379 50.14 184.55630910683013 1142
stats: tr_req 9 303.2127777777778 67.33092022206898 823.496 259.948 313.8983116197183 568
stats: 200 19 1161
stats: tr_think 8 6746.147999999999 6311.757578282217 29285.007 74.011 4877.167295254835 569
stats: size_rcv 14753 876327
stats: size_sent 7078 469147
stats: connected 0 4
# stats: dump at 1653937446
stats: users 3 12
stats: {load,"tsung_controller@Debian"} 1 2.41015625 0.0 4.4609375 1.55078125 2.6562499999999996 60
stats: {cpu,"tsung_controller@Debian"} 1 17.501670006680026 0.0 23.090849242922975 11.81010276963225 18.242479023751816 60
stats: {freemem,"tsung_controller@Debian"} 1 11645.52734375 0.0 11963.44921875 11631.89453125 11735.652994791666 60
stats: session 12 4287.126166666666 4134.103733946489 29738.297 336.804 5218.848771230501 577
stats: users_count 8 592
stats: finish_users_count 12 589
stats: request 19 183.77957894736846 110.96866594452206 823.379 50.14 184.37368303186906 1161
stats: connect 19 27.311473684210522 1.3403750209086636 36.117 24.184 27.80833763996554 1161
stats: page 19 183.77957894736846 110.96866594452206 823.379 50.14 184.37368303186906 1161
stats: tr_req 11 277.68954545454545 20.403213500746038 823.496 259.948 313.73163951473134 577
stats: 200 19 1180
stats: tr_think 12 4007.5861666666665 4139.338360300771 29285.007 66.36 4903.080372616986 577
stats: size_rcv 12893 889220
stats: size_sent 8025 477172
stats: connected -2 2
# stats: dump at 1653937456
stats: users 5 12
stats: {load,"tsung_controller@Debian"} 1 2.3515625 0.0 4.4609375 1.55078125 2.652215676229508 61
stats: {cpu,"tsung_controller@Debian"} 1 17.742751180040457 0.0 23.090849242922975 11.81010276963225 18.230334613635886 61
stats: {freemem,"tsung_controller@Debian"} 1 11635.35546875 0.0 11963.44921875 11631.89453125 11734.175525102459 61
stats: session 6 8282.978000000001 8328.897530787215 29738.297 336.804 5199.866307300508 589
stats: users_count 8 600
stats: finish_users_count 6 595
stats: request 13 172.268 103.2872244144007 823.379 50.14 184.36411694915253 1180
stats: connect 13 27.68307692307692 1.9588856510993293 36.117 24.184 27.800337288135587 1180
stats: page 13 172.268 103.2872244144007 823.379 50.14 184.36411694915253 1180
stats: tr_req 7 267.93685714285715 6.026957759660733 823.496 259.948 313.0573826530612 588
stats: 200 13 1193
stats: tr_think 6 8013.6630000000005 8327.473622699004 29285.007 66.36 4884.8360084889655 589
stats: size_rcv 9311 898531
stats: size_sent 5399 482571
stats: connected 0 2
# stats: dump at 1653937466
stats: users 5 12
stats: {load,"tsung_controller@Debian"} 1 2.30078125 0.0 4.4609375 1.55078125 2.6473664314516125 62
stats: {cpu,"tsung_controller@Debian"} 1 17.132247447041944 0.0 23.090849242922975 11.81010276963225 18.22247036470693 62
stats: {freemem,"tsung_controller@Debian"} 1 11640.5 0.0 11963.44921875 11631.89453125 11732.581653225807 62
stats: session 8 4989.291625 3322.376517796671 29738.297 336.804 5230.956509243696 595
stats: users_count 8 608
stats: finish_users_count 8 603
stats: request 17 224.1877647058824 194.2392051101605 823.379 50.14 184.23230678960604 1193
stats: connect 17 28.66276470588235 1.796749959016254 36.117 24.184 27.79905951383067 1193
stats: page 17 224.1877647058824 194.2392051101605 823.379 50.14 184.23230678960604 1193
stats: tr_req 8 411.82925000000006 117.82653964488433 823.496 259.948 312.5265529411764 595
stats: 200 17 1210
stats: tr_think 8 4575.423250000001 3357.8058761849147 29285.007 66.36 4916.387205042018 595
stats: size_rcv 13249 911780
stats: size_sent 6739 489310
stats: connected 1 3
# stats: dump at 1653937476
stats: users 3 12
stats: {load,"tsung_controller@Debian"} 1 2.109375 0.0 4.4609375 1.55078125 2.641865079365079 63
stats: {cpu,"tsung_controller@Debian"} 1 15.728155339805824 0.0 23.090849242922975 11.81010276963225 18.205165239029704 63
stats: {freemem,"tsung_controller@Debian"} 1 11644.6015625 0.0 11963.44921875 11631.89453125 11731.120039682539 63
stats: session 9 5452.534888888888 2904.7174969019097 29738.297 336.804 5227.750341625207 603
stats: users_count 7 615
stats: finish_users_count 9 612
stats: request 16 206.44887500000002 138.3246201566604 823.379 50.14 184.79366446280994 1210
stats: connect 16 27.996437499999995 1.9359628408349554 36.117 24.184 27.811194214876025 1210
stats: page 16 206.44887500000002 138.3246201566604 823.379 50.14 184.79366446280994 1210
stats: tr_req 9 322.9703333333333 55.5310305424914 823.496 259.948 313.84400165837474 603
stats: 200 16 1226
stats: tr_think 9 5127.579222222223 2929.605295252427 29285.007 66.36 4911.863636815921 603
stats: size_rcv 11102 922882
stats: size_sent 6712 496022
stats: connected -3 0
# stats: dump at 1653937486
stats: users 5 12
stats: {load,"tsung_controller@Debian"} 1 2.1015625 0.0 4.4609375 1.55078125 2.6335449218749996 64
stats: {cpu,"tsung_controller@Debian"} 1 15.254666779288792 0.0 23.090849242922975 11.81010276963225 18.166461959354333 64
stats: {freemem,"tsung_controller@Debian"} 1 11699.24609375 0.0 11963.44921875 11631.89453125 11729.768188476563 64
stats: session 5 3654.7966 4093.7696553815335 29738.297 336.804 5231.055996732025 612
stats: users_count 7 622
stats: finish_users_count 5 617
stats: request 12 127.03466666666664 99.07213661715835 823.379 50.14 185.07627732463297 1226
stats: connect 13 28.224307692307693 1.3869835773313912 36.117 24.184 27.813611745513857 1226
stats: page 12 127.03466666666664 99.07213661715835 823.379 50.14 185.07627732463297 1226
stats: tr_req 4 267.34950000000003 3.6579815814189267 823.496 259.948 313.9782124183006 612
stats: 200 12 1238
stats: tr_think 5 3385.2146000000002 4094.281419286203 29285.007 66.36 4915.035924836602 612
stats: size_rcv 10884 933766
stats: size_sent 4943 500965
stats: connected 4 4
# stats: dump at 1653937496
stats: users 5 12
stats: {load,"tsung_controller@Debian"} 1 2.1484375 0.0 4.4609375 1.55078125 2.6253605769230766 65
stats: {cpu,"tsung_controller@Debian"} 1 15.620536089404252 0.0 23.090849242922975 11.81010276963225 18.121665110430246 65
stats: {freemem,"tsung_controller@Debian"} 1 11604.47265625 0.0 11963.44921875 11604.47265625 11729.298617788461 65
stats: session 11 6247.969272727274 6675.300694587392 29738.297 336.804 5218.282419773095 617
stats: users_count 11 633
stats: finish_users_count 11 628
stats: request 22 165.39759090909092 109.56823821779206 823.379 50.14 184.51367689822297 1238
stats: connect 22 27.60554545454545 1.4393569500829422 36.117 24.184 27.817920903954793 1239
stats: page 22 165.39759090909092 109.56823821779206 823.379 50.14 184.51367689822297 1238
stats: tr_req 11 274.6343636363636 15.463002914715362 823.496 259.948 313.6754285714285 616
stats: 200 22 1260
stats: tr_think 11 5971.873545454547 6680.419405510015 29285.007 66.36 4902.63866936791 617
stats: size_rcv 16544 950310
stats: size_sent 8914 509879
stats: connected -1 3
# stats: dump at 1653937506
stats: users 8 12
stats: {load,"tsung_controller@Debian"} 1 2.0390625 0.0 4.4609375 1.55078125 2.6181344696969693 66
stats: {cpu,"tsung_controller@Debian"} 1 16.469893742621014 0.0 23.090849242922975 11.81010276963225 18.083769216172275 66
stats: {freemem,"tsung_controller@Debian"} 1 11632.34765625 0.0 11963.44921875 11604.47265625 11727.40731534091 66
stats: session 11 7511.902272727271 5105.729762941562 29738.297 336.804 5236.31833598726 628
stats: users_count 14 647
stats: finish_users_count 11 639
stats: request 25 189.44336000000004 147.5122812221084 823.379 50.14 184.179903968254 1260
stats: connect 24 27.809750000000005 1.8181028401880899 36.117 24.184 27.81421570182394 1261
stats: page 25 189.44336000000004 147.5122812221084 823.379 50.14 184.179903968254 1260
stats: tr_req 12 334.2525 71.32524332181886 823.496 259.948 312.9904976076554 627
stats: 200 25 1285
stats: tr_think 11 7169.19009090909 5101.681898385266 29285.007 66.36 4921.367305732485 628
stats: size_rcv 19265 969575
stats: size_sent 9488 519367
stats: connected 1 4
# stats: dump at 1653937516
stats: users 6 12
stats: {load,"tsung_controller@Debian"} 1 1.87109375 0.0 4.4609375 1.55078125 2.6094916044776113 67
stats: {cpu,"tsung_controller@Debian"} 1 17.097098775784 0.0 23.090849242922975 11.81010276963225 18.059681522537183 67
stats: {freemem,"tsung_controller@Debian"} 1 11623.0625 0.0 11963.44921875 11604.47265625 11725.988514458955 67
stats: session 15 5180.6786 4068.589844600687 29738.297 336.804 5275.491142410014 639
stats: users_count 13 660
stats: finish_users_count 15 654
stats: request 29 205.69624137931038 164.25877005225527 823.379 50.14 184.28230583657592 1285
stats: connect 29 26.874620689655174 1.4834756117329402 36.117 24.184 27.814132295719837 1285
stats: page 29 205.69624137931038 164.25877005225527 823.379 50.14 184.28230583657592 1285
stats: tr_req 15 346.03440000000006 107.00760659865884 823.496 259.948 313.3897840375586 639
stats: 200 29 1314
stats: tr_think 15 4832.6937333333335 4101.9081713991845 29285.007 66.36 4960.062220657278 639
stats: size_rcv 21343 990918
stats: size_sent 11879 531246
stats: connected -2 2
# stats: dump at 1653937526
stats: users 4 12
stats: {load,"tsung_controller@Debian"} 1 1.8203125 0.0 4.4609375 1.55078125 2.598632812499999 68
stats: {cpu,"tsung_controller@Debian"} 1 20.73968466957397 0.0 23.090849242922975 11.81010276963225 18.045525893908458 68
stats: {freemem,"tsung_controller@Debian"} 1 11620.625 0.0 11963.44921875 11604.47265625 11724.474896599264 68
stats: session 8 6710.548375 6601.986577953165 29738.297 336.804 5273.316542813454 654
stats: users_count 6 666
stats: finish_users_count 8 662
stats: request 14 199.02914285714286 136.38872354511318 823.379 50.14 184.75491171993917 1314
stats: connect 14 27.172714285714285 1.341974687251772 36.117 24.184 27.793397260273967 1314
stats: page 14 199.02914285714286 136.38872354511318 823.379 50.14 184.75491171993917 1314
stats: tr_req 8 307.50575 72.0819529749819 823.496 259.948 314.13851376146783 654
stats: 200 14 1328
stats: tr_think 8 6401.0385 6536.276494407748 29285.007 66.36 4957.140925076454 654
stats: size_rcv 9598 1000516
stats: size_sent 5906 537152
stats: connected 0 2
# stats: dump at 1653937536
stats: users 8 12
stats: {load,"tsung_controller@Debian"} 1 1.69921875 0.0 4.4609375 1.55078125 2.5873528079710137 69
stats: {cpu,"tsung_controller@Debian"} 1 15.158883206170874 0.0 23.090849242922975 11.81010276963225 18.08457167326593 69
stats: {freemem,"tsung_controller@Debian"} 1 11568.609375 0.0 11963.44921875 11568.609375 11722.969825634058 69
stats: session 16 4035.956000000001 5396.054036463509 29738.297 336.804 5290.684903323261 662
stats: users_count 20 686
stats: finish_users_count 16 678
stats: request 36 168.5831666666667 133.4245586509262 823.379 50.14 184.90539307228923 1328
stats: connect 36 27.82172222222222 1.8533634381714283 36.117 24.184 27.786853915662643 1328
stats: page 36 168.5831666666667 133.4245586509262 823.379 50.14 184.90539307228923 1328
stats: tr_req 16 309.7145 65.37176191311505 823.496 259.948 314.05835951661624 662
stats: 200 36 1364
stats: tr_think 16 3724.2760625 5386.605144472775 29285.007 66.36 4974.589838368581 662
stats: size_rcv 28932 1029448
stats: size_sent 14132 551284
stats: connected 5 7
# stats: dump at 1653937546
stats: users 5 12
stats: {load,"tsung_controller@Debian"} 1 1.58984375 0.0 4.4609375 1.55078125 2.574665178571428 70
stats: {cpu,"tsung_controller@Debian"} 1 18.425446652195692 0.0 23.090849242922975 11.81010276963225 18.042776123736 70
stats: {freemem,"tsung_controller@Debian"} 1 11603.93359375 0.0 11963.44921875 11568.609375 11720.764676339286 70
stats: session 10 5182.2456999999995 3311.737965261746 29738.297 336.804 5261.074781710913 678
stats: users_count 7 693
stats: finish_users_count 10 688
stats: request 17 185.01111764705888 109.6812010895976 823.379 49.984 184.4746011730206 1364
stats: connect 17 26.951764705882354 1.6972039819660412 36.117 24.184 27.78777419354838 1364
stats: page 17 185.01111764705888 109.6812010895976 823.379 49.984 184.4746011730206 1364
stats: tr_req 10 276.03869999999995 19.894505151171764 823.496 259.36 313.9558495575221 678
stats: 200 17 1381
stats: tr_think 10 4904.2073 3311.300433822339 29285.007 66.36 4945.083908554573 678
stats: size_rcv 11389 1040837
stats: size_sent 7227 558511
stats: connected -6 1
# stats: dump at 1653937556
stats: users 2 12
stats: {load,"tsung_controller@Debian"} 1 1.33984375 0.0 4.4609375 1.33984375 2.560794454225351 71
stats: {cpu,"tsung_controller@Debian"} 1 17.139272271016313 0.0 23.090849242922975 11.81010276963225 18.048165849488953 71
stats: {freemem,"tsung_controller@Debian"} 1 11595.2890625 0.0 11963.44921875 11568.609375 11719.119168133802 71
stats: session 11 6685.18909090909 5713.605568549122 29738.297 336.804 5259.929010174417 688
stats: users_count 8 701
stats: finish_users_count 11 699
stats: request 19 178.1163684210526 103.51249496467388 823.379 49.984 184.4812056480812 1381
stats: connect 20 28.117350000000005 2.267613884130189 36.117 24.184 27.777482983345394 1381
stats: page 19 178.1163684210526 103.51249496467388 823.379 49.984 184.4812056480812 1381
stats: tr_req 11 266.5263636363636 4.891416252853305 823.496 259.36 313.40472819767433 688
stats: 200 19 1400
stats: tr_think 12 6188.136166666667 5521.506195238516 29285.007 66.36 4944.489771802327 688
stats: size_rcv 12893 1053730
stats: size_sent 8540 567051
stats: connected 1 2
# stats: dump at 1653937566
stats: users 3 12
stats: {load,"tsung_controller@Debian"} 1 1.578125 0.0 4.4609375 1.33984375 2.543836805555555 72
stats: {cpu,"tsung_controller@Debian"} 1 17.998338870431894 0.0 23.090849242922975 11.81010276963225 18.03554232756572 72
stats: {freemem,"tsung_controller@Debian"} 1 11623.8828125 0.0 11963.44921875 11568.609375 11717.399305555555 72
stats: session 10 3248.1827999999996 1879.2833112838946 29738.297 336.804 5282.357995708153 699
stats: users_count 11 712
stats: finish_users_count 10 709
stats: request 21 159.69961904761902 108.15356221175969 823.379 49.984 184.39482571428582 1400
stats: connect 20 27.468649999999997 1.8978988454340757 36.117 24.184 27.782334760885078 1401
stats: page 21 159.69961904761902 108.15356221175969 823.379 49.984 184.39482571428582 1400
stats: tr_req 10 273.1536 8.529013896107804 823.496 259.36 312.6670143061516 699
stats: 200 21 1421
stats: tr_think 9 2895.1418888888893 1967.8831987560447 29285.007 66.36 4965.809424285716 700
stats: size_rcv 16257 1069987
stats: size_sent 7852 574903
stats: connected 0 2
# stats: dump at 1653937576
stats: users 6 12
stats: {load,"tsung_controller@Debian"} 1 2.37109375 0.0 4.4609375 1.33984375 2.530607876712328 73
stats: {cpu,"tsung_controller@Debian"} 1 16.1247178801304 0.0 23.090849242922975 11.81010276963225 18.035032691166627 73
stats: {freemem,"tsung_controller@Debian"} 1 11632.0390625 0.0 11963.44921875 11568.609375 11716.118257705479 73
stats: session 8 5302.4439999999995 3501.1249883738797 29738.297 336.804 5253.667231311705 709
stats: users_count 11 723
stats: finish_users_count 8 717
stats: request 19 161.27294736842103 128.2040278657314 823.379 49.984 184.02987192118238 1421
stats: connect 20 27.785199999999996 1.9605014052532583 36.117 24.184 27.777919774806467 1421
stats: page 19 161.27294736842103 128.2040278657314 823.379 49.984 184.02987192118238 1421
stats: tr_req 8 306.01775 54.12094852215267 823.496 259.36 312.1097023977432 709
stats: 200 19 1440
stats: tr_think 9 4578.490777777779 3515.179760528891 29285.007 66.36 4939.524504936531 709
stats: size_rcv 15683 1085670
stats: size_sent 7868 582771
stats: connected 2 4
# stats: dump at 1653937586
stats: users 4 12
stats: {load,"tsung_controller@Debian"} 1 2.08984375 0.0 4.4609375 1.33984375 2.528452280405405 74
stats: {cpu,"tsung_controller@Debian"} 1 15.187756126118593 0.0 23.090849242922975 11.81010276963225 18.009217626152626 74
stats: {freemem,"tsung_controller@Debian"} 1 11634.921875 0.0 11963.44921875 11568.609375 11714.982052364865 74
stats: session 11 5387.466454545454 4066.7442266446415 29738.297 336.804 5254.211463040445 717
stats: users_count 9 732
stats: finish_users_count 11 728
stats: request 19 173.05231578947368 112.74957706586689 823.379 49.984 183.72960694444453 1440
stats: connect 19 27.182894736842105 2.4438151341646734 36.117 24.184 27.778020818875774 1441
stats: page 19 173.05231578947368 112.74957706586689 823.379 49.984 183.72960694444453 1440
stats: tr_req 10 279.5192 17.502512761315174 823.496 259.36 312.041730822873 717
stats: 200 19 1459
stats: tr_think 10 5493.538100000001 4072.6757361419154 29285.007 66.36 4934.9990125348195 718
stats: size_rcv 13823 1099493
stats: size_sent 7817 590588
stats: connected -1 3
# stats: dump at 1653937596
stats: users 3 12
stats: {load,"tsung_controller@Debian"} 1 1.9296875 0.0 4.4609375 1.33984375 2.522604166666666 75
stats: {cpu,"tsung_controller@Debian"} 1 14.465620015112082 0.0 23.090849242922975 11.81010276963225 17.971598139485504 75
stats: {freemem,"tsung_controller@Debian"} 1 11625.92578125 0.0 11963.44921875 11568.609375 11713.914583333333 75
stats: session 9 5042.630222222222 4528.111387687679 29738.297 336.804 5256.22493131868 728
stats: users_count 8 740
stats: finish_users_count 9 737
stats: request 18 178.38394444444444 110.04761821920154 823.379 49.984 183.590560657985 1459
stats: connect 17 27.627588235294116 1.5135324112359112 36.117 24.184 27.77027602739725 1460
stats: page 18 178.38394444444444 110.04761821920154 823.379 49.984 183.590560657985 1459
stats: tr_req 10 275.77549999999997 22.92301329777568 823.496 258.596 311.59437826684996 727
stats: 200 18 1477
stats: tr_think 9 4762.956111111111 4530.2229149832365 29285.007 66.36 4942.671252747253 728
stats: size_rcv 12606 1112099
stats: size_sent 7003 597591
stats: connected -2 1
# stats: dump at 1653937606
stats: users 7 12
stats: {load,"tsung_controller@Debian"} 1 1.87109375 0.0 4.4609375 1.33984375 2.5148026315789465 76
stats: {cpu,"tsung_controller@Debian"} 1 15.110441767068272 0.0 23.090849242922975 11.81010276963225 17.92546684837533 76
stats: {freemem,"tsung_controller@Debian"} 1 11654.29296875 0.0 11963.44921875 11568.609375 11712.7568359375 76
stats: session 5 5439.3598 2766.0429644651144 29738.297 336.804 5253.616583446403 737
stats: users_count 9 749
stats: finish_users_count 5 742
stats: request 13 139.8883076923077 101.86870940154338 823.379 49.984 183.52710832769137 1477
stats: connect 13 28.803923076923084 2.1957848592084326 36.117 24.184 27.7686337169939 1477
stats: page 13 139.8883076923077 101.86870940154338 823.379 49.984 183.52710832769137 1477
stats: tr_req 5 268.9072 5.722349950850602 823.496 258.596 311.10836906377193 737
stats: 200 13 1490
stats: tr_think 5 5168.449600000001 2760.769495747778 29285.007 66.36 4940.476630936228 737
stats: size_rcv 11171 1123270
stats: size_sent 4911 602502
stats: connected 4 5
# stats: dump at 1653937616
stats: users 8 12
stats: {load,"tsung_controller@Debian"} 1 1.8203125 0.0 4.4609375 1.33984375 2.5064427759740253 77
stats: {cpu,"tsung_controller@Debian"} 1 14.310865191146881 0.0 23.090849242922975 11.81010276963225 17.888908081085628 77
stats: {freemem,"tsung_controller@Debian"} 1 11618.328125 0.0 11963.44921875 11568.609375 11711.997564935065 77
stats: session 13 4648.368307692308 3090.9834057264634 29738.297 336.804 5254.868222371966 742
stats: users_count 14 763
stats: finish_users_count 13 755
stats: request 25 200.81288 190.47647524443957 823.379 49.984 183.1463671140941 1490
stats: connect 28 27.33453571428571 1.6091358701876273 36.117 24.184 27.777666442953013 1490
stats: page 25 200.81288 190.47647524443957 823.379 49.984 183.1463671140941 1490
stats: tr_req 10 420.0947 103.3425056838182 823.496 258.596 310.8239946091643 742
stats: 200 25 1515
stats: tr_think 13 4224.140923076923 3063.5385197711753 29285.007 66.36 4942.012836927223 742
stats: size_rcv 21125 1144395
stats: size_sent 11084 613586
stats: connected 3 8
# stats: dump at 1653937626
stats: users 10 12
stats: {load,"tsung_controller@Debian"} 1 1.94140625 0.0 4.4609375 1.33984375 2.497646233974358 78
stats: {cpu,"tsung_controller@Debian"} 1 15.449744320563333 0.0 23.090849242922975 11.81010276963225 17.84303573634282 78
stats: {freemem,"tsung_controller@Debian"} 1 11608.15625 0.0 11963.44921875 11568.609375 11710.796674679486 78
stats: session 10 9146.0477 9591.223257247075 34717.636 336.804 5244.425177483443 755
stats: users_count 12 775
stats: finish_users_count 10 765
stats: request 21 198.55809523809526 136.89305457420986 823.379 49.984 183.43789372937303 1515
stats: connect 19 27.11478947368421 1.610258383285685 36.117 24.184 27.769492753623183 1518
stats: page 21 198.55809523809526 136.89305457420986 823.379 49.984 183.43789372937303 1515
stats: tr_req 12 307.68450000000007 71.30773945547566 823.496 258.596 312.2770624999999 752
stats: 200 21 1536
stats: tr_think 10 8876.4872 9591.021137579331 34447.884 66.36 4929.652128476821 755
stats: size_rcv 14397 1158792
stats: size_sent 7785 621371
stats: connected -2 6
# stats: dump at 1653937636
stats: users 8 12
stats: {load,"tsung_controller@Debian"} 1 1.80078125 0.0 4.4609375 1.33984375 2.4906052215189867 79
stats: {cpu,"tsung_controller@Debian"} 1 16.228217158176943 0.0 23.090849242922975 11.81010276963225 17.812740908294977 79
stats: {freemem,"tsung_controller@Debian"} 1 11600.73046875 0.0 11963.44921875 11568.609375 11709.497428797467 79
stats: session 14 5390.103071428572 4063.110332733541 34717.636 336.804 5295.426779084967 765
stats: users_count 12 787
stats: finish_users_count 14 779
stats: request 29 171.90658620689655 125.23690199185874 823.379 49.984 183.6446152343751 1536
stats: connect 29 27.45937931034483 1.869431970039676 36.117 24.184 27.76139947950552 1537
stats: page 29 171.90658620689655 125.23690199185874 823.379 49.984 183.6446152343751 1536
stats: tr_req 14 297.0260714285714 47.99567613481193 823.496 258.596 312.20492801047106 764
stats: 200 29 1565
stats: tr_think 14 5091.783857142857 4033.6365459300905 34447.884 66.36 4981.24474379085 765
stats: size_rcv 22273 1181065
stats: size_sent 11583 632954
stats: connected 0 6
# stats: dump at 1653937646
stats: users 7 12
stats: {load,"tsung_controller@Debian"} 1 1.83984375 0.0 4.4609375 1.33984375 2.4819824218749993 80
stats: {cpu,"tsung_controller@Debian"} 1 16.171065820247243 0.0 23.090849242922975 11.81010276963225 17.7929343614185 80
stats: {freemem,"tsung_controller@Debian"} 1 11656.71875 0.0 11963.44921875 11568.609375 11708.137841796874 80
stats: session 13 6619.874384615386 6247.581705897036 34717.636 336.804 5297.12827856226 779
stats: users_count 12 799
stats: finish_users_count 13 792
stats: request 22 202.24409090909094 130.47074749603286 823.379 49.984 183.42710543131 1565
stats: connect 22 27.462863636363632 2.104938787610408 36.117 24.184 27.755806513409954 1566
stats: page 22 202.24409090909094 130.47074749603286 823.379 49.984 183.42710543131 1565
stats: tr_req 13 303.47969230769235 62.0776735505108 823.496 258.596 311.9317866323906 778
stats: 200 22 1587
stats: tr_think 13 6314.040230769231 6227.666766572228 34447.884 66.36 4983.231326059051 779
stats: size_rcv 14684 1195749
stats: size_sent 9354 642308
stats: connected -2 4
# stats: dump at 1653937656
stats: users 4 12
stats: {load,"tsung_controller@Debian"} 1 1.7109375 0.0 4.4609375 1.33984375 2.4740547839506166 81
stats: {cpu,"tsung_controller@Debian"} 1 16.129841880699406 0.0 23.090849242922975 11.81010276963225 17.77291129300898 81
stats: {freemem,"tsung_controller@Debian"} 1 11679.4296875 0.0 11963.44921875 11568.609375 11707.503038194443 81
stats: session 11 4381.153909090909 3867.0738860621373 34717.636 336.804 5318.84002020202 792
stats: users_count 8 807
stats: finish_users_count 11 803
stats: request 22 214.33368181818193 156.86351273186693 823.379 49.984 183.6879584120984 1587
stats: connect 21 26.71804761904762 1.5621932224917294 36.117 24.184 27.751748110831223 1588
stats: page 22 214.33368181818193 156.86351273186693 823.379 49.984 183.6879584120984 1587
stats: tr_req 12 347.18425 79.91628630544696 823.496 258.596 311.79287737041705 791
stats: 200 22 1609
stats: tr_think 11 4024.598363636364 3812.0303996452226 34447.884 66.36 5005.0754116161625 792
stats: size_rcv 15614 1211363
stats: size_sent 8607 650915
stats: connected -2 2
# stats: dump at 1653937666
stats: users 8 12
stats: {load,"tsung_controller@Debian"} 1 1.69140625 0.0 4.4609375 1.33984375 2.4647484756097553 82
stats: {cpu,"tsung_controller@Debian"} 1 14.315560755473841 0.0 23.090849242922975 11.81010276963225 17.75287386115155 82
stats: {freemem,"tsung_controller@Debian"} 1 11682.38671875 0.0 11963.44921875 11568.609375 11707.160680259145 82
stats: session 7 6018.7234285714285 4867.932302863883 34717.636 336.804 5305.995004981321 803
stats: users_count 11 818
stats: finish_users_count 7 810
stats: request 18 139.01238888888892 101.70613928052114 823.379 49.984 184.10698011187083 1609
stats: connect 18 28.121166666666667 2.2501551860063147 36.117 24.184 27.738256681168416 1609
stats: page 18 139.01238888888892 101.70613928052114 823.379 49.984 184.10698011187083 1609
stats: tr_req 7 266.55914285714283 5.143068134560801 823.496 258.596 312.3217646326275 803
stats: 200 18 1627
stats: tr_think 7 5750.201142857143 4871.271973712833 34447.884 66.36 4991.644219178083 803
stats: size_rcv 15396 1226759
stats: size_sent 6830 657745
stats: connected 5 7
# stats: dump at 1653937676
stats: users 6 12
stats: {load,"tsung_controller@Debian"} 1 1.58984375 0.0 4.4609375 1.33984375 2.4554310993975896 83
stats: {cpu,"tsung_controller@Debian"} 1 16.79932970255551 0.0 23.090849242922975 11.81010276963225 17.71146045023977 83
stats: {freemem,"tsung_controller@Debian"} 1 11638.453125 0.0 11963.44921875 11568.609375 11706.86219879518 83
stats: session 13 4160.059384615386 2275.7128378130915 34717.636 336.804 5312.154386419754 810
stats: users_count 11 829
stats: finish_users_count 13 823
stats: request 25 183.94980000000004 128.4369217569465 823.379 49.984 183.6080848186848 1627
stats: connect 25 27.88356 1.7000412484407545 36.117 24.184 27.742492931776262 1627
stats: page 25 183.94980000000004 128.4369217569465 823.379 49.984 183.6080848186848 1627
stats: tr_req 13 302.6712307692308 49.44437157072249 823.496 258.596 311.926285185185 810
stats: 200 25 1652
stats: tr_think 13 3855.4061538461533 2280.256522770084 34447.884 66.36 4998.199649382717 810
stats: size_rcv 18335 1245094
stats: size_sent 10195 667940
stats: connected -5 2
# stats: dump at 1653937686
stats: users 4 12
stats: {load,"tsung_controller@Debian"} 1 2.26171875 0.0 4.4609375 1.33984375 2.4451264880952372 84
stats: {cpu,"tsung_controller@Debian"} 1 16.059671639303275 0.0 23.090849242922975 11.81010276963225 17.700601750862575 84
stats: {freemem,"tsung_controller@Debian"} 1 11669.66015625 0.0 11963.44921875 11568.609375 11706.047805059523 84
stats: session 10 6460.123700000001 3852.5158783672277 34717.636 336.804 5293.956044957473 823
stats: users_count 8 837
stats: finish_users_count 10 833
stats: request 17 166.99576470588238 105.35544153429291 823.379 49.984 183.61325605326886 1652
stats: connect 18 27.4555 1.6930720352857602 36.117 24.184 27.744627723970932 1652
stats: page 17 166.99576470588238 105.35544153429291 823.379 49.984 183.61325605326886 1652
stats: tr_req 9 266.50177777777776 3.252669255234944 823.496 258.596 311.78009356014564 823
stats: 200 17 1669
stats: tr_think 10 6189.761900000001 3854.402786973916 34447.884 66.36 4980.148233292832 823
stats: size_rcv 12319 1257413
stats: size_sent 7502 675442
stats: connected 1 3
# stats: dump at 1653937696
stats: users 8 12
stats: {load,"tsung_controller@Debian"} 1 2.21875 0.0 4.4609375 1.33984375 2.4429687499999995 85
stats: {cpu,"tsung_controller@Debian"} 1 16.848190348525467 0.0 23.090849242922975 11.81010276963225 17.681296690726583 85
stats: {freemem,"tsung_controller@Debian"} 1 11577.41796875 0.0 11963.44921875 11568.609375 11705.619715073528 85
stats: session 11 4211.236363636364 2990.495500718516 34717.636 336.804 5307.955656662665 833
stats: users_count 15 852
stats: finish_users_count 11 844
stats: request 26 186.81849999999997 145.78642505925473 823.379 49.984 183.44399460754954 1669
stats: connect 25 28.27916 1.9519255657939416 36.117 24.184 27.741511377245498 1670
stats: page 26 186.81849999999997 145.78642505925473 823.379 49.984 183.44399460754954 1669
stats: tr_req 12 338.14691666666664 60.132478591659506 823.496 258.596 311.2903040865383 832
stats: 200 26 1695
stats: tr_think 11 3866.3174545454544 2965.5835876764736 34447.884 66.36 4994.669405762305 833
stats: size_rcv 20482 1277895
stats: size_sent 9795 685237
stats: connected 2 5
# stats: dump at 1653937706
stats: users 5 12
stats: {load,"tsung_controller@Debian"} 1 2.03125 0.0 4.4609375 1.33984375 2.4403615552325575 86
stats: {cpu,"tsung_controller@Debian"} 1 17.007597895967272 0.0 23.090849242922975 11.81010276963225 17.671609407677735 86
stats: {freemem,"tsung_controller@Debian"} 1 11666.5 0.0 11963.44921875 11568.609375 11704.128997093021 86
stats: session 14 6566.154214285715 7516.026543480816 34717.636 336.804 5293.661921800947 844
stats: users_count 11 863
stats: finish_users_count 14 858
stats: request 26 235.51238461538463 182.03701420232707 823.379 49.984 183.4957569321535 1695
stats: connect 26 27.556500000000003 1.41692460170719 36.117 24.184 27.74944129793509 1695
stats: page 26 235.51238461538463 182.03701420232707 823.379 49.984 183.4957569321535 1695
stats: tr_req 14 389.5363571428571 101.18285016148248 823.496 258.596 311.6721516587676 844
stats: 200 26 1721
stats: tr_think 14 6174.662642857143 7490.714673414438 34447.884 66.36 4979.963396919431 844
stats: size_rcv 18622 1296517
stats: size_sent 10758 695995
stats: connected -3 2
# stats: dump at 1653937716
stats: users 2 12
stats: {load,"tsung_controller@Debian"} 1 1.94921875 0.0 4.4609375 1.33984375 2.4356591235632177 87
stats: {cpu,"tsung_controller@Debian"} 1 16.747007978723406 0.0 23.090849242922975 11.81010276963225 17.66397709145118 87
stats: {freemem,"tsung_controller@Debian"} 1 11661.34375 0.0 11963.44921875 11568.609375 11703.696479885055 87
stats: session 9 5344.556888888889 5398.385716833248 34717.636 336.804 5314.425199300699 858
stats: users_count 6 869
stats: finish_users_count 9 867
stats: request 15 193.61986666666672 112.58999984537802 823.379 49.984 184.28159790819302 1721
stats: connect 15 28.020733333333336 1.6201295201996107 36.117 24.184 27.74652643811736 1721
stats: page 15 193.61986666666672 112.58999984537802 823.379 49.984 184.28159790819302 1721
stats: tr_req 9 283.64355555555557 31.146177176201864 823.496 258.596 312.94266317016303 858
stats: 200 15 1736
stats: tr_think 9 5058.938888888889 5372.7601620962105 34447.884 66.36 4999.457324009323 858
stats: size_rcv 9885 1306402
stats: size_sent 6397 702392
stats: connected -2 0
# stats: dump at 1653937726
stats: users 9 12
stats: {load,"tsung_controller@Debian"} 1 2.359375 0.0 4.4609375 1.33984375 2.4301313920454537 88
stats: {cpu,"tsung_controller@Debian"} 1 17.922035018169804 0.0 23.090849242922975 11.81010276963225 17.653556987897453 88
stats: {freemem,"tsung_controller@Debian"} 1 11622.5 0.0 11963.44921875 11568.609375 11703.215198863634 88
stats: session 7 7431.910428571428 8134.860241457868 34717.636 336.804 5314.737985005767 867
stats: users_count 14 883
stats: finish_users_count 7 874
stats: request 20 122.42249999999999 96.47842408357425 823.379 49.984 184.36228571428583 1736
stats: connect 21 28.665761904761904 2.3715186997598527 36.99 24.184 27.748895737327175 1736
stats: page 20 122.42249999999999 96.47842408357425 823.379 49.984 184.36228571428583 1736
stats: tr_req 6 269.66383333333334 3.352576989753133 823.496 258.596 312.6385201845443 867
stats: 200 20 1756
stats: tr_think 7 7160.060714285714 8136.716902911512 34447.884 66.36 5000.074779700115 867
stats: size_rcv 18760 1325162
stats: size_sent 7703 710095
stats: connected 8 8
# stats: dump at 1653937736
stats: users 9 12
stats: {load,"tsung_controller@Debian"} 1 2.4609375 0.0 4.4609375 1.33984375 2.4293363764044935 89
stats: {cpu,"tsung_controller@Debian"} 1 22.753551370994384 0.0 23.090849242922975 11.81010276963225 17.656573594979164 89
stats: {freemem,"tsung_controller@Debian"} 1 11538.2578125 0.0 11963.44921875 11538.2578125 11702.30828651685 89
stats: session 13 5378.698846153846 4563.33286993822 34717.636 336.804 5331.694743707093 874
stats: users_count 13 896
stats: finish_users_count 13 887
stats: request 26 194.57792307692313 147.3673509319021 823.379 49.984 183.65682118451036 1756
stats: connect 26 27.549692307692307 1.6456079720374281 36.99 24.184 27.759854297097313 1757
stats: page 26 194.57792307692313 147.3673509319021 823.379 49.984 183.65682118451036 1756
stats: tr_req 13 333.81300000000005 68.94460501345657 823.496 258.596 312.3431615120274 873
stats: 200 26 1782
stats: tr_think 13 5043.641230769231 4602.690515098301 34447.884 66.36 5017.374438215103 874
stats: size_rcv 19552 1344714
stats: size_sent 10486 720581
stats: connected 1 9
# stats: dump at 1653937746
stats: users 2 12
stats: {load,"tsung_controller@Debian"} 1 2.96875 0.0 4.4609375 1.33984375 2.429687499999999 90
stats: {cpu,"tsung_controller@Debian"} 1 28.60188601886019 0.0 28.60188601886019 11.81010276963225 17.713206681379333 90
stats: {freemem,"tsung_controller@Debian"} 1 11444.02734375 0.0 11963.44921875 11444.02734375 11700.48550347222 90
stats: session 11 7212.604 4160.32978698302 34717.636 336.804 5332.383642615558 887
stats: users_count 4 900
stats: finish_users_count 11 898
stats: request 16 421.79843750000003 311.4153158629101 936.802 49.984 183.81616386083064 1782
stats: connect 15 27.444399999999998 1.7454191779245085 36.99 24.184 27.756789680314064 1783
stats: page 16 421.79843750000003 311.4153158629101 936.802 49.984 183.81616386083064 1782
stats: tr_req 12 544.55425 263.1198533685505 936.92 258.596 312.65818171557555 886
stats: 200 16 1798
stats: tr_think 12 6877.63475 4212.837490214842 34447.884 66.36 5017.759408117249 887
stats: size_rcv 8312 1353026
stats: size_sent 6869 727450
stats: connected -9 0
# stats: dump at 1653937756
stats: users 1 12
stats: {load,"tsung_controller@Debian"} 1 2.87890625 0.0 4.4609375 1.33984375 2.435611263736263 91
stats: {cpu,"tsung_controller@Debian"} 1 16.669468728984533 0.0 28.60188601886019 11.81010276963225 17.832862498274725 91
stats: {freemem,"tsung_controller@Debian"} 1 11432.4453125 0.0 11963.44921875 11432.4453125 11697.66728193681 91
stats: session 1 9761.312 0.0 34717.636 336.804 5355.4152951002225 898
stats: users_count 0 900
stats: finish_users_count 1 899
stats: request 1 270.826 0.0 936.802 49.984 185.93391490545062 1798
stats: connect 1 30.322 0.0 36.99 24.184 27.754183537263614 1798
stats: page 1 270.826 0.0 936.802 49.984 185.93391490545062 1798
stats: tr_req 1 271.02 0.0 936.92 258.596 315.75701559020035 898
stats: 200 1 1799
stats: tr_think 0 0 0 34447.884 66.36 5042.585330367074 899
stats: size_rcv 287 1353313
stats: size_sent 523 727973
stats: connected 0 0
# stats: dump at 1653937759
stats: users 0 12
stats: {load,"tsung_controller@Debian"} 1 2.44140625 0.0 4.4609375 1.33984375 2.440429687499999 92
stats: {cpu,"tsung_controller@Debian"} 1 11.499284451553162 0.0 28.60188601886019 11.499284451553162 17.82021691382592 92
stats: {freemem,"tsung_controller@Debian"} 1 11575.453125 0.0 11963.44921875 11432.4453125 11694.784434442932 92
stats: session 1 22548.165 0.0 34717.636 336.804 5360.316181312569 899
stats: users_count 0 900
stats: finish_users_count 1 900
stats: request 1 279.757 0.0 936.802 49.984 185.98110339077277 1799
stats: connect 1 30.714 0.0 36.99 24.184 27.755610894941622 1799
stats: page 1 279.757 0.0 936.802 49.984 185.98110339077277 1799
stats: tr_req 1 280.056 0.0 936.92 258.596 315.7072525027808 899
stats: 200 1 1800
stats: tr_think 1 22266.158 0.0 34447.884 66.36 5042.585330367074 899
stats: size_rcv 287 1353600
stats: size_sent 515 728488
stats: connected 0 0
EndMonitor:{1653,937759,46374}
