# stats: dump at 1654251477
stats: users 2 5
stats: {cpu,"tsung_controller@svc-tsung"} 1 2.6703498413492506 0 2.6703498413492506 2.6703498413492506 0 0
stats: {load,"tsung_controller@svc-tsung"} 1 0.0 0 0.0 0.0 0 0
stats: {freemem,"tsung_controller@svc-tsung"} 1 3232.0390625 0 3232.0390625 3232.0390625 0 0
stats: session 4 5123.01125 1681.0343072103517 7666.545 3042.812 0 0
stats: users_count 6 6
stats: finish_users_count 4 4
stats: request 9 482.2983333333333 925.2494276348766 2983.464 3.902 0 0
stats: connect 11 1.6032727272727276 0.34712143301184717 2.61 1.245 0 0
stats: page 9 482.2983333333333 925.2494276348766 2983.464 3.902 0 0
stats: tr_req 3 1437.1796666666667 1096.3847793976752 2984.006 571.108 0 0
stats: 200 9 9
stats: tr_think 5 3117.7095999999997 2205.8471056272783 7093.14 739.069 0 0
stats: size_rcv 8163 8163
stats: size_sent 4332 4332
stats: connected 3 3
# stats: dump at 1654251487
stats: users 8 8
stats: {cpu,"tsung_controller@svc-tsung"} 1 0.8508508508508509 0.0 2.6703498413492506 0.8508508508508509 2.6703498413492506 1
stats: {load,"tsung_controller@svc-tsung"} 1 0.0 0.0 0.0 0.0 0.0 1
stats: {freemem,"tsung_controller@svc-tsung"} 1 3233.0234375 0.0 3233.0234375 3232.0390625 3232.0390625 1
stats: session 5 3483.386000000001 2350.793219793183 7948.542 1244.882 5123.01125 4
stats: users_count 11 17
stats: finish_users_count 5 9
stats: request 15 838.3467999999999 1849.03054960626 7207.212 3.902 482.2983333333333 9
stats: connect 18 1.6993333333333334 0.26202777630540536 2.61 1.245 1.6032727272727276 11
stats: page 15 838.3467999999999 1849.03054960626 7207.212 3.902 482.2983333333333 9
stats: tr_req 5 2504.7932000000005 2468.463231755045 7207.577 491.651 1437.1796666666667 3
stats: 200 15 24
stats: tr_think 8 3583.2895000000003 3546.39419061358 11807.059 250.253 3117.7095999999997 5
stats: size_rcv 13605 21768
stats: size_sent 7080 11412
stats: connected 4 7
# stats: dump at 1654251497
stats: users 15 15
stats: {cpu,"tsung_controller@svc-tsung"} 1 2.1116138763197587 0.0 2.6703498413492506 0.8508508508508509 1.7606003461000508 2
stats: {load,"tsung_controller@svc-tsung"} 1 0.0 0.0 0.0 0.0 0.0 2
stats: {freemem,"tsung_controller@svc-tsung"} 1 3231.77734375 0.0 3233.0234375 3231.77734375 3232.53125 2
stats: session 2 8561.722 1646.119 10207.841 1244.882 4212.108333333334 9
stats: users_count 9 26
stats: finish_users_count 2 11
stats: request 12 516.1784166666666 1083.8961236333535 7207.212 3.902 704.828625 24
stats: connect 17 1.5763529411764705 0.17790577187887988 2.61 1.177 1.662896551724138 29
stats: page 12 516.1784166666666 1083.8961236333535 7207.212 3.902 704.828625 24
stats: tr_req 3 2046.417666666667 1256.4616921090571 7207.577 491.651 2104.438125 8
stats: 200 12 36
stats: tr_think 8 3583.9205000000006 2720.5029023574853 11807.059 127.175 3404.220307692308 13
stats: size_rcv 11814 33582
stats: size_sent 6788 18200
stats: connected 5 12
# stats: dump at 1654251507
stats: users 10 15
stats: {cpu,"tsung_controller@svc-tsung"} 1 0.5522088353413654 0.0 2.6703498413492506 0.5522088353413654 1.8776048561732868 3
stats: {load,"tsung_controller@svc-tsung"} 1 0.0 0.0 0.0 0.0 0.0 3
stats: {freemem,"tsung_controller@svc-tsung"} 1 3231.73046875 0.0 3233.0234375 3231.73046875 3232.2799479166665 3
stats: session 16 10778.229937500002 8619.7451977419 32833.855 1244.882 5002.947181818183 11
stats: users_count 11 37
stats: finish_users_count 16 27
stats: request 26 2604.700115384615 5005.474756043583 21024.604 3.48 641.9452222222221 36
stats: connect 22 1.4143181818181818 0.2340927140265809 2.61 0.948 1.630913043478261 46
stats: page 26 2604.700115384615 5005.474756043583 21024.604 3.48 641.9452222222221 36
stats: tr_req 14 4833.298428571428 5981.111803131096 21024.953 491.651 2088.6143636363636 11
stats: 200 26 62
stats: tr_think 10 5186.090300000001 4741.95133026538 15977.074 127.175 3472.677523809524 21
stats: size_rcv 18622 52204
stats: size_sent 8712 26912
stats: connected -2 10
# stats: dump at 1654251517
stats: users 17 19
stats: {cpu,"tsung_controller@svc-tsung"} 1 0.6030150753768844 0.0 2.6703498413492506 0.5522088353413654 1.5462558509653064 4
stats: {load,"tsung_controller@svc-tsung"} 1 0.0 0.0 0.0 0.0 0.0 4
stats: {freemem,"tsung_controller@svc-tsung"} 1 3231.44140625 0.0 3233.0234375 3231.44140625 3232.142578125 4
stats: session 3 6182.197 3936.1902352991865 32833.855 985.986 8425.336962962965 27
stats: users_count 10 47
stats: finish_users_count 3 30
stats: request 14 1820.1926428571428 5288.005876922976 21024.604 3.48 1465.0359838709678 62
stats: connect 21 1.5134761904761906 0.2047671427901457 2.61 0.948 1.5608382352941177 68
stats: page 14 1820.1926428571428 5288.005876922976 21024.604 3.48 1465.0359838709678 62
stats: tr_req 4 6356.378000000001 8310.780497565947 21024.953 491.651 3625.63744 25
stats: 200 14 76
stats: tr_think 11 4782.2609999999995 3801.031615710876 15977.074 127.175 4025.3913225806455 31
stats: size_rcv 13318 65522
stats: size_sent 8636 35548
stats: connected 5 15
# stats: dump at 1654251527
stats: users 14 21
stats: {cpu,"tsung_controller@svc-tsung"} 1 0.8525576730190572 0.0 2.6703498413492506 0.5522088353413654 1.357607695847622 5
stats: {load,"tsung_controller@svc-tsung"} 1 0.0 0.0 0.0 0.0 0.0 5
stats: {freemem,"tsung_controller@svc-tsung"} 1 3229.79296875 0.0 3233.0234375 3229.79296875 3232.00234375 5
stats: session 16 9122.441687499999 8079.552718428901 33959.167 985.986 8201.02296666667 30
stats: users_count 13 60
stats: finish_users_count 16 46
stats: request 30 2867.743533333333 6432.294208304492 32443.424 3.48 1530.4595789473685 76
stats: connect 24 1.503291666666667 0.2686206245442735 2.61 0.948 1.5496629213483148 89
stats: page 30 2867.743533333333 6432.294208304492 32443.424 3.48 1530.4595789473685 76
stats: tr_req 17 5057.707352941176 7870.9515094601375 32444.122 491.651 4002.2913103448277 29
stats: 200 30 106
stats: tr_think 11 3893.032727272728 3524.149126037714 15977.074 123.129 4223.619095238096 42
stats: size_rcv 20700 86222
stats: size_sent 9496 45044
stats: connected -3 12
# stats: dump at 1654251537
stats: users 21 22
stats: {cpu,"tsung_controller@svc-tsung"} 1 0.6018054162487462 0.0 2.6703498413492506 0.5522088353413654 1.2734326920428611 6
stats: {load,"tsung_controller@svc-tsung"} 1 0.0 0.0 0.0 0.0 0.0 6
stats: {freemem,"tsung_controller@svc-tsung"} 1 3233.0625 0.0 3233.0625 3229.79296875 3231.6341145833335 6
stats: session 4 12038.681 9868.758882224754 33959.167 929.523 8521.51643478261 46
stats: users_count 11 71
stats: finish_users_count 4 50
stats: request 14 396.0523571428572 925.6614391597122 32443.424 3.48 1908.9361698113207 106
stats: connect 22 1.5413636363636365 0.2021425117122133 2.61 0.948 1.5398141592920356 113
stats: page 14 396.0523571428572 925.6614391597122 32443.424 3.48 1908.9361698113207 106
stats: tr_req 3 1826.2309999999998 1181.8790533394974 32444.122 461.541 4392.336369565217 46
stats: 200 14 120
stats: tr_think 11 7629.36490909091 7358.583711000489 25629.147 123.129 4155.0068301886795 53
stats: size_rcv 14248 100470
stats: size_sent 8928 53972
stats: connected 8 20
# stats: dump at 1654251547
stats: users 16 22
stats: {cpu,"tsung_controller@svc-tsung"} 1 0.5020080321285141 0.0 2.6703498413492506 0.5020080321285141 1.1774859383579876 7
stats: {load,"tsung_controller@svc-tsung"} 1 0.0 0.0 0.0 0.0 0.0 7
stats: {freemem,"tsung_controller@svc-tsung"} 1 3232.90234375 0.0 3233.0625 3229.79296875 3231.8381696428573 7
stats: session 18 12846.737111111115 12997.430390325373 45926.78 929.523 8802.8896 50
stats: users_count 13 84
stats: finish_users_count 18 68
stats: request 31 4731.881096774195 9477.78514750428 32443.424 3.48 1732.4330583333333 120
stats: connect 26 1.5607307692307693 0.24301876434235528 2.61 0.948 1.540066666666667 135
stats: page 31 4731.881096774195 9477.78514750428 32443.424 3.48 1732.4330583333333 120
stats: tr_req 18 8146.702166666666 11265.160981546698 32444.122 461.541 4235.227877551019 49
stats: 200 31 151
stats: tr_think 13 4182.374153846154 3807.1126575399494 25629.147 123.129 4752.162125000001 64
stats: size_rcv 20987 121457
stats: size_sent 10528 64500
stats: connected -5 15
# stats: dump at 1654251557
stats: users 24 26
stats: {cpu,"tsung_controller@svc-tsung"} 1 0.853413654618474 0.0 2.6703498413492506 0.5020080321285141 1.0930512000793033 8
stats: {load,"tsung_controller@svc-tsung"} 1 0.0 0.0 0.0 0.0 0.0 8
stats: {freemem,"tsung_controller@svc-tsung"} 1 3232.3984375 0.0 3233.0625 3229.79296875 3231.97119140625 8
stats: session 4 13128.75225 6635.123283755486 45926.78 929.523 9873.319823529413 68
stats: users_count 12 96
stats: finish_users_count 4 72
stats: request 15 2084.9316000000003 5481.733085614121 32443.424 3.48 2348.213781456954 151
stats: 200 15 166
stats: connect 22 1.5288181818181814 0.2109895810360908 2.61 0.948 1.5434037267080747 161
stats: page 15 2084.9316000000003 5481.733085614121 32443.424 3.48 2348.213781456954 151
stats: tr_req 4 7800.199500000001 8255.191839389274 32444.122 461.541 5286.07171641791 67
stats: size_rcv 14535 135992
stats: tr_think 11 4367.419727272727 3418.1651827052715 25629.147 123.129 4655.964155844156 77
stats: size_sent 8920 73420
stats: connected 6 21
# stats: dump at 1654251567
stats: users 20 26
stats: {cpu,"tsung_controller@svc-tsung"} 1 0.6012024048096193 0.0 2.6703498413492506 0.5020080321285141 1.0664248061392112 9
stats: {load,"tsung_controller@svc-tsung"} 1 0.0 0.0 0.0 0.0 0.0 9
stats: {freemem,"tsung_controller@svc-tsung"} 1 3232.51953125 0.0 3233.0625 3229.79296875 3232.0186631944443 9
stats: session 11 7733.10790909091 4939.996547896925 45926.78 929.523 10054.177180555556 72
stats: users_count 7 103
stats: finish_users_count 11 83
stats: request 20 1547.7076499999998 2693.4356846742653 32443.424 3.48 2324.4232228915666 166
stats: connect 17 1.4322352941176468 0.23614266112116222 2.61 0.948 1.5416502732240438 183
stats: page 20 1547.7076499999998 2693.4356846742653 32443.424 3.48 2324.4232228915666 166
stats: tr_req 12 2575.848833333334 3074.324568070761 32444.122 461.541 5427.712718309858 71
stats: 200 20 186
stats: tr_think 9 5902.237777777777 5131.183096848433 25629.147 123.129 4619.896102272728 88
stats: size_rcv 13180 149172
stats: size_sent 7020 80440
stats: connected -4 17
# stats: dump at 1654251577
stats: users 22 26
stats: {cpu,"tsung_controller@svc-tsung"} 1 0.4511278195488722 0.0 2.6703498413492506 0.4511278195488722 1.0199025660062522 10
stats: {load,"tsung_controller@svc-tsung"} 1 0.0 0.0 0.0 0.0 0.0 10
stats: {freemem,"tsung_controller@svc-tsung"} 1 3232.48046875 0.0 3233.0625 3229.79296875 3232.06875 10
stats: session 7 49966.66700000001 34155.86715128294 91103.805 929.523 9746.565590361448 83
stats: users_count 9 112
stats: finish_users_count 7 90
stats: connect 19 1.4478421052631578 0.24535393621586865 2.61 0.948 1.53235 200
stats: page 16 20192.2349375 32376.68538555781 85568.465 3.369 2240.905419354839 186
stats: tr_req 7 46146.30157142858 34619.715599917145 85568.844 461.541 5015.39504819277 83
stats: 200 16 202
stats: request 16 20192.2349375 32376.68538555781 85568.465 3.369 2240.905419354839 186
stats: tr_think 10 8237.7352 10403.334739498214 36780.229 123.129 4738.876257731959 97
stats: size_rcv 12962 162134
stats: size_sent 7812 88252
stats: connected 3 20
# stats: dump at 1654251587
stats: users 19 26
stats: {cpu,"tsung_controller@svc-tsung"} 1 0.8028098344204716 0.0 2.6703498413492506 0.4511278195488722 0.9681957708737631 11
stats: {load,"tsung_controller@svc-tsung"} 1 0.0 0.0 0.0 0.0 0.0 11
stats: {freemem,"tsung_controller@svc-tsung"} 1 3232.4140625 0.0 3233.0625 3229.79296875 3232.1061789772725 11
stats: session 11 18421.355727272727 19196.183094292726 91103.805 929.523 12874.7957 90
stats: users_count 8 120
stats: finish_users_count 11 101
stats: request 19 7295.919421052632 16467.588591006253 85568.465 3.128 3662.7929059405947 202
stats: connect 16 1.3465625 0.2404246162391655 2.61 0.948 1.5250182648401829 219
stats: page 19 7295.919421052632 16467.588591006253 85568.465 3.128 3662.7929059405947 202
stats: tr_req 11 12599.647454545455 20040.20792803387 85568.844 461.541 8214.465555555555 90
stats: 200 19 221
stats: tr_think 8 4734.9439999999995 3704.022405270047 36780.229 123.129 5065.872420560748 107
stats: size_rcv 12893 175027
stats: size_sent 6488 94740
stats: connected -3 17
# stats: dump at 1654251597
stats: users 15 26
stats: {cpu,"tsung_controller@svc-tsung"} 1 0.4014049172102358 0.0 2.6703498413492506 0.4014049172102358 0.9544136095026555 12
stats: {load,"tsung_controller@svc-tsung"} 1 0.0 0.0 0.0 0.0 0.0 12
stats: {freemem,"tsung_controller@svc-tsung"} 1 3232.94921875 0.0 3233.0625 3229.79296875 3232.1318359375 12
stats: session 10 26480.491099999996 29026.64742075119 91103.805 929.523 13478.876495049506 101
stats: users_count 6 126
stats: finish_users_count 10 111
stats: request 16 13537.7344375 23293.995422581054 85568.465 3.128 3975.1431493212676 221
stats: connect 13 1.447769230769231 0.22437233952865512 2.61 0.948 1.5128680851063832 235
stats: page 16 13537.7344375 23293.995422581054 85568.465 3.128 3975.1431493212676 221
stats: tr_req 10 21658.321 26312.49862474244 85568.844 461.541 8692.059623762376 101
stats: 200 16 237
stats: tr_think 7 4387.138285714286 3332.4274388543045 36780.229 123.129 5042.8513130434785 115
stats: size_rcv 10172 185199
stats: size_sent 5380 100120
stats: connected -4 13
# stats: dump at 1654251607
stats: users 17 26
stats: {cpu,"tsung_controller@svc-tsung"} 1 0.4511278195488722 0.0 2.6703498413492506 0.4014049172102358 0.9118744793263155 13
stats: {load,"tsung_controller@svc-tsung"} 1 0.0 0.0 0.0 0.0 0.0 13
stats: {freemem,"tsung_controller@svc-tsung"} 1 3232.66796875 0.0 3233.0625 3229.79296875 3232.1947115384614 13
stats: session 7 33959.93885714286 21722.343923559074 91103.805 929.523 14650.193126126125 111
stats: users_count 9 135
stats: finish_users_count 7 118
stats: request 16 10933.7323125 20651.723023986026 85568.465 3.128 4620.718932489452 237
stats: connect 19 1.7015263157894738 0.4116851592662903 3.229 0.948 1.5094556451612906 248
stats: page 16 10933.7323125 20651.723023986026 85568.465 3.128 4620.718932489452 237
stats: tr_req 7 24986.222 24976.07577225858 85568.844 461.541 9860.19127927928 111
stats: 200 16 253
stats: tr_think 10 7874.725099999999 10180.215125360548 36780.229 123.129 5005.22843442623 122
stats: size_rcv 12962 198161
stats: size_sent 7804 107924
stats: connected 3 16
# stats: dump at 1654251617
stats: users 17 26
stats: {cpu,"tsung_controller@svc-tsung"} 1 0.8525576730190572 0.0 2.6703498413492506 0.4014049172102358 0.8789640036279268 14
stats: {load,"tsung_controller@svc-tsung"} 1 0.0 0.0 0.0 0.0 0.0 14
stats: {freemem,"tsung_controller@svc-tsung"} 1 3231.375 0.0 3233.0625 3229.79296875 3232.228515625 14
stats: session 15 12101.206 14386.18706767965 91103.805 929.523 15795.686516949152 118
stats: users_count 15 150
stats: finish_users_count 15 133
stats: request 28 4127.71525 10704.958043268538 85568.465 3.128 5019.960885375494 253
stats: connect 25 1.6191199999999992 0.29094361240625294 3.229 0.948 1.5231235955056184 267
stats: page 28 4127.71525 10704.958043268538 85568.465 3.128 5019.960885375494 253
stats: tr_req 14 8251.278857142857 13971.087880127747 85568.844 461.541 10757.498186440678 118
stats: 200 28 281
stats: tr_think 11 4215.168909090909 4255.743003333441 36780.229 26.977 5222.614545454547 132
stats: size_rcv 21056 219217
stats: size_sent 9804 117728
stats: connected 0 16
# stats: dump at 1654251627
stats: users 21 26
stats: {cpu,"tsung_controller@svc-tsung"} 1 0.8521303258145364 0.0 2.6703498413492506 0.4014049172102358 0.8772035815873355 15
stats: {load,"tsung_controller@svc-tsung"} 1 0.0 0.0 0.0 0.0 0.0 15
stats: {freemem,"tsung_controller@svc-tsung"} 1 3231.16015625 0.0 3233.0625 3229.79296875 3232.1716145833334 15
stats: session 5 43568.998999999996 28170.99854451456 91103.805 929.523 15379.015781954886 133
stats: users_count 9 159
stats: finish_users_count 5 138
stats: request 16 9567.5886875 18070.980760986156 85568.465 3.128 4931.053846975089 281
stats: connect 21 1.4956190476190476 0.29266517130388275 3.229 0.948 1.5313424657534247 292
stats: page 16 9567.5886875 18070.980760986156 85568.465 3.128 4931.053846975089 281
stats: tr_req 6 25506.003666666667 21550.006213113742 85568.844 461.541 10491.687045454546 132
stats: 200 16 297
stats: tr_think 11 4494.346272727273 3550.427718684125 36780.229 26.977 5145.118727272728 143
stats: size_rcv 13892 233109
stats: size_sent 8652 126380
stats: connected 3 19
# stats: dump at 1654251637
stats: users 16 26
stats: {cpu,"tsung_controller@svc-tsung"} 1 0.4518072289156626 0.0 2.6703498413492506 0.4014049172102358 0.8756365031015355 16
stats: {load,"tsung_controller@svc-tsung"} 1 0.0 0.0 0.0 0.0 0.0 16
stats: {freemem,"tsung_controller@svc-tsung"} 1 3230.890625 0.0 3233.0625 3229.79296875 3232.1083984375 16
stats: session 14 12856.618785714289 12883.841690136638 91103.805 929.523 16400.391985507245 138
stats: users_count 9 168
stats: finish_users_count 14 152
stats: request 23 4501.877434782607 11079.943668232097 85568.465 3.128 5180.833501683502 297
stats: connect 19 1.547 0.2435124551013227 3.229 0.948 1.5289456869009586 313
stats: page 23 4501.877434782607 11079.943668232097 85568.465 3.128 5180.833501683502 297
stats: tr_req 14 7393.722142857144 13428.334257397484 85568.844 461.541 11144.483420289856 138
stats: 200 23 320
stats: tr_think 10 5662.3405 5252.154006251326 36780.229 26.977 5098.634980519481 154
stats: size_rcv 14971 248080
stats: size_sent 7844 134224
stats: connected -4 15
# stats: dump at 1654251647
stats: users 30 30
stats: {cpu,"tsung_controller@svc-tsung"} 1 0.9027081243731194 0.0 2.6703498413492506 0.4014049172102358 0.8507053693258959 17
stats: {load,"tsung_controller@svc-tsung"} 1 0.0 0.0 0.0 0.0 0.0 17
stats: {freemem,"tsung_controller@svc-tsung"} 1 3231.20703125 0.0 3233.0625 3229.79296875 3232.0367647058824 17
stats: session 5 23545.405 20912.905376640923 91103.805 818.802 16073.991822368422 152
stats: users_count 19 187
stats: finish_users_count 5 157
stats: request 23 4517.641434782609 12345.097943862489 85568.465 3.128 5132.033534374999 320
stats: connect 34 1.5462941176470588 0.20955071398137443 3.229 0.948 1.5299789156626504 332
stats: page 23 4517.641434782609 12345.097943862489 85568.465 3.128 5132.033534374999 320
stats: tr_req 5 20764.1642 19073.46237790413 85568.844 461.541 10799.018565789476 152
stats: 200 23 343
stats: tr_think 16 4010.146875000001 3845.3879155521954 36780.229 26.977 5133.007268292684 164
stats: size_rcv 23341 271421
stats: size_sent 13560 147784
stats: connected 13 28
# stats: dump at 1654251657
stats: users 19 31
stats: {cpu,"tsung_controller@svc-tsung"} 1 0.5519317611640743 0.0 2.6703498413492506 0.4014049172102358 0.8535944112729639 18
stats: {load,"tsung_controller@svc-tsung"} 1 0.0 0.0 0.0 0.0 0.0 18
stats: {freemem,"tsung_controller@svc-tsung"} 1 3230.80078125 0.0 3233.0625 3229.79296875 3231.990668402778 18
stats: session 21 12478.163142857145 12683.751841770789 91103.805 818.802 16311.934917197454 157
stats: users_count 10 197
stats: finish_users_count 21 178
stats: request 32 5288.568781250001 11161.482026148646 85568.465 3.128 5090.835230320698 343
stats: connect 23 1.4592608695652172 0.27718228461355837 3.229 0.948 1.5314945355191254 366
stats: page 32 5288.568781250001 11161.482026148646 85568.465 3.128 5090.835230320698 343
stats: tr_req 21 8056.742476190478 12944.109068390057 85568.844 384.189 11116.379891719747 157
stats: 200 32 375
stats: tr_think 12 4497.767000000001 3421.334174565409 36780.229 26.977 5033.197455555556 180
stats: size_rcv 19414 290835
stats: size_sent 9444 157228
stats: connected -12 16
# stats: dump at 1654251667
stats: users 18 31
stats: {cpu,"tsung_controller@svc-tsung"} 1 0.45158053186151526 0.0 2.6703498413492506 0.4014049172102358 0.8377174296882854 19
stats: {load,"tsung_controller@svc-tsung"} 1 0.0 0.0 0.0 0.0 0.0 19
stats: {freemem,"tsung_controller@svc-tsung"} 1 3230.76171875 0.0 3233.0625 3229.79296875 3231.928042763158 19
stats: session 10 11482.8211 8902.698600246978 91103.805 818.802 15859.636 178
stats: users_count 9 206
stats: finish_users_count 10 188
stats: request 19 3237.0965789473685 6644.268279417359 85568.465 3.128 5107.708493333333 375
stats: page 19 3237.0965789473685 6644.268279417359 85568.465 3.128 5107.708493333333 375
stats: tr_req 10 6147.204 8124.265681301604 85568.844 384.189 10755.411432584271 178
stats: 200 19 394
stats: connect 20 1.4706000000000001 0.24264426636539344 3.229 0.948 1.5272236503856038 389
stats: tr_think 11 5434.2789999999995 5513.279668557497 36780.229 26.977 4999.733052083334 192
stats: size_rcv 13823 304658
stats: size_sent 8328 165556
stats: connected 0 16
# stats: dump at 1654251677
stats: users 13 31
stats: {cpu,"tsung_controller@svc-tsung"} 1 0.7533902561526872 0.0 2.6703498413492506 0.4014049172102358 0.818410584796947 20
stats: {load,"tsung_controller@svc-tsung"} 1 0.0 0.0 0.0 0.0 0.0 20
stats: {freemem,"tsung_controller@svc-tsung"} 1 3230.71875 0.0 3233.0625 3229.79296875 3231.8697265625 20
stats: session 10 15177.548900000003 10825.374930480797 91103.805 818.802 15626.826696808512 188
stats: users_count 5 211
stats: finish_users_count 10 198
stats: request 15 6328.176533333332 9849.748208604266 85568.465 3.128 5017.501319796954 394
stats: connect 11 1.5890909090909089 0.35193425381491994 3.229 0.948 1.5244547677261613 409
stats: page 15 6328.176533333332 9849.748208604266 85568.465 3.128 5017.501319796954 394
stats: tr_req 10 9488.6743 10750.276720359305 85568.844 384.189 10510.294015957448 188
stats: 200 15 409
stats: tr_think 6 6651.454333333332 5113.02273541968 36780.229 26.977 5023.279876847291 203
stats: size_rcv 8955 313613
stats: size_sent 4572 170128
stats: connected -4 12
# stats: dump at 1654251687
stats: users 16 31
stats: {cpu,"tsung_controller@svc-tsung"} 1 0.7507507507507507 0.0 2.6703498413492506 0.4014049172102358 0.8153143786710298 21
stats: {load,"tsung_controller@svc-tsung"} 1 0.0 0.0 0.0 0.0 0.0 21
stats: {freemem,"tsung_controller@svc-tsung"} 1 3231.70703125 0.0 3233.0625 3229.79296875 3231.814918154762 21
stats: session 5 28606.1448 27721.050208229797 91103.805 818.802 15604.1358989899 198
stats: users_count 8 219
stats: finish_users_count 5 203
stats: request 13 10109.708692307693 21415.61105468461 85568.465 3.128 5065.570092909535 409
stats: connect 13 1.5560769230769227 0.14600814599954637 3.229 0.948 1.526147619047619 420
stats: page 13 10109.708692307693 21415.61105468461 85568.465 3.128 5065.570092909535 409
stats: tr_req 5 26278.0092 27706.886493482623 85568.844 384.189 10458.697060606062 198
stats: 200 13 422
stats: tr_think 5 4618.1812 4429.6175257785135 36780.229 26.977 5070.021727272729 209
stats: size_rcv 11171 324784
stats: size_sent 4964 175092
stats: connected 3 15
# stats: dump at 1654251697
stats: users 14 31
stats: {cpu,"tsung_controller@svc-tsung"} 1 0.6516290726817042 0.0 2.6703498413492506 0.4014049172102358 0.8123796683110172 22
stats: {load,"tsung_controller@svc-tsung"} 1 0.0 0.0 0.0 0.0 0.0 22
stats: {freemem,"tsung_controller@svc-tsung"} 1 3230.95703125 0.0 3233.0625 3229.79296875 3231.8100142045455 22
stats: session 11 26741.066818181822 29615.46928034529 91103.805 818.802 15924.382423645322 203
stats: users_count 9 228
stats: finish_users_count 11 214
stats: request 20 11826.86005 24942.93228495541 85568.465 3.128 5220.958248815165 422
stats: connect 19 1.5388947368421049 0.3873748211713848 3.229 0.948 1.5270461893764435 433
stats: page 20 11826.86005 24942.93228495541 85568.465 3.128 5220.958248815165 422
stats: tr_req 11 21497.214636363642 30387.29342658931 85568.844 384.189 10848.335290640396 203
stats: 200 20 442
stats: tr_think 10 3250.33 2664.1208587835126 36780.229 26.977 5059.464705607477 214
stats: size_rcv 14110 338894
stats: size_sent 7836 182928
stats: connected -3 12
# stats: dump at 1654251707
stats: users 8 31
stats: {cpu,"tsung_controller@svc-tsung"} 1 0.653923541247485 0.0 2.6703498413492506 0.4014049172102358 0.8053905119793079 23
stats: {load,"tsung_controller@svc-tsung"} 1 0.0 0.0 0.0 0.0 0.0 23
stats: {freemem,"tsung_controller@svc-tsung"} 1 3231.5 0.0 3233.0625 3229.79296875 3231.7729279891305 23
stats: session 14 24125.654357142856 26130.22531066513 91103.805 818.802 16480.380219626168 214
stats: users_count 8 236
stats: finish_users_count 14 228
stats: request 22 13131.489227272728 22768.965078284116 85568.465 3.128 5519.867832579184 442
stats: connect 16 1.5630625000000002 0.2555553924176714 3.229 0.948 1.5275442477876107 452
stats: page 22 13131.489227272728 22768.965078284116 85568.465 3.128 5519.867832579184 442
stats: tr_req 14 20633.203999999998 25689.032719657866 85568.844 281.066 11395.707593457946 214
stats: 200 22 464
stats: tr_think 8 4590.671 3431.2769602163785 36780.229 26.977 4978.699763392858 224
stats: size_rcv 13754 352648
stats: size_sent 6480 189408
stats: connected -6 6
# stats: dump at 1654251717
stats: users 15 31
stats: {cpu,"tsung_controller@svc-tsung"} 1 0.6506506506506506 0.0 2.6703498413492506 0.4014049172102358 0.7990793881988153 24
stats: {load,"tsung_controller@svc-tsung"} 1 0.0 0.0 0.0 0.0 0.0 24
stats: {freemem,"tsung_controller@svc-tsung"} 1 3232.93359375 0.0 3233.0625 3229.79296875 3231.7615559895835 24
stats: session 6 13510.233 10881.410537204938 91103.805 440.415 16949.826877192983 228
stats: users_count 13 249
stats: finish_users_count 6 234
stats: request 18 2006.9326666666666 6885.451446862006 85568.465 3.128 5880.763674568965 464
stats: connect 26 1.5450000000000002 0.2526740070647431 3.229 0.948 1.5287585470085472 468
stats: page 18 2006.9326666666666 6885.451446862006 85568.465 3.128 5880.763674568965 464
stats: tr_req 5 7212.2334 11539.767918901049 85568.844 281.066 11962.922285087721 228
stats: 200 18 482
stats: tr_think 13 5496.5453076923095 6083.828424044258 36780.229 26.977 4965.319461206897 232
stats: size_rcv 17256 369904
stats: size_sent 10544 199952
stats: connected 9 15
# stats: dump at 1654251727
stats: users 11 31
stats: {cpu,"tsung_controller@svc-tsung"} 1 1.2024048096192386 0.0 2.6703498413492506 0.4014049172102358 0.7931422386968887 25
stats: {load,"tsung_controller@svc-tsung"} 1 0.0 0.0 0.0 0.0 0.0 25
stats: {freemem,"tsung_controller@svc-tsung"} 1 3231.80859375 0.0 3233.0625 3229.79296875 3231.8084375 25
stats: session 15 10306.2746 8104.540268743694 91103.805 440.415 16861.632162393165 234
stats: users_count 11 260
stats: finish_users_count 15 249
stats: request 25 3583.1799199999996 6959.848320773739 85568.465 3.128 5736.097786307054 482
stats: connect 17 1.5352941176470594 0.20124312621242696 3.229 0.948 1.5296133603238866 494
stats: page 25 3583.1799199999996 6959.848320773739 85568.465 3.128 5736.097786307054 482
stats: tr_req 16 5596.653375000001 8026.948033644169 85568.844 281.066 11860.976171673821 233
stats: 200 25 507
stats: tr_think 8 5619.2465 3930.3587371599747 36780.229 26.977 4993.5069551020415 245
stats: size_rcv 15545 385449
stats: size_sent 6764 206716
stats: connected -7 8
# stats: dump at 1654251737
stats: users 13 31
stats: {cpu,"tsung_controller@svc-tsung"} 1 0.9031610637230305 0.0 2.6703498413492506 0.4014049172102358 0.8088831068092868 26
stats: {load,"tsung_controller@svc-tsung"} 1 0.0 0.0 0.0 0.0 0.0 26
stats: {freemem,"tsung_controller@svc-tsung"} 1 3232.69921875 0.0 3233.0625 3229.79296875 3231.8084435096152 26
stats: session 5 13436.147999999997 12893.818284799223 91103.805 440.415 16466.731104417675 249
stats: users_count 7 267
stats: finish_users_count 5 254
stats: request 13 2692.4683846153853 7827.430489850967 85568.465 3.128 5629.938128205128 507
stats: connect 18 1.493222222222222 0.24447030166272093 3.229 0.917 1.529802348336595 511
stats: page 13 2692.4683846153853 7827.430489850967 85568.465 3.128 5629.938128205128 507
stats: tr_req 5 6993.722600000001 11368.381285209898 85568.844 281.066 11458.44940562249 249
stats: tr_think 10 4602.898800000001 3240.542984388412 36780.229 26.977 5013.293185770752 253
stats: 200 13 520
stats: size_rcv 11171 396620
stats: size_sent 7512 214228
stats: connected 2 10
# stats: dump at 1654251747
stats: users 12 31
stats: {cpu,"tsung_controller@svc-tsung"} 1 0.8512769153730596 0.0 2.6703498413492506 0.4014049172102358 0.8123748829912772 27
stats: {load,"tsung_controller@svc-tsung"} 1 0.0 0.0 0.0 0.0 0.0 27
stats: {freemem,"tsung_controller@svc-tsung"} 1 3232.16015625 0.0 3233.0625 3229.79296875 3231.841435185185 27
stats: session 7 11094.395571428571 7440.5120556574 91103.805 440.415 16407.07395669292 254
stats: users_count 6 273
stats: finish_users_count 7 261
stats: request 13 1716.2755384615389 2529.7693464567574 85568.465 3.128 5556.501384615385 520
stats: connect 13 1.6043846153846153 0.22611349718552287 3.229 0.917 1.5285576559546314 529
stats: page 13 1716.2755384615389 2529.7693464567574 85568.465 3.128 5556.501384615385 520
stats: tr_req 7 3183.9974285714284 2687.024042691035 85568.844 281.066 11370.561082677166 254
stats: 200 13 533
stats: tr_think 7 6926.825714285714 7580.3757135535125 36780.229 26.977 4997.688836501902 263
stats: size_rcv 9311 405931
stats: size_sent 5396 219624
stats: connected 0 10
# stats: dump at 1654251757
stats: users 9 31
stats: {cpu,"tsung_controller@svc-tsung"} 1 0.7017543859649122 0.0 2.6703498413492506 0.4014049172102358 0.8137642412906266 28
stats: {load,"tsung_controller@svc-tsung"} 1 0.0 0.0 0.0 0.0 0.0 28
stats: {freemem,"tsung_controller@svc-tsung"} 1 3231.9296875 0.0 3233.0625 3229.79296875 3231.8528180803573 28
stats: session 8 17604.514124999998 16129.54546330365 91103.805 440.415 16264.588329501921 261
stats: users_count 5 278
stats: finish_users_count 8 269
stats: request 14 8463.535142857143 13880.259305442927 85568.465 3.128 5462.837339587242 533
stats: connect 10 1.5299 0.290781172017722 3.229 0.917 1.5303763837638378 542
stats: page 14 8463.535142857143 13880.259305442927 85568.465 3.128 5462.837339587242 533
stats: tr_req 8 14805.1155 15599.248433476194 85568.844 281.066 11150.998072796934 261
stats: 200 14 547
stats: tr_think 4 4648.3495 3465.045845461536 36780.229 26.977 5047.703496296298 270
stats: size_rcv 9598 415529
stats: size_sent 3864 223488
stats: connected -2 8
# stats: dump at 1654251767
stats: users 17 31
stats: {cpu,"tsung_controller@svc-tsung"} 1 0.6009013520280421 0.0 2.6703498413492506 0.4014049172102358 0.8099018324862917 29
stats: {load,"tsung_controller@svc-tsung"} 1 0.0 0.0 0.0 0.0 0.0 29
stats: {freemem,"tsung_controller@svc-tsung"} 1 3232.6953125 0.0 3233.0625 3229.79296875 3231.85546875 29
stats: session 3 18170.086666666666 23448.187888059598 91103.805 440.415 16304.437423791825 269
stats: users_count 11 289
stats: finish_users_count 3 272
stats: request 14 3670.110857142858 12969.903808201052 85568.465 3.128 5539.637648994516 547
stats: connect 21 1.4630476190476192 0.20733145218649202 3.229 0.917 1.5303677536231886 552
stats: page 14 3670.110857142858 12969.903808201052 85568.465 3.128 5539.637648994516 547
stats: tr_req 3 17111.589333333333 23560.367851730138 85568.844 281.066 11259.670710037175 269
stats: 200 14 561
stats: tr_think 10 3188.7635 2241.923217607697 36780.229 26.977 5041.873510948906 274
stats: size_rcv 14248 429777
stats: size_sent 8428 231916
stats: connected 6 14
# stats: dump at 1654251777
stats: users 12 31
stats: {cpu,"tsung_controller@svc-tsung"} 1 0.30135610246107486 0.0 2.6703498413492506 0.30135610246107486 0.80293514980435 30
stats: {load,"tsung_controller@svc-tsung"} 1 0.0 0.0 0.0 0.0 0.0 30
stats: {freemem,"tsung_controller@svc-tsung"} 1 3232.7578125 0.0 3233.0625 3229.79296875 3231.8834635416665 30
stats: session 11 13554.522181818182 15243.259285779162 91103.805 440.415 16325.014437500004 272
stats: users_count 6 295
stats: finish_users_count 11 283
stats: request 16 5196.867499999999 12110.462104484292 85568.465 3.128 5492.982791443851 561
stats: connect 14 1.3826428571428568 0.22927575634807018 3.229 0.917 1.5279005235602097 573
stats: page 16 5196.867499999999 12110.462104484292 85568.465 3.128 5492.982791443851 561
stats: tr_req 10 8312.7827 14449.087722662784 85568.844 281.066 11324.21393014706 272
stats: 200 16 577
stats: tr_think 8 5425.104625000001 4027.885432572436 36780.229 26.977 4976.623158450705 284
stats: size_rcv 10172 439949
stats: size_sent 5920 237836
stats: connected -3 11
# stats: dump at 1654251787
stats: users 14 31
stats: {cpu,"tsung_controller@svc-tsung"} 1 0.802407221664995 0.0 2.6703498413492506 0.30135610246107486 0.7867551805352121 31
stats: {load,"tsung_controller@svc-tsung"} 1 0.0 0.0 0.0 0.0 0.0 31
stats: {freemem,"tsung_controller@svc-tsung"} 1 3232.23046875 0.0 3233.0625 3229.79296875 3231.911668346774 31
stats: session 10 20000.0237 19616.69713304763 91103.805 440.415 16217.327459363962 283
stats: users_count 12 307
stats: finish_users_count 10 293
stats: request 20 7801.770800000001 15864.110350187933 85568.465 3.128 5484.771622183709 577
stats: connect 18 1.637722222222222 0.24821044063356026 3.229 0.917 1.524436115843271 587
stats: page 20 7801.770800000001 15864.110350187933 85568.465 3.128 5484.771622183709 577
stats: tr_req 10 15599.309700000003 19538.470384816228 85568.844 281.066 11217.425588652482 282
stats: 200 20 597
stats: tr_think 8 6596.0935 7269.769826859462 36780.229 26.977 4988.910321917809 292
stats: size_rcv 15040 454989
stats: size_sent 7064 244900
stats: connected 1 12
# stats: dump at 1654251797
stats: users 18 31
stats: {cpu,"tsung_controller@svc-tsung"} 1 0.5513784461152882 0.0 2.6703498413492506 0.30135610246107486 0.7872443068205178 32
stats: {load,"tsung_controller@svc-tsung"} 1 0.0 0.0 0.0 0.0 0.0 32
stats: {freemem,"tsung_controller@svc-tsung"} 1 3232.5546875 0.0 3233.0625 3229.79296875 3231.921630859375 32
stats: session 8 8782.812624999999 5838.096935338924 91103.805 440.415 16346.42972013652 293
stats: users_count 12 319
stats: finish_users_count 8 301
stats: request 20 1621.9773499999997 4622.298677096951 85568.465 3.128 5562.39303517588 597
stats: connect 26 1.6887692307692306 0.8015995215189491 4.922 0.917 1.5278066115702482 605
stats: page 20 1621.9773499999997 4622.298677096951 85568.465 3.128 5562.39303517588 597
stats: tr_req 7 4622.74657142857 6870.002769598544 85568.844 281.066 11367.490113013699 292
stats: 200 20 617
stats: tr_think 13 5026.948846153848 4359.4120665712535 36780.229 26.977 5031.768540000001 300
stats: size_rcv 17830 472819
stats: size_sent 10520 255420
stats: connected 6 18
# stats: dump at 1654251807
stats: users 13 31
stats: {cpu,"tsung_controller@svc-tsung"} 1 0.8529854490717512 0.0 2.6703498413492506 0.30135610246107486 0.7800968564961169 33
stats: {load,"tsung_controller@svc-tsung"} 1 0.0 0.0 0.0 0.0 0.0 33
stats: {freemem,"tsung_controller@svc-tsung"} 1 3233.42578125 0.0 3233.42578125 3229.79296875 3231.9408143939395 33
stats: session 14 12950.167214285713 15985.402056136572 91103.805 440.415 16145.403352159472 301
stats: users_count 9 328
stats: finish_users_count 14 315
stats: request 24 4638.490375 11130.497301718817 85568.465 3.128 5434.664811993517 617
stats: connect 20 1.5225999999999997 0.32141988115236436 4.922 0.917 1.5344389857369258 631
stats: page 24 4638.490375 11130.497301718817 85568.465 3.128 5434.664811993517 617
stats: tr_req 15 7418.579799999998 13327.256251058192 85568.844 229.519 11209.5864180602 299
stats: 200 24 641
stats: tr_think 11 4319.989454545455 3865.036942548894 36780.229 26.977 5031.568361022365 313
stats: size_rcv 15258 488077
stats: size_sent 8336 263756
stats: connected -7 11
# stats: dump at 1654251817
stats: users 13 31
stats: {cpu,"tsung_controller@svc-tsung"} 1 1.0025062656641603 0.0 2.6703498413492506 0.30135610246107486 0.7822406386306944 34
stats: {load,"tsung_controller@svc-tsung"} 1 0.0 0.0 0.0 0.0 0.0 34
stats: {freemem,"tsung_controller@svc-tsung"} 1 3233.34765625 0.0 3233.42578125 3229.79296875 3231.984489889706 34
stats: session 8 25496.11925 18232.21803631993 91103.805 440.415 16003.39285714286 315
stats: users_count 8 336
stats: finish_users_count 8 323
stats: request 16 10030.1179375 17665.129404484313 85568.465 3.128 5404.854848673947 641
stats: connect 15 1.605466666666667 0.23298265076085725 4.922 0.917 1.5340752688172046 651
stats: page 16 10030.1179375 17665.129404484313 85568.465 3.128 5404.854848673947 641
stats: tr_req 8 20056.537500000002 20568.804183551503 85568.844 229.519 11028.487375796178 314
stats: 200 16 657
stats: tr_think 6 4000.7788333333333 3859.1860446055384 36780.229 26.977 5007.409817901236 324
stats: size_rcv 12032 500109
stats: size_sent 5748 269504
stats: connected 2 13
# stats: dump at 1654251827
stats: users 10 31
stats: {cpu,"tsung_controller@svc-tsung"} 1 0.7518796992481203 0.0 2.6703498413492506 0.30135610246107486 0.788533942260222 35
stats: {load,"tsung_controller@svc-tsung"} 1 0.0 0.0 0.0 0.0 0.0 35
stats: {freemem,"tsung_controller@svc-tsung"} 1 3232.29296875 0.0 3233.42578125 3229.79296875 3232.0234375 35
stats: session 12 9223.31275 8985.928370614682 91103.805 440.415 16238.506823529415 323
stats: users_count 9 345
stats: finish_users_count 12 335
stats: request 22 1995.6235454545456 4164.625508578191 85568.465 3.128 5517.494436834095 657
stats: connect 18 1.7400555555555552 0.8034630235716598 4.931 0.917 1.5356831831831834 666
stats: page 22 1995.6235454545456 4164.625508578191 85568.465 3.128 5517.494436834095 657
stats: tr_req 12 3653.6315833333333 5074.731137344297 85568.844 229.519 11252.786757763974 322
stats: 200 22 679
stats: tr_think 9 6610.934444444445 7675.014639550282 36780.229 26.977 4989.107436363637 330
stats: size_rcv 15614 515723
stats: size_sent 7296 276800
stats: connected -4 9
# stats: dump at 1654251837
stats: users 17 31
stats: {cpu,"tsung_controller@svc-tsung"} 1 0.6509764646970456 0.0 2.6703498413492506 0.30135610246107486 0.7875157688432192 36
stats: {load,"tsung_controller@svc-tsung"} 1 0.0 0.0 0.0 0.0 0.0 36
stats: {freemem,"tsung_controller@svc-tsung"} 1 3232.91015625 0.0 3233.42578125 3229.79296875 3232.0309244791665 36
stats: session 7 23962.189571428575 23470.65341306736 91103.805 440.415 15987.21628955224 335
stats: users_count 14 359
stats: finish_users_count 7 342
stats: 200 22 701
stats: request 22 5936.997863636363 14870.088332908232 85568.465 3.128 5403.383745213549 679
stats: connect 25 1.4684000000000004 0.2178347997910343 4.931 0.917 1.5410614035087722 684
stats: page 22 5936.997863636363 14870.088332908232 85568.465 3.128 5403.383745213549 679
stats: tr_req 8 16318.386125 20946.025812230768 85568.844 229.519 10979.763218562874 334
stats: size_rcv 19334 535057
stats: tr_think 11 4885.125818181818 4891.720000712221 36780.229 26.977 5032.164790560472 339
stats: size_sent 9804 286604
stats: connected 6 15
# stats: dump at 1654251847
stats: users 10 31
stats: {cpu,"tsung_controller@svc-tsung"} 1 0.7533902561526872 0.0 2.6703498413492506 0.30135610246107486 0.7838255173798091 37
stats: {load,"tsung_controller@svc-tsung"} 1 0.0 0.0 0.0 0.0 0.0 37
stats: {freemem,"tsung_controller@svc-tsung"} 1 3233.41015625 0.0 3233.42578125 3229.79296875 3232.0546875 37
stats: session 17 8780.327117647059 6659.084631495946 91103.805 440.415 16150.446736842105 342
stats: users_count 10 369
stats: finish_users_count 17 359
stats: request 27 2841.7658518518524 5690.519102916599 85568.465 3.128 5420.130550641939 701
stats: page 27 2841.7658518518524 5690.519102916599 85568.465 3.128 5420.130550641939 701
stats: tr_req 17 4510.895294117647 6626.656350365861 85568.844 229.519 11104.643286549706 342
stats: 200 27 728
stats: connect 22 1.3912272727272725 0.2824578700392457 4.931 0.876 1.5384992947813827 709
stats: tr_think 12 4480.2995 3878.1602211212103 36780.229 26.977 5027.543565714286 350
stats: size_rcv 17049 552106
stats: size_sent 9152 295756
stats: connected -8 7
# stats: dump at 1654251857
stats: users 11 31
stats: {cpu,"tsung_controller@svc-tsung"} 1 0.9533366783743101 0.0 2.6703498413492506 0.30135610246107486 0.7830245894527795 38
stats: {load,"tsung_controller@svc-tsung"} 1 0.0 0.0 0.0 0.0 0.0 38
stats: {freemem,"tsung_controller@svc-tsung"} 1 3232.90234375 0.0 3233.42578125 3229.79296875 3232.0903577302633 38
stats: session 7 16317.129 11796.466358253692 91103.805 440.415 15801.443857938719 359
stats: users_count 8 377
stats: finish_users_count 7 366
stats: request 15 5400.853533333333 9058.665307662139 85568.465 3.128 5324.504387362636 728
stats: connect 19 1.3707894736842106 0.18124295382234676 4.931 0.876 1.5340670314637486 731
stats: page 15 5400.853533333333 9058.665307662139 85568.465 3.128 5324.504387362636 728
stats: tr_req 7 11568.804857142857 10223.474377659086 85568.844 229.519 10792.40452367688 359
stats: 200 15 743
stats: tr_think 11 4271.789000000001 3315.832868901568 36780.229 26.977 5009.402878453039 362
stats: size_rcv 11745 563851
stats: size_sent 8092 303848
stats: connected 1 8
# stats: dump at 1654251867
stats: users 6 31
stats: {cpu,"tsung_controller@svc-tsung"} 1 0.5508262393590386 0.0 2.6703498413492506 0.30135610246107486 0.7873915660917932 39
stats: {load,"tsung_controller@svc-tsung"} 1 0.0 0.0 0.0 0.0 0.0 39
stats: {freemem,"tsung_controller@svc-tsung"} 1 3232.984375 0.0 3233.42578125 3229.79296875 3232.1111778846152 39
stats: session 14 11669.8855 8258.603529556 91103.805 440.415 15811.30668852459 366
stats: users_count 9 386
stats: finish_users_count 14 380
stats: request 23 2835.6531739130437 5094.378703543976 85568.465 3.128 5326.045756393 743
stats: connect 16 1.4461875000000002 0.2019199156689354 4.931 0.876 1.529930666666667 750
stats: page 23 2835.6531739130437 5094.378703543976 85568.465 3.128 5326.045756393 743
stats: tr_req 14 4655.908357142857 5845.843904314593 85568.844 180.046 10807.253710382514 366
stats: 200 23 766
stats: tr_think 7 9794.268714285712 8675.829726368007 36780.229 26.977 4987.650190348526 373
stats: size_rcv 14971 578822
stats: size_sent 6240 310088
stats: connected -3 5
# stats: dump at 1654251877
stats: users 8 31
stats: {cpu,"tsung_controller@svc-tsung"} 1 1.6574585635359116 0.0 2.6703498413492506 0.30135610246107486 0.7814774329234744 40
stats: {load,"tsung_controller@svc-tsung"} 1 0.0 0.0 0.0 0.0 0.0 40
stats: {freemem,"tsung_controller@svc-tsung"} 1 3237.4296875 0.0 3237.4296875 3229.79296875 3232.1330078125 40
stats: session 7 2234.012142857143 1903.5100192792283 91103.805 440.415 15658.728013157894 380
stats: users_count 9 395
stats: finish_users_count 7 387
stats: connect 18 1.397888888888889 0.24365957328683183 4.931 0.876 1.5281814621409924 766
stats: request 15 89.18486666666666 136.76677759108344 85568.465 3.051 5251.2689556135765 766
stats: page 15 89.18486666666666 136.76677759108344 85568.465 3.051 5251.2689556135765 766
stats: tr_req 6 217.4765 139.67284563191467 85568.844 92.091 10580.625197368423 380
stats: 200 15 781
stats: tr_think 9 4696.895888888889 4353.595730788681 36780.229 11.057 5076.1931631578955 380
stats: size_rcv 12675 591497
stats: size_sent 7280 317368
stats: connected 4 9
# stats: dump at 1654251887
stats: users 6 31
stats: {cpu,"tsung_controller@svc-tsung"} 1 0.4513540621865597 0.0 2.6703498413492506 0.30135610246107486 0.802842826353046 41
stats: {load,"tsung_controller@svc-tsung"} 1 0.0 0.0 0.0 0.0 0.0 41
stats: {freemem,"tsung_controller@svc-tsung"} 1 3237.48828125 0.0 3237.48828125 3229.79296875 3232.262195121951 41
stats: session 10 8921.268500000002 4578.946717953666 91103.805 440.415 15415.903695090437 387
stats: users_count 8 403
stats: finish_users_count 10 397
stats: request 18 1974.9834444444448 3546.084171673284 85568.465 3.051 5152.125215108835 781
stats: connect 19 1.508473684210526 0.24975848722127184 4.931 0.876 1.5251900510204084 784
stats: page 18 1974.9834444444448 3546.084171673284 85568.465 3.051 5152.125215108835 781
stats: tr_req 10 3551.2748999999994 4128.811745174619 85568.844 92.091 10419.539984455962 386
stats: 200 18 799
stats: tr_think 11 3819.4367272727277 3332.109613127671 36780.229 11.057 5067.417647814911 389
stats: size_rcv 12606 604103
stats: size_sent 8052 325420
stats: connected -4 5
# stats: dump at 1654251897
stats: users 4 31
stats: {cpu,"tsung_controller@svc-tsung"} 1 0.8525576730190572 0.0 2.6703498413492506 0.30135610246107486 0.794474046253844 42
stats: {load,"tsung_controller@svc-tsung"} 1 0.0 0.0 0.0 0.0 0.0 42
stats: {freemem,"tsung_controller@svc-tsung"} 1 3236.3515625 0.0 3237.48828125 3229.79296875 3232.3866257440477 42
stats: session 9 7591.263333333334 8431.004875700035 91103.805 273.571 15252.31086901763 397
stats: users_count 7 410
stats: finish_users_count 9 406
stats: request 17 1696.012352941176 4268.613279416381 85568.465 3.051 5080.5500563204005 799
stats: connect 13 1.6951538461538465 0.20536341002601902 4.931 0.876 1.5247945205479456 803
stats: page 17 1696.012352941176 4268.613279416381 85568.465 3.051 5080.5500563204005 799
stats: tr_req 10 2879.829 5251.185306010063 85568.844 38.305 10246.0989469697 396
stats: 200 17 816
stats: tr_think 6 3870.0775 2947.36049278049 36780.229 11.057 5033.098172500001 400
stats: size_rcv 11389 615492
stats: size_sent 5188 330608
stats: connected -3 2
# stats: dump at 1654251907
stats: users 3 31
stats: {cpu,"tsung_controller@svc-tsung"} 1 1.1038635223281485 0.0 2.6703498413492506 0.30135610246107486 0.7958248282716397 43
stats: {load,"tsung_controller@svc-tsung"} 1 0.0 0.0 0.0 0.0 0.0 43
stats: {freemem,"tsung_controller@svc-tsung"} 1 3238.1796875 0.0 3238.1796875 3229.79296875 3232.4788335755816 43
stats: session 8 7144.4911250000005 6631.481220209054 91103.805 273.571 15082.484692118225 406
stats: users_count 7 417
stats: finish_users_count 8 414
stats: request 15 544.5259333333333 1071.2779045749344 85568.465 3.051 5010.038854166667 816
stats: connect 15 1.5095333333333334 0.22786717378527535 4.931 0.876 1.5275085784313729 816
stats: page 15 544.5259333333333 1071.2779045749344 85568.465 3.051 5010.038854166667 816
stats: tr_req 8 1016.4745000000003 1294.2619009542661 85568.844 33.397 10064.663726600988 406
stats: 200 15 831
stats: tr_think 8 6126.101625 5452.760820323086 36780.229 11.057 5015.910674876848 406
stats: size_rcv 10815 626307
stats: size_sent 6220 336828
stats: connected 0 2
# stats: dump at 1654251917
stats: users 1 31
stats: {cpu,"tsung_controller@svc-tsung"} 1 0.3510531594784353 0.0 2.6703498413492506 0.30135610246107486 0.8028257076820148 44
stats: {load,"tsung_controller@svc-tsung"} 1 0.0 0.0 0.0 0.0 0.0 44
stats: {freemem,"tsung_controller@svc-tsung"} 1 3239.11328125 0.0 3239.11328125 3229.79296875 3232.6083984375 44
stats: session 6 5285.548333333333 4481.517848962844 91103.805 78.361 14929.093512077294 414
stats: users_count 4 421
stats: finish_users_count 6 420
stats: request 10 191.5412 311.3451744292177 85568.465 3.051 4929.433927797834 831
stats: connect 10 1.5646 0.21684565939856856 4.931 0.876 1.5271841155234662 831
stats: page 10 191.5412 311.3451744292177 85568.465 3.051 4929.433927797834 831
stats: tr_req 6 315.8621666666666 350.98322132043893 85568.844 33.397 9889.819490338166 414
stats: 200 10 841
stats: tr_think 6 4967.780500000001 4600.988143665256 36780.229 11.057 5037.36364009662 414
stats: size_rcv 6590 632897
stats: size_sent 4296 341124
stats: connected -2 0
# stats: dump at 1654251927
stats: users 3 31
stats: {cpu,"tsung_controller@svc-tsung"} 1 0.6526104417670683 0.0 2.6703498413492506 0.30135610246107486 0.7927863177219352 45
stats: {load,"tsung_controller@svc-tsung"} 1 0.0 0.0 0.0 0.0 0.0 45
stats: {freemem,"tsung_controller@svc-tsung"} 1 3237.4921875 0.0 3239.11328125 3229.79296875 3232.752951388889 45
stats: session 7 3829.2838571428574 3144.4238864143263 91103.805 78.361 14791.32858095238 420
stats: users_count 9 430
stats: finish_users_count 7 427
stats: request 16 59.91875 106.91690876417772 85568.465 3.051 4873.097510107015 841
stats: connect 16 1.5954374999999996 0.2737211100623224 4.931 0.876 1.5276290130796675 841
stats: page 16 59.91875 106.91690876417772 85568.465 3.051 4873.097510107015 841
stats: tr_req 7 126.83714285714284 135.04551830129463 85568.844 31.962 9753.048671428573 420
stats: 200 16 857
stats: tr_think 7 3700.5517142857148 3211.771718843921 36780.229 11.057 5036.369595238097 420
stats: size_rcv 12962 645859
stats: size_sent 6280 347404
stats: connected 2 2
# stats: dump at 1654251937
stats: users 12 31
stats: {cpu,"tsung_controller@svc-tsung"} 1 0.40100250626566414 0.0 2.6703498413492506 0.30135610246107486 0.7897390160707424 46
stats: {load,"tsung_controller@svc-tsung"} 1 0.0 0.0 0.0 0.0 0.0 46
stats: {freemem,"tsung_controller@svc-tsung"} 1 3237.87109375 0.0 3239.11328125 3229.79296875 3232.8559782608695 46
stats: session 7 3131.486 2791.933259573322 91103.805 78.361 14611.622929742387 427
stats: users_count 16 446
stats: finish_users_count 7 434
stats: request 23 207.27673913043478 625.5064494841597 85568.465 3.051 4783.2365297549595 857
stats: connect 26 1.5830384615384612 0.2931507200648776 4.931 0.876 1.5288949824970832 857
stats: page 23 207.27673913043478 625.5064494841597 85568.465 3.051 4783.2365297549595 857
stats: tr_req 7 670.6424285714286 988.7541045545083 85568.844 31.962 9595.241925058548 427
stats: 200 23 880
stats: tr_think 10 3477.7338999999993 3410.6525134018107 36780.229 11.057 5014.470941451992 427
stats: size_rcv 21481 667340
stats: size_sent 9904 357308
stats: connected 7 9
# stats: dump at 1654251947
stats: users 5 31
stats: {cpu,"tsung_controller@svc-tsung"} 1 0.5015045135406219 0.0 2.6703498413492506 0.30135610246107486 0.7814680265004216 47
stats: {load,"tsung_controller@svc-tsung"} 1 0.0 0.0 0.0 0.0 0.0 47
stats: {freemem,"tsung_controller@svc-tsung"} 1 3237.859375 0.0 3239.11328125 3229.79296875 3232.962682845745 47
stats: session 12 6482.346916666666 3849.8521696465064 91103.805 78.361 14426.459430875575 434
stats: users_count 5 451
stats: finish_users_count 12 446
stats: request 17 634.5731176470589 1060.4872406661161 85568.465 3.051 4663.637580681819 880
stats: connect 14 1.5727857142857142 0.21546599949591927 4.931 0.876 1.5304892412231037 883
stats: page 17 634.5731176470589 1060.4872406661161 85568.465 3.051 4663.637580681819 880
stats: tr_req 12 896.1086666666669 1166.8255747493806 85568.844 31.962 9451.296771889401 434
stats: 200 17 897
stats: tr_think 9 5494.193777777777 3168.1636371752143 36780.229 11.057 4979.305334096111 437
stats: size_rcv 9529 676869
stats: size_sent 6144 363452
stats: connected -5 4
# stats: dump at 1654251957
stats: users 4 31
stats: {cpu,"tsung_controller@svc-tsung"} 1 0.8012018027040559 0.0 2.6703498413492506 0.30135610246107486 0.7756354533137592 48
stats: {load,"tsung_controller@svc-tsung"} 1 0.0 0.0 0.0 0.0 0.0 48
stats: {freemem,"tsung_controller@svc-tsung"} 1 3237.265625 0.0 3239.11328125 3229.79296875 3233.064697265625 48
stats: session 9 4470.224111111111 5518.892933177922 91103.805 78.361 14212.71649327354 446
stats: users_count 8 459
stats: finish_users_count 9 455
stats: request 17 122.83135294117646 321.50710503976717 85568.465 3.051 4587.2784994425865 897
stats: connect 17 1.5891764705882352 0.20649120057996423 4.931 0.876 1.5311493868450397 897
stats: page 17 122.83135294117646 321.50710503976717 85568.465 3.051 4587.2784994425865 897
stats: tr_req 9 226.31455555555556 415.49578170932966 85568.844 31.962 9221.112338565023 446
stats: 200 17 914
stats: tr_think 9 4242.009111111111 5477.598384468333 36780.229 7.936 4989.695459641257 446
stats: size_rcv 12319 689188
stats: size_sent 6988 370440
stats: connected -2 2
# stats: dump at 1654251967
stats: users 9 31
stats: {cpu,"tsung_controller@svc-tsung"} 1 1.0045203415369162 0.0 2.6703498413492506 0.30135610246107486 0.7761572155462142 49
stats: {load,"tsung_controller@svc-tsung"} 1 0.0 0.0 0.0 0.0 0.0 49
stats: {freemem,"tsung_controller@svc-tsung"} 1 3237.0546875 0.0 3239.11328125 3229.79296875 3233.150430484694 49
stats: session 11 5410.686272727273 4149.48031206952 91103.805 78.361 14020.00785274725 455
stats: users_count 16 475
stats: finish_users_count 11 466
stats: request 23 228.55991304347825 391.02793544261533 85568.465 3.051 4504.241736323851 914
stats: connect 23 1.6501739130434785 0.289760868749735 4.931 0.876 1.532228665207878 914
stats: page 23 228.55991304347825 391.02793544261533 85568.465 3.051 4504.241736323851 914
stats: tr_req 11 470.96727272727253 455.45036866223074 85568.844 31.962 9043.193261538461 455
stats: 200 23 937
stats: tr_think 11 4937.815545454545 3985.864084914641 36780.229 7.936 4974.906059340661 455
stats: size_rcv 17761 706949
stats: size_sent 9204 379644
stats: connected 1 3
# stats: dump at 1654251977
stats: users 10 31
stats: {cpu,"tsung_controller@svc-tsung"} 1 0.7017543859649122 0.0 2.6703498413492506 0.30135610246107486 0.7807244780660283 50
stats: {load,"tsung_controller@svc-tsung"} 1 0.0 0.0 0.0 0.0 0.0 50
stats: {freemem,"tsung_controller@svc-tsung"} 1 3238.12890625 0.0 3239.11328125 3229.79296875 3233.228515625 50
stats: session 13 4235.250461538461 3487.536153119069 91103.805 78.361 13816.783523605147 466
stats: users_count 14 489
stats: finish_users_count 13 479
stats: page 29 197.40855172413794 506.89693973141607 85568.465 3.051 4399.289034151548 937
stats: request 29 197.40855172413794 506.89693973141607 85568.465 3.051 4399.289034151548 937
stats: connect 29 2.0653793103448272 1.6669481181300922 10.582 0.876 1.535123799359659 937
stats: tr_req 13 434.10669230769236 687.0414747234792 85568.844 31.962 8840.844579399141 466
stats: 200 29 966
stats: tr_think 13 3799.2123076923085 3462.7567425170055 36780.229 7.936 4974.030532188843 466
stats: size_rcv 23203 730152
stats: size_sent 11404 391048
stats: connected 1 4
# stats: dump at 1654251987
stats: users 5 31
stats: {cpu,"tsung_controller@svc-tsung"} 1 0.8032128514056224 0.0 2.6703498413492506 0.30135610246107486 0.779176044887575 51
stats: {load,"tsung_controller@svc-tsung"} 1 0.0 0.0 0.0 0.0 0.0 51
stats: {freemem,"tsung_controller@svc-tsung"} 1 3237.8515625 0.0 3239.11328125 3229.79296875 3233.324601715686 51
stats: session 16 6879.513375 5254.910472325466 91103.805 78.361 13556.74191649269 479
stats: users_count 11 500
stats: finish_users_count 16 495
stats: request 29 524.3102413793104 981.3691238291974 85568.465 3.051 4273.145624223603 966
stats: connect 29 1.6276206896551724 0.2426807770960407 10.582 0.876 1.5510424430641827 966
stats: page 29 524.3102413793104 981.3691238291974 85568.465 3.051 4273.145624223603 966
stats: tr_req 16 946.6988750000002 1161.2284661072772 85568.844 31.962 8612.68676617954 479
stats: 200 29 995
stats: tr_think 16 5930.9248124999995 5229.2371847343475 36780.229 7.936 4942.146112734866 479
stats: size_rcv 20413 750565
stats: size_sent 12100 403148
stats: connected -1 3
# stats: dump at 1654251997
stats: users 7 31
stats: {cpu,"tsung_controller@svc-tsung"} 1 0.6012024048096193 0.0 2.6703498413492506 0.30135610246107486 0.7796382911667682 52
stats: {load,"tsung_controller@svc-tsung"} 1 0.0 0.0 0.0 0.0 0.0 52
stats: {freemem,"tsung_controller@svc-tsung"} 1 3237.94140625 0.0 3239.11328125 3229.79296875 3233.411658653846 52
stats: session 10 5902.830599999999 3765.237573229748 91103.805 78.361 13340.912307070703 495
stats: users_count 12 512
stats: finish_users_count 10 505
stats: request 22 426.2506818181819 861.5689356830568 85568.465 3.051 4163.883085427136 995
stats: connect 24 1.5090000000000001 0.23988625776952435 10.582 0.876 1.553274371859297 995
stats: tr_req 10 932.0322 1079.1859625977168 85568.844 31.962 8364.897258585857 495
stats: 200 22 1017
stats: page 22 426.2506818181819 861.5689356830568 85568.465 3.051 4163.883085427136 995
stats: tr_think 12 4294.042166666667 3607.143212374252 36780.229 7.936 4974.106636363637 495
stats: size_rcv 17474 768039
stats: size_sent 9736 412884
stats: connected 3 6
# stats: dump at 1654252007
stats: users 8 31
stats: {cpu,"tsung_controller@svc-tsung"} 1 0.4511278195488722 0.0 2.6703498413492506 0.30135610246107486 0.7762715763298409 53
stats: {load,"tsung_controller@svc-tsung"} 1 0.0 0.0 0.0 0.0 0.0 53
stats: {freemem,"tsung_controller@svc-tsung"} 1 3237.90234375 0.0 3239.11328125 3229.79296875 3233.4971255896226 53
stats: session 10 4407.0386 3021.3761037390295 91103.805 78.361 13193.623560396036 505
stats: users_count 11 523
stats: finish_users_count 10 515
stats: request 20 353.11990000000003 930.0936454776959 85568.465 3.051 4083.029680432646 1017
stats: connect 18 1.6234999999999997 0.21067068825275367 10.582 0.876 1.5522315996074587 1019
stats: page 20 353.11990000000003 930.0936454776959 85568.465 3.051 4083.029680432646 1017
stats: tr_req 10 700.876 1220.191518746135 85568.844 31.962 8217.711811881187 505
stats: 200 20 1037
stats: tr_think 8 4400.37225 3431.988088925818 36780.229 7.936 4958.010435897437 507
stats: size_rcv 15040 783079
stats: size_sent 7120 420004
stats: connected -1 5
# stats: dump at 1654252017
stats: users 11 31
stats: {cpu,"tsung_controller@svc-tsung"} 1 0.9040683073832245 0.0 2.6703498413492506 0.30135610246107486 0.7702503956487119 54
stats: {load,"tsung_controller@svc-tsung"} 1 0.0 0.0 0.0 0.0 0.0 54
stats: {freemem,"tsung_controller@svc-tsung"} 1 3238.0625 0.0 3239.11328125 3229.79296875 3233.578703703704 54
stats: session 11 6498.127454545454 5503.194385803037 91103.805 78.361 13023.01026019417 515
stats: users_count 14 537
stats: finish_users_count 11 526
stats: request 24 342.33229166666666 816.4069067028545 85568.465 3.051 4011.093136933463 1037
stats: connect 31 1.6150322580645162 0.2890063604469148 10.582 0.876 1.5534686595949858 1037
stats: page 24 342.33229166666666 816.4069067028545 85568.465 3.051 4011.093136933463 1037
stats: tr_req 9 905.2823333333333 1127.3943186590336 85568.844 31.962 8071.753834951454 515
stats: 200 24 1061
stats: tr_think 16 5136.378375 5429.244452131909 36780.229 7.936 4949.348095145632 515
stats: size_rcv 20838 803917
stats: size_sent 12684 432688
stats: connected 6 11
# stats: dump at 1654252027
stats: users 4 31
stats: {cpu,"tsung_controller@svc-tsung"} 1 0.5519317611640743 0.0 2.6703498413492506 0.30135610246107486 0.7726834485893395 55
stats: {load,"tsung_controller@svc-tsung"} 1 0.0 0.0 0.0 0.0 0.0 55
stats: {freemem,"tsung_controller@svc-tsung"} 1 3239.14453125 0.0 3239.14453125 3229.79296875 3233.6602272727273 55
stats: session 13 7117.743692307691 5121.974666408025 91103.805 78.361 12886.558338403038 526
stats: users_count 6 543
stats: finish_users_count 13 539
stats: request 20 1632.54095 2777.961466577776 85568.465 3.051 3928.1051442035828 1061
stats: connect 14 1.5551428571428567 0.2590029942305845 10.582 0.876 1.5552556179775285 1068
stats: page 20 1632.54095 2777.961466577776 85568.465 3.051 3928.1051442035828 1061
stats: tr_req 15 2175.78 3018.4449503817027 85568.844 31.962 7948.665583969464 524
stats: 200 20 1081
stats: tr_think 9 5313.886222222222 3734.868092472545 36780.229 7.936 4954.983659133712 531
stats: size_rcv 10390 814307
stats: size_sent 6112 438800
stats: connected -10 1
# stats: dump at 1654252037
stats: users 5 31
stats: {cpu,"tsung_controller@svc-tsung"} 1 0.5524861878453038 0.0 2.6703498413492506 0.30135610246107486 0.7687414541710311 56
stats: {load,"tsung_controller@svc-tsung"} 1 0.0 0.0 0.0 0.0 0.0 56
stats: {freemem,"tsung_controller@svc-tsung"} 1 3238.87890625 0.0 3239.14453125 3229.79296875 3233.7581612723216 56
stats: session 7 5719.575142857144 4125.12852072585 91103.805 78.361 12747.421807050088 539
stats: users_count 8 551
stats: finish_users_count 7 546
stats: request 16 652.0215625 1101.6164368811615 85568.465 3.051 3885.6340212765967 1081
stats: connect 17 1.6628235294117646 0.17147190999389672 10.582 0.876 1.55525415896488 1082
stats: page 16 652.0215625 1101.6164368811615 85568.465 3.051 3885.6340212765967 1081
stats: tr_req 7 1480.3177142857146 1247.1816471739921 85568.844 31.962 7788.010141001853 539
stats: 200 16 1097
stats: tr_think 8 6086.754 6709.730797670892 36780.229 7.936 4960.965368518519 540
stats: size_rcv 12962 827269
stats: size_sent 6796 445596
stats: connected 3 4
# stats: dump at 1654252047
stats: users 7 31
stats: {cpu,"tsung_controller@svc-tsung"} 1 0.9022556390977444 0.0 2.6703498413492506 0.30135610246107486 0.7649475021302289 57
stats: {load,"tsung_controller@svc-tsung"} 1 0.0 0.0 0.0 0.0 0.0 57
stats: {freemem,"tsung_controller@svc-tsung"} 1 3238.19921875 0.0 3239.14453125 3229.79296875 3233.8479989035086 57
stats: session 11 5426.781818181818 6013.217191131895 91103.805 78.361 12657.321208791203 546
stats: users_count 13 564
stats: finish_users_count 11 557
stats: request 24 225.06345833333333 399.3162841060307 85568.465 3.051 3838.471031905197 1097
stats: connect 22 1.6433181818181815 0.31110921589511936 10.582 0.876 1.5569181073703369 1099
stats: page 24 225.06345833333333 399.3162841060307 85568.465 3.051 3838.471031905197 1097
stats: tr_req 11 484.796818181818 473.10158833514777 85568.844 31.962 7707.142289377289 546
stats: 200 24 1121
stats: tr_think 9 3164.808333333333 2684.730420165703 36780.229 7.936 4977.400239051096 548
stats: size_rcv 18978 846247
stats: size_sent 8480 454076
stats: connected 0 4
# stats: dump at 1654252057
stats: users 4 31
stats: {cpu,"tsung_controller@svc-tsung"} 1 0.5012531328320802 0.0 2.6703498413492506 0.30135610246107486 0.7673148838020827 58
stats: {load,"tsung_controller@svc-tsung"} 1 0.0 0.0 0.0 0.0 0.0 58
stats: {freemem,"tsung_controller@svc-tsung"} 1 3238.17578125 0.0 3239.14453125 3229.79296875 3233.9230199353447 58
stats: session 9 5692.95111111111 4687.121069679802 91103.805 78.361 12514.527791741466 557
stats: users_count 6 570
stats: finish_users_count 9 566
stats: 200 15 1136
stats: request 15 91.68126666666666 216.9169929247796 85568.465 3.051 3761.109942016058 1121
stats: size_rcv 9885 856132
stats: connect 15 1.6152666666666669 0.17987716796624176 10.582 0.876 1.558613737734166 1121
stats: page 15 91.68126666666666 216.9169929247796 85568.465 3.051 3761.109942016058 1121
stats: tr_req 9 149.0311111111111 265.1040437867721 85568.844 31.962 7564.510691202871 557
stats: size_sent 6420 460496
stats: tr_think 9 5542.011777777777 4669.689615646866 36780.229 7.936 4948.112398563735 557
stats: connected -2 2
# stats: dump at 1654252067
stats: users 8 31
stats: {cpu,"tsung_controller@svc-tsung"} 1 0.6021073758153538 0.0 2.6703498413492506 0.30135610246107486 0.7628053625992013 59
stats: {load,"tsung_controller@svc-tsung"} 1 0.0 0.0 0.0 0.0 0.0 59
stats: {freemem,"tsung_controller@svc-tsung"} 1 3237.88671875 0.0 3239.14453125 3229.79296875 3233.995100635593 59
stats: session 11 4696.686545454547 3595.702319338826 91103.805 78.361 12406.057491166071 566
stats: users_count 15 585
stats: finish_users_count 11 577
stats: request 26 224.97350000000003 470.29142080017795 85568.465 3.051 3712.65797887324 1136
stats: connect 26 1.5818461538461541 0.3108683486260942 10.582 0.876 1.559361795774648 1136
stats: page 26 224.97350000000003 470.29142080017795 85568.465 3.051 3712.65797887324 1136
stats: tr_req 11 523.4348181818182 607.2627645637457 85568.844 31.962 7446.5967049469955 566
stats: 200 26 1162
stats: tr_think 11 4171.368272727272 3748.833508714971 36780.229 7.936 4957.556028268553 566
stats: size_rcv 21412 877544
stats: size_sent 10088 470584
stats: connected 4 6
# stats: dump at 1654252077
stats: users 5 31
stats: {cpu,"tsung_controller@svc-tsung"} 1 0.7028112449799196 0.0 2.6703498413492506 0.30135610246107486 0.7601270628194705 60
stats: {load,"tsung_controller@svc-tsung"} 1 0.0 0.0 0.0 0.0 0.0 60
stats: {freemem,"tsung_controller@svc-tsung"} 1 3237.96484375 0.0 3239.14453125 3229.79296875 3234.0599609375 60
stats: session 10 4556.0124 3548.970062226792 91103.805 78.361 12259.0850814558 577
stats: users_count 7 592
stats: finish_users_count 10 587
stats: request 16 127.77537500000004 348.49309559029916 85568.465 3.051 3634.6202882960415 1162
stats: connect 16 1.5346875 0.23265256251275207 10.582 0.876 1.5598648881239243 1162
stats: page 16 127.77537500000004 348.49309559029916 85568.465 3.051 3634.6202882960415 1162
stats: tr_req 10 200.572 424.63224891263263 85568.844 31.962 7314.612682842287 577
stats: 200 16 1178
stats: tr_think 10 4353.471600000001 3448.5951262711665 36780.229 7.936 4942.568046793762 577
stats: size_rcv 10172 887716
stats: size_sent 6968 477552
stats: connected -4 2
# stats: dump at 1654252087
stats: users 5 31
stats: {cpu,"tsung_controller@svc-tsung"} 1 0.5522088353413654 0.0 2.6703498413492506 0.30135610246107486 0.7591874592483303 61
stats: {load,"tsung_controller@svc-tsung"} 1 0.0 0.0 0.0 0.0 0.0 61
stats: {freemem,"tsung_controller@svc-tsung"} 1 3237.375 0.0 3239.14453125 3229.79296875 3234.123975409836 61
stats: session 10 8002.6784 6130.8993255446485 91103.805 78.361 12127.857267461663 587
stats: users_count 10 602
stats: finish_users_count 10 597
stats: request 21 490.77761904761905 942.6370030945596 85568.465 3.051 3586.9891179966053 1178
stats: connect 21 1.488952380952381 0.28641187062897405 10.582 0.876 1.5595229202037353 1178
stats: page 21 490.77761904761905 942.6370030945596 85568.465 3.051 3586.9891179966053 1178
stats: tr_req 10 1025.7548 1149.0774214051723 85568.844 31.962 7193.419485519589 587
stats: 200 21 1199
stats: tr_think 10 6975.0623000000005 6593.350195758194 36780.229 7.936 4932.532332197617 587
stats: size_rcv 16257 903973
stats: size_sent 8404 485956
stats: connected 2 4
# stats: dump at 1654252097
stats: users 6 31
stats: {cpu,"tsung_controller@svc-tsung"} 1 0.7511266900350526 0.0 2.6703498413492506 0.30135610246107486 0.7558490943466051 62
stats: {load,"tsung_controller@svc-tsung"} 1 0.0 0.0 0.0 0.0 0.0 62
stats: {freemem,"tsung_controller@svc-tsung"} 1 3236.65625 0.0 3239.14453125 3229.79296875 3234.1764112903224 62
stats: session 11 4228.264727272727 3723.869098675611 91103.805 78.361 12058.758793969842 597
stats: users_count 12 614
stats: finish_users_count 11 608
stats: request 23 32.718652173913036 38.08144388430932 85568.465 3.051 3532.7602260216854 1199
stats: page 23 32.718652173913036 38.08144388430932 85568.465 3.051 3532.7602260216854 1199
stats: tr_req 11 61.36218181818183 38.53982393180092 85568.844 28.529 7090.108519262981 597
stats: tr_think 11 4164.949727272728 3742.635914909148 36780.229 7.936 4966.745564489113 597
stats: 200 23 1222
stats: size_rcv 17761 921734
stats: connect 23 1.710739130434782 0.3594004932603259 10.582 0.876 1.558286905754796 1199
stats: size_sent 9220 495176
stats: connected 0 4
# stats: dump at 1654252107
stats: users 8 31
stats: {cpu,"tsung_controller@svc-tsung"} 1 1.0526315789473684 0.0 2.6703498413492506 0.30135610246107486 0.755774135548009 63
stats: {load,"tsung_controller@svc-tsung"} 1 0.0 0.0 0.0 0.0 0.0 63
stats: {freemem,"tsung_controller@svc-tsung"} 1 3236.14453125 0.0 3239.14453125 3229.79296875 3234.215773809524 63
stats: session 8 6828.3658749999995 3203.370871530817 91103.805 78.361 11917.088671052625 608
stats: users_count 10 624
stats: finish_users_count 8 616
stats: request 18 655.2557777777778 1111.7629825095892 85568.465 3.051 3466.883829787235 1222
stats: connect 19 1.6222631578947369 0.7056785343949588 10.582 0.876 1.561156301145663 1222
stats: page 18 655.2557777777778 1111.7629825095892 85568.465 3.051 3466.883829787235 1222
stats: tr_req 8 1468.9492499999997 1261.0629595972548 85568.844 28.529 6962.943700657894 608
stats: 200 18 1240
stats: tr_think 9 4827.535666666667 3403.962622790908 36780.229 7.936 4952.239389802633 608
stats: size_rcv 14466 936200
stats: size_sent 7612 502788
stats: connected 2 6
# stats: dump at 1654252117
stats: users 5 31
stats: {cpu,"tsung_controller@svc-tsung"} 1 0.4014049172102358 0.0 2.6703498413492506 0.30135610246107486 0.760412533101124 64
stats: {load,"tsung_controller@svc-tsung"} 1 0.0 0.0 0.0 0.0 0.0 64
stats: {freemem,"tsung_controller@svc-tsung"} 1 3237.1640625 0.0 3239.14453125 3229.79296875 3234.2459106445312 64
stats: session 14 6129.974428571428 6520.224873448896 91103.805 78.361 11851.001362012981 616
stats: users_count 11 635
stats: finish_users_count 14 630
stats: request 25 335.08224 908.255957040097 85568.465 3.051 3426.0698741935494 1240
stats: connect 24 1.509083333333333 0.2999572075961651 10.582 0.876 1.5620918614020953 1241
stats: page 25 335.08224 908.255957040097 85568.465 3.051 3426.0698741935494 1240
stats: tr_req 14 593.4927857142857 1149.6761168209925 85568.844 28.529 6891.593123376622 616
stats: 200 25 1265
stats: tr_think 13 5915.145615384615 6797.896216439619 36780.229 7.936 4950.420372771477 617
stats: size_rcv 17405 953605
stats: size_sent 9984 512772
stats: connected -1 5
# stats: dump at 1654252127
stats: users 6 31
stats: {cpu,"tsung_controller@svc-tsung"} 1 1.0030090270812437 0.0 2.6703498413492506 0.30135610246107486 0.7548893390104949 65
stats: {load,"tsung_controller@svc-tsung"} 1 0.0 0.0 0.0 0.0 0.0 65
stats: {freemem,"tsung_controller@svc-tsung"} 1 3236.87109375 0.0 3239.14453125 3229.79296875 3234.2908052884613 65
stats: session 6 6633.048 3114.547965188849 91103.805 78.361 11723.867430158723 630
stats: users_count 7 642
stats: finish_users_count 6 636
stats: request 13 949.9852307692308 1634.7832587233156 85568.465 3.051 3364.983162055337 1265
stats: connect 17 1.831294117647059 0.7626135992297174 10.582 0.876 1.5610861660079054 1265
stats: page 13 949.9852307692308 1634.7832587233156 85568.465 3.051 3364.983162055337 1265
stats: tr_req 6 2052.8363333333336 1879.6816986247668 85568.844 28.529 6751.635338095237 630
stats: 200 13 1278
stats: tr_think 10 5293.936100000001 3859.2671949279033 36780.229 7.936 4970.327401587304 630
stats: size_rcv 10241 963846
stats: size_sent 7220 519992
stats: connected -1 4
# stats: dump at 1654252137
stats: users 7 31
stats: {cpu,"tsung_controller@svc-tsung"} 1 0.5524861878453038 0.0 2.6703498413492506 0.30135610246107486 0.7586487282236881 66
stats: {load,"tsung_controller@svc-tsung"} 1 0.0 0.0 0.0 0.0 0.0 66
stats: {freemem,"tsung_controller@svc-tsung"} 1 3237.29296875 0.0 3239.14453125 3229.79296875 3234.329900568182 66
stats: session 12 6423.356 5521.569117836463 91103.805 78.361 11675.840831761 636
stats: users_count 13 655
stats: finish_users_count 12 648
stats: request 25 1220.1336399999993 2855.5403534017846 85568.465 3.051 3340.417455399062 1278
stats: connect 21 1.6413809523809524 0.29421040028725737 10.582 0.876 1.5646692667706712 1282
stats: page 25 1220.1336399999993 2855.5403534017846 85568.465 3.051 3340.417455399062 1278
stats: tr_req 12 2536.088666666667 3695.920948486821 85568.844 28.529 6707.307045597484 636
stats: 200 25 1303
stats: tr_think 8 2644.45975 2253.366950903511 36780.229 7.936 4975.383787500003 640
stats: size_rcv 19265 983111
stats: size_sent 7964 527956
stats: connected 1 5
# stats: dump at 1654252147
stats: users 9 31
stats: {cpu,"tsung_controller@svc-tsung"} 1 0.4511278195488722 0.0 2.6703498413492506 0.30135610246107486 0.7555716753822197 67
stats: {load,"tsung_controller@svc-tsung"} 1 0.0 0.0 0.0 0.0 0.0 67
stats: {freemem,"tsung_controller@svc-tsung"} 1 3237.00390625 0.0 3239.14453125 3229.79296875 3234.374125466418 67
stats: session 7 8673.211714285715 7378.995839588623 91103.805 78.361 11578.572594135796 648
stats: users_count 9 664
stats: finish_users_count 7 655
stats: request 16 584.3074375 1586.1407003863565 85568.465 3.051 3299.7366454336156 1303
stats: connect 20 1.6364 0.23745071067486823 10.582 0.876 1.5659056024558715 1303
stats: page 16 584.3074375 1586.1407003863565 85568.465 3.051 3299.7366454336156 1303
stats: tr_req 7 1330.4331428571427 2182.2680428638214 85568.844 28.529 6630.062260802469 648
stats: 200 16 1319
stats: tr_think 11 6241.529818181819 6438.355726683014 36780.229 7.936 4946.606947530867 648
stats: size_rcv 12962 996073
stats: size_sent 8368 536324
stats: connected 2 7
# stats: dump at 1654252157
stats: users 8 31
stats: {cpu,"tsung_controller@svc-tsung"} 1 0.8020050125313283 0.0 2.6703498413492506 0.30135610246107486 0.7510945598552586 68
stats: {load,"tsung_controller@svc-tsung"} 1 0.0 0.0 0.0 0.0 0.0 68
stats: {freemem,"tsung_controller@svc-tsung"} 1 3236.421875 0.0 3239.14453125 3229.79296875 3234.412798713235 68
stats: session 16 6144.5094375 4660.163377204521 91103.805 78.361 11547.522935877856 655
stats: users_count 15 679
stats: finish_users_count 16 671
stats: request 31 671.2942258064517 1576.0552324874113 85568.465 3.051 3266.7973980288107 1319
stats: connect 27 1.6251851851851855 0.2833946387319328 10.582 0.876 1.5669712773998492 1323
stats: page 31 671.2942258064517 1576.0552324874113 85568.465 3.051 3266.7973980288107 1319
stats: tr_req 16 1295.3518749999996 2002.2308635856925 85568.844 28.529 6573.425003053434 655
stats: 200 31 1350
stats: tr_think 12 5023.74775 4643.052503687133 36780.229 7.936 4968.221745068288 659
stats: size_rcv 22847 1018920
stats: size_sent 10660 546984
stats: connected -1 6
# stats: dump at 1654252167
stats: users 6 31
stats: {cpu,"tsung_controller@svc-tsung"} 1 0.9027081243731194 0.0 2.6703498413492506 0.30135610246107486 0.7518323925027379 69
stats: {load,"tsung_controller@svc-tsung"} 1 0.0 0.0 0.0 0.0 0.0 69
stats: {freemem,"tsung_controller@svc-tsung"} 1 3237.4375 0.0 3239.14453125 3229.79296875 3234.4419157608695 69
stats: session 8 6404.877875 4533.20138041827 91103.805 78.361 11418.688038748129 671
stats: users_count 6 685
stats: finish_users_count 8 679
stats: request 14 469.9222142857144 830.6423680878535 85568.465 3.051 3207.196954814816 1350
stats: connect 14 1.6235714285714287 0.3136519258863955 10.582 0.876 1.568135555555556 1350
stats: page 14 469.9222142857144 830.6423680878535 85568.465 3.051 3207.196954814816 1350
stats: tr_req 8 817.204 962.5973907072987 85568.844 27.418 6447.569309985096 671
stats: 200 14 1364
stats: tr_think 8 5585.795 4183.720289847183 36780.229 7.936 4969.214758569303 671
stats: size_rcv 9598 1028518
stats: size_sent 5896 552880
stats: connected -2 4
# stats: dump at 1654252177
stats: users 6 31
stats: {cpu,"tsung_controller@svc-tsung"} 1 0.5522088353413654 0.0 2.6703498413492506 0.30135610246107486 0.7539877601008862 70
stats: {load,"tsung_controller@svc-tsung"} 1 0.0 0.0 0.0 0.0 0.0 70
stats: {freemem,"tsung_controller@svc-tsung"} 1 3237.72265625 0.0 3239.14453125 3229.79296875 3234.4847098214286 70
stats: session 7 5411.182285714286 3746.818507763342 91103.805 78.361 11359.615164948445 679
stats: users_count 7 692
stats: finish_users_count 7 686
stats: request 13 174.8601538461539 294.43714027715953 85568.465 3.051 3179.101759530793 1364
stats: connect 13 1.831615384615384 0.4943786369640082 10.582 0.876 1.5687045454545459 1364
stats: page 13 174.8601538461539 294.43714027715953 85568.465 3.051 3179.101759530793 1364
stats: tr_req 7 319.79071428571433 340.34435177151903 85568.844 27.418 6381.232163475699 679
stats: 200 13 1377
stats: tr_think 7 5089.465285714286 3909.9249904765516 36780.229 7.936 4976.479326951402 679
stats: size_rcv 9311 1037829
stats: size_sent 5372 558252
stats: connected -1 3
# stats: dump at 1654252187
stats: users 2 31
stats: {cpu,"tsung_controller@svc-tsung"} 1 0.5020080321285141 0.0 2.6703498413492506 0.30135610246107486 0.7511458034141324 71
stats: {load,"tsung_controller@svc-tsung"} 1 0.0 0.0 0.0 0.0 0.0 71
stats: {freemem,"tsung_controller@svc-tsung"} 1 3237.44140625 0.0 3239.14453125 3229.79296875 3234.5303147007044 71
stats: session 9 7934.642777777776 9007.50007289382 91103.805 78.361 11298.916870262381 686
stats: users_count 5 697
stats: finish_users_count 9 695
stats: request 15 88.51219999999999 128.50778836329985 85568.465 3.051 3150.7392752360215 1377
stats: connect 15 1.7136 0.41993551885974123 10.582 0.876 1.5711866376180108 1377
stats: page 15 88.51219999999999 128.50778836329985 85568.465 3.051 3150.7392752360215 1377
stats: tr_req 9 143.568 141.66837498264113 85568.844 27.418 6319.380720116617 686
stats: 200 15 1392
stats: tr_think 9 7789.157444444443 8955.181832886243 36780.229 7.936 4977.632244897962 686
stats: size_rcv 9885 1047714
stats: size_sent 6420 564672
stats: connected -1 2
# stats: dump at 1654252197
stats: users 4 31
stats: {cpu,"tsung_controller@svc-tsung"} 1 0.551654964894684 0.0 2.6703498413492506 0.30135610246107486 0.7476855565907211 72
stats: {load,"tsung_controller@svc-tsung"} 1 0.0 0.0 0.0 0.0 0.0 72
stats: {freemem,"tsung_controller@svc-tsung"} 1 3236.96875 0.0 3239.14453125 3229.79296875 3234.570746527778 72
stats: session 8 4705.670625 3930.891220199146 91103.805 78.361 11255.350730935243 695
stats: users_count 10 707
stats: finish_users_count 8 703
stats: request 18 701.0785555555556 1334.2895089250983 85568.465 3.05 3117.741138649427 1392
stats: connect 18 1.482388888888889 0.1854804987919182 10.582 0.876 1.5727212643678168 1392
stats: page 18 701.0785555555556 1334.2895089250983 85568.465 3.05 3117.741138649427 1392
stats: tr_req 8 1570.914375 1626.371636068686 85568.844 27.418 6239.406166906474 695
stats: 200 18 1410
stats: tr_think 8 3132.85175 2603.5876867777924 36780.229 7.936 5014.040484892089 695
stats: size_rcv 14466 1062180
stats: size_sent 7072 571744
stats: connected 0 2
# stats: dump at 1654252207
stats: users 4 31
stats: {cpu,"tsung_controller@svc-tsung"} 1 0.3010536879076769 0.0 2.6703498413492506 0.3010536879076769 0.7450002060195424 73
stats: {load,"tsung_controller@svc-tsung"} 1 0.0 0.0 0.0 0.0 0.0 73
stats: {freemem,"tsung_controller@svc-tsung"} 1 3237.1953125 0.0 3239.14453125 3229.79296875 3234.603595890411 73
stats: session 9 5391.621000000001 4053.840841072876 91103.805 78.361 11180.816675675667 703
stats: users_count 9 716
stats: finish_users_count 9 712
stats: request 18 232.02033333333333 472.5881344046961 85568.465 3.05 3086.890126950356 1410
stats: page 18 232.02033333333333 472.5881344046961 85568.465 3.05 3086.890126950356 1410
stats: tr_req 9 459.09433333333334 586.5638978501072 85568.844 27.418 6186.279660028449 703
stats: connect 18 1.7322222222222226 0.3747909870189213 10.582 0.876 1.5715680851063836 1410
stats: 200 18 1428
stats: tr_think 9 4930.596333333332 4240.6819166841815 36780.229 7.936 4992.632931721198 703
stats: size_rcv 13536 1075716
stats: size_sent 7304 579048
stats: connected 1 3
# stats: dump at 1654252217
stats: users 5 31
stats: {cpu,"tsung_controller@svc-tsung"} 1 0.7530120481927711 0.0 2.6703498413492506 0.3010536879076769 0.7390009287477605 74
stats: {load,"tsung_controller@svc-tsung"} 1 0.0 0.0 0.0 0.0 0.0 74
stats: {freemem,"tsung_controller@svc-tsung"} 1 3236.8984375 0.0 3239.14453125 3229.79296875 3234.638619087838 74
stats: session 8 4960.62075 3869.7357951491263 91103.805 78.361 11107.63864044943 712
stats: users_count 9 725
stats: finish_users_count 8 720
stats: request 16 134.3028125 393.7945738777102 85568.465 3.05 3050.9043732493014 1428
stats: connect 16 1.7614375 0.8700022966025722 10.582 0.876 1.5735931372549026 1428
stats: page 16 134.3028125 393.7945738777102 85568.465 3.05 3050.9043732493014 1428
stats: tr_req 8 263.079625 526.4462773127799 85568.844 27.418 6113.885463483146 712
stats: 200 16 1444
stats: tr_think 8 4695.612375 3649.715260901456 36780.229 7.936 4991.848761235958 712
stats: size_rcv 12032 1087748
stats: size_sent 6496 585544
stats: connected 0 3
# stats: dump at 1654252227
stats: users 3 31
stats: {cpu,"tsung_controller@svc-tsung"} 1 0.8028098344204716 0.0 2.6703498413492506 0.3010536879076769 0.739187743673694 75
stats: {load,"tsung_controller@svc-tsung"} 1 0.0 0.0 0.0 0.0 0.0 75
stats: {freemem,"tsung_controller@svc-tsung"} 1 3237.4921875 0.0 3239.14453125 3229.79296875 3234.66875 75
stats: session 8 5841.18925 5301.877702366582 91103.805 78.361 11039.338441666658 720
stats: users_count 6 731
stats: finish_users_count 8 728
stats: request 15 544.4118000000001 817.0981715563273 85568.465 3.05 3018.5874584487547 1444
stats: connect 15 1.5316 0.19231806987384203 10.582 0.876 1.5756745152354577 1444
stats: page 15 544.4118000000001 817.0981715563273 85568.465 3.05 3018.5874584487547 1444
stats: tr_req 8 1012.6233749999999 884.7263514528006 85568.844 27.418 6048.876509722222 720
stats: 200 15 1459
stats: tr_think 8 4826.703875 5355.692245161391 36780.229 7.936 4988.557245833336 720
stats: size_rcv 10815 1098563
stats: size_sent 6204 591748
stats: connected -1 2
# stats: dump at 1654252237
stats: users 5 31
stats: {cpu,"tsung_controller@svc-tsung"} 1 0.45090180360721444 0.0 2.6703498413492506 0.3010536879076769 0.7400248764466779 76
stats: {load,"tsung_controller@svc-tsung"} 1 0.0 0.0 0.0 0.0 0.0 76
stats: {freemem,"tsung_controller@svc-tsung"} 1 3237.1953125 0.0 3239.14453125 3229.79296875 3234.7059004934213 76
stats: session 10 4307.8514000000005 3129.7933305534148 91103.805 78.361 10982.215923076916 728
stats: users_count 12 743
stats: finish_users_count 10 738
stats: request 19 110.64778947368426 189.69770159459355 85568.465 3.05 2993.1504228923936 1459
stats: connect 21 1.682761904761905 0.2517335902368111 10.582 0.876 1.575221384509939 1459
stats: page 19 110.64778947368426 189.69770159459355 85568.465 3.05 2993.1504228923936 1459
stats: tr_req 8 255.50387500000002 222.47874841231325 85568.844 27.418 5993.533068681319 728
stats: 200 19 1478
stats: tr_think 10 4090.0611 3269.166530776627 36780.229 7.936 4986.77863736264 728
stats: size_rcv 15683 1114246
stats: size_sent 8420 600168
stats: connected 2 4
# stats: dump at 1654252247
stats: users 3 31
stats: {cpu,"tsung_controller@svc-tsung"} 1 1.0030090270812437 0.0 2.6703498413492506 0.3010536879076769 0.7362700313448667 77
stats: {load,"tsung_controller@svc-tsung"} 1 0.0 0.0 0.0 0.0 0.0 77
stats: {freemem,"tsung_controller@svc-tsung"} 1 3237.65625 0.0 3239.14453125 3229.79296875 3234.738230519481 77
stats: session 9 5348.4352222222215 4693.498577461517 91103.805 78.361 10891.777379403788 738
stats: users_count 7 750
stats: finish_users_count 9 747
stats: tr_req 10 386.52419999999995 558.9334668262046 85568.844 27.418 5931.163186141305 736
stats: request 18 217.11216666666667 457.45066608096295 85568.465 3.05 2956.0952469553467 1478
stats: connect 17 1.7588823529411766 0.7776462890447379 10.582 0.876 1.576747297297298 1480
stats: page 18 217.11216666666667 457.45066608096295 85568.465 3.05 2956.0952469553467 1478
stats: 200 18 1496
stats: tr_think 9 4862.30488888889 4529.14966870151 36780.229 7.936 4974.627993224935 738
stats: size_rcv 12606 1126852
stats: size_sent 6988 607156
stats: connected -2 2
# stats: dump at 1654252257
stats: users 7 31
stats: {cpu,"tsung_controller@svc-tsung"} 1 0.9013520280420632 0.0 2.6703498413492506 0.3010536879076769 0.7396897620594356 78
stats: {load,"tsung_controller@svc-tsung"} 1 0.0 0.0 0.0 0.0 0.0 78
stats: {freemem,"tsung_controller@svc-tsung"} 1 3239.12109375 0.0 3239.14453125 3229.79296875 3234.7756410256416 78
stats: session 12 4058.729 3335.4394511759615 91103.805 78.361 10824.990124497986 747
stats: users_count 16 766
stats: finish_users_count 12 759
stats: request 29 181.85648275862067 428.45776727215014 85568.465 3.05 2923.13956818182 1496
stats: connect 28 2.0095 2.3249322801197585 14.009 0.876 1.5788156312625257 1497
stats: page 29 181.85648275862067 428.45776727215014 85568.465 3.05 2923.13956818182 1496
stats: tr_req 13 398.56669230769245 569.8982327702681 85568.844 27.418 5856.838266756033 746
stats: 200 29 1525
stats: tr_think 12 3675.76125 3481.856512815281 36780.229 7.936 4973.274702811248 747
stats: size_rcv 23203 1150055
stats: size_sent 10904 618060
stats: connected 2 4
# stats: dump at 1654252267
stats: users 10 31
stats: {cpu,"tsung_controller@svc-tsung"} 1 0.4513540621865597 0.0 2.6703498413492506 0.3010536879076769 0.741736119856684 79
stats: {load,"tsung_controller@svc-tsung"} 1 0.0 0.0 0.0 0.0 0.0 79
stats: {freemem,"tsung_controller@svc-tsung"} 1 3238.9140625 0.0 3239.14453125 3229.79296875 3234.8306467563293 79
stats: session 8 4814.703125 3222.9298603253624 91103.805 78.361 10718.013664031614 759
stats: users_count 11 777
stats: finish_users_count 8 767
stats: request 18 267.4216666666667 763.2638906599298 85568.465 3.05 2871.0102504918054 1525
stats: connect 22 1.6073636363636365 0.24699145098465275 14.009 0.876 1.5867232786885253 1525
stats: page 18 267.4216666666667 763.2638906599298 85568.465 3.05 2871.0102504918054 1525
stats: tr_req 7 681.5177142857144 1103.6691944758907 85568.844 26.645 5763.350084321475 759
stats: 200 18 1543
stats: tr_think 11 4409.410999999999 3239.0098447169985 36780.229 7.936 4952.760656126485 759
stats: size_rcv 15396 1165451
stats: size_sent 8896 626956
stats: connected 4 8
# stats: dump at 1654252277
stats: users 3 31
stats: {cpu,"tsung_controller@svc-tsung"} 1 1.1546184738955823 0.0 2.6703498413492506 0.3010536879076769 0.7381063441358074 80
stats: {load,"tsung_controller@svc-tsung"} 1 0.0 0.0 0.0 0.0 0.0 80
stats: {freemem,"tsung_controller@svc-tsung"} 1 3236.671875 0.0 3239.14453125 3229.79296875 3234.8816894531255 80
stats: session 16 6895.131437499999 5506.878962191423 91103.805 78.361 10656.44067275097 767
stats: users_count 9 786
stats: finish_users_count 16 783
stats: request 26 794.1132307692308 1740.3768786404662 85568.465 3.05 2840.637862605316 1543
stats: connect 22 1.7135454545454545 0.43652051157396177 14.009 0.876 1.5870168067226897 1547
stats: page 26 794.1132307692308 1740.3768786404662 85568.465 3.05 2840.637862605316 1543
stats: tr_req 17 1211.414705882353 2032.3816371795047 85568.844 26.645 5716.910362924282 766
stats: 200 26 1569
stats: tr_think 13 5763.5230769230775 5474.148472903181 36780.229 7.936 4944.998518181821 770
stats: size_rcv 15832 1181283
stats: size_sent 9352 636308
stats: connected -6 2
# stats: dump at 1654252287
stats: users 5 31
stats: {cpu,"tsung_controller@svc-tsung"} 1 0.8040201005025126 0.0 2.6703498413492506 0.3010536879076769 0.7432484691945701 81
stats: {load,"tsung_controller@svc-tsung"} 1 0.0 0.0 0.0 0.0 0.0 81
stats: {freemem,"tsung_controller@svc-tsung"} 1 3238.43359375 0.0 3239.14453125 3229.79296875 3234.90379050926 81
stats: session 5 6577.803599999999 4560.4271701453845 91103.805 78.361 10579.581224776493 783
stats: users_count 7 793
stats: finish_users_count 5 788
stats: request 12 298.4683333333333 689.6311064573259 85568.465 3.05 2806.724771191844 1569
stats: connect 15 1.600333333333333 0.3383029543011542 14.009 0.876 1.588790949649459 1569
stats: page 12 298.4683333333333 689.6311064573259 85568.465 3.05 2806.724771191844 1569
stats: tr_req 5 706.481 925.5250271468622 85568.844 26.645 5619.089895274584 783
stats: 200 12 1581
stats: tr_think 8 5158.585749999999 3891.8159131529706 36780.229 7.936 4958.5883256705 783
stats: size_rcv 9954 1191237
stats: size_sent 6188 642496
stats: connected 2 4
# stats: dump at 1654252297
stats: users 2 31
stats: {cpu,"tsung_controller@svc-tsung"} 1 0.3508771929824561 0.0 2.6703498413492506 0.3010536879076769 0.7439895866495451 82
stats: {load,"tsung_controller@svc-tsung"} 1 0.0 0.0 0.0 0.0 0.0 82
stats: {freemem,"tsung_controller@svc-tsung"} 1 3238.3515625 0.0 3239.14453125 3229.79296875 3234.9468368902444 82
stats: session 8 6959.62075 5044.686821617641 91103.805 78.361 10554.189234771566 788
stats: users_count 5 798
stats: finish_users_count 8 796
stats: request 12 581.97675 1050.3065189365855 85568.465 3.05 2787.686771663506 1581
stats: connect 9 1.5093333333333334 0.19552948058484118 14.009 0.876 1.5889002525252531 1584
stats: page 12 581.97675 1050.3065189365855 85568.465 3.05 2787.686771663506 1581
stats: tr_req 8 870.1379999999999 1185.863128909171 85568.844 26.645 5587.918519035533 788
stats: 200 12 1593
stats: tr_think 5 7355.9056 6292.801828024227 36780.229 7.936 4960.611055625792 791
stats: size_rcv 7164 1198401
stats: size_sent 3764 646260
stats: connected -3 1
# stats: dump at 1654252307
stats: users 3 31
stats: {cpu,"tsung_controller@svc-tsung"} 1 0.5513784461152882 0.0 2.6703498413492506 0.3010536879076769 0.7392532927499417 83
stats: {load,"tsung_controller@svc-tsung"} 1 0.078125 0.0 0.078125 0.0 0.0 83
stats: {freemem,"tsung_controller@svc-tsung"} 1 3237.78515625 0.0 3239.14453125 3229.79296875 3234.9878576807237 83
stats: session 5 3644.2437999999993 2514.5506194614895 91103.805 78.361 10518.0629183417 796
stats: users_count 6 804
stats: finish_users_count 5 801
stats: request 11 210.9137272727273 426.36733931778315 85568.465 3.05 2771.0712536095434 1593
stats: connect 11 1.677545454545455 0.2617776168070087 14.009 0.876 1.5884507219083497 1593
stats: page 11 210.9137272727273 426.36733931778315 85568.465 3.05 2771.0712536095434 1593
stats: tr_req 5 457.57039999999995 537.5070369219736 85568.844 26.645 5540.503639447236 796
stats: 200 11 1604
stats: tr_think 5 3184.751 2790.9445786865062 36780.229 7.936 4975.656875628142 796
stats: size_rcv 8737 1207138
stats: size_sent 4348 650608
stats: connected 0 1
# stats: dump at 1654252317
stats: users 5 31
stats: {cpu,"tsung_controller@svc-tsung"} 1 0.7021063189568706 0.0 2.6703498413492506 0.3010536879076769 0.7370166874328624 84
stats: {load,"tsung_controller@svc-tsung"} 1 0.0703125 0.0 0.078125 0.0 9.300595238095238e-4 84
stats: {freemem,"tsung_controller@svc-tsung"} 1 3238.65234375 0.0 3239.14453125 3229.79296875 3235.0211588541674 84
stats: session 8 4642.302625 5165.979111535222 91103.805 78.361 10475.155183520592 801
stats: users_count 10 814
stats: finish_users_count 8 809
stats: request 19 166.82921052631576 568.5046880848757 85568.465 3.05 2753.5140635910243 1604
stats: connect 19 1.4973684210526315 0.22446432386234705 14.009 0.876 1.589061720698255 1604
stats: page 19 166.82921052631576 568.5046880848757 85568.465 3.05 2753.5140635910243 1604
stats: tr_req 8 386.22625 827.5659240786728 85568.844 26.645 5508.774967540574 801
stats: 200 19 1623
stats: tr_think 8 4254.187375 4426.256315260447 36780.229 7.936 4964.477687890138 801
stats: size_rcv 15683 1222821
stats: size_sent 7372 657980
stats: connected 3 4
# stats: dump at 1654252327
stats: users 7 31
stats: {cpu,"tsung_controller@svc-tsung"} 1 0.7021063189568706 0.0 2.6703498413492506 0.3010536879076769 0.7366059772154978 85
stats: {load,"tsung_controller@svc-tsung"} 1 0.05859375 0.0 0.078125 0.0 0.0017463235294117648 85
stats: {freemem,"tsung_controller@svc-tsung"} 1 3238.69921875 0.0 3239.14453125 3229.79296875 3235.063878676471 85
stats: session 9 4765.904666666665 3265.9551536049394 91103.805 78.361 10417.475553770078 809
stats: users_count 11 825
stats: finish_users_count 9 818
stats: connect 21 1.440904761904762 0.23081633695623827 14.009 0.876 1.5879882932840423 1623
stats: page 20 360.2259 608.2129715706416 85568.465 3.05 2723.2324787430703 1623
stats: tr_req 9 795.343 691.9000885582318 85568.844 26.645 5458.119355995055 809
stats: 200 20 1643
stats: request 20 360.2259 608.2129715706416 85568.465 3.05 2723.2324787430703 1623
stats: tr_think 10 3638.7490000000007 2971.8974425405395 36780.229 7.936 4957.453803461064 809
stats: size_rcv 15970 1238791
stats: size_sent 8388 666368
stats: connected 1 5
# stats: dump at 1654252337
stats: users 6 31
stats: {cpu,"tsung_controller@svc-tsung"} 1 1.3547415955845459 0.0 2.6703498413492506 0.3010536879076769 0.7362048183985371 86
stats: {load,"tsung_controller@svc-tsung"} 1 0.05078125 0.0 0.078125 0.0 0.0024073401162790697 86
stats: {freemem,"tsung_controller@svc-tsung"} 1 3237.10546875 0.0 3239.14453125 3229.79296875 3235.106150072675 86
stats: session 11 4461.433181818182 3602.802429844927 91103.805 78.361 10355.294455990213 818
stats: users_count 10 835
stats: finish_users_count 11 829
stats: connect 20 1.44365 0.2591646725539575 14.009 0.876 1.5861094890510954 1644
stats: page 21 54.99333333333334 87.4218276139608 85568.465 3.05 2694.4679433962283 1643
stats: tr_req 11 100.33354545454544 101.92920010688671 85568.844 26.645 5406.817415647922 818
stats: 200 21 1664
stats: request 21 54.99333333333334 87.4218276139608 85568.465 3.05 2694.4679433962283 1643
stats: tr_think 10 4727.765099999999 3628.0187204437198 36780.229 7.936 4941.352401709403 819
stats: size_rcv 15327 1254118
stats: size_sent 8088 674456
stats: connected -1 4
# stats: dump at 1654252347
stats: users 5 31
stats: {cpu,"tsung_controller@svc-tsung"} 1 0.5022601707684581 0.0 2.6703498413492506 0.3010536879076769 0.7433144365271119 87
stats: {load,"tsung_controller@svc-tsung"} 1 0.0390625 0.0 0.078125 0.0 0.002963362068965517 87
stats: {freemem,"tsung_controller@svc-tsung"} 1 3237.85546875 0.0 3239.14453125 3229.79296875 3235.129130747127 87
stats: session 8 7284.005124999999 6477.454104155803 91103.805 78.361 10277.08881785283 829
stats: users_count 7 842
stats: finish_users_count 8 837
stats: request 15 357.09 660.5433549176516 85568.465 3.05 2661.1572662259637 1664
stats: connect 17 1.4602352941176469 0.2739578175799128 14.009 0.876 1.5843972355769236 1664
stats: 200 15 1679
stats: page 15 357.09 660.5433549176516 85568.465 3.05 2661.1572662259637 1664
stats: tr_req 8 664.257125 785.1619162792854 85568.844 26.645 5336.405687575391 829
stats: size_rcv 10815 1264933
stats: tr_think 10 5765.375800000001 5899.611850391919 36780.229 7.936 4938.775956574188 829
stats: size_sent 7236 681692
stats: connected 0 4
# stats: dump at 1654252357
stats: users 4 31
stats: {cpu,"tsung_controller@svc-tsung"} 1 0.8008008008008007 0.0 2.6703498413492506 0.3010536879076769 0.7405751835071271 88
stats: {load,"tsung_controller@svc-tsung"} 1 0.03125 0.0 0.078125 0.0 0.0033735795454545455 88
stats: {freemem,"tsung_controller@svc-tsung"} 1 3238.4296875 0.0 3239.14453125 3229.79296875 3235.160111860796 88
stats: session 11 5120.8781818181815 4001.7053590138016 91103.805 78.361 10248.481088410985 837
stats: users_count 10 852
stats: finish_users_count 11 848
stats: request 21 236.47547619047614 469.1947346891895 85568.465 3.05 2640.572984514594 1679
stats: connect 19 1.5074736842105265 0.23215475066181104 14.009 0.876 1.583141582391434 1681
stats: page 21 236.47547619047614 469.1947346891895 85568.465 3.05 2640.572984514594 1679
stats: tr_req 11 447.0904545454545 572.3249335512386 85568.844 26.645 5291.749548387096 837
stats: 200 21 1700
stats: tr_think 9 5186.532444444444 4488.484482748297 36780.229 7.936 4948.628159713948 839
stats: size_rcv 15327 1280260
stats: size_sent 7612 689304
stats: connected 0 4
# stats: dump at 1654252367
stats: users 7 31
stats: {cpu,"tsung_controller@svc-tsung"} 1 0.7533902561526872 0.0 2.6703498413492506 0.3010536879076769 0.7412518758362695 89
stats: {load,"tsung_controller@svc-tsung"} 1 0.03125 0.0 0.078125 0.0 0.0036867977528089887 89
stats: {freemem,"tsung_controller@svc-tsung"} 1 3237.85546875 0.0 3239.14453125 3229.79296875 3235.196848665731 89
stats: session 7 3512.201571428571 2054.873686224523 91103.805 78.361 10181.967371462259 848
stats: users_count 10 862
stats: finish_users_count 7 855
stats: request 17 193.14605882352942 478.47239886360285 85568.465 3.05 2610.8753094117665 1700
stats: connect 20 1.47535 0.24664149590042625 14.009 0.876 1.5822958823529416 1700
stats: page 17 193.14605882352942 478.47239886360285 85568.465 3.05 2610.8753094117665 1700
stats: tr_req 7 461.5348571428571 658.77667091911 85568.844 26.645 5228.906093160377 848
stats: 200 17 1717
stats: tr_think 10 5003.4115 3576.8506681067984 36780.229 7.936 4951.153087264153 848
stats: size_rcv 14179 1294439
stats: size_sent 8112 697416
stats: connected 2 6
# stats: dump at 1654252377
stats: users 1 31
stats: {cpu,"tsung_controller@svc-tsung"} 1 0.501002004008016 0.0 2.6703498413492506 0.3010536879076769 0.7413867467286741 90
stats: {load,"tsung_controller@svc-tsung"} 1 0.01953125 0.0 0.078125 0.0 0.003993055555555555 90
stats: {freemem,"tsung_controller@svc-tsung"} 1 3238.50390625 0.0 3239.14453125 3229.79296875 3235.2263888888897 90
stats: session 9 7467.299666666669 4647.762901159677 91103.805 78.361 10127.36110175438 855
stats: users_count 3 865
stats: finish_users_count 9 864
stats: request 11 791.2327272727272 1120.2375303875262 85568.465 3.05 2586.937396039606 1717
stats: connect 9 1.5582222222222224 0.30095358733265676 14.009 0.876 1.5810523255813957 1720
stats: page 11 791.2327272727272 1120.2375303875262 85568.465 3.05 2586.937396039606 1717
stats: tr_req 8 1086.6861250000002 1185.8380740495768 85568.844 26.645 5189.87498362573 855
stats: 200 11 1728
stats: tr_think 6 4953.738166666667 3902.2453992992037 36780.229 7.936 4951.762159673662 858
stats: size_rcv 5947 1300386
stats: size_sent 3996 701412
stats: connected -5 1
# stats: dump at 1654252384
stats: users 0 31
stats: {cpu,"tsung_controller@svc-tsung"} 1 0.5511022044088176 0.0 2.6703498413492506 0.3010536879076769 0.7387451561493262 91
stats: {load,"tsung_controller@svc-tsung"} 1 0.01953125 0.0 0.078125 0.0 0.004163804945054945 91
stats: {freemem,"tsung_controller@svc-tsung"} 1 3238.27734375 0.0 3239.14453125 3229.79296875 3235.2624055631873 91
stats: session 1 22240.579 0.0 91103.805 78.361 10099.652128472217 864
stats: users_count 0 865
stats: finish_users_count 1 865
stats: request 2 96.0615 19.1285 85568.465 3.05 2575.506405671298 1728
stats: connect 1 1.695 0.0 14.009 0.876 1.580933487565067 1729
stats: page 2 96.0615 19.1285 85568.465 3.05 2575.506405671298 1728
stats: tr_req 2 96.40299999999999 19.06200000000001 85568.844 26.645 5151.838470451911 863
stats: 200 2 1730
stats: tr_think 1 22123.202 0.0 36780.229 7.936 4951.775881944446 864
stats: size_rcv 574 1300960
stats: size_sent 516 701928
stats: connected -1 0
EndMonitor:{1654,252384,891513}
