
=INFO REPORT==== 3-Jun-2022::10:17:47 ===
    ts_config_server:(5:<0.133.0>) Config server started, logdir is "/root/.tsung/log/20220603-1017"
 
=INFO REPORT==== 3-Jun-2022::10:17:47 ===
              ts_mon:(5:<0.116.0>) starting monitor, global 

=INFO REPORT==== 3-Jun-2022::10:17:47 ===
           ts_config:(5:<0.133.0>) Reading config file: http_simple.xml

=INFO REPORT==== 3-Jun-2022::10:17:47 ===
      ts_config_http:(4:<0.133.0>) Get user agent: 80 "Mozilla/5.0 (X11; U; Linux i686; en-US; rv:1.7.8) Gecko/20050513 Galeon/1.3.21" 

=INFO REPORT==== 3-Jun-2022::10:17:47 ===
      ts_config_http:(4:<0.133.0>) Get user agent: 20 "Mozilla/5.0 (Windows; U; Windows NT 5.2; fr-FR; rv:1.7.8) Gecko/20050511 Firefox/1.0.4" 

=INFO REPORT==== 3-Jun-2022::10:17:47 ===
           ts_config:(5:<0.133.0>) Session name for id 1 is "session_1"

=INFO REPORT==== 3-Jun-2022::10:17:47 ===
    ts_config_server:(4:<0.133.0>) SYSINFO:Tsung version: 1.7.0

=INFO REPORT==== 3-Jun-2022::10:17:47 ===
    ts_config_server:(4:<0.133.0>) SYSINFO:Erlang version: Erlang/OTP 24 [erts-12.3.1] [source] [64-bit] [smp:2:2] [ds:2:2:10] [async-threads:8] [jit]


=INFO REPORT==== 3-Jun-2022::10:17:47 ===
    ts_config_server:(4:<0.133.0>) SYSINFO:System architecture x86_64-pc-linux-gnu

=INFO REPORT==== 3-Jun-2022::10:17:47 ===
    ts_config_server:(4:<0.133.0>) SYSINFO:Current path: /usr/lib/tsung/tsung-1.7.0/ebin/tsung.beam

=INFO REPORT==== 3-Jun-2022::10:17:47 ===
      ts_os_mon_snmp:(5:<0.152.0>) starting os_mon_snmp with args {"myserver",
                                                                   {161,
                                                                    "public",
                                                                    v2,[]},
                                                                   10000,
                                                                   {global,
                                                                    ts_mon}}
=INFO REPORT==== 3-Jun-2022::10:17:47 ===
              ts_mon:(5:<0.134.0>) Activate clients with text backend

=INFO REPORT==== 3-Jun-2022::10:17:47 ===
              ts_mon:(5:<0.134.0>) Starting tsung clients on hosts: [localhost]

=INFO REPORT==== 3-Jun-2022::10:17:47 ===
    ts_config_server:(5:<0.133.0>) Start a launcher on the controller beam localhost

=INFO REPORT==== 3-Jun-2022::10:17:47 ===
  ts_launcher_static:(5:<0.190.0>) Launch msg receive ("localhost")

=INFO REPORT==== 3-Jun-2022::10:17:47 ===
         ts_launcher:(5:<0.191.0>) Launch msg receive ("localhost")

=INFO REPORT==== 3-Jun-2022::10:17:47 ===
    ts_config_server:(5:<0.133.0>) New arrival phase 1 for client "localhost" (last ? true): will start 900 users

=INFO REPORT==== 3-Jun-2022::10:17:47 ===
         ts_launcher:(5:<0.191.0>) Expected duration of first phase: 900.0 sec (900 users) 

=INFO REPORT==== 3-Jun-2022::10:17:47 ===
         ts_launcher:(5:<0.191.0>) Activate launcher (900 users) in 1329 msec 

=INFO REPORT==== 3-Jun-2022::10:32:49 ===
         ts_launcher:(5:<0.191.0>) Phase duration exceeded, but not all users were launched (35 users, 3.9% of phase)

=INFO REPORT==== 3-Jun-2022::10:32:49 ===
         ts_launcher:(5:<0.191.0>) This was the last phase, wait for connected users to finish their session

=INFO REPORT==== 3-Jun-2022::10:33:04 ===
     ts_launcher_mgr:(5:<0.184.0>) No more active users 'tsung_controller@svc-tsung' "28237"

=INFO REPORT==== 3-Jun-2022::10:33:04 ===
              ts_mon:(5:<0.134.0>) stopping monitor (normal)
